Building DAG of jobs...
Using shell: /bin/bash
Provided cores: 2
Rules claiming more threads will be scaled down.
Job counts:
	count	jobs
	2	BGI_bam_Header
	1	all
	2	bam_index
	2	bam_rmdup
	2	bam_sort
	1	bwa_index
	2	bwa_run
	2	mpileup
	1	refGonm_faidx
	2	varscan2_mpileup2snp
	17
Select jobs to execute...

[Fri May 28 13:23:27 2021]
rule bwa_index:
    input: /shared/liuhj/HP/process/assembly/all_genomes/P11-E-t.fasta
    output: /shared/liuhj/HP/process/assembly/all_genomes/P11-E-t.fasta.bwt
    jobid: 5
    wildcards: bwa_ref_samp=P11-E-t

bwa index /shared/liuhj/HP/process/assembly/all_genomes/P11-E-t.fasta

[Fri May 28 13:23:27 2021]
rule refGonm_faidx:
    input: /shared/liuhj/HP/process/assembly/all_genomes/P11-E-t.fasta
    output: /shared/liuhj/HP/process/assembly/all_genomes/P11-E-t.fasta.fai
    jobid: 13
    wildcards: bwa_ref_samp=P11-E-t

samtools  faidx  /shared/liuhj/HP/process/assembly/all_genomes/P11-E-t.fasta
[Fri May 28 13:23:27 2021]
Finished job 13.
1 of 17 steps (6%) done
[Fri May 28 13:23:28 2021]
Finished job 5.
2 of 17 steps (12%) done
Select jobs to execute...

[Fri May 28 13:23:28 2021]
rule bwa_run:
    input: /shared/liuhj/HP/process/assembly/all_genomes/P11-E-t.fasta, /shared/liuhj/HP/data/NGS/Trimmomatic/P11-E-x/P11-E-x.R1.paired.fastq.gz, /shared/liuhj/HP/data/NGS/Trimmomatic/P11-E-x/P11-E-x.R2.paired.fastq.gz, /shared/liuhj/HP/process/assembly/all_genomes/P11-E-t.fasta.bwt
    output: /shared/liuhj/HP/process/NGS_map2PersonResptGnm/bwa/P11-E-x/P11-E-x_2_P11-E-t.bam
    jobid: 4
    wildcards: sample=P11-E-x, bwa_ref_samp=P11-E-t

bwa  mem  -t  30  /shared/liuhj/HP/process/assembly/all_genomes/P11-E-t.fasta  /shared/liuhj/HP/data/NGS/Trimmomatic/P11-E-x/P11-E-x.R1.paired.fastq.gz  /shared/liuhj/HP/data/NGS/Trimmomatic/P11-E-x/P11-E-x.R2.paired.fastq.gz       		|  samtools view -bS -  > /shared/liuhj/HP/process/NGS_map2PersonResptGnm/bwa/P11-E-x/P11-E-x_2_P11-E-t.bam   

[Fri May 28 13:23:28 2021]
rule bwa_run:
    input: /shared/liuhj/HP/process/assembly/all_genomes/P11-E-t.fasta, /shared/liuhj/HP/data/NGS/Trimmomatic/P11-E-t/P11-E-t.R1.paired.fastq.gz, /shared/liuhj/HP/data/NGS/Trimmomatic/P11-E-t/P11-E-t.R2.paired.fastq.gz, /shared/liuhj/HP/process/assembly/all_genomes/P11-E-t.fasta.bwt
    output: /shared/liuhj/HP/process/NGS_map2PersonResptGnm/bwa/P11-E-t/P11-E-t_2_P11-E-t.bam
    jobid: 9
    wildcards: sample=P11-E-t, bwa_ref_samp=P11-E-t

bwa  mem  -t  30  /shared/liuhj/HP/process/assembly/all_genomes/P11-E-t.fasta  /shared/liuhj/HP/data/NGS/Trimmomatic/P11-E-t/P11-E-t.R1.paired.fastq.gz  /shared/liuhj/HP/data/NGS/Trimmomatic/P11-E-t/P11-E-t.R2.paired.fastq.gz       		|  samtools view -bS -  > /shared/liuhj/HP/process/NGS_map2PersonResptGnm/bwa/P11-E-t/P11-E-t_2_P11-E-t.bam   
Terminating processes on user request, this might take some time.
[Fri May 28 13:24:55 2021]
Error in rule bwa_run:
    jobid: 4
    output: /shared/liuhj/HP/process/NGS_map2PersonResptGnm/bwa/P11-E-x/P11-E-x_2_P11-E-t.bam
    shell:
        bwa  mem  -t  30  /shared/liuhj/HP/process/assembly/all_genomes/P11-E-t.fasta  /shared/liuhj/HP/data/NGS/Trimmomatic/P11-E-x/P11-E-x.R1.paired.fastq.gz  /shared/liuhj/HP/data/NGS/Trimmomatic/P11-E-x/P11-E-x.R2.paired.fastq.gz       		|  samtools view -bS -  > /shared/liuhj/HP/process/NGS_map2PersonResptGnm/bwa/P11-E-x/P11-E-x_2_P11-E-t.bam   
        (one of the commands exited with non-zero exit code; note that snakemake uses bash strict mode!)

Removing output files of failed job bwa_run since they might be corrupted:
/shared/liuhj/HP/process/NGS_map2PersonResptGnm/bwa/P11-E-x/P11-E-x_2_P11-E-t.bam
[Fri May 28 13:24:55 2021]
Error in rule bwa_run:
    jobid: 9
    output: /shared/liuhj/HP/process/NGS_map2PersonResptGnm/bwa/P11-E-t/P11-E-t_2_P11-E-t.bam
    shell:
        bwa  mem  -t  30  /shared/liuhj/HP/process/assembly/all_genomes/P11-E-t.fasta  /shared/liuhj/HP/data/NGS/Trimmomatic/P11-E-t/P11-E-t.R1.paired.fastq.gz  /shared/liuhj/HP/data/NGS/Trimmomatic/P11-E-t/P11-E-t.R2.paired.fastq.gz       		|  samtools view -bS -  > /shared/liuhj/HP/process/NGS_map2PersonResptGnm/bwa/P11-E-t/P11-E-t_2_P11-E-t.bam   
        (one of the commands exited with non-zero exit code; note that snakemake uses bash strict mode!)

Removing output files of failed job bwa_run since they might be corrupted:
/shared/liuhj/HP/process/NGS_map2PersonResptGnm/bwa/P11-E-t/P11-E-t_2_P11-E-t.bam
Complete log: /shared/liuhj/HP/scripts/HP-microevolution/scripts/.snakemake/log/2021-05-28T132327.195209.snakemake.log
