Building DAG of jobs...
Using shell: /bin/bash
Provided cores: 1
Rules claiming more threads will be scaled down.
Job counts:
	count	jobs
	1	all
	1	pilon
	2

[Thu May 27 20:28:26 2021]
rule pilon:
    input: /amax/homes/liuhj/HP/process/ONT_assembly/HP_P12-E-x/6-bridge_contigs/bridged_contigs.fasta, /amax/homes/liuhj/HP/seq-data/NGS/Trimmomatic/P12-E-x/P12-E-x.R1.paired.fastq, /amax/homes/liuhj/HP/seq-data/NGS/Trimmomatic/P12-E-x/P12-E-x.R2.paired.fastq
    output: /amax/homes/liuhj/HP/process/ONT_assembly/pilon/P12-E-x/P12-E-x.pilon.3.fasta, /amax/homes/liuhj/HP/process/ONT_assembly/pilon/P12-E-x/P12-E-x.0.bam, /amax/homes/liuhj/HP/process/ONT_assembly/pilon/P12-E-x/P12-E-x.1.bam, /amax/homes/liuhj/HP/process/ONT_assembly/pilon/P12-E-x/P12-E-x.2.bam
    log: /amax/homes/liuhj/HP/process/ONT_assembly/pilon/P12-E-x/P12-E-x.pilon.log
    jobid: 1
    wildcards: sample=P12-E-x

bash  Pilon.sh   P12-E-x  pilon 		/amax/homes/liuhj/HP/process/ONT_assembly/HP_P12-E-x/6-bridge_contigs/bridged_contigs.fasta   /amax/homes/liuhj/HP/seq-data/NGS/Trimmomatic/P12-E-x/P12-E-x.R1.paired.fastq  /amax/homes/liuhj/HP/seq-data/NGS/Trimmomatic/P12-E-x/P12-E-x.R2.paired.fastq  /amax/homes/liuhj/HP/process/ONT_assembly/pilon/P12-E-x   3  2>/amax/homes/liuhj/HP/process/ONT_assembly/pilon/P12-E-x/P12-E-x.pilon.log 
Removing temporary output file /amax/homes/liuhj/HP/process/ONT_assembly/pilon/P12-E-x/P12-E-x.0.bam.
Removing temporary output file /amax/homes/liuhj/HP/process/ONT_assembly/pilon/P12-E-x/P12-E-x.1.bam.
Removing temporary output file /amax/homes/liuhj/HP/process/ONT_assembly/pilon/P12-E-x/P12-E-x.2.bam.
[Thu May 27 20:29:31 2021]
Finished job 1.
1 of 2 steps (50%) done

[Thu May 27 20:29:31 2021]
localrule all:
    input: /amax/homes/liuhj/HP/process/ONT_assembly/pilon/P12-E-x/P12-E-x.pilon.3.fasta
    jobid: 0

[Thu May 27 20:29:31 2021]
Finished job 0.
2 of 2 steps (100%) done
Complete log: /amax/homes/liuhj/HP/scripts/HP-microevolution/scripts/assembly/.snakemake/log/2021-05-27T202826.571708.snakemake.log
