Building DAG of jobs...
Using shell: /bin/bash
Provided cores: 1
Rules claiming more threads will be scaled down.
Job counts:
	count	jobs
	1	all
	1	pilon
	2

[Thu May 27 10:36:45 2021]
rule pilon:
    input: /amax/homes/liuhj/HP/process/ONT_assembly/HP_P12-E-x/6-bridge_contigs/bridged_contigs.fasta, /amax/homes/liuhj/HP/seq-data/NGS/Trimmomatic/P12-E-x/P12-E-x.R1.paired.fastq, /amax/homes/liuhj/HP/seq-data/NGS/Trimmomatic/P12-E-x/P12-E-x.R2.paired.fastq
    output: /amax/homes/liuhj/HP/process/ONT_assembly/pilon/P12-E-x/P12-E-x.pilon.3.fasta
    log: /amax/homes/liuhj/HP/process/ONT_assembly/pilon/P12-E-x/P12-E-x.pilon.log
    jobid: 1
    wildcards: sample=P12-E-x

bash  Pilon.sh   P12-E-x  pilon 		/amax/homes/liuhj/HP/process/ONT_assembly/HP_P12-E-x/6-bridge_contigs/bridged_contigs.fasta   /amax/homes/liuhj/HP/seq-data/NGS/Trimmomatic/P12-E-x/P12-E-x.R1.paired.fastq  /amax/homes/liuhj/HP/seq-data/NGS/Trimmomatic/P12-E-x/P12-E-x.R2.paired.fastq  /amax/homes/liuhj/HP/process/ONT_assembly/pilon/P12-E-x   3  2>/amax/homes/liuhj/HP/process/ONT_assembly/pilon/P12-E-x/P12-E-x.pilon.log 
[Thu May 27 10:36:45 2021]
Error in rule pilon:
    jobid: 1
    output: /amax/homes/liuhj/HP/process/ONT_assembly/pilon/P12-E-x/P12-E-x.pilon.3.fasta
    log: /amax/homes/liuhj/HP/process/ONT_assembly/pilon/P12-E-x/P12-E-x.pilon.log (check log file(s) for error message)
    shell:
        bash  Pilon.sh   P12-E-x  pilon 		/amax/homes/liuhj/HP/process/ONT_assembly/HP_P12-E-x/6-bridge_contigs/bridged_contigs.fasta   /amax/homes/liuhj/HP/seq-data/NGS/Trimmomatic/P12-E-x/P12-E-x.R1.paired.fastq  /amax/homes/liuhj/HP/seq-data/NGS/Trimmomatic/P12-E-x/P12-E-x.R2.paired.fastq  /amax/homes/liuhj/HP/process/ONT_assembly/pilon/P12-E-x   3  2>/amax/homes/liuhj/HP/process/ONT_assembly/pilon/P12-E-x/P12-E-x.pilon.log 
        (exited with non-zero exit code)

Shutting down, this might take some time.
Exiting because a job execution failed. Look above for error message
Complete log: /amax/homes/liuhj/HP/scripts/HP-microevolution/scripts/assembly/.snakemake/log/2021-05-27T103645.130988.snakemake.log
