Building DAG of jobs...
Using shell: /bin/bash
Provided cores: 1 (use --cores to define parallelism)
Rules claiming more threads will be scaled down.
Job counts:
	count	jobs
	1	all
	1	cutGenmTosimulRead
	2
Select jobs to execute...

[Sat Jun 12 13:15:49 2021]
rule cutGenmTosimulRead:
    input: /shared/liuhj/HP/process/assembly/all_genomes/P1-E-j.fasta
    output: /shared/liuhj/HP/process/Genome_repeatRegion/P1-E-j/P1-E-j.simulateReads.fasta
    jobid: 1
    wildcards: samp=P1-E-j

python  /shared/liuhj/HP/scripts/HP-microevolution/scripts/genome_repeatRegion/RefGnm_cutToSimmulateReads.py  -r  /shared/liuhj/HP/process/assembly/all_genomes/P1-E-j.fasta  -o /shared/liuhj/HP/process/Genome_repeatRegion/P1-E-j/P1-E-j.simulateReads.fasta -s 75 -l 150 
[Sat Jun 12 13:15:49 2021]
Finished job 1.
1 of 2 steps (50%) done
Select jobs to execute...

[Sat Jun 12 13:15:49 2021]
localrule all:
    input: /shared/liuhj/HP/process/Genome_repeatRegion/P1-E-j/P1-E-j.simulateReads.fasta
    jobid: 0

[Sat Jun 12 13:15:49 2021]
Finished job 0.
2 of 2 steps (100%) done
Complete log: /shared/liuhj/HP/scripts/HP-microevolution/scripts/genome_repeatRegion/.snakemake/log/2021-06-12T131549.136485.snakemake.log
