Building DAG of jobs...
Using shell: /bin/bash
Provided cores: 1 (use --cores to define parallelism)
Rules claiming more threads will be scaled down.
Job counts:
	count	jobs
	1	all
	1	blast
	1	cutGenmTosimulRead
	1	makeblastdb
	1	select_repeatRegion
	5
Select jobs to execute...

[Sat Jun 12 13:26:06 2021]
rule makeblastdb:
    input: /shared/liuhj/HP/process/assembly/all_genomes/P10-E-t.fasta
    output: /shared/liuhj/HP/process/Genome_repeatRegion/P10-E-t/P10-E-t.blastdb.ndb
    jobid: 4
    wildcards: samp=P10-E-t

makeblastdb  -in   /shared/liuhj/HP/process/assembly/all_genomes/P10-E-t.fasta   -input_type  fasta   -dbtype  nucl  -out   /shared/liuhj/HP/process/Genome_repeatRegion/P10-E-t/P10-E-t.blastdb
[Sat Jun 12 13:26:06 2021]
Finished job 4.
1 of 5 steps (20%) done
Select jobs to execute...

[Sat Jun 12 13:26:06 2021]
rule cutGenmTosimulRead:
    input: /shared/liuhj/HP/process/assembly/all_genomes/P10-E-t.fasta
    output: /shared/liuhj/HP/process/Genome_repeatRegion/P10-E-t/P10-E-t.simulateReads.fasta
    jobid: 1
    wildcards: samp=P10-E-t

python  /shared/liuhj/HP/scripts/HP-microevolution/scripts/genome_repeatRegion/RefGnm_cutToSimmulateReads.py  -r  /shared/liuhj/HP/process/assembly/all_genomes/P10-E-t.fasta  -o /shared/liuhj/HP/process/Genome_repeatRegion/P10-E-t/P10-E-t.simulateReads.fasta -s 75 -l 150 
[Sat Jun 12 13:26:06 2021]
Finished job 1.
2 of 5 steps (40%) done
Select jobs to execute...

[Sat Jun 12 13:26:06 2021]
rule blast:
    input: /shared/liuhj/HP/process/Genome_repeatRegion/P10-E-t/P10-E-t.simulateReads.fasta, /shared/liuhj/HP/process/Genome_repeatRegion/P10-E-t/P10-E-t.blastdb.ndb
    output: /shared/liuhj/HP/process/Genome_repeatRegion/P10-E-t/P10-E-t.blastOut.txt
    jobid: 3
    wildcards: samp=P10-E-t

blastn -db    /shared/liuhj/HP/process/Genome_repeatRegion/P10-E-t/P10-E-t.blastdb   -query  /shared/liuhj/HP/process/Genome_repeatRegion/P10-E-t/P10-E-t.simulateReads.fasta  -outfmt 6 -num_threads 4   1>/shared/liuhj/HP/process/Genome_repeatRegion/P10-E-t/P10-E-t.blastOut.txt
[Sat Jun 12 13:26:08 2021]
Finished job 3.
3 of 5 steps (60%) done
Select jobs to execute...

[Sat Jun 12 13:26:08 2021]
rule select_repeatRegion:
    input: /shared/liuhj/HP/process/Genome_repeatRegion/P10-E-t/P10-E-t.blastOut.txt
    output: /shared/liuhj/HP/process/Genome_repeatRegion/P10-E-t/P10-E-t.RepeatRegion.txt
    jobid: 2
    wildcards: samp=P10-E-t

python /shared/liuhj/HP/scripts/HP-microevolution/scripts/genome_repeatRegion/Select-RepeatRegion-from-readsBlastF.py  -i /shared/liuhj/HP/process/Genome_repeatRegion/P10-E-t/P10-E-t.blastOut.txt -o  /shared/liuhj/HP/process/Genome_repeatRegion/P10-E-t/P10-E-t.RepeatRegion.txt  -r P10-E-t 
[Sat Jun 12 13:26:08 2021]
Finished job 2.
4 of 5 steps (80%) done
Select jobs to execute...

[Sat Jun 12 13:26:08 2021]
localrule all:
    input: /shared/liuhj/HP/process/Genome_repeatRegion/P10-E-t/P10-E-t.simulateReads.fasta, /shared/liuhj/HP/process/Genome_repeatRegion/P10-E-t/P10-E-t.RepeatRegion.txt
    jobid: 0

[Sat Jun 12 13:26:08 2021]
Finished job 0.
5 of 5 steps (100%) done
Complete log: /shared/liuhj/HP/scripts/HP-microevolution/scripts/genome_repeatRegion/.snakemake/log/2021-06-12T132605.994031.snakemake.log
