Building DAG of jobs...
Using shell: /bin/bash
Provided cores: 1 (use --cores to define parallelism)
Rules claiming more threads will be scaled down.
Job counts:
	count	jobs
	1	all
	1	cutGenmTosimulRead
	2
Select jobs to execute...

[Sat Jun 12 13:14:21 2021]
rule cutGenmTosimulRead:
    input: /shared/liuhj/HP/process/assembly/all_genomes/P1-E-j.fasta
    output: /shared/liuhj/HP/process/Genome_repeatRegion/P1-E-j/P1-E-j.simulateReads.fasta
    jobid: 1
    wildcards: samp=P1-E-j

python  /shared/liuhj/HP/scripts/HP-microevolution/scripts/genome_repeatRegion/RefGnm_cutToSimmulateReads.py  -r  /shared/liuhj/HP/process/assembly/all_genomes/P1-E-j.fasta  -o /shared/liuhj/HP/process/Genome_repeatRegion/P1-E-j/P1-E-j.simulateReads.fasta -s 75 -l 150 
[Sat Jun 12 13:14:21 2021]
Error in rule cutGenmTosimulRead:
    jobid: 1
    output: /shared/liuhj/HP/process/Genome_repeatRegion/P1-E-j/P1-E-j.simulateReads.fasta
    shell:
        python  /shared/liuhj/HP/scripts/HP-microevolution/scripts/genome_repeatRegion/RefGnm_cutToSimmulateReads.py  -r  /shared/liuhj/HP/process/assembly/all_genomes/P1-E-j.fasta  -o /shared/liuhj/HP/process/Genome_repeatRegion/P1-E-j/P1-E-j.simulateReads.fasta -s 75 -l 150 
        (one of the commands exited with non-zero exit code; note that snakemake uses bash strict mode!)

Removing output files of failed job cutGenmTosimulRead since they might be corrupted:
/shared/liuhj/HP/process/Genome_repeatRegion/P1-E-j/P1-E-j.simulateReads.fasta
Shutting down, this might take some time.
Exiting because a job execution failed. Look above for error message
Complete log: /shared/liuhj/HP/scripts/HP-microevolution/scripts/genome_repeatRegion/.snakemake/log/2021-06-12T131421.464101.snakemake.log
