Building DAG of jobs...
Using shell: /bin/bash
Provided cores: 1 (use --cores to define parallelism)
Rules claiming more threads will be scaled down.
Job counts:
	count	jobs
	1	all
	1	select_repeatRegion
	2
Select jobs to execute...

[Sat Jun 12 13:21:19 2021]
rule select_repeatRegion:
    input: /shared/liuhj/HP/process/Genome_repeatRegion/P1-E-j/P1-E-j.blastOut.txt
    output: /shared/liuhj/HP/process/Genome_repeatRegion/P1-E-j/P1-E-j.RepeatRegion.txt
    jobid: 2
    wildcards: samp=P1-E-j

python /shared/liuhj/tonglv/ICU_tonglv_scripts/Select-RepeatRegion-from-readsBlastF.py  -i /shared/liuhj/HP/process/Genome_repeatRegion/P1-E-j/P1-E-j.blastOut.txt -o  /shared/liuhj/HP/process/Genome_repeatRegion/P1-E-j/P1-E-j.RepeatRegion.txt  -r P1-E-j 
[Sat Jun 12 13:21:19 2021]
Error in rule select_repeatRegion:
    jobid: 2
    output: /shared/liuhj/HP/process/Genome_repeatRegion/P1-E-j/P1-E-j.RepeatRegion.txt
    shell:
        python /shared/liuhj/tonglv/ICU_tonglv_scripts/Select-RepeatRegion-from-readsBlastF.py  -i /shared/liuhj/HP/process/Genome_repeatRegion/P1-E-j/P1-E-j.blastOut.txt -o  /shared/liuhj/HP/process/Genome_repeatRegion/P1-E-j/P1-E-j.RepeatRegion.txt  -r P1-E-j 
        (one of the commands exited with non-zero exit code; note that snakemake uses bash strict mode!)

Shutting down, this might take some time.
Exiting because a job execution failed. Look above for error message
Complete log: /shared/liuhj/HP/scripts/HP-microevolution/scripts/genome_repeatRegion/.snakemake/log/2021-06-12T132119.444424.snakemake.log
