Building DAG of jobs...
Using shell: /bin/bash
Provided cores: 32
Rules claiming more threads will be scaled down.
Job counts:
	count	jobs
	1	Generate_controlF
	1	all
	1	clustalW2_align
	1	pal2nal_codon
	4
Select jobs to execute...

[Fri Jun 11 16:54:44 2021]
rule pal2nal_codon:
    input: /shared/liuhj/HP/process/dN-dS-caculate/P1
    output: /shared/liuhj/HP/process/dN-dS-caculate/P1.pal2nal.log
    jobid: 3
    wildcards: person=P1

bash /shared/liuhj/HP/scripts/HP-microevolution/scripts/dN-dS-calculate/pal2nal_condon_align.sh  /shared/liuhj/HP/process/dN-dS-caculate/P1  /shared/liuhj/HP/process/dN-dS-caculate/P1.pal2nal.log

[Fri Jun 11 16:54:44 2021]
rule Generate_controlF:
    input: /shared/liuhj/HP/process/dN-dS-caculate/P1, /shared/liuhj/HP/process/dN-dS-caculate/paml-control-file-sample.ctl
    output: /shared/liuhj/HP/process/dN-dS-caculate/P1.ctl.log
    jobid: 4
    wildcards: person=P1

bash /shared/liuhj/HP/scripts/HP-microevolution/scripts/dN-dS-calculate/Generate_sample_controlF.sh  /shared/liuhj/HP/process/dN-dS-caculate/P1  /shared/liuhj/HP/process/dN-dS-caculate/paml-control-file-sample.ctl  /shared/liuhj/HP/process/dN-dS-caculate/P1.ctl.log

[Fri Jun 11 16:54:44 2021]
rule clustalW2_align:
    input: /shared/liuhj/HP/process/dN-dS-caculate/P1
    output: /shared/liuhj/HP/process/dN-dS-caculate/P1.clustalW.log
    jobid: 2
    wildcards: person=P1

bash /shared/liuhj/HP/scripts/HP-microevolution/scripts/dN-dS-calculate/clustalW2_align.sh  /shared/liuhj/HP/process/dN-dS-caculate/P1  /shared/liuhj/HP/process/dN-dS-caculate/P1.clustalW.log
[Fri Jun 11 16:54:44 2021]
Finished job 4.
1 of 4 steps (25%) done
[Fri Jun 11 16:54:44 2021]
Finished job 3.
2 of 4 steps (50%) done
[Fri Jun 11 16:54:44 2021]
Finished job 2.
3 of 4 steps (75%) done
Select jobs to execute...

[Fri Jun 11 16:54:44 2021]
localrule all:
    input: /shared/liuhj/HP/process/dN-dS-caculate/P1, /shared/liuhj/HP/process/dN-dS-caculate/P1.clustalW.log, /shared/liuhj/HP/process/dN-dS-caculate/P1.pal2nal.log, /shared/liuhj/HP/process/dN-dS-caculate/P1.ctl.log
    jobid: 0

Removing temporary output file /shared/liuhj/HP/process/dN-dS-caculate/P1.clustalW.log.
Removing temporary output file /shared/liuhj/HP/process/dN-dS-caculate/P1.pal2nal.log.
Removing temporary output file /shared/liuhj/HP/process/dN-dS-caculate/P1.ctl.log.
[Fri Jun 11 16:54:44 2021]
Finished job 0.
4 of 4 steps (100%) done
Complete log: /shared/liuhj/HP/scripts/HP-microevolution/scripts/dN-dS-calculate/.snakemake/log/2021-06-11T165444.355347.snakemake.log
