The flag 'temp' used in rule pal2nal_codon is only valid for outputs, not inputs.
The flag 'temp' used in rule Generate_controlF is only valid for outputs, not inputs.
The flag 'temp' used in rule codeml_run is only valid for outputs, not inputs.
Building DAG of jobs...
Using shell: /bin/bash
Provided cores: 1 (use --cores to define parallelism)
Rules claiming more threads will be scaled down.
Job counts:
	count	jobs
	1	all
	1	codeml_dNdS_collect
	2
Select jobs to execute...

[Fri Jun 11 21:01:09 2021]
rule codeml_dNdS_collect:
    input: /shared/liuhj/HP/process/dN-dS-caculate/P1
    output: /shared/liuhj/HP/process/dN-dS-caculate/P1.codeml.dNdS.txt
    jobid: 2
    wildcards: person=P1

python /shared/liuhj/HP/scripts/HP-microevolution/scripts/dN-dS-calculate/colect_dN_dS.py  -c /shared/liuhj/HP/process/dN-dS-caculate/P1  -o  /shared/liuhj/HP/process/dN-dS-caculate/P1.codeml.dNdS.txt 
[Fri Jun 11 21:01:09 2021]
Finished job 2.
1 of 2 steps (50%) done
Select jobs to execute...

[Fri Jun 11 21:01:09 2021]
localrule all:
    input: /shared/liuhj/HP/process/dN-dS-caculate/P1, /shared/liuhj/HP/process/dN-dS-caculate/P1.codeml.dNdS.txt
    jobid: 0

[Fri Jun 11 21:01:09 2021]
Finished job 0.
2 of 2 steps (100%) done
Complete log: /shared/liuhj/HP/scripts/HP-microevolution/scripts/dN-dS-calculate/.snakemake/log/2021-06-11T210109.332528.snakemake.log
