The flag 'temp' used in rule pal2nal_codon is only valid for outputs, not inputs.
The flag 'temp' used in rule Generate_controlF is only valid for outputs, not inputs.
The flag 'temp' used in rule codeml_run is only valid for outputs, not inputs.
The flag 'temp' used in rule codeml_run_null is only valid for outputs, not inputs.
Building DAG of jobs...
Using shell: /bin/bash
Provided cores: 1 (use --cores to define parallelism)
Rules claiming more threads will be scaled down.
Job counts:
	count	jobs
	1	Nuc_AA_FnaF_of_diverGene
	1	all
	1	clustalW2_align
	3
Select jobs to execute...

[Tue Jun 15 15:03:29 2021]
rule Nuc_AA_FnaF_of_diverGene:
    input: /shared/liuhj/HP/process/Person_core_genome/P1
    output: /shared/liuhj/HP/process/dN-dS-caculate/P1
    jobid: 1
    wildcards: person=P1

python /shared/liuhj/HP/scripts/HP-microevolution/scripts/dN-dS-calculate/nuc_aa-seq-from-roaryOutput.py  -i P1 -r /shared/liuhj/HP/process/Person_core_genome/P1  -p /shared/liuhj/HP/process/assembly/prokka  -o  /shared/liuhj/HP/process/dN-dS-caculate/P1
[Tue Jun 15 15:03:30 2021]
Finished job 1.
1 of 3 steps (33%) done
Select jobs to execute...

[Tue Jun 15 15:03:30 2021]
rule clustalW2_align:
    input: /shared/liuhj/HP/process/dN-dS-caculate/P1
    output: /shared/liuhj/HP/process/dN-dS-caculate/P1.clustalW.log
    jobid: 2
    wildcards: person=P1

bash /shared/liuhj/HP/scripts/HP-microevolution/scripts/dN-dS-calculate/clustalW2_align.sh  /shared/liuhj/HP/process/dN-dS-caculate/P1  /shared/liuhj/HP/process/dN-dS-caculate/P1.clustalW.log
[Tue Jun 15 15:03:33 2021]
Finished job 2.
2 of 3 steps (67%) done
Select jobs to execute...

[Tue Jun 15 15:03:33 2021]
localrule all:
    input: /shared/liuhj/HP/process/dN-dS-caculate/P1, /shared/liuhj/HP/process/dN-dS-caculate/P1.clustalW.log
    jobid: 0

Removing temporary output file /shared/liuhj/HP/process/dN-dS-caculate/P1.clustalW.log.
[Tue Jun 15 15:03:33 2021]
Finished job 0.
3 of 3 steps (100%) done
Complete log: /shared/liuhj/HP/scripts/HP-microevolution/scripts/dN-dS-calculate/.snakemake/log/2021-06-15T150329.190926.snakemake.log
