The flag 'temp' used in rule Generate_controlF is only valid for outputs, not inputs.
The flag 'temp' used in rule codeml_run is only valid for outputs, not inputs.
Building DAG of jobs...
Using shell: /bin/bash
Provided cores: 20
Rules claiming more threads will be scaled down.
Job counts:
	count	jobs
	1	all
	2	codeml_run
	3
Select jobs to execute...

[Thu Jun 17 19:02:07 2021]
rule codeml_run:
    input: /shared/liuhj/HP/process/dN-dS-caculate-CoreGnm/P13.ctl.log, /shared/liuhj/HP/process/dN-dS-caculate-CoreGnm/P13
    output: /shared/liuhj/HP/process/dN-dS-caculate-CoreGnm/P13.codeml.log
    jobid: 5
    wildcards: person=P13

bash /shared/liuhj/HP/scripts/HP-microevolution/scripts/dN-dS-calculate/codeml-run.sh  /shared/liuhj/HP/process/dN-dS-caculate-CoreGnm/P13 /shared/liuhj/HP/process/dN-dS-caculate-CoreGnm/P13.codeml.log

[Thu Jun 17 19:02:07 2021]
rule codeml_run:
    input: /shared/liuhj/HP/process/dN-dS-caculate-CoreGnm/P14.ctl.log, /shared/liuhj/HP/process/dN-dS-caculate-CoreGnm/P14
    output: /shared/liuhj/HP/process/dN-dS-caculate-CoreGnm/P14.codeml.log
    jobid: 6
    wildcards: person=P14

bash /shared/liuhj/HP/scripts/HP-microevolution/scripts/dN-dS-calculate/codeml-run.sh  /shared/liuhj/HP/process/dN-dS-caculate-CoreGnm/P14 /shared/liuhj/HP/process/dN-dS-caculate-CoreGnm/P14.codeml.log
[Thu Jun 17 19:05:12 2021]
Finished job 5.
1 of 3 steps (33%) done
[Thu Jun 17 19:05:13 2021]
Finished job 6.
2 of 3 steps (67%) done
Select jobs to execute...

[Thu Jun 17 19:05:13 2021]
localrule all:
    input: /shared/liuhj/HP/process/dN-dS-caculate-CoreGnm/P13, /shared/liuhj/HP/process/dN-dS-caculate-CoreGnm/P14, /shared/liuhj/HP/process/dN-dS-caculate-CoreGnm/P13.pal2nal.log, /shared/liuhj/HP/process/dN-dS-caculate-CoreGnm/P14.pal2nal.log, /shared/liuhj/HP/process/dN-dS-caculate-CoreGnm/P13.ctl.log, /shared/liuhj/HP/process/dN-dS-caculate-CoreGnm/P14.ctl.log, /shared/liuhj/HP/process/dN-dS-caculate-CoreGnm/P13.codeml.log, /shared/liuhj/HP/process/dN-dS-caculate-CoreGnm/P14.codeml.log
    jobid: 0

Removing temporary output file /shared/liuhj/HP/process/dN-dS-caculate-CoreGnm/P13.codeml.log.
Removing temporary output file /shared/liuhj/HP/process/dN-dS-caculate-CoreGnm/P14.codeml.log.
[Thu Jun 17 19:05:13 2021]
Finished job 0.
3 of 3 steps (100%) done
Complete log: /shared/liuhj/HP/scripts/HP-microevolution/scripts/dN-dS-calculate/.snakemake/log/2021-06-17T190207.872170.snakemake.log
