The flag 'temp' used in rule pal2nal_codon is only valid for outputs, not inputs.
The flag 'temp' used in rule Generate_controlF is only valid for outputs, not inputs.
The flag 'temp' used in rule codeml_run is only valid for outputs, not inputs.
The flag 'temp' used in rule codeml_run_null is only valid for outputs, not inputs.
Building DAG of jobs...
Using shell: /bin/bash
Provided cores: 1
Rules claiming more threads will be scaled down.
Job counts:
	count	jobs
	1	Generate_controlF
	1	Nuc_AA_FnaF_of_diverGene
	1	all
	1	clustalW2_align
	1	codeml_run
	1	pal2nal_codon
	6

[Tue Jun 15 15:01:29 2021]
rule Nuc_AA_FnaF_of_diverGene:
    input: /shared/liuhj/HP/process/Person_core_genome/P8
    output: /shared/liuhj/HP/process/dN-dS-caculate/P8
    jobid: 1
    wildcards: person=P8

python /shared/liuhj/HP/scripts/HP-microevolution/scripts/dN-dS-calculate/nuc_aa-seq-from-roaryOutput.py  -i P8 -r /shared/liuhj/HP/process/Person_core_genome/P8  -p /shared/liuhj/HP/process/assembly/prokka  -o  /shared/liuhj/HP/process/dN-dS-caculate/P8
[Tue Jun 15 15:01:30 2021]
Finished job 1.
1 of 6 steps (17%) done

[Tue Jun 15 15:01:30 2021]
rule clustalW2_align:
    input: /shared/liuhj/HP/process/dN-dS-caculate/P8
    output: /shared/liuhj/HP/process/dN-dS-caculate/P8.clustalW.log
    jobid: 2
    wildcards: person=P8

bash /shared/liuhj/HP/scripts/HP-microevolution/scripts/dN-dS-calculate/clustalW2_align.sh  /shared/liuhj/HP/process/dN-dS-caculate/P8  /shared/liuhj/HP/process/dN-dS-caculate/P8.clustalW.log
[Tue Jun 15 15:01:31 2021]
Finished job 2.
2 of 6 steps (33%) done

[Tue Jun 15 15:01:31 2021]
rule pal2nal_codon:
    input: /shared/liuhj/HP/process/dN-dS-caculate/P8, /shared/liuhj/HP/process/dN-dS-caculate/P8.clustalW.log
    output: /shared/liuhj/HP/process/dN-dS-caculate/P8.pal2nal.log
    jobid: 3
    wildcards: person=P8

bash /shared/liuhj/HP/scripts/HP-microevolution/scripts/dN-dS-calculate/pal2nal_condon_align.sh  /shared/liuhj/HP/process/dN-dS-caculate/P8  /shared/liuhj/HP/process/dN-dS-caculate/P8.pal2nal.log
[Tue Jun 15 15:01:31 2021]
Finished job 3.
3 of 6 steps (50%) done

[Tue Jun 15 15:01:31 2021]
rule Generate_controlF:
    input: /shared/liuhj/HP/process/dN-dS-caculate/P8, /shared/liuhj/HP/process/dN-dS-caculate/paml-control-file-sample.ctl, /shared/liuhj/HP/process/dN-dS-caculate/P8.pal2nal.log
    output: /shared/liuhj/HP/process/dN-dS-caculate/P8.ctl.log
    jobid: 4
    wildcards: person=P8

bash /shared/liuhj/HP/scripts/HP-microevolution/scripts/dN-dS-calculate/Generate_sample_controlF.sh  /shared/liuhj/HP/process/dN-dS-caculate/P8  /shared/liuhj/HP/process/dN-dS-caculate/paml-control-file-sample.ctl  /shared/liuhj/HP/process/dN-dS-caculate/P8.ctl.log
[Tue Jun 15 15:01:39 2021]
Finished job 4.
4 of 6 steps (67%) done

[Tue Jun 15 15:01:39 2021]
rule codeml_run:
    input: /shared/liuhj/HP/process/dN-dS-caculate/P8.ctl.log, /shared/liuhj/HP/process/dN-dS-caculate/P8
    output: /shared/liuhj/HP/process/dN-dS-caculate/P8.codeml.log
    jobid: 5
    wildcards: person=P8

bash /shared/liuhj/HP/scripts/HP-microevolution/scripts/dN-dS-calculate/codeml-run.sh  /shared/liuhj/HP/process/dN-dS-caculate/P8 /shared/liuhj/HP/process/dN-dS-caculate/P8.codeml.log
[Tue Jun 15 15:01:40 2021]
Finished job 5.
5 of 6 steps (83%) done

[Tue Jun 15 15:01:40 2021]
localrule all:
    input: /shared/liuhj/HP/process/dN-dS-caculate/P8, /shared/liuhj/HP/process/dN-dS-caculate/P8.clustalW.log, /shared/liuhj/HP/process/dN-dS-caculate/P8.pal2nal.log, /shared/liuhj/HP/process/dN-dS-caculate/P8.ctl.log, /shared/liuhj/HP/process/dN-dS-caculate/P8.codeml.log
    jobid: 0

Removing temporary output file /shared/liuhj/HP/process/dN-dS-caculate/P8.clustalW.log.
Removing temporary output file /shared/liuhj/HP/process/dN-dS-caculate/P8.codeml.log.
[Tue Jun 15 15:01:40 2021]
Finished job 0.
6 of 6 steps (100%) done
Complete log: /shared/liuhj/HP/scripts/HP-microevolution/scripts/dN-dS-calculate/.snakemake/log/2021-06-15T150129.137202.snakemake.log
