The flag 'temp' used in rule pal2nal_codon is only valid for outputs, not inputs.
The flag 'temp' used in rule Generate_controlF is only valid for outputs, not inputs.
The flag 'temp' used in rule codeml_run is only valid for outputs, not inputs.
Building DAG of jobs...
Using shell: /bin/bash
Provided cores: 1 (use --cores to define parallelism)
Rules claiming more threads will be scaled down.
Job counts:
	count	jobs
	1	all
	21	codeml_dNdS_collect
	22
Select jobs to execute...

[Fri Jun 11 21:21:15 2021]
rule codeml_dNdS_collect:
    input: /shared/liuhj/HP/process/dN-dS-caculate/P4
    output: /shared/liuhj/HP/process/dN-dS-caculate/dNdS_select/P4.codeml.dNdS.txt
    jobid: 25
    wildcards: person=P4

python /shared/liuhj/HP/scripts/HP-microevolution/scripts/dN-dS-calculate/colect_dN_dS.py  -c /shared/liuhj/HP/process/dN-dS-caculate/P4  -o  /shared/liuhj/HP/process/dN-dS-caculate/dNdS_select/P4.codeml.dNdS.txt 
[Fri Jun 11 21:21:15 2021]
Finished job 25.
1 of 22 steps (5%) done
Select jobs to execute...

[Fri Jun 11 21:21:15 2021]
rule codeml_dNdS_collect:
    input: /shared/liuhj/HP/process/dN-dS-caculate/P22
    output: /shared/liuhj/HP/process/dN-dS-caculate/dNdS_select/P22.codeml.dNdS.txt
    jobid: 39
    wildcards: person=P22

python /shared/liuhj/HP/scripts/HP-microevolution/scripts/dN-dS-calculate/colect_dN_dS.py  -c /shared/liuhj/HP/process/dN-dS-caculate/P22  -o  /shared/liuhj/HP/process/dN-dS-caculate/dNdS_select/P22.codeml.dNdS.txt 
[Fri Jun 11 21:21:15 2021]
Finished job 39.
2 of 22 steps (9%) done
Select jobs to execute...

[Fri Jun 11 21:21:15 2021]
rule codeml_dNdS_collect:
    input: /shared/liuhj/HP/process/dN-dS-caculate/P1
    output: /shared/liuhj/HP/process/dN-dS-caculate/dNdS_select/P1.codeml.dNdS.txt
    jobid: 22
    wildcards: person=P1

python /shared/liuhj/HP/scripts/HP-microevolution/scripts/dN-dS-calculate/colect_dN_dS.py  -c /shared/liuhj/HP/process/dN-dS-caculate/P1  -o  /shared/liuhj/HP/process/dN-dS-caculate/dNdS_select/P1.codeml.dNdS.txt 
[Fri Jun 11 21:21:15 2021]
Finished job 22.
3 of 22 steps (14%) done
Select jobs to execute...

[Fri Jun 11 21:21:15 2021]
rule codeml_dNdS_collect:
    input: /shared/liuhj/HP/process/dN-dS-caculate/P25
    output: /shared/liuhj/HP/process/dN-dS-caculate/dNdS_select/P25.codeml.dNdS.txt
    jobid: 42
    wildcards: person=P25

python /shared/liuhj/HP/scripts/HP-microevolution/scripts/dN-dS-calculate/colect_dN_dS.py  -c /shared/liuhj/HP/process/dN-dS-caculate/P25  -o  /shared/liuhj/HP/process/dN-dS-caculate/dNdS_select/P25.codeml.dNdS.txt 
[Fri Jun 11 21:21:15 2021]
Finished job 42.
4 of 22 steps (18%) done
Select jobs to execute...

[Fri Jun 11 21:21:15 2021]
rule codeml_dNdS_collect:
    input: /shared/liuhj/HP/process/dN-dS-caculate/P15
    output: /shared/liuhj/HP/process/dN-dS-caculate/dNdS_select/P15.codeml.dNdS.txt
    jobid: 32
    wildcards: person=P15

python /shared/liuhj/HP/scripts/HP-microevolution/scripts/dN-dS-calculate/colect_dN_dS.py  -c /shared/liuhj/HP/process/dN-dS-caculate/P15  -o  /shared/liuhj/HP/process/dN-dS-caculate/dNdS_select/P15.codeml.dNdS.txt 
[Fri Jun 11 21:21:16 2021]
Finished job 32.
5 of 22 steps (23%) done
Select jobs to execute...

[Fri Jun 11 21:21:16 2021]
rule codeml_dNdS_collect:
    input: /shared/liuhj/HP/process/dN-dS-caculate/P16
    output: /shared/liuhj/HP/process/dN-dS-caculate/dNdS_select/P16.codeml.dNdS.txt
    jobid: 33
    wildcards: person=P16

python /shared/liuhj/HP/scripts/HP-microevolution/scripts/dN-dS-calculate/colect_dN_dS.py  -c /shared/liuhj/HP/process/dN-dS-caculate/P16  -o  /shared/liuhj/HP/process/dN-dS-caculate/dNdS_select/P16.codeml.dNdS.txt 
[Fri Jun 11 21:21:16 2021]
Finished job 33.
6 of 22 steps (27%) done
Select jobs to execute...

[Fri Jun 11 21:21:16 2021]
rule codeml_dNdS_collect:
    input: /shared/liuhj/HP/process/dN-dS-caculate/P2
    output: /shared/liuhj/HP/process/dN-dS-caculate/dNdS_select/P2.codeml.dNdS.txt
    jobid: 23
    wildcards: person=P2

python /shared/liuhj/HP/scripts/HP-microevolution/scripts/dN-dS-calculate/colect_dN_dS.py  -c /shared/liuhj/HP/process/dN-dS-caculate/P2  -o  /shared/liuhj/HP/process/dN-dS-caculate/dNdS_select/P2.codeml.dNdS.txt 
[Fri Jun 11 21:21:16 2021]
Finished job 23.
7 of 22 steps (32%) done
Select jobs to execute...

[Fri Jun 11 21:21:16 2021]
rule codeml_dNdS_collect:
    input: /shared/liuhj/HP/process/dN-dS-caculate/P20
    output: /shared/liuhj/HP/process/dN-dS-caculate/dNdS_select/P20.codeml.dNdS.txt
    jobid: 37
    wildcards: person=P20

python /shared/liuhj/HP/scripts/HP-microevolution/scripts/dN-dS-calculate/colect_dN_dS.py  -c /shared/liuhj/HP/process/dN-dS-caculate/P20  -o  /shared/liuhj/HP/process/dN-dS-caculate/dNdS_select/P20.codeml.dNdS.txt 
[Fri Jun 11 21:21:16 2021]
Finished job 37.
8 of 22 steps (36%) done
Select jobs to execute...

[Fri Jun 11 21:21:16 2021]
rule codeml_dNdS_collect:
    input: /shared/liuhj/HP/process/dN-dS-caculate/P18
    output: /shared/liuhj/HP/process/dN-dS-caculate/dNdS_select/P18.codeml.dNdS.txt
    jobid: 35
    wildcards: person=P18

python /shared/liuhj/HP/scripts/HP-microevolution/scripts/dN-dS-calculate/colect_dN_dS.py  -c /shared/liuhj/HP/process/dN-dS-caculate/P18  -o  /shared/liuhj/HP/process/dN-dS-caculate/dNdS_select/P18.codeml.dNdS.txt 
[Fri Jun 11 21:21:17 2021]
Finished job 35.
9 of 22 steps (41%) done
Select jobs to execute...

[Fri Jun 11 21:21:17 2021]
rule codeml_dNdS_collect:
    input: /shared/liuhj/HP/process/dN-dS-caculate/P3
    output: /shared/liuhj/HP/process/dN-dS-caculate/dNdS_select/P3.codeml.dNdS.txt
    jobid: 24
    wildcards: person=P3

python /shared/liuhj/HP/scripts/HP-microevolution/scripts/dN-dS-calculate/colect_dN_dS.py  -c /shared/liuhj/HP/process/dN-dS-caculate/P3  -o  /shared/liuhj/HP/process/dN-dS-caculate/dNdS_select/P3.codeml.dNdS.txt 
[Fri Jun 11 21:21:17 2021]
Finished job 24.
10 of 22 steps (45%) done
Select jobs to execute...

[Fri Jun 11 21:21:17 2021]
rule codeml_dNdS_collect:
    input: /shared/liuhj/HP/process/dN-dS-caculate/P12
    output: /shared/liuhj/HP/process/dN-dS-caculate/dNdS_select/P12.codeml.dNdS.txt
    jobid: 31
    wildcards: person=P12

python /shared/liuhj/HP/scripts/HP-microevolution/scripts/dN-dS-calculate/colect_dN_dS.py  -c /shared/liuhj/HP/process/dN-dS-caculate/P12  -o  /shared/liuhj/HP/process/dN-dS-caculate/dNdS_select/P12.codeml.dNdS.txt 
[Fri Jun 11 21:21:17 2021]
Finished job 31.
11 of 22 steps (50%) done
Select jobs to execute...

[Fri Jun 11 21:21:17 2021]
rule codeml_dNdS_collect:
    input: /shared/liuhj/HP/process/dN-dS-caculate/P21
    output: /shared/liuhj/HP/process/dN-dS-caculate/dNdS_select/P21.codeml.dNdS.txt
    jobid: 38
    wildcards: person=P21

python /shared/liuhj/HP/scripts/HP-microevolution/scripts/dN-dS-calculate/colect_dN_dS.py  -c /shared/liuhj/HP/process/dN-dS-caculate/P21  -o  /shared/liuhj/HP/process/dN-dS-caculate/dNdS_select/P21.codeml.dNdS.txt 
[Fri Jun 11 21:21:17 2021]
Finished job 38.
12 of 22 steps (55%) done
Select jobs to execute...

[Fri Jun 11 21:21:17 2021]
rule codeml_dNdS_collect:
    input: /shared/liuhj/HP/process/dN-dS-caculate/P10
    output: /shared/liuhj/HP/process/dN-dS-caculate/dNdS_select/P10.codeml.dNdS.txt
    jobid: 30
    wildcards: person=P10

python /shared/liuhj/HP/scripts/HP-microevolution/scripts/dN-dS-calculate/colect_dN_dS.py  -c /shared/liuhj/HP/process/dN-dS-caculate/P10  -o  /shared/liuhj/HP/process/dN-dS-caculate/dNdS_select/P10.codeml.dNdS.txt 
[Fri Jun 11 21:21:18 2021]
Finished job 30.
13 of 22 steps (59%) done
Select jobs to execute...

[Fri Jun 11 21:21:18 2021]
rule codeml_dNdS_collect:
    input: /shared/liuhj/HP/process/dN-dS-caculate/P19
    output: /shared/liuhj/HP/process/dN-dS-caculate/dNdS_select/P19.codeml.dNdS.txt
    jobid: 36
    wildcards: person=P19

python /shared/liuhj/HP/scripts/HP-microevolution/scripts/dN-dS-calculate/colect_dN_dS.py  -c /shared/liuhj/HP/process/dN-dS-caculate/P19  -o  /shared/liuhj/HP/process/dN-dS-caculate/dNdS_select/P19.codeml.dNdS.txt 
Terminating processes on user request, this might take some time.
[Fri Jun 11 21:21:18 2021]
Error in rule codeml_dNdS_collect:
    jobid: 36
    output: /shared/liuhj/HP/process/dN-dS-caculate/dNdS_select/P19.codeml.dNdS.txt
    shell:
        python /shared/liuhj/HP/scripts/HP-microevolution/scripts/dN-dS-calculate/colect_dN_dS.py  -c /shared/liuhj/HP/process/dN-dS-caculate/P19  -o  /shared/liuhj/HP/process/dN-dS-caculate/dNdS_select/P19.codeml.dNdS.txt 
        (one of the commands exited with non-zero exit code; note that snakemake uses bash strict mode!)

Complete log: /shared/liuhj/HP/scripts/HP-microevolution/scripts/dN-dS-calculate/.snakemake/log/2021-06-11T212114.966784.snakemake.log
