The flag 'temp' used in rule pal2nal_codon is only valid for outputs, not inputs.
The flag 'temp' used in rule Generate_controlF is only valid for outputs, not inputs.
The flag 'temp' used in rule codeml_run is only valid for outputs, not inputs.
Building DAG of jobs...
Using shell: /bin/bash
Provided cores: 1 (use --cores to define parallelism)
Rules claiming more threads will be scaled down.
Job counts:
	count	jobs
	1	Generate_controlF
	1	all
	1	clustalW2_align
	1	codeml_run
	1	pal2nal_codon
	5
Select jobs to execute...

[Fri Jun 11 19:40:35 2021]
rule clustalW2_align:
    input: /shared/liuhj/HP/process/dN-dS-caculate/P1
    output: /shared/liuhj/HP/process/dN-dS-caculate/P1.clustalW.log
    jobid: 2
    wildcards: person=P1

bash /shared/liuhj/HP/scripts/HP-microevolution/scripts/dN-dS-calculate/clustalW2_align.sh  /shared/liuhj/HP/process/dN-dS-caculate/P1  /shared/liuhj/HP/process/dN-dS-caculate/P1.clustalW.log
[Fri Jun 11 19:40:35 2021]
Finished job 2.
1 of 5 steps (20%) done
Select jobs to execute...

[Fri Jun 11 19:40:35 2021]
rule pal2nal_codon:
    input: /shared/liuhj/HP/process/dN-dS-caculate/P1, /shared/liuhj/HP/process/dN-dS-caculate/P1.clustalW.log
    output: /shared/liuhj/HP/process/dN-dS-caculate/P1.pal2nal.log
    jobid: 3
    wildcards: person=P1

bash /shared/liuhj/HP/scripts/HP-microevolution/scripts/dN-dS-calculate/pal2nal_condon_align.sh  /shared/liuhj/HP/process/dN-dS-caculate/P1  /shared/liuhj/HP/process/dN-dS-caculate/P1.pal2nal.log
[Fri Jun 11 19:40:35 2021]
Finished job 3.
2 of 5 steps (40%) done
Select jobs to execute...

[Fri Jun 11 19:40:35 2021]
rule Generate_controlF:
    input: /shared/liuhj/HP/process/dN-dS-caculate/P1, /shared/liuhj/HP/process/dN-dS-caculate/paml-control-file-sample.ctl, /shared/liuhj/HP/process/dN-dS-caculate/P1.pal2nal.log
    output: /shared/liuhj/HP/process/dN-dS-caculate/P1.ctl.log
    jobid: 4
    wildcards: person=P1

bash /shared/liuhj/HP/scripts/HP-microevolution/scripts/dN-dS-calculate/Generate_sample_controlF.sh  /shared/liuhj/HP/process/dN-dS-caculate/P1  /shared/liuhj/HP/process/dN-dS-caculate/paml-control-file-sample.ctl  /shared/liuhj/HP/process/dN-dS-caculate/P1.ctl.log
[Fri Jun 11 19:40:35 2021]
Finished job 4.
3 of 5 steps (60%) done
Select jobs to execute...

[Fri Jun 11 19:40:35 2021]
rule codeml_run:
    input: /shared/liuhj/HP/process/dN-dS-caculate/P1.ctl.log, /shared/liuhj/HP/process/dN-dS-caculate/P1
    output: /shared/liuhj/HP/process/dN-dS-caculate/P1.codeml.log
    jobid: 5
    wildcards: person=P1

bash /shared/liuhj/HP/scripts/HP-microevolution/scripts/dN-dS-calculate/codeml-run.sh  /shared/liuhj/HP/process/dN-dS-caculate/P1 /shared/liuhj/HP/process/dN-dS-caculate/P1.codeml.log
[Fri Jun 11 19:40:36 2021]
Finished job 5.
4 of 5 steps (80%) done
Select jobs to execute...

[Fri Jun 11 19:40:36 2021]
localrule all:
    input: /shared/liuhj/HP/process/dN-dS-caculate/P1, /shared/liuhj/HP/process/dN-dS-caculate/P1.clustalW.log, /shared/liuhj/HP/process/dN-dS-caculate/P1.pal2nal.log, /shared/liuhj/HP/process/dN-dS-caculate/P1.ctl.log, /shared/liuhj/HP/process/dN-dS-caculate/P1.codeml.log
    jobid: 0

Removing temporary output file /shared/liuhj/HP/process/dN-dS-caculate/P1.clustalW.log.
[Fri Jun 11 19:40:36 2021]
Finished job 0.
5 of 5 steps (100%) done
Complete log: /shared/liuhj/HP/scripts/HP-microevolution/scripts/dN-dS-calculate/.snakemake/log/2021-06-11T194035.870816.snakemake.log
