The flag 'temp' used in rule Generate_controlF is only valid for outputs, not inputs.
The flag 'temp' used in rule codeml_run is only valid for outputs, not inputs.
Building DAG of jobs...
Using shell: /bin/bash
Provided cores: 1 (use --cores to define parallelism)
Rules claiming more threads will be scaled down.
Job counts:
	count	jobs
	2	Generate_controlF
	1	all
	2	pal2nal_codon
	5
Select jobs to execute...

[Thu Jun 17 19:01:07 2021]
rule pal2nal_codon:
    input: /shared/liuhj/HP/process/dN-dS-caculate-CoreGnm/P13
    output: /shared/liuhj/HP/process/dN-dS-caculate-CoreGnm/P13.pal2nal.log
    jobid: 1
    wildcards: person=P13

bash /shared/liuhj/HP/scripts/HP-microevolution/scripts/dN-dS-calculate/pal2nal_condon_align.sh  /shared/liuhj/HP/process/dN-dS-caculate-CoreGnm/P13  /shared/liuhj/HP/process/dN-dS-caculate-CoreGnm/P13.pal2nal.log
[Thu Jun 17 19:01:19 2021]
Finished job 1.
1 of 5 steps (20%) done
Select jobs to execute...

[Thu Jun 17 19:01:19 2021]
rule Generate_controlF:
    input: /shared/liuhj/HP/process/dN-dS-caculate-CoreGnm/P13, /shared/liuhj/HP/process/dN-dS-caculate/paml-control-file-sample.ctl, /shared/liuhj/HP/process/dN-dS-caculate-CoreGnm/P13.pal2nal.log
    output: /shared/liuhj/HP/process/dN-dS-caculate-CoreGnm/P13.ctl.log
    jobid: 3
    wildcards: person=P13

bash /shared/liuhj/HP/scripts/HP-microevolution/scripts/dN-dS-calculate/Generate_sample_controlF.sh  /shared/liuhj/HP/process/dN-dS-caculate-CoreGnm/P13  /shared/liuhj/HP/process/dN-dS-caculate/paml-control-file-sample.ctl  /shared/liuhj/HP/process/dN-dS-caculate-CoreGnm/P13.ctl.log
[Thu Jun 17 19:01:24 2021]
Finished job 3.
2 of 5 steps (40%) done
Select jobs to execute...

[Thu Jun 17 19:01:24 2021]
rule pal2nal_codon:
    input: /shared/liuhj/HP/process/dN-dS-caculate-CoreGnm/P14
    output: /shared/liuhj/HP/process/dN-dS-caculate-CoreGnm/P14.pal2nal.log
    jobid: 2
    wildcards: person=P14

bash /shared/liuhj/HP/scripts/HP-microevolution/scripts/dN-dS-calculate/pal2nal_condon_align.sh  /shared/liuhj/HP/process/dN-dS-caculate-CoreGnm/P14  /shared/liuhj/HP/process/dN-dS-caculate-CoreGnm/P14.pal2nal.log
[Thu Jun 17 19:01:36 2021]
Finished job 2.
3 of 5 steps (60%) done
Select jobs to execute...

[Thu Jun 17 19:01:36 2021]
rule Generate_controlF:
    input: /shared/liuhj/HP/process/dN-dS-caculate-CoreGnm/P14, /shared/liuhj/HP/process/dN-dS-caculate/paml-control-file-sample.ctl, /shared/liuhj/HP/process/dN-dS-caculate-CoreGnm/P14.pal2nal.log
    output: /shared/liuhj/HP/process/dN-dS-caculate-CoreGnm/P14.ctl.log
    jobid: 4
    wildcards: person=P14

bash /shared/liuhj/HP/scripts/HP-microevolution/scripts/dN-dS-calculate/Generate_sample_controlF.sh  /shared/liuhj/HP/process/dN-dS-caculate-CoreGnm/P14  /shared/liuhj/HP/process/dN-dS-caculate/paml-control-file-sample.ctl  /shared/liuhj/HP/process/dN-dS-caculate-CoreGnm/P14.ctl.log
[Thu Jun 17 19:01:41 2021]
Finished job 4.
4 of 5 steps (80%) done
Select jobs to execute...

[Thu Jun 17 19:01:42 2021]
localrule all:
    input: /shared/liuhj/HP/process/dN-dS-caculate-CoreGnm/P13, /shared/liuhj/HP/process/dN-dS-caculate-CoreGnm/P14, /shared/liuhj/HP/process/dN-dS-caculate-CoreGnm/P13.pal2nal.log, /shared/liuhj/HP/process/dN-dS-caculate-CoreGnm/P14.pal2nal.log, /shared/liuhj/HP/process/dN-dS-caculate-CoreGnm/P13.ctl.log, /shared/liuhj/HP/process/dN-dS-caculate-CoreGnm/P14.ctl.log
    jobid: 0

[Thu Jun 17 19:01:42 2021]
Finished job 0.
5 of 5 steps (100%) done
Complete log: /shared/liuhj/HP/scripts/HP-microevolution/scripts/dN-dS-calculate/.snakemake/log/2021-06-17T190107.497276.snakemake.log
