The flag 'temp' used in rule pal2nal_codon is only valid for outputs, not inputs.
The flag 'temp' used in rule Generate_controlF is only valid for outputs, not inputs.
The flag 'temp' used in rule codeml_run is only valid for outputs, not inputs.
The flag 'temp' used in rule codeml_run_null is only valid for outputs, not inputs.
Building DAG of jobs...
Using shell: /bin/bash
Provided cores: 1 (use --cores to define parallelism)
Rules claiming more threads will be scaled down.
Job counts:
	count	jobs
	1	Generate_controlF
	1	all
	1	clustalW2_align
	1	codeml_dNdS_collect
	1	codeml_run
	1	pal2nal_codon
	6
Select jobs to execute...

[Tue Jun 15 15:17:54 2021]
rule clustalW2_align:
    input: /shared/liuhj/HP/process/dN-dS-caculate/P8
    output: /shared/liuhj/HP/process/dN-dS-caculate/P8.clustalW.log
    jobid: 2
    wildcards: person=P8

bash /shared/liuhj/HP/scripts/HP-microevolution/scripts/dN-dS-calculate/clustalW2_align.sh  /shared/liuhj/HP/process/dN-dS-caculate/P8  /shared/liuhj/HP/process/dN-dS-caculate/P8.clustalW.log
Terminating processes on user request, this might take some time.
[Tue Jun 15 15:17:58 2021]
Error in rule clustalW2_align:
    jobid: 2
    output: /shared/liuhj/HP/process/dN-dS-caculate/P8.clustalW.log
    shell:
        bash /shared/liuhj/HP/scripts/HP-microevolution/scripts/dN-dS-calculate/clustalW2_align.sh  /shared/liuhj/HP/process/dN-dS-caculate/P8  /shared/liuhj/HP/process/dN-dS-caculate/P8.clustalW.log
        (one of the commands exited with non-zero exit code; note that snakemake uses bash strict mode!)

Complete log: /shared/liuhj/HP/scripts/HP-microevolution/scripts/dN-dS-calculate/.snakemake/log/2021-06-15T151754.033417.snakemake.log
