The flag 'temp' used in rule Generate_controlF is only valid for outputs, not inputs.
The flag 'temp' used in rule codeml_run is only valid for outputs, not inputs.
Building DAG of jobs...
Using shell: /bin/bash
Provided cores: 1 (use --cores to define parallelism)
Rules claiming more threads will be scaled down.
Job counts:
	count	jobs
	1	Generate_controlF
	1	all
	1	codeml_run
	1	pal2nal_codon
	4
Select jobs to execute...

[Wed Jun 16 14:02:31 2021]
rule pal2nal_codon:
    input: /shared/liuhj/HP/process/dN-dS-caculate-CoreGnm/P11
    output: /shared/liuhj/HP/process/dN-dS-caculate-CoreGnm/P11.pal2nal.log
    jobid: 1
    wildcards: person=P11

bash /shared/liuhj/HP/scripts/HP-microevolution/scripts/dN-dS-calculate/pal2nal_condon_align.sh  /shared/liuhj/HP/process/dN-dS-caculate-CoreGnm/P11  /shared/liuhj/HP/process/dN-dS-caculate-CoreGnm/P11.pal2nal.log
Terminating processes on user request, this might take some time.
[Wed Jun 16 14:02:38 2021]
Error in rule pal2nal_codon:
    jobid: 1
    output: /shared/liuhj/HP/process/dN-dS-caculate-CoreGnm/P11.pal2nal.log
    shell:
        bash /shared/liuhj/HP/scripts/HP-microevolution/scripts/dN-dS-calculate/pal2nal_condon_align.sh  /shared/liuhj/HP/process/dN-dS-caculate-CoreGnm/P11  /shared/liuhj/HP/process/dN-dS-caculate-CoreGnm/P11.pal2nal.log
        (one of the commands exited with non-zero exit code; note that snakemake uses bash strict mode!)

Complete log: /shared/liuhj/HP/scripts/HP-microevolution/scripts/dN-dS-calculate/.snakemake/log/2021-06-16T140231.205399.snakemake.log
