The flag 'temp' used in rule pal2nal_codon is only valid for outputs, not inputs.
The flag 'temp' used in rule Generate_controlF is only valid for outputs, not inputs.
The flag 'temp' used in rule codeml_run is only valid for outputs, not inputs.
The flag 'temp' used in rule codeml_run_null is only valid for outputs, not inputs.
Building DAG of jobs...
Using shell: /bin/bash
Provided cores: 1 (use --cores to define parallelism)
Rules claiming more threads will be scaled down.
Job counts:
	count	jobs
	22	Nuc_AA_FnaF_of_diverGene
	1	all
	22	clustalW2_align
	45
Select jobs to execute...

[Tue Jun 15 19:23:48 2021]
rule Nuc_AA_FnaF_of_diverGene:
    input: /shared/liuhj/HP/process/Person_core_genome/P25
    output: /shared/liuhj/HP/process/dN-dS-caculate-CoreGnm/P25
    jobid: 22
    wildcards: person=P25

python /shared/liuhj/HP/scripts/HP-microevolution/scripts/dN-dS-calculate/Core_Genome_nuc_aa-seq-from-roaryOutput.py  -i P25 -r /shared/liuhj/HP/process/Person_core_genome/P25  -p /shared/liuhj/HP/process/assembly/prokka  -o  /shared/liuhj/HP/process/dN-dS-caculate-CoreGnm/P25
[Tue Jun 15 19:23:48 2021]
Finished job 22.
1 of 45 steps (2%) done
Select jobs to execute...

[Tue Jun 15 19:23:48 2021]
rule Nuc_AA_FnaF_of_diverGene:
    input: /shared/liuhj/HP/process/Person_core_genome/P8
    output: /shared/liuhj/HP/process/dN-dS-caculate-CoreGnm/P8
    jobid: 8
    wildcards: person=P8

python /shared/liuhj/HP/scripts/HP-microevolution/scripts/dN-dS-calculate/Core_Genome_nuc_aa-seq-from-roaryOutput.py  -i P8 -r /shared/liuhj/HP/process/Person_core_genome/P8  -p /shared/liuhj/HP/process/assembly/prokka  -o  /shared/liuhj/HP/process/dN-dS-caculate-CoreGnm/P8
[Tue Jun 15 19:23:48 2021]
Finished job 8.
2 of 45 steps (4%) done
Select jobs to execute...

[Tue Jun 15 19:23:48 2021]
rule Nuc_AA_FnaF_of_diverGene:
    input: /shared/liuhj/HP/process/Person_core_genome/P18
    output: /shared/liuhj/HP/process/dN-dS-caculate-CoreGnm/P18
    jobid: 15
    wildcards: person=P18

python /shared/liuhj/HP/scripts/HP-microevolution/scripts/dN-dS-calculate/Core_Genome_nuc_aa-seq-from-roaryOutput.py  -i P18 -r /shared/liuhj/HP/process/Person_core_genome/P18  -p /shared/liuhj/HP/process/assembly/prokka  -o  /shared/liuhj/HP/process/dN-dS-caculate-CoreGnm/P18
[Tue Jun 15 19:23:49 2021]
Finished job 15.
3 of 45 steps (7%) done
Select jobs to execute...

[Tue Jun 15 19:23:49 2021]
rule Nuc_AA_FnaF_of_diverGene:
    input: /shared/liuhj/HP/process/Person_core_genome/P1
    output: /shared/liuhj/HP/process/dN-dS-caculate-CoreGnm/P1
    jobid: 1
    wildcards: person=P1

python /shared/liuhj/HP/scripts/HP-microevolution/scripts/dN-dS-calculate/Core_Genome_nuc_aa-seq-from-roaryOutput.py  -i P1 -r /shared/liuhj/HP/process/Person_core_genome/P1  -p /shared/liuhj/HP/process/assembly/prokka  -o  /shared/liuhj/HP/process/dN-dS-caculate-CoreGnm/P1
[Tue Jun 15 19:23:49 2021]
Finished job 1.
4 of 45 steps (9%) done
Select jobs to execute...

[Tue Jun 15 19:23:49 2021]
rule Nuc_AA_FnaF_of_diverGene:
    input: /shared/liuhj/HP/process/Person_core_genome/P24
    output: /shared/liuhj/HP/process/dN-dS-caculate-CoreGnm/P24
    jobid: 21
    wildcards: person=P24

python /shared/liuhj/HP/scripts/HP-microevolution/scripts/dN-dS-calculate/Core_Genome_nuc_aa-seq-from-roaryOutput.py  -i P24 -r /shared/liuhj/HP/process/Person_core_genome/P24  -p /shared/liuhj/HP/process/assembly/prokka  -o  /shared/liuhj/HP/process/dN-dS-caculate-CoreGnm/P24
[Tue Jun 15 19:23:49 2021]
Finished job 21.
5 of 45 steps (11%) done
Select jobs to execute...

[Tue Jun 15 19:23:49 2021]
rule clustalW2_align:
    input: /shared/liuhj/HP/process/dN-dS-caculate-CoreGnm/P24
    output: /shared/liuhj/HP/process/dN-dS-caculate-CoreGnm/P24.clustalW.log
    jobid: 43
    wildcards: person=P24

bash /shared/liuhj/HP/scripts/HP-microevolution/scripts/dN-dS-calculate/clustalW2_align.sh  /shared/liuhj/HP/process/dN-dS-caculate-CoreGnm/P24  /shared/liuhj/HP/process/dN-dS-caculate-CoreGnm/P24.clustalW.log
[Tue Jun 15 19:23:49 2021]
Finished job 43.
6 of 45 steps (13%) done
Select jobs to execute...

[Tue Jun 15 19:23:49 2021]
rule Nuc_AA_FnaF_of_diverGene:
    input: /shared/liuhj/HP/process/Person_core_genome/P9
    output: /shared/liuhj/HP/process/dN-dS-caculate-CoreGnm/P9
    jobid: 9
    wildcards: person=P9

python /shared/liuhj/HP/scripts/HP-microevolution/scripts/dN-dS-calculate/Core_Genome_nuc_aa-seq-from-roaryOutput.py  -i P9 -r /shared/liuhj/HP/process/Person_core_genome/P9  -p /shared/liuhj/HP/process/assembly/prokka  -o  /shared/liuhj/HP/process/dN-dS-caculate-CoreGnm/P9
[Tue Jun 15 19:23:50 2021]
Finished job 9.
7 of 45 steps (16%) done
Select jobs to execute...

[Tue Jun 15 19:23:50 2021]
rule Nuc_AA_FnaF_of_diverGene:
    input: /shared/liuhj/HP/process/Person_core_genome/P19
    output: /shared/liuhj/HP/process/dN-dS-caculate-CoreGnm/P19
    jobid: 16
    wildcards: person=P19

python /shared/liuhj/HP/scripts/HP-microevolution/scripts/dN-dS-calculate/Core_Genome_nuc_aa-seq-from-roaryOutput.py  -i P19 -r /shared/liuhj/HP/process/Person_core_genome/P19  -p /shared/liuhj/HP/process/assembly/prokka  -o  /shared/liuhj/HP/process/dN-dS-caculate-CoreGnm/P19
[Tue Jun 15 19:23:50 2021]
Finished job 16.
8 of 45 steps (18%) done
Select jobs to execute...

[Tue Jun 15 19:23:50 2021]
rule Nuc_AA_FnaF_of_diverGene:
    input: /shared/liuhj/HP/process/Person_core_genome/P2
    output: /shared/liuhj/HP/process/dN-dS-caculate-CoreGnm/P2
    jobid: 2
    wildcards: person=P2

python /shared/liuhj/HP/scripts/HP-microevolution/scripts/dN-dS-calculate/Core_Genome_nuc_aa-seq-from-roaryOutput.py  -i P2 -r /shared/liuhj/HP/process/Person_core_genome/P2  -p /shared/liuhj/HP/process/assembly/prokka  -o  /shared/liuhj/HP/process/dN-dS-caculate-CoreGnm/P2
[Tue Jun 15 19:23:50 2021]
Finished job 2.
9 of 45 steps (20%) done
Select jobs to execute...

[Tue Jun 15 19:23:50 2021]
rule clustalW2_align:
    input: /shared/liuhj/HP/process/dN-dS-caculate-CoreGnm/P25
    output: /shared/liuhj/HP/process/dN-dS-caculate-CoreGnm/P25.clustalW.log
    jobid: 44
    wildcards: person=P25

bash /shared/liuhj/HP/scripts/HP-microevolution/scripts/dN-dS-calculate/clustalW2_align.sh  /shared/liuhj/HP/process/dN-dS-caculate-CoreGnm/P25  /shared/liuhj/HP/process/dN-dS-caculate-CoreGnm/P25.clustalW.log
[Tue Jun 15 19:23:50 2021]
Finished job 44.
10 of 45 steps (22%) done
Select jobs to execute...

[Tue Jun 15 19:23:50 2021]
rule clustalW2_align:
    input: /shared/liuhj/HP/process/dN-dS-caculate-CoreGnm/P8
    output: /shared/liuhj/HP/process/dN-dS-caculate-CoreGnm/P8.clustalW.log
    jobid: 30
    wildcards: person=P8

bash /shared/liuhj/HP/scripts/HP-microevolution/scripts/dN-dS-calculate/clustalW2_align.sh  /shared/liuhj/HP/process/dN-dS-caculate-CoreGnm/P8  /shared/liuhj/HP/process/dN-dS-caculate-CoreGnm/P8.clustalW.log
[Tue Jun 15 19:23:50 2021]
Finished job 30.
11 of 45 steps (24%) done
Select jobs to execute...

[Tue Jun 15 19:23:50 2021]
rule clustalW2_align:
    input: /shared/liuhj/HP/process/dN-dS-caculate-CoreGnm/P18
    output: /shared/liuhj/HP/process/dN-dS-caculate-CoreGnm/P18.clustalW.log
    jobid: 37
    wildcards: person=P18

bash /shared/liuhj/HP/scripts/HP-microevolution/scripts/dN-dS-calculate/clustalW2_align.sh  /shared/liuhj/HP/process/dN-dS-caculate-CoreGnm/P18  /shared/liuhj/HP/process/dN-dS-caculate-CoreGnm/P18.clustalW.log
[Tue Jun 15 19:23:50 2021]
Finished job 37.
12 of 45 steps (27%) done
Select jobs to execute...

[Tue Jun 15 19:23:50 2021]
rule Nuc_AA_FnaF_of_diverGene:
    input: /shared/liuhj/HP/process/Person_core_genome/P20
    output: /shared/liuhj/HP/process/dN-dS-caculate-CoreGnm/P20
    jobid: 17
    wildcards: person=P20

python /shared/liuhj/HP/scripts/HP-microevolution/scripts/dN-dS-calculate/Core_Genome_nuc_aa-seq-from-roaryOutput.py  -i P20 -r /shared/liuhj/HP/process/Person_core_genome/P20  -p /shared/liuhj/HP/process/assembly/prokka  -o  /shared/liuhj/HP/process/dN-dS-caculate-CoreGnm/P20
[Tue Jun 15 19:23:51 2021]
Finished job 17.
13 of 45 steps (29%) done
Select jobs to execute...

[Tue Jun 15 19:23:51 2021]
rule Nuc_AA_FnaF_of_diverGene:
    input: /shared/liuhj/HP/process/Person_core_genome/P16
    output: /shared/liuhj/HP/process/dN-dS-caculate-CoreGnm/P16
    jobid: 13
    wildcards: person=P16

python /shared/liuhj/HP/scripts/HP-microevolution/scripts/dN-dS-calculate/Core_Genome_nuc_aa-seq-from-roaryOutput.py  -i P16 -r /shared/liuhj/HP/process/Person_core_genome/P16  -p /shared/liuhj/HP/process/assembly/prokka  -o  /shared/liuhj/HP/process/dN-dS-caculate-CoreGnm/P16
[Tue Jun 15 19:23:51 2021]
Finished job 13.
14 of 45 steps (31%) done
Select jobs to execute...

[Tue Jun 15 19:23:51 2021]
rule clustalW2_align:
    input: /shared/liuhj/HP/process/dN-dS-caculate-CoreGnm/P20
    output: /shared/liuhj/HP/process/dN-dS-caculate-CoreGnm/P20.clustalW.log
    jobid: 39
    wildcards: person=P20

bash /shared/liuhj/HP/scripts/HP-microevolution/scripts/dN-dS-calculate/clustalW2_align.sh  /shared/liuhj/HP/process/dN-dS-caculate-CoreGnm/P20  /shared/liuhj/HP/process/dN-dS-caculate-CoreGnm/P20.clustalW.log
[Tue Jun 15 19:23:51 2021]
Finished job 39.
15 of 45 steps (33%) done
Select jobs to execute...

[Tue Jun 15 19:23:51 2021]
rule Nuc_AA_FnaF_of_diverGene:
    input: /shared/liuhj/HP/process/Person_core_genome/P17
    output: /shared/liuhj/HP/process/dN-dS-caculate-CoreGnm/P17
    jobid: 14
    wildcards: person=P17

python /shared/liuhj/HP/scripts/HP-microevolution/scripts/dN-dS-calculate/Core_Genome_nuc_aa-seq-from-roaryOutput.py  -i P17 -r /shared/liuhj/HP/process/Person_core_genome/P17  -p /shared/liuhj/HP/process/assembly/prokka  -o  /shared/liuhj/HP/process/dN-dS-caculate-CoreGnm/P17
[Tue Jun 15 19:23:51 2021]
Finished job 14.
16 of 45 steps (36%) done
Select jobs to execute...

[Tue Jun 15 19:23:51 2021]
rule Nuc_AA_FnaF_of_diverGene:
    input: /shared/liuhj/HP/process/Person_core_genome/P4
    output: /shared/liuhj/HP/process/dN-dS-caculate-CoreGnm/P4
    jobid: 4
    wildcards: person=P4

python /shared/liuhj/HP/scripts/HP-microevolution/scripts/dN-dS-calculate/Core_Genome_nuc_aa-seq-from-roaryOutput.py  -i P4 -r /shared/liuhj/HP/process/Person_core_genome/P4  -p /shared/liuhj/HP/process/assembly/prokka  -o  /shared/liuhj/HP/process/dN-dS-caculate-CoreGnm/P4
[Tue Jun 15 19:23:51 2021]
Finished job 4.
17 of 45 steps (38%) done
Select jobs to execute...

[Tue Jun 15 19:23:51 2021]
rule clustalW2_align:
    input: /shared/liuhj/HP/process/dN-dS-caculate-CoreGnm/P4
    output: /shared/liuhj/HP/process/dN-dS-caculate-CoreGnm/P4.clustalW.log
    jobid: 26
    wildcards: person=P4

bash /shared/liuhj/HP/scripts/HP-microevolution/scripts/dN-dS-calculate/clustalW2_align.sh  /shared/liuhj/HP/process/dN-dS-caculate-CoreGnm/P4  /shared/liuhj/HP/process/dN-dS-caculate-CoreGnm/P4.clustalW.log
[Tue Jun 15 19:23:51 2021]
Finished job 26.
18 of 45 steps (40%) done
Select jobs to execute...

[Tue Jun 15 19:23:52 2021]
rule Nuc_AA_FnaF_of_diverGene:
    input: /shared/liuhj/HP/process/Person_core_genome/P21
    output: /shared/liuhj/HP/process/dN-dS-caculate-CoreGnm/P21
    jobid: 18
    wildcards: person=P21

python /shared/liuhj/HP/scripts/HP-microevolution/scripts/dN-dS-calculate/Core_Genome_nuc_aa-seq-from-roaryOutput.py  -i P21 -r /shared/liuhj/HP/process/Person_core_genome/P21  -p /shared/liuhj/HP/process/assembly/prokka  -o  /shared/liuhj/HP/process/dN-dS-caculate-CoreGnm/P21
[Tue Jun 15 19:23:52 2021]
Finished job 18.
19 of 45 steps (42%) done
Select jobs to execute...

[Tue Jun 15 19:23:52 2021]
rule clustalW2_align:
    input: /shared/liuhj/HP/process/dN-dS-caculate-CoreGnm/P21
    output: /shared/liuhj/HP/process/dN-dS-caculate-CoreGnm/P21.clustalW.log
    jobid: 40
    wildcards: person=P21

bash /shared/liuhj/HP/scripts/HP-microevolution/scripts/dN-dS-calculate/clustalW2_align.sh  /shared/liuhj/HP/process/dN-dS-caculate-CoreGnm/P21  /shared/liuhj/HP/process/dN-dS-caculate-CoreGnm/P21.clustalW.log
[Tue Jun 15 19:23:52 2021]
Finished job 40.
20 of 45 steps (44%) done
Select jobs to execute...

[Tue Jun 15 19:23:52 2021]
rule clustalW2_align:
    input: /shared/liuhj/HP/process/dN-dS-caculate-CoreGnm/P19
    output: /shared/liuhj/HP/process/dN-dS-caculate-CoreGnm/P19.clustalW.log
    jobid: 38
    wildcards: person=P19

bash /shared/liuhj/HP/scripts/HP-microevolution/scripts/dN-dS-calculate/clustalW2_align.sh  /shared/liuhj/HP/process/dN-dS-caculate-CoreGnm/P19  /shared/liuhj/HP/process/dN-dS-caculate-CoreGnm/P19.clustalW.log
[Tue Jun 15 19:23:52 2021]
Finished job 38.
21 of 45 steps (47%) done
Select jobs to execute...

[Tue Jun 15 19:23:52 2021]
rule clustalW2_align:
    input: /shared/liuhj/HP/process/dN-dS-caculate-CoreGnm/P2
    output: /shared/liuhj/HP/process/dN-dS-caculate-CoreGnm/P2.clustalW.log
    jobid: 24
    wildcards: person=P2

bash /shared/liuhj/HP/scripts/HP-microevolution/scripts/dN-dS-calculate/clustalW2_align.sh  /shared/liuhj/HP/process/dN-dS-caculate-CoreGnm/P2  /shared/liuhj/HP/process/dN-dS-caculate-CoreGnm/P2.clustalW.log
[Tue Jun 15 19:23:52 2021]
Finished job 24.
22 of 45 steps (49%) done
Select jobs to execute...

[Tue Jun 15 19:23:52 2021]
rule Nuc_AA_FnaF_of_diverGene:
    input: /shared/liuhj/HP/process/Person_core_genome/P3
    output: /shared/liuhj/HP/process/dN-dS-caculate-CoreGnm/P3
    jobid: 3
    wildcards: person=P3

python /shared/liuhj/HP/scripts/HP-microevolution/scripts/dN-dS-calculate/Core_Genome_nuc_aa-seq-from-roaryOutput.py  -i P3 -r /shared/liuhj/HP/process/Person_core_genome/P3  -p /shared/liuhj/HP/process/assembly/prokka  -o  /shared/liuhj/HP/process/dN-dS-caculate-CoreGnm/P3
[Tue Jun 15 19:23:52 2021]
Finished job 3.
23 of 45 steps (51%) done
Select jobs to execute...

[Tue Jun 15 19:23:52 2021]
rule clustalW2_align:
    input: /shared/liuhj/HP/process/dN-dS-caculate-CoreGnm/P9
    output: /shared/liuhj/HP/process/dN-dS-caculate-CoreGnm/P9.clustalW.log
    jobid: 31
    wildcards: person=P9

bash /shared/liuhj/HP/scripts/HP-microevolution/scripts/dN-dS-calculate/clustalW2_align.sh  /shared/liuhj/HP/process/dN-dS-caculate-CoreGnm/P9  /shared/liuhj/HP/process/dN-dS-caculate-CoreGnm/P9.clustalW.log
[Tue Jun 15 19:23:52 2021]
Finished job 31.
24 of 45 steps (53%) done
Select jobs to execute...

[Tue Jun 15 19:23:52 2021]
rule Nuc_AA_FnaF_of_diverGene:
    input: /shared/liuhj/HP/process/Person_core_genome/P22
    output: /shared/liuhj/HP/process/dN-dS-caculate-CoreGnm/P22
    jobid: 19
    wildcards: person=P22

python /shared/liuhj/HP/scripts/HP-microevolution/scripts/dN-dS-calculate/Core_Genome_nuc_aa-seq-from-roaryOutput.py  -i P22 -r /shared/liuhj/HP/process/Person_core_genome/P22  -p /shared/liuhj/HP/process/assembly/prokka  -o  /shared/liuhj/HP/process/dN-dS-caculate-CoreGnm/P22
[Tue Jun 15 19:23:52 2021]
Finished job 19.
25 of 45 steps (56%) done
Select jobs to execute...

[Tue Jun 15 19:23:53 2021]
rule Nuc_AA_FnaF_of_diverGene:
    input: /shared/liuhj/HP/process/Person_core_genome/P15
    output: /shared/liuhj/HP/process/dN-dS-caculate-CoreGnm/P15
    jobid: 12
    wildcards: person=P15

python /shared/liuhj/HP/scripts/HP-microevolution/scripts/dN-dS-calculate/Core_Genome_nuc_aa-seq-from-roaryOutput.py  -i P15 -r /shared/liuhj/HP/process/Person_core_genome/P15  -p /shared/liuhj/HP/process/assembly/prokka  -o  /shared/liuhj/HP/process/dN-dS-caculate-CoreGnm/P15
[Tue Jun 15 19:23:53 2021]
Finished job 12.
26 of 45 steps (58%) done
Select jobs to execute...

[Tue Jun 15 19:23:53 2021]
rule Nuc_AA_FnaF_of_diverGene:
    input: /shared/liuhj/HP/process/Person_core_genome/P10
    output: /shared/liuhj/HP/process/dN-dS-caculate-CoreGnm/P10
    jobid: 10
    wildcards: person=P10

python /shared/liuhj/HP/scripts/HP-microevolution/scripts/dN-dS-calculate/Core_Genome_nuc_aa-seq-from-roaryOutput.py  -i P10 -r /shared/liuhj/HP/process/Person_core_genome/P10  -p /shared/liuhj/HP/process/assembly/prokka  -o  /shared/liuhj/HP/process/dN-dS-caculate-CoreGnm/P10
[Tue Jun 15 19:23:53 2021]
Finished job 10.
27 of 45 steps (60%) done
Select jobs to execute...

[Tue Jun 15 19:23:53 2021]
rule clustalW2_align:
    input: /shared/liuhj/HP/process/dN-dS-caculate-CoreGnm/P1
    output: /shared/liuhj/HP/process/dN-dS-caculate-CoreGnm/P1.clustalW.log
    jobid: 23
    wildcards: person=P1

bash /shared/liuhj/HP/scripts/HP-microevolution/scripts/dN-dS-calculate/clustalW2_align.sh  /shared/liuhj/HP/process/dN-dS-caculate-CoreGnm/P1  /shared/liuhj/HP/process/dN-dS-caculate-CoreGnm/P1.clustalW.log
[Tue Jun 15 19:23:53 2021]
Finished job 23.
28 of 45 steps (62%) done
Select jobs to execute...

[Tue Jun 15 19:23:53 2021]
rule Nuc_AA_FnaF_of_diverGene:
    input: /shared/liuhj/HP/process/Person_core_genome/P5
    output: /shared/liuhj/HP/process/dN-dS-caculate-CoreGnm/P5
    jobid: 5
    wildcards: person=P5

python /shared/liuhj/HP/scripts/HP-microevolution/scripts/dN-dS-calculate/Core_Genome_nuc_aa-seq-from-roaryOutput.py  -i P5 -r /shared/liuhj/HP/process/Person_core_genome/P5  -p /shared/liuhj/HP/process/assembly/prokka  -o  /shared/liuhj/HP/process/dN-dS-caculate-CoreGnm/P5
[Tue Jun 15 19:23:53 2021]
Finished job 5.
29 of 45 steps (64%) done
Select jobs to execute...

[Tue Jun 15 19:23:53 2021]
rule clustalW2_align:
    input: /shared/liuhj/HP/process/dN-dS-caculate-CoreGnm/P16
    output: /shared/liuhj/HP/process/dN-dS-caculate-CoreGnm/P16.clustalW.log
    jobid: 35
    wildcards: person=P16

bash /shared/liuhj/HP/scripts/HP-microevolution/scripts/dN-dS-calculate/clustalW2_align.sh  /shared/liuhj/HP/process/dN-dS-caculate-CoreGnm/P16  /shared/liuhj/HP/process/dN-dS-caculate-CoreGnm/P16.clustalW.log
[Tue Jun 15 19:23:53 2021]
Finished job 35.
30 of 45 steps (67%) done
Select jobs to execute...

[Tue Jun 15 19:23:53 2021]
rule Nuc_AA_FnaF_of_diverGene:
    input: /shared/liuhj/HP/process/Person_core_genome/P7
    output: /shared/liuhj/HP/process/dN-dS-caculate-CoreGnm/P7
    jobid: 7
    wildcards: person=P7

python /shared/liuhj/HP/scripts/HP-microevolution/scripts/dN-dS-calculate/Core_Genome_nuc_aa-seq-from-roaryOutput.py  -i P7 -r /shared/liuhj/HP/process/Person_core_genome/P7  -p /shared/liuhj/HP/process/assembly/prokka  -o  /shared/liuhj/HP/process/dN-dS-caculate-CoreGnm/P7
[Tue Jun 15 19:23:54 2021]
Finished job 7.
31 of 45 steps (69%) done
Select jobs to execute...

[Tue Jun 15 19:23:54 2021]
rule Nuc_AA_FnaF_of_diverGene:
    input: /shared/liuhj/HP/process/Person_core_genome/P23
    output: /shared/liuhj/HP/process/dN-dS-caculate-CoreGnm/P23
    jobid: 20
    wildcards: person=P23

python /shared/liuhj/HP/scripts/HP-microevolution/scripts/dN-dS-calculate/Core_Genome_nuc_aa-seq-from-roaryOutput.py  -i P23 -r /shared/liuhj/HP/process/Person_core_genome/P23  -p /shared/liuhj/HP/process/assembly/prokka  -o  /shared/liuhj/HP/process/dN-dS-caculate-CoreGnm/P23
[Tue Jun 15 19:23:54 2021]
Finished job 20.
32 of 45 steps (71%) done
Select jobs to execute...

[Tue Jun 15 19:23:54 2021]
rule clustalW2_align:
    input: /shared/liuhj/HP/process/dN-dS-caculate-CoreGnm/P23
    output: /shared/liuhj/HP/process/dN-dS-caculate-CoreGnm/P23.clustalW.log
    jobid: 42
    wildcards: person=P23

bash /shared/liuhj/HP/scripts/HP-microevolution/scripts/dN-dS-calculate/clustalW2_align.sh  /shared/liuhj/HP/process/dN-dS-caculate-CoreGnm/P23  /shared/liuhj/HP/process/dN-dS-caculate-CoreGnm/P23.clustalW.log
[Tue Jun 15 19:23:54 2021]
Finished job 42.
33 of 45 steps (73%) done
Select jobs to execute...

[Tue Jun 15 19:23:54 2021]
rule clustalW2_align:
    input: /shared/liuhj/HP/process/dN-dS-caculate-CoreGnm/P7
    output: /shared/liuhj/HP/process/dN-dS-caculate-CoreGnm/P7.clustalW.log
    jobid: 29
    wildcards: person=P7

bash /shared/liuhj/HP/scripts/HP-microevolution/scripts/dN-dS-calculate/clustalW2_align.sh  /shared/liuhj/HP/process/dN-dS-caculate-CoreGnm/P7  /shared/liuhj/HP/process/dN-dS-caculate-CoreGnm/P7.clustalW.log
[Tue Jun 15 19:23:54 2021]
Finished job 29.
34 of 45 steps (76%) done
Select jobs to execute...

[Tue Jun 15 19:23:54 2021]
rule clustalW2_align:
    input: /shared/liuhj/HP/process/dN-dS-caculate-CoreGnm/P17
    output: /shared/liuhj/HP/process/dN-dS-caculate-CoreGnm/P17.clustalW.log
    jobid: 36
    wildcards: person=P17

bash /shared/liuhj/HP/scripts/HP-microevolution/scripts/dN-dS-calculate/clustalW2_align.sh  /shared/liuhj/HP/process/dN-dS-caculate-CoreGnm/P17  /shared/liuhj/HP/process/dN-dS-caculate-CoreGnm/P17.clustalW.log
[Tue Jun 15 19:23:54 2021]
Finished job 36.
35 of 45 steps (78%) done
Select jobs to execute...

[Tue Jun 15 19:23:54 2021]
rule Nuc_AA_FnaF_of_diverGene:
    input: /shared/liuhj/HP/process/Person_core_genome/P6
    output: /shared/liuhj/HP/process/dN-dS-caculate-CoreGnm/P6
    jobid: 6
    wildcards: person=P6

python /shared/liuhj/HP/scripts/HP-microevolution/scripts/dN-dS-calculate/Core_Genome_nuc_aa-seq-from-roaryOutput.py  -i P6 -r /shared/liuhj/HP/process/Person_core_genome/P6  -p /shared/liuhj/HP/process/assembly/prokka  -o  /shared/liuhj/HP/process/dN-dS-caculate-CoreGnm/P6
[Tue Jun 15 19:23:54 2021]
Finished job 6.
36 of 45 steps (80%) done
Select jobs to execute...

[Tue Jun 15 19:23:54 2021]
rule clustalW2_align:
    input: /shared/liuhj/HP/process/dN-dS-caculate-CoreGnm/P6
    output: /shared/liuhj/HP/process/dN-dS-caculate-CoreGnm/P6.clustalW.log
    jobid: 28
    wildcards: person=P6

bash /shared/liuhj/HP/scripts/HP-microevolution/scripts/dN-dS-calculate/clustalW2_align.sh  /shared/liuhj/HP/process/dN-dS-caculate-CoreGnm/P6  /shared/liuhj/HP/process/dN-dS-caculate-CoreGnm/P6.clustalW.log
[Tue Jun 15 19:23:54 2021]
Finished job 28.
37 of 45 steps (82%) done
Select jobs to execute...

[Tue Jun 15 19:23:54 2021]
rule clustalW2_align:
    input: /shared/liuhj/HP/process/dN-dS-caculate-CoreGnm/P5
    output: /shared/liuhj/HP/process/dN-dS-caculate-CoreGnm/P5.clustalW.log
    jobid: 27
    wildcards: person=P5

bash /shared/liuhj/HP/scripts/HP-microevolution/scripts/dN-dS-calculate/clustalW2_align.sh  /shared/liuhj/HP/process/dN-dS-caculate-CoreGnm/P5  /shared/liuhj/HP/process/dN-dS-caculate-CoreGnm/P5.clustalW.log
[Tue Jun 15 19:23:54 2021]
Finished job 27.
38 of 45 steps (84%) done
Select jobs to execute...

[Tue Jun 15 19:23:54 2021]
rule clustalW2_align:
    input: /shared/liuhj/HP/process/dN-dS-caculate-CoreGnm/P22
    output: /shared/liuhj/HP/process/dN-dS-caculate-CoreGnm/P22.clustalW.log
    jobid: 41
    wildcards: person=P22

bash /shared/liuhj/HP/scripts/HP-microevolution/scripts/dN-dS-calculate/clustalW2_align.sh  /shared/liuhj/HP/process/dN-dS-caculate-CoreGnm/P22  /shared/liuhj/HP/process/dN-dS-caculate-CoreGnm/P22.clustalW.log
[Tue Jun 15 19:23:54 2021]
Finished job 41.
39 of 45 steps (87%) done
Select jobs to execute...

[Tue Jun 15 19:23:54 2021]
rule clustalW2_align:
    input: /shared/liuhj/HP/process/dN-dS-caculate-CoreGnm/P10
    output: /shared/liuhj/HP/process/dN-dS-caculate-CoreGnm/P10.clustalW.log
    jobid: 32
    wildcards: person=P10

bash /shared/liuhj/HP/scripts/HP-microevolution/scripts/dN-dS-calculate/clustalW2_align.sh  /shared/liuhj/HP/process/dN-dS-caculate-CoreGnm/P10  /shared/liuhj/HP/process/dN-dS-caculate-CoreGnm/P10.clustalW.log
[Tue Jun 15 19:23:54 2021]
Finished job 32.
40 of 45 steps (89%) done
Select jobs to execute...

[Tue Jun 15 19:23:54 2021]
rule clustalW2_align:
    input: /shared/liuhj/HP/process/dN-dS-caculate-CoreGnm/P3
    output: /shared/liuhj/HP/process/dN-dS-caculate-CoreGnm/P3.clustalW.log
    jobid: 25
    wildcards: person=P3

bash /shared/liuhj/HP/scripts/HP-microevolution/scripts/dN-dS-calculate/clustalW2_align.sh  /shared/liuhj/HP/process/dN-dS-caculate-CoreGnm/P3  /shared/liuhj/HP/process/dN-dS-caculate-CoreGnm/P3.clustalW.log
[Tue Jun 15 19:23:55 2021]
Finished job 25.
41 of 45 steps (91%) done
Select jobs to execute...

[Tue Jun 15 19:23:55 2021]
rule Nuc_AA_FnaF_of_diverGene:
    input: /shared/liuhj/HP/process/Person_core_genome/P12
    output: /shared/liuhj/HP/process/dN-dS-caculate-CoreGnm/P12
    jobid: 11
    wildcards: person=P12

python /shared/liuhj/HP/scripts/HP-microevolution/scripts/dN-dS-calculate/Core_Genome_nuc_aa-seq-from-roaryOutput.py  -i P12 -r /shared/liuhj/HP/process/Person_core_genome/P12  -p /shared/liuhj/HP/process/assembly/prokka  -o  /shared/liuhj/HP/process/dN-dS-caculate-CoreGnm/P12
[Tue Jun 15 19:23:55 2021]
Finished job 11.
42 of 45 steps (93%) done
Select jobs to execute...

[Tue Jun 15 19:23:55 2021]
rule clustalW2_align:
    input: /shared/liuhj/HP/process/dN-dS-caculate-CoreGnm/P15
    output: /shared/liuhj/HP/process/dN-dS-caculate-CoreGnm/P15.clustalW.log
    jobid: 34
    wildcards: person=P15

bash /shared/liuhj/HP/scripts/HP-microevolution/scripts/dN-dS-calculate/clustalW2_align.sh  /shared/liuhj/HP/process/dN-dS-caculate-CoreGnm/P15  /shared/liuhj/HP/process/dN-dS-caculate-CoreGnm/P15.clustalW.log
[Tue Jun 15 19:23:55 2021]
Finished job 34.
43 of 45 steps (96%) done
Select jobs to execute...

[Tue Jun 15 19:23:55 2021]
rule clustalW2_align:
    input: /shared/liuhj/HP/process/dN-dS-caculate-CoreGnm/P12
    output: /shared/liuhj/HP/process/dN-dS-caculate-CoreGnm/P12.clustalW.log
    jobid: 33
    wildcards: person=P12

bash /shared/liuhj/HP/scripts/HP-microevolution/scripts/dN-dS-calculate/clustalW2_align.sh  /shared/liuhj/HP/process/dN-dS-caculate-CoreGnm/P12  /shared/liuhj/HP/process/dN-dS-caculate-CoreGnm/P12.clustalW.log
[Tue Jun 15 19:23:55 2021]
Finished job 33.
44 of 45 steps (98%) done
Select jobs to execute...

[Tue Jun 15 19:23:55 2021]
localrule all:
    input: /shared/liuhj/HP/process/dN-dS-caculate-CoreGnm/P1, /shared/liuhj/HP/process/dN-dS-caculate-CoreGnm/P2, /shared/liuhj/HP/process/dN-dS-caculate-CoreGnm/P3, /shared/liuhj/HP/process/dN-dS-caculate-CoreGnm/P4, /shared/liuhj/HP/process/dN-dS-caculate-CoreGnm/P5, /shared/liuhj/HP/process/dN-dS-caculate-CoreGnm/P6, /shared/liuhj/HP/process/dN-dS-caculate-CoreGnm/P7, /shared/liuhj/HP/process/dN-dS-caculate-CoreGnm/P8, /shared/liuhj/HP/process/dN-dS-caculate-CoreGnm/P9, /shared/liuhj/HP/process/dN-dS-caculate-CoreGnm/P10, /shared/liuhj/HP/process/dN-dS-caculate-CoreGnm/P12, /shared/liuhj/HP/process/dN-dS-caculate-CoreGnm/P15, /shared/liuhj/HP/process/dN-dS-caculate-CoreGnm/P16, /shared/liuhj/HP/process/dN-dS-caculate-CoreGnm/P17, /shared/liuhj/HP/process/dN-dS-caculate-CoreGnm/P18, /shared/liuhj/HP/process/dN-dS-caculate-CoreGnm/P19, /shared/liuhj/HP/process/dN-dS-caculate-CoreGnm/P20, /shared/liuhj/HP/process/dN-dS-caculate-CoreGnm/P21, /shared/liuhj/HP/process/dN-dS-caculate-CoreGnm/P22, /shared/liuhj/HP/process/dN-dS-caculate-CoreGnm/P23, /shared/liuhj/HP/process/dN-dS-caculate-CoreGnm/P24, /shared/liuhj/HP/process/dN-dS-caculate-CoreGnm/P25, /shared/liuhj/HP/process/dN-dS-caculate-CoreGnm/P1.clustalW.log, /shared/liuhj/HP/process/dN-dS-caculate-CoreGnm/P2.clustalW.log, /shared/liuhj/HP/process/dN-dS-caculate-CoreGnm/P3.clustalW.log, /shared/liuhj/HP/process/dN-dS-caculate-CoreGnm/P4.clustalW.log, /shared/liuhj/HP/process/dN-dS-caculate-CoreGnm/P5.clustalW.log, /shared/liuhj/HP/process/dN-dS-caculate-CoreGnm/P6.clustalW.log, /shared/liuhj/HP/process/dN-dS-caculate-CoreGnm/P7.clustalW.log, /shared/liuhj/HP/process/dN-dS-caculate-CoreGnm/P8.clustalW.log, /shared/liuhj/HP/process/dN-dS-caculate-CoreGnm/P9.clustalW.log, /shared/liuhj/HP/process/dN-dS-caculate-CoreGnm/P10.clustalW.log, /shared/liuhj/HP/process/dN-dS-caculate-CoreGnm/P12.clustalW.log, /shared/liuhj/HP/process/dN-dS-caculate-CoreGnm/P15.clustalW.log, /shared/liuhj/HP/process/dN-dS-caculate-CoreGnm/P16.clustalW.log, /shared/liuhj/HP/process/dN-dS-caculate-CoreGnm/P17.clustalW.log, /shared/liuhj/HP/process/dN-dS-caculate-CoreGnm/P18.clustalW.log, /shared/liuhj/HP/process/dN-dS-caculate-CoreGnm/P19.clustalW.log, /shared/liuhj/HP/process/dN-dS-caculate-CoreGnm/P20.clustalW.log, /shared/liuhj/HP/process/dN-dS-caculate-CoreGnm/P21.clustalW.log, /shared/liuhj/HP/process/dN-dS-caculate-CoreGnm/P22.clustalW.log, /shared/liuhj/HP/process/dN-dS-caculate-CoreGnm/P23.clustalW.log, /shared/liuhj/HP/process/dN-dS-caculate-CoreGnm/P24.clustalW.log, /shared/liuhj/HP/process/dN-dS-caculate-CoreGnm/P25.clustalW.log
    jobid: 0

Removing temporary output file /shared/liuhj/HP/process/dN-dS-caculate-CoreGnm/P1.clustalW.log.
Removing temporary output file /shared/liuhj/HP/process/dN-dS-caculate-CoreGnm/P2.clustalW.log.
Removing temporary output file /shared/liuhj/HP/process/dN-dS-caculate-CoreGnm/P3.clustalW.log.
Removing temporary output file /shared/liuhj/HP/process/dN-dS-caculate-CoreGnm/P4.clustalW.log.
Removing temporary output file /shared/liuhj/HP/process/dN-dS-caculate-CoreGnm/P5.clustalW.log.
Removing temporary output file /shared/liuhj/HP/process/dN-dS-caculate-CoreGnm/P6.clustalW.log.
Removing temporary output file /shared/liuhj/HP/process/dN-dS-caculate-CoreGnm/P7.clustalW.log.
Removing temporary output file /shared/liuhj/HP/process/dN-dS-caculate-CoreGnm/P8.clustalW.log.
Removing temporary output file /shared/liuhj/HP/process/dN-dS-caculate-CoreGnm/P9.clustalW.log.
Removing temporary output file /shared/liuhj/HP/process/dN-dS-caculate-CoreGnm/P10.clustalW.log.
Removing temporary output file /shared/liuhj/HP/process/dN-dS-caculate-CoreGnm/P12.clustalW.log.
Removing temporary output file /shared/liuhj/HP/process/dN-dS-caculate-CoreGnm/P15.clustalW.log.
Removing temporary output file /shared/liuhj/HP/process/dN-dS-caculate-CoreGnm/P16.clustalW.log.
Removing temporary output file /shared/liuhj/HP/process/dN-dS-caculate-CoreGnm/P17.clustalW.log.
Removing temporary output file /shared/liuhj/HP/process/dN-dS-caculate-CoreGnm/P18.clustalW.log.
Removing temporary output file /shared/liuhj/HP/process/dN-dS-caculate-CoreGnm/P19.clustalW.log.
Removing temporary output file /shared/liuhj/HP/process/dN-dS-caculate-CoreGnm/P20.clustalW.log.
Removing temporary output file /shared/liuhj/HP/process/dN-dS-caculate-CoreGnm/P21.clustalW.log.
Removing temporary output file /shared/liuhj/HP/process/dN-dS-caculate-CoreGnm/P22.clustalW.log.
Removing temporary output file /shared/liuhj/HP/process/dN-dS-caculate-CoreGnm/P23.clustalW.log.
Removing temporary output file /shared/liuhj/HP/process/dN-dS-caculate-CoreGnm/P24.clustalW.log.
Removing temporary output file /shared/liuhj/HP/process/dN-dS-caculate-CoreGnm/P25.clustalW.log.
[Tue Jun 15 19:23:55 2021]
Finished job 0.
45 of 45 steps (100%) done
Complete log: /shared/liuhj/HP/scripts/HP-microevolution/scripts/dN-dS-calculate/.snakemake/log/2021-06-15T192348.231640.snakemake.log
