The flag 'temp' used in rule Generate_controlF is only valid for outputs, not inputs.
The flag 'temp' used in rule codeml_run is only valid for outputs, not inputs.
Building DAG of jobs...
Using shell: /bin/bash
Provided cores: 1 (use --cores to define parallelism)
Rules claiming more threads will be scaled down.
Job counts:
	count	jobs
	1	all
	1	clustalW2_align
	2
Select jobs to execute...

[Wed Jun 16 14:00:25 2021]
rule clustalW2_align:
    input: /shared/liuhj/HP/process/dN-dS-caculate-CoreGnm/P11
    output: /shared/liuhj/HP/process/dN-dS-caculate-CoreGnm/P11.clustalW.log
    jobid: 1
    wildcards: person=P11

bash /shared/liuhj/HP/scripts/HP-microevolution/scripts/dN-dS-calculate/clustalW2_align.sh  /shared/liuhj/HP/process/dN-dS-caculate-CoreGnm/P11  /shared/liuhj/HP/process/dN-dS-caculate-CoreGnm/P11.clustalW.log
[Wed Jun 16 14:00:33 2021]
Finished job 1.
1 of 2 steps (50%) done
Select jobs to execute...

[Wed Jun 16 14:00:33 2021]
localrule all:
    input: /shared/liuhj/HP/process/dN-dS-caculate-CoreGnm/P11.clustalW.log
    jobid: 0

Removing temporary output file /shared/liuhj/HP/process/dN-dS-caculate-CoreGnm/P11.clustalW.log.
[Wed Jun 16 14:00:33 2021]
Finished job 0.
2 of 2 steps (100%) done
Complete log: /shared/liuhj/HP/scripts/HP-microevolution/scripts/dN-dS-calculate/.snakemake/log/2021-06-16T140025.949164.snakemake.log
