Building DAG of jobs...
Using shell: /bin/bash
Provided cores: 32
Rules claiming more threads will be scaled down.
Job counts:
	count	jobs
	22	Nuc_AA_FnaF_of_diverGene
	1	all
	23
Select jobs to execute...

[Tue Jun 15 18:06:41 2021]
rule Nuc_AA_FnaF_of_diverGene:
    input: /shared/liuhj/HP/process/samps_Tree-20210527
    output: /shared/liuhj/HP/process/dN-dS-caculate-CoreGnm/CoreGnm_P17
    jobid: 14
    wildcards: person=P17

python /shared/liuhj/HP/scripts/HP-microevolution/scripts/dN-dS-calculate/Core_Genome_nuc_aa-seq-from-roaryOutput.py  -i P17 -r /shared/liuhj/HP/process/samps_Tree-20210527  -p /shared/liuhj/HP/process/assembly/prokka  -o  /shared/liuhj/HP/process/dN-dS-caculate-CoreGnm/CoreGnm_P17

[Tue Jun 15 18:06:41 2021]
rule Nuc_AA_FnaF_of_diverGene:
    input: /shared/liuhj/HP/process/samps_Tree-20210527
    output: /shared/liuhj/HP/process/dN-dS-caculate-CoreGnm/CoreGnm_P25
    jobid: 22
    wildcards: person=P25

python /shared/liuhj/HP/scripts/HP-microevolution/scripts/dN-dS-calculate/Core_Genome_nuc_aa-seq-from-roaryOutput.py  -i P25 -r /shared/liuhj/HP/process/samps_Tree-20210527  -p /shared/liuhj/HP/process/assembly/prokka  -o  /shared/liuhj/HP/process/dN-dS-caculate-CoreGnm/CoreGnm_P25

[Tue Jun 15 18:06:41 2021]
rule Nuc_AA_FnaF_of_diverGene:
    input: /shared/liuhj/HP/process/samps_Tree-20210527
    output: /shared/liuhj/HP/process/dN-dS-caculate-CoreGnm/CoreGnm_P8
    jobid: 8
    wildcards: person=P8

python /shared/liuhj/HP/scripts/HP-microevolution/scripts/dN-dS-calculate/Core_Genome_nuc_aa-seq-from-roaryOutput.py  -i P8 -r /shared/liuhj/HP/process/samps_Tree-20210527  -p /shared/liuhj/HP/process/assembly/prokka  -o  /shared/liuhj/HP/process/dN-dS-caculate-CoreGnm/CoreGnm_P8

[Tue Jun 15 18:06:41 2021]
rule Nuc_AA_FnaF_of_diverGene:
    input: /shared/liuhj/HP/process/samps_Tree-20210527
    output: /shared/liuhj/HP/process/dN-dS-caculate-CoreGnm/CoreGnm_P18
    jobid: 15
    wildcards: person=P18

python /shared/liuhj/HP/scripts/HP-microevolution/scripts/dN-dS-calculate/Core_Genome_nuc_aa-seq-from-roaryOutput.py  -i P18 -r /shared/liuhj/HP/process/samps_Tree-20210527  -p /shared/liuhj/HP/process/assembly/prokka  -o  /shared/liuhj/HP/process/dN-dS-caculate-CoreGnm/CoreGnm_P18

[Tue Jun 15 18:06:41 2021]
rule Nuc_AA_FnaF_of_diverGene:
    input: /shared/liuhj/HP/process/samps_Tree-20210527
    output: /shared/liuhj/HP/process/dN-dS-caculate-CoreGnm/CoreGnm_P1
    jobid: 1
    wildcards: person=P1

python /shared/liuhj/HP/scripts/HP-microevolution/scripts/dN-dS-calculate/Core_Genome_nuc_aa-seq-from-roaryOutput.py  -i P1 -r /shared/liuhj/HP/process/samps_Tree-20210527  -p /shared/liuhj/HP/process/assembly/prokka  -o  /shared/liuhj/HP/process/dN-dS-caculate-CoreGnm/CoreGnm_P1

[Tue Jun 15 18:06:41 2021]
rule Nuc_AA_FnaF_of_diverGene:
    input: /shared/liuhj/HP/process/samps_Tree-20210527
    output: /shared/liuhj/HP/process/dN-dS-caculate-CoreGnm/CoreGnm_P9
    jobid: 9
    wildcards: person=P9

python /shared/liuhj/HP/scripts/HP-microevolution/scripts/dN-dS-calculate/Core_Genome_nuc_aa-seq-from-roaryOutput.py  -i P9 -r /shared/liuhj/HP/process/samps_Tree-20210527  -p /shared/liuhj/HP/process/assembly/prokka  -o  /shared/liuhj/HP/process/dN-dS-caculate-CoreGnm/CoreGnm_P9

[Tue Jun 15 18:06:41 2021]
rule Nuc_AA_FnaF_of_diverGene:
    input: /shared/liuhj/HP/process/samps_Tree-20210527
    output: /shared/liuhj/HP/process/dN-dS-caculate-CoreGnm/CoreGnm_P2
    jobid: 2
    wildcards: person=P2

python /shared/liuhj/HP/scripts/HP-microevolution/scripts/dN-dS-calculate/Core_Genome_nuc_aa-seq-from-roaryOutput.py  -i P2 -r /shared/liuhj/HP/process/samps_Tree-20210527  -p /shared/liuhj/HP/process/assembly/prokka  -o  /shared/liuhj/HP/process/dN-dS-caculate-CoreGnm/CoreGnm_P2

[Tue Jun 15 18:06:41 2021]
rule Nuc_AA_FnaF_of_diverGene:
    input: /shared/liuhj/HP/process/samps_Tree-20210527
    output: /shared/liuhj/HP/process/dN-dS-caculate-CoreGnm/CoreGnm_P19
    jobid: 16
    wildcards: person=P19

python /shared/liuhj/HP/scripts/HP-microevolution/scripts/dN-dS-calculate/Core_Genome_nuc_aa-seq-from-roaryOutput.py  -i P19 -r /shared/liuhj/HP/process/samps_Tree-20210527  -p /shared/liuhj/HP/process/assembly/prokka  -o  /shared/liuhj/HP/process/dN-dS-caculate-CoreGnm/CoreGnm_P19

[Tue Jun 15 18:06:41 2021]
rule Nuc_AA_FnaF_of_diverGene:
    input: /shared/liuhj/HP/process/samps_Tree-20210527
    output: /shared/liuhj/HP/process/dN-dS-caculate-CoreGnm/CoreGnm_P10
    jobid: 10
    wildcards: person=P10

python /shared/liuhj/HP/scripts/HP-microevolution/scripts/dN-dS-calculate/Core_Genome_nuc_aa-seq-from-roaryOutput.py  -i P10 -r /shared/liuhj/HP/process/samps_Tree-20210527  -p /shared/liuhj/HP/process/assembly/prokka  -o  /shared/liuhj/HP/process/dN-dS-caculate-CoreGnm/CoreGnm_P10

[Tue Jun 15 18:06:41 2021]
rule Nuc_AA_FnaF_of_diverGene:
    input: /shared/liuhj/HP/process/samps_Tree-20210527
    output: /shared/liuhj/HP/process/dN-dS-caculate-CoreGnm/CoreGnm_P3
    jobid: 3
    wildcards: person=P3

python /shared/liuhj/HP/scripts/HP-microevolution/scripts/dN-dS-calculate/Core_Genome_nuc_aa-seq-from-roaryOutput.py  -i P3 -r /shared/liuhj/HP/process/samps_Tree-20210527  -p /shared/liuhj/HP/process/assembly/prokka  -o  /shared/liuhj/HP/process/dN-dS-caculate-CoreGnm/CoreGnm_P3

[Tue Jun 15 18:06:41 2021]
rule Nuc_AA_FnaF_of_diverGene:
    input: /shared/liuhj/HP/process/samps_Tree-20210527
    output: /shared/liuhj/HP/process/dN-dS-caculate-CoreGnm/CoreGnm_P20
    jobid: 17
    wildcards: person=P20

python /shared/liuhj/HP/scripts/HP-microevolution/scripts/dN-dS-calculate/Core_Genome_nuc_aa-seq-from-roaryOutput.py  -i P20 -r /shared/liuhj/HP/process/samps_Tree-20210527  -p /shared/liuhj/HP/process/assembly/prokka  -o  /shared/liuhj/HP/process/dN-dS-caculate-CoreGnm/CoreGnm_P20

[Tue Jun 15 18:06:41 2021]
rule Nuc_AA_FnaF_of_diverGene:
    input: /shared/liuhj/HP/process/samps_Tree-20210527
    output: /shared/liuhj/HP/process/dN-dS-caculate-CoreGnm/CoreGnm_P12
    jobid: 11
    wildcards: person=P12

python /shared/liuhj/HP/scripts/HP-microevolution/scripts/dN-dS-calculate/Core_Genome_nuc_aa-seq-from-roaryOutput.py  -i P12 -r /shared/liuhj/HP/process/samps_Tree-20210527  -p /shared/liuhj/HP/process/assembly/prokka  -o  /shared/liuhj/HP/process/dN-dS-caculate-CoreGnm/CoreGnm_P12

[Tue Jun 15 18:06:41 2021]
rule Nuc_AA_FnaF_of_diverGene:
    input: /shared/liuhj/HP/process/samps_Tree-20210527
    output: /shared/liuhj/HP/process/dN-dS-caculate-CoreGnm/CoreGnm_P7
    jobid: 7
    wildcards: person=P7

python /shared/liuhj/HP/scripts/HP-microevolution/scripts/dN-dS-calculate/Core_Genome_nuc_aa-seq-from-roaryOutput.py  -i P7 -r /shared/liuhj/HP/process/samps_Tree-20210527  -p /shared/liuhj/HP/process/assembly/prokka  -o  /shared/liuhj/HP/process/dN-dS-caculate-CoreGnm/CoreGnm_P7

[Tue Jun 15 18:06:41 2021]
rule Nuc_AA_FnaF_of_diverGene:
    input: /shared/liuhj/HP/process/samps_Tree-20210527
    output: /shared/liuhj/HP/process/dN-dS-caculate-CoreGnm/CoreGnm_P4
    jobid: 4
    wildcards: person=P4

python /shared/liuhj/HP/scripts/HP-microevolution/scripts/dN-dS-calculate/Core_Genome_nuc_aa-seq-from-roaryOutput.py  -i P4 -r /shared/liuhj/HP/process/samps_Tree-20210527  -p /shared/liuhj/HP/process/assembly/prokka  -o  /shared/liuhj/HP/process/dN-dS-caculate-CoreGnm/CoreGnm_P4

[Tue Jun 15 18:06:41 2021]
rule Nuc_AA_FnaF_of_diverGene:
    input: /shared/liuhj/HP/process/samps_Tree-20210527
    output: /shared/liuhj/HP/process/dN-dS-caculate-CoreGnm/CoreGnm_P21
    jobid: 18
    wildcards: person=P21

python /shared/liuhj/HP/scripts/HP-microevolution/scripts/dN-dS-calculate/Core_Genome_nuc_aa-seq-from-roaryOutput.py  -i P21 -r /shared/liuhj/HP/process/samps_Tree-20210527  -p /shared/liuhj/HP/process/assembly/prokka  -o  /shared/liuhj/HP/process/dN-dS-caculate-CoreGnm/CoreGnm_P21

[Tue Jun 15 18:06:41 2021]
rule Nuc_AA_FnaF_of_diverGene:
    input: /shared/liuhj/HP/process/samps_Tree-20210527
    output: /shared/liuhj/HP/process/dN-dS-caculate-CoreGnm/CoreGnm_P15
    jobid: 12
    wildcards: person=P15

python /shared/liuhj/HP/scripts/HP-microevolution/scripts/dN-dS-calculate/Core_Genome_nuc_aa-seq-from-roaryOutput.py  -i P15 -r /shared/liuhj/HP/process/samps_Tree-20210527  -p /shared/liuhj/HP/process/assembly/prokka  -o  /shared/liuhj/HP/process/dN-dS-caculate-CoreGnm/CoreGnm_P15

[Tue Jun 15 18:06:41 2021]
rule Nuc_AA_FnaF_of_diverGene:
    input: /shared/liuhj/HP/process/samps_Tree-20210527
    output: /shared/liuhj/HP/process/dN-dS-caculate-CoreGnm/CoreGnm_P5
    jobid: 5
    wildcards: person=P5

python /shared/liuhj/HP/scripts/HP-microevolution/scripts/dN-dS-calculate/Core_Genome_nuc_aa-seq-from-roaryOutput.py  -i P5 -r /shared/liuhj/HP/process/samps_Tree-20210527  -p /shared/liuhj/HP/process/assembly/prokka  -o  /shared/liuhj/HP/process/dN-dS-caculate-CoreGnm/CoreGnm_P5

[Tue Jun 15 18:06:41 2021]
rule Nuc_AA_FnaF_of_diverGene:
    input: /shared/liuhj/HP/process/samps_Tree-20210527
    output: /shared/liuhj/HP/process/dN-dS-caculate-CoreGnm/CoreGnm_P22
    jobid: 19
    wildcards: person=P22

python /shared/liuhj/HP/scripts/HP-microevolution/scripts/dN-dS-calculate/Core_Genome_nuc_aa-seq-from-roaryOutput.py  -i P22 -r /shared/liuhj/HP/process/samps_Tree-20210527  -p /shared/liuhj/HP/process/assembly/prokka  -o  /shared/liuhj/HP/process/dN-dS-caculate-CoreGnm/CoreGnm_P22

[Tue Jun 15 18:06:41 2021]
rule Nuc_AA_FnaF_of_diverGene:
    input: /shared/liuhj/HP/process/samps_Tree-20210527
    output: /shared/liuhj/HP/process/dN-dS-caculate-CoreGnm/CoreGnm_P16
    jobid: 13
    wildcards: person=P16

python /shared/liuhj/HP/scripts/HP-microevolution/scripts/dN-dS-calculate/Core_Genome_nuc_aa-seq-from-roaryOutput.py  -i P16 -r /shared/liuhj/HP/process/samps_Tree-20210527  -p /shared/liuhj/HP/process/assembly/prokka  -o  /shared/liuhj/HP/process/dN-dS-caculate-CoreGnm/CoreGnm_P16

[Tue Jun 15 18:06:41 2021]
rule Nuc_AA_FnaF_of_diverGene:
    input: /shared/liuhj/HP/process/samps_Tree-20210527
    output: /shared/liuhj/HP/process/dN-dS-caculate-CoreGnm/CoreGnm_P6
    jobid: 6
    wildcards: person=P6

python /shared/liuhj/HP/scripts/HP-microevolution/scripts/dN-dS-calculate/Core_Genome_nuc_aa-seq-from-roaryOutput.py  -i P6 -r /shared/liuhj/HP/process/samps_Tree-20210527  -p /shared/liuhj/HP/process/assembly/prokka  -o  /shared/liuhj/HP/process/dN-dS-caculate-CoreGnm/CoreGnm_P6

[Tue Jun 15 18:06:41 2021]
rule Nuc_AA_FnaF_of_diverGene:
    input: /shared/liuhj/HP/process/samps_Tree-20210527
    output: /shared/liuhj/HP/process/dN-dS-caculate-CoreGnm/CoreGnm_P23
    jobid: 20
    wildcards: person=P23

python /shared/liuhj/HP/scripts/HP-microevolution/scripts/dN-dS-calculate/Core_Genome_nuc_aa-seq-from-roaryOutput.py  -i P23 -r /shared/liuhj/HP/process/samps_Tree-20210527  -p /shared/liuhj/HP/process/assembly/prokka  -o  /shared/liuhj/HP/process/dN-dS-caculate-CoreGnm/CoreGnm_P23

[Tue Jun 15 18:06:41 2021]
rule Nuc_AA_FnaF_of_diverGene:
    input: /shared/liuhj/HP/process/samps_Tree-20210527
    output: /shared/liuhj/HP/process/dN-dS-caculate-CoreGnm/CoreGnm_P24
    jobid: 21
    wildcards: person=P24

python /shared/liuhj/HP/scripts/HP-microevolution/scripts/dN-dS-calculate/Core_Genome_nuc_aa-seq-from-roaryOutput.py  -i P24 -r /shared/liuhj/HP/process/samps_Tree-20210527  -p /shared/liuhj/HP/process/assembly/prokka  -o  /shared/liuhj/HP/process/dN-dS-caculate-CoreGnm/CoreGnm_P24
[Tue Jun 15 18:06:42 2021]
[Tue Jun 15 18:06:42 2021]
Error in rule Nuc_AA_FnaF_of_diverGene:
Error in rule Nuc_AA_FnaF_of_diverGene:
    jobid: 10
    jobid: 14
    output: /shared/liuhj/HP/process/dN-dS-caculate-CoreGnm/CoreGnm_P10
    output: /shared/liuhj/HP/process/dN-dS-caculate-CoreGnm/CoreGnm_P17
    shell:
        python /shared/liuhj/HP/scripts/HP-microevolution/scripts/dN-dS-calculate/Core_Genome_nuc_aa-seq-from-roaryOutput.py  -i P10 -r /shared/liuhj/HP/process/samps_Tree-20210527  -p /shared/liuhj/HP/process/assembly/prokka  -o  /shared/liuhj/HP/process/dN-dS-caculate-CoreGnm/CoreGnm_P10
        (one of the commands exited with non-zero exit code; note that snakemake uses bash strict mode!)
    shell:
        python /shared/liuhj/HP/scripts/HP-microevolution/scripts/dN-dS-calculate/Core_Genome_nuc_aa-seq-from-roaryOutput.py  -i P17 -r /shared/liuhj/HP/process/samps_Tree-20210527  -p /shared/liuhj/HP/process/assembly/prokka  -o  /shared/liuhj/HP/process/dN-dS-caculate-CoreGnm/CoreGnm_P17
        (one of the commands exited with non-zero exit code; note that snakemake uses bash strict mode!)


Removing output files of failed job Nuc_AA_FnaF_of_diverGene since they might be corrupted:
/shared/liuhj/HP/process/dN-dS-caculate-CoreGnm/CoreGnm_P10
Removing output files of failed job Nuc_AA_FnaF_of_diverGene since they might be corrupted:
/shared/liuhj/HP/process/dN-dS-caculate-CoreGnm/CoreGnm_P17
[Tue Jun 15 18:06:42 2021]
Error in rule Nuc_AA_FnaF_of_diverGene:
    jobid: 16
    output: /shared/liuhj/HP/process/dN-dS-caculate-CoreGnm/CoreGnm_P19
    shell:
        python /shared/liuhj/HP/scripts/HP-microevolution/scripts/dN-dS-calculate/Core_Genome_nuc_aa-seq-from-roaryOutput.py  -i P19 -r /shared/liuhj/HP/process/samps_Tree-20210527  -p /shared/liuhj/HP/process/assembly/prokka  -o  /shared/liuhj/HP/process/dN-dS-caculate-CoreGnm/CoreGnm_P19
        (one of the commands exited with non-zero exit code; note that snakemake uses bash strict mode!)

Removing output files of failed job Nuc_AA_FnaF_of_diverGene since they might be corrupted:
/shared/liuhj/HP/process/dN-dS-caculate-CoreGnm/CoreGnm_P19
[Tue Jun 15 18:06:42 2021]
Error in rule Nuc_AA_FnaF_of_diverGene:
    jobid: 9
    output: /shared/liuhj/HP/process/dN-dS-caculate-CoreGnm/CoreGnm_P9
    shell:
        python /shared/liuhj/HP/scripts/HP-microevolution/scripts/dN-dS-calculate/Core_Genome_nuc_aa-seq-from-roaryOutput.py  -i P9 -r /shared/liuhj/HP/process/samps_Tree-20210527  -p /shared/liuhj/HP/process/assembly/prokka  -o  /shared/liuhj/HP/process/dN-dS-caculate-CoreGnm/CoreGnm_P9
        (one of the commands exited with non-zero exit code; note that snakemake uses bash strict mode!)

Removing output files of failed job Nuc_AA_FnaF_of_diverGene since they might be corrupted:
/shared/liuhj/HP/process/dN-dS-caculate-CoreGnm/CoreGnm_P9
[Tue Jun 15 18:06:42 2021]
Error in rule Nuc_AA_FnaF_of_diverGene:
    jobid: 1
    output: /shared/liuhj/HP/process/dN-dS-caculate-CoreGnm/CoreGnm_P1
    shell:
        python /shared/liuhj/HP/scripts/HP-microevolution/scripts/dN-dS-calculate/Core_Genome_nuc_aa-seq-from-roaryOutput.py  -i P1 -r /shared/liuhj/HP/process/samps_Tree-20210527  -p /shared/liuhj/HP/process/assembly/prokka  -o  /shared/liuhj/HP/process/dN-dS-caculate-CoreGnm/CoreGnm_P1
        (one of the commands exited with non-zero exit code; note that snakemake uses bash strict mode!)

Removing output files of failed job Nuc_AA_FnaF_of_diverGene since they might be corrupted:
/shared/liuhj/HP/process/dN-dS-caculate-CoreGnm/CoreGnm_P1
[Tue Jun 15 18:06:42 2021]
Error in rule Nuc_AA_FnaF_of_diverGene:
    jobid: 2
    output: /shared/liuhj/HP/process/dN-dS-caculate-CoreGnm/CoreGnm_P2
    shell:
        python /shared/liuhj/HP/scripts/HP-microevolution/scripts/dN-dS-calculate/Core_Genome_nuc_aa-seq-from-roaryOutput.py  -i P2 -r /shared/liuhj/HP/process/samps_Tree-20210527  -p /shared/liuhj/HP/process/assembly/prokka  -o  /shared/liuhj/HP/process/dN-dS-caculate-CoreGnm/CoreGnm_P2
        (one of the commands exited with non-zero exit code; note that snakemake uses bash strict mode!)

Removing output files of failed job Nuc_AA_FnaF_of_diverGene since they might be corrupted:
/shared/liuhj/HP/process/dN-dS-caculate-CoreGnm/CoreGnm_P2
[Tue Jun 15 18:06:42 2021]
Error in rule Nuc_AA_FnaF_of_diverGene:
    jobid: 19
    output: /shared/liuhj/HP/process/dN-dS-caculate-CoreGnm/CoreGnm_P22
    shell:
        python /shared/liuhj/HP/scripts/HP-microevolution/scripts/dN-dS-calculate/Core_Genome_nuc_aa-seq-from-roaryOutput.py  -i P22 -r /shared/liuhj/HP/process/samps_Tree-20210527  -p /shared/liuhj/HP/process/assembly/prokka  -o  /shared/liuhj/HP/process/dN-dS-caculate-CoreGnm/CoreGnm_P22
        (one of the commands exited with non-zero exit code; note that snakemake uses bash strict mode!)

Removing output files of failed job Nuc_AA_FnaF_of_diverGene since they might be corrupted:
/shared/liuhj/HP/process/dN-dS-caculate-CoreGnm/CoreGnm_P22
[Tue Jun 15 18:06:42 2021]
Error in rule Nuc_AA_FnaF_of_diverGene:
    jobid: 5
    output: /shared/liuhj/HP/process/dN-dS-caculate-CoreGnm/CoreGnm_P5
    shell:
        python /shared/liuhj/HP/scripts/HP-microevolution/scripts/dN-dS-calculate/Core_Genome_nuc_aa-seq-from-roaryOutput.py  -i P5 -r /shared/liuhj/HP/process/samps_Tree-20210527  -p /shared/liuhj/HP/process/assembly/prokka  -o  /shared/liuhj/HP/process/dN-dS-caculate-CoreGnm/CoreGnm_P5
        (one of the commands exited with non-zero exit code; note that snakemake uses bash strict mode!)

Removing output files of failed job Nuc_AA_FnaF_of_diverGene since they might be corrupted:
/shared/liuhj/HP/process/dN-dS-caculate-CoreGnm/CoreGnm_P5
[Tue Jun 15 18:06:42 2021]
Error in rule Nuc_AA_FnaF_of_diverGene:
    jobid: 21
    output: /shared/liuhj/HP/process/dN-dS-caculate-CoreGnm/CoreGnm_P24
    shell:
        python /shared/liuhj/HP/scripts/HP-microevolution/scripts/dN-dS-calculate/Core_Genome_nuc_aa-seq-from-roaryOutput.py  -i P24 -r /shared/liuhj/HP/process/samps_Tree-20210527  -p /shared/liuhj/HP/process/assembly/prokka  -o  /shared/liuhj/HP/process/dN-dS-caculate-CoreGnm/CoreGnm_P24
        (one of the commands exited with non-zero exit code; note that snakemake uses bash strict mode!)

Removing output files of failed job Nuc_AA_FnaF_of_diverGene since they might be corrupted:
/shared/liuhj/HP/process/dN-dS-caculate-CoreGnm/CoreGnm_P24
[Tue Jun 15 18:06:42 2021]
Error in rule Nuc_AA_FnaF_of_diverGene:
    jobid: 6
    output: /shared/liuhj/HP/process/dN-dS-caculate-CoreGnm/CoreGnm_P6
    shell:
        python /shared/liuhj/HP/scripts/HP-microevolution/scripts/dN-dS-calculate/Core_Genome_nuc_aa-seq-from-roaryOutput.py  -i P6 -r /shared/liuhj/HP/process/samps_Tree-20210527  -p /shared/liuhj/HP/process/assembly/prokka  -o  /shared/liuhj/HP/process/dN-dS-caculate-CoreGnm/CoreGnm_P6
        (one of the commands exited with non-zero exit code; note that snakemake uses bash strict mode!)

Removing output files of failed job Nuc_AA_FnaF_of_diverGene since they might be corrupted:
/shared/liuhj/HP/process/dN-dS-caculate-CoreGnm/CoreGnm_P6
[Tue Jun 15 18:06:42 2021]
Error in rule Nuc_AA_FnaF_of_diverGene:
    jobid: 15
    output: /shared/liuhj/HP/process/dN-dS-caculate-CoreGnm/CoreGnm_P18
    shell:
        python /shared/liuhj/HP/scripts/HP-microevolution/scripts/dN-dS-calculate/Core_Genome_nuc_aa-seq-from-roaryOutput.py  -i P18 -r /shared/liuhj/HP/process/samps_Tree-20210527  -p /shared/liuhj/HP/process/assembly/prokka  -o  /shared/liuhj/HP/process/dN-dS-caculate-CoreGnm/CoreGnm_P18
        (one of the commands exited with non-zero exit code; note that snakemake uses bash strict mode!)

Removing output files of failed job Nuc_AA_FnaF_of_diverGene since they might be corrupted:
/shared/liuhj/HP/process/dN-dS-caculate-CoreGnm/CoreGnm_P18
[Tue Jun 15 18:06:42 2021]
Error in rule Nuc_AA_FnaF_of_diverGene:
    jobid: 8
    output: /shared/liuhj/HP/process/dN-dS-caculate-CoreGnm/CoreGnm_P8
    shell:
        python /shared/liuhj/HP/scripts/HP-microevolution/scripts/dN-dS-calculate/Core_Genome_nuc_aa-seq-from-roaryOutput.py  -i P8 -r /shared/liuhj/HP/process/samps_Tree-20210527  -p /shared/liuhj/HP/process/assembly/prokka  -o  /shared/liuhj/HP/process/dN-dS-caculate-CoreGnm/CoreGnm_P8
        (one of the commands exited with non-zero exit code; note that snakemake uses bash strict mode!)

Removing output files of failed job Nuc_AA_FnaF_of_diverGene since they might be corrupted:
/shared/liuhj/HP/process/dN-dS-caculate-CoreGnm/CoreGnm_P8
[Tue Jun 15 18:06:42 2021]
Error in rule Nuc_AA_FnaF_of_diverGene:
    jobid: 22
    output: /shared/liuhj/HP/process/dN-dS-caculate-CoreGnm/CoreGnm_P25
    shell:
        python /shared/liuhj/HP/scripts/HP-microevolution/scripts/dN-dS-calculate/Core_Genome_nuc_aa-seq-from-roaryOutput.py  -i P25 -r /shared/liuhj/HP/process/samps_Tree-20210527  -p /shared/liuhj/HP/process/assembly/prokka  -o  /shared/liuhj/HP/process/dN-dS-caculate-CoreGnm/CoreGnm_P25
        (one of the commands exited with non-zero exit code; note that snakemake uses bash strict mode!)

Removing output files of failed job Nuc_AA_FnaF_of_diverGene since they might be corrupted:
/shared/liuhj/HP/process/dN-dS-caculate-CoreGnm/CoreGnm_P25
[Tue Jun 15 18:06:42 2021]
Error in rule Nuc_AA_FnaF_of_diverGene:
    jobid: 7
    output: /shared/liuhj/HP/process/dN-dS-caculate-CoreGnm/CoreGnm_P7
    shell:
        python /shared/liuhj/HP/scripts/HP-microevolution/scripts/dN-dS-calculate/Core_Genome_nuc_aa-seq-from-roaryOutput.py  -i P7 -r /shared/liuhj/HP/process/samps_Tree-20210527  -p /shared/liuhj/HP/process/assembly/prokka  -o  /shared/liuhj/HP/process/dN-dS-caculate-CoreGnm/CoreGnm_P7
        (one of the commands exited with non-zero exit code; note that snakemake uses bash strict mode!)

Removing output files of failed job Nuc_AA_FnaF_of_diverGene since they might be corrupted:
/shared/liuhj/HP/process/dN-dS-caculate-CoreGnm/CoreGnm_P7
[Tue Jun 15 18:06:42 2021]
Error in rule Nuc_AA_FnaF_of_diverGene:
    jobid: 11
    output: /shared/liuhj/HP/process/dN-dS-caculate-CoreGnm/CoreGnm_P12
    shell:
        python /shared/liuhj/HP/scripts/HP-microevolution/scripts/dN-dS-calculate/Core_Genome_nuc_aa-seq-from-roaryOutput.py  -i P12 -r /shared/liuhj/HP/process/samps_Tree-20210527  -p /shared/liuhj/HP/process/assembly/prokka  -o  /shared/liuhj/HP/process/dN-dS-caculate-CoreGnm/CoreGnm_P12
        (one of the commands exited with non-zero exit code; note that snakemake uses bash strict mode!)

Removing output files of failed job Nuc_AA_FnaF_of_diverGene since they might be corrupted:
/shared/liuhj/HP/process/dN-dS-caculate-CoreGnm/CoreGnm_P12
[Tue Jun 15 18:06:42 2021]
Error in rule Nuc_AA_FnaF_of_diverGene:
    jobid: 4
    output: /shared/liuhj/HP/process/dN-dS-caculate-CoreGnm/CoreGnm_P4
    shell:
        python /shared/liuhj/HP/scripts/HP-microevolution/scripts/dN-dS-calculate/Core_Genome_nuc_aa-seq-from-roaryOutput.py  -i P4 -r /shared/liuhj/HP/process/samps_Tree-20210527  -p /shared/liuhj/HP/process/assembly/prokka  -o  /shared/liuhj/HP/process/dN-dS-caculate-CoreGnm/CoreGnm_P4
        (one of the commands exited with non-zero exit code; note that snakemake uses bash strict mode!)

Removing output files of failed job Nuc_AA_FnaF_of_diverGene since they might be corrupted:
/shared/liuhj/HP/process/dN-dS-caculate-CoreGnm/CoreGnm_P4
[Tue Jun 15 18:06:42 2021]
Error in rule Nuc_AA_FnaF_of_diverGene:
    jobid: 18
    output: /shared/liuhj/HP/process/dN-dS-caculate-CoreGnm/CoreGnm_P21
    shell:
        python /shared/liuhj/HP/scripts/HP-microevolution/scripts/dN-dS-calculate/Core_Genome_nuc_aa-seq-from-roaryOutput.py  -i P21 -r /shared/liuhj/HP/process/samps_Tree-20210527  -p /shared/liuhj/HP/process/assembly/prokka  -o  /shared/liuhj/HP/process/dN-dS-caculate-CoreGnm/CoreGnm_P21
        (one of the commands exited with non-zero exit code; note that snakemake uses bash strict mode!)

Removing output files of failed job Nuc_AA_FnaF_of_diverGene since they might be corrupted:
/shared/liuhj/HP/process/dN-dS-caculate-CoreGnm/CoreGnm_P21
[Tue Jun 15 18:06:42 2021]
[Tue Jun 15 18:06:42 2021]
Error in rule Nuc_AA_FnaF_of_diverGene:
Error in rule Nuc_AA_FnaF_of_diverGene:
    jobid: 3
    jobid: 12
    output: /shared/liuhj/HP/process/dN-dS-caculate-CoreGnm/CoreGnm_P3
    output: /shared/liuhj/HP/process/dN-dS-caculate-CoreGnm/CoreGnm_P15
    shell:
        python /shared/liuhj/HP/scripts/HP-microevolution/scripts/dN-dS-calculate/Core_Genome_nuc_aa-seq-from-roaryOutput.py  -i P3 -r /shared/liuhj/HP/process/samps_Tree-20210527  -p /shared/liuhj/HP/process/assembly/prokka  -o  /shared/liuhj/HP/process/dN-dS-caculate-CoreGnm/CoreGnm_P3
        (one of the commands exited with non-zero exit code; note that snakemake uses bash strict mode!)
    shell:
        python /shared/liuhj/HP/scripts/HP-microevolution/scripts/dN-dS-calculate/Core_Genome_nuc_aa-seq-from-roaryOutput.py  -i P15 -r /shared/liuhj/HP/process/samps_Tree-20210527  -p /shared/liuhj/HP/process/assembly/prokka  -o  /shared/liuhj/HP/process/dN-dS-caculate-CoreGnm/CoreGnm_P15
        (one of the commands exited with non-zero exit code; note that snakemake uses bash strict mode!)


Removing output files of failed job Nuc_AA_FnaF_of_diverGene since they might be corrupted:
/shared/liuhj/HP/process/dN-dS-caculate-CoreGnm/CoreGnm_P3
Removing output files of failed job Nuc_AA_FnaF_of_diverGene since they might be corrupted:
/shared/liuhj/HP/process/dN-dS-caculate-CoreGnm/CoreGnm_P15
[Tue Jun 15 18:06:42 2021]
Error in rule Nuc_AA_FnaF_of_diverGene:
    jobid: 20
    output: /shared/liuhj/HP/process/dN-dS-caculate-CoreGnm/CoreGnm_P23
    shell:
        python /shared/liuhj/HP/scripts/HP-microevolution/scripts/dN-dS-calculate/Core_Genome_nuc_aa-seq-from-roaryOutput.py  -i P23 -r /shared/liuhj/HP/process/samps_Tree-20210527  -p /shared/liuhj/HP/process/assembly/prokka  -o  /shared/liuhj/HP/process/dN-dS-caculate-CoreGnm/CoreGnm_P23
        (one of the commands exited with non-zero exit code; note that snakemake uses bash strict mode!)

Removing output files of failed job Nuc_AA_FnaF_of_diverGene since they might be corrupted:
/shared/liuhj/HP/process/dN-dS-caculate-CoreGnm/CoreGnm_P23
[Tue Jun 15 18:06:42 2021]
Error in rule Nuc_AA_FnaF_of_diverGene:
    jobid: 17
[Tue Jun 15 18:06:42 2021]
    output: /shared/liuhj/HP/process/dN-dS-caculate-CoreGnm/CoreGnm_P20
Error in rule Nuc_AA_FnaF_of_diverGene:
    shell:
        python /shared/liuhj/HP/scripts/HP-microevolution/scripts/dN-dS-calculate/Core_Genome_nuc_aa-seq-from-roaryOutput.py  -i P20 -r /shared/liuhj/HP/process/samps_Tree-20210527  -p /shared/liuhj/HP/process/assembly/prokka  -o  /shared/liuhj/HP/process/dN-dS-caculate-CoreGnm/CoreGnm_P20
        (one of the commands exited with non-zero exit code; note that snakemake uses bash strict mode!)
    jobid: 13

    output: /shared/liuhj/HP/process/dN-dS-caculate-CoreGnm/CoreGnm_P16
Removing output files of failed job Nuc_AA_FnaF_of_diverGene since they might be corrupted:
/shared/liuhj/HP/process/dN-dS-caculate-CoreGnm/CoreGnm_P20
    shell:
        python /shared/liuhj/HP/scripts/HP-microevolution/scripts/dN-dS-calculate/Core_Genome_nuc_aa-seq-from-roaryOutput.py  -i P16 -r /shared/liuhj/HP/process/samps_Tree-20210527  -p /shared/liuhj/HP/process/assembly/prokka  -o  /shared/liuhj/HP/process/dN-dS-caculate-CoreGnm/CoreGnm_P16
        (one of the commands exited with non-zero exit code; note that snakemake uses bash strict mode!)

Removing output files of failed job Nuc_AA_FnaF_of_diverGene since they might be corrupted:
/shared/liuhj/HP/process/dN-dS-caculate-CoreGnm/CoreGnm_P16
Shutting down, this might take some time.
Exiting because a job execution failed. Look above for error message
Complete log: /shared/liuhj/HP/scripts/HP-microevolution/scripts/dN-dS-calculate/.snakemake/log/2021-06-15T180641.706492.snakemake.log
