The flag 'temp' used in rule Generate_controlF is only valid for outputs, not inputs.
The flag 'temp' used in rule codeml_run is only valid for outputs, not inputs.
Building DAG of jobs...
Using shell: /bin/bash
Provided cores: 1 (use --cores to define parallelism)
Rules claiming more threads will be scaled down.
Job counts:
	count	jobs
	2	Nuc_AA_FnaF_of_diverGene
	1	all
	3
Select jobs to execute...

[Thu Jun 17 18:56:13 2021]
rule Nuc_AA_FnaF_of_diverGene:
    input: /shared/liuhj/HP/process/samps_Tree-20210527
    output: /shared/liuhj/HP/process/dN-dS-caculate-CoreGnm/P13
    jobid: 1
    wildcards: person=P13

python /shared/liuhj/HP/scripts/HP-microevolution/scripts/dN-dS-calculate/Core_Genome_nuc_aa-seq-from-roaryOutput.py  -i P13 -r /shared/liuhj/HP/process/samps_Tree-20210527  -p /shared/liuhj/HP/process/assembly/prokka  -o  /shared/liuhj/HP/process/dN-dS-caculate-CoreGnm/P13
[Thu Jun 17 18:56:13 2021]
Finished job 1.
1 of 3 steps (33%) done
Select jobs to execute...

[Thu Jun 17 18:56:13 2021]
rule Nuc_AA_FnaF_of_diverGene:
    input: /shared/liuhj/HP/process/samps_Tree-20210527
    output: /shared/liuhj/HP/process/dN-dS-caculate-CoreGnm/P14
    jobid: 2
    wildcards: person=P14

python /shared/liuhj/HP/scripts/HP-microevolution/scripts/dN-dS-calculate/Core_Genome_nuc_aa-seq-from-roaryOutput.py  -i P14 -r /shared/liuhj/HP/process/samps_Tree-20210527  -p /shared/liuhj/HP/process/assembly/prokka  -o  /shared/liuhj/HP/process/dN-dS-caculate-CoreGnm/P14
[Thu Jun 17 18:56:14 2021]
Finished job 2.
2 of 3 steps (67%) done
Select jobs to execute...

[Thu Jun 17 18:56:14 2021]
localrule all:
    input: /shared/liuhj/HP/process/dN-dS-caculate-CoreGnm/P13, /shared/liuhj/HP/process/dN-dS-caculate-CoreGnm/P14
    jobid: 0

[Thu Jun 17 18:56:14 2021]
Finished job 0.
3 of 3 steps (100%) done
Complete log: /shared/liuhj/HP/scripts/HP-microevolution/scripts/dN-dS-calculate/.snakemake/log/2021-06-17T185613.011724.snakemake.log
