The flag 'temp' used in rule Generate_controlF is only valid for outputs, not inputs.
The flag 'temp' used in rule codeml_run is only valid for outputs, not inputs.
Building DAG of jobs...
Using shell: /bin/bash
Provided cores: 1 (use --cores to define parallelism)
Rules claiming more threads will be scaled down.
Job counts:
	count	jobs
	1	all
	2	codeml_dNdS_select
	3
Select jobs to execute...

[Thu Jun 17 19:06:59 2021]
rule codeml_dNdS_select:
    input: /shared/liuhj/HP/process/dN-dS-caculate-CoreGnm/P13
    output: /shared/liuhj/HP/process/dN-dS-caculate-CoreGnm/dNdS_select/P13.codeml.dNdS.txt
    jobid: 1
    wildcards: person=P13

python /shared/liuhj/HP/scripts/HP-microevolution/scripts/dN-dS-calculate/colect_dN_dS.py  -c /shared/liuhj/HP/process/dN-dS-caculate-CoreGnm/P13  -o  /shared/liuhj/HP/process/dN-dS-caculate-CoreGnm/dNdS_select/P13.codeml.dNdS.txt 
[Thu Jun 17 19:07:00 2021]
Finished job 1.
1 of 3 steps (33%) done
Select jobs to execute...

[Thu Jun 17 19:07:00 2021]
rule codeml_dNdS_select:
    input: /shared/liuhj/HP/process/dN-dS-caculate-CoreGnm/P14
    output: /shared/liuhj/HP/process/dN-dS-caculate-CoreGnm/dNdS_select/P14.codeml.dNdS.txt
    jobid: 2
    wildcards: person=P14

python /shared/liuhj/HP/scripts/HP-microevolution/scripts/dN-dS-calculate/colect_dN_dS.py  -c /shared/liuhj/HP/process/dN-dS-caculate-CoreGnm/P14  -o  /shared/liuhj/HP/process/dN-dS-caculate-CoreGnm/dNdS_select/P14.codeml.dNdS.txt 
[Thu Jun 17 19:07:00 2021]
Finished job 2.
2 of 3 steps (67%) done
Select jobs to execute...

[Thu Jun 17 19:07:00 2021]
localrule all:
    input: /shared/liuhj/HP/process/dN-dS-caculate-CoreGnm/P13, /shared/liuhj/HP/process/dN-dS-caculate-CoreGnm/P14, /shared/liuhj/HP/process/dN-dS-caculate-CoreGnm/dNdS_select/P13.codeml.dNdS.txt, /shared/liuhj/HP/process/dN-dS-caculate-CoreGnm/dNdS_select/P14.codeml.dNdS.txt
    jobid: 0

[Thu Jun 17 19:07:00 2021]
Finished job 0.
3 of 3 steps (100%) done
Complete log: /shared/liuhj/HP/scripts/HP-microevolution/scripts/dN-dS-calculate/.snakemake/log/2021-06-17T190659.859602.snakemake.log
