The flag 'temp' used in rule Generate_controlF is only valid for outputs, not inputs.
The flag 'temp' used in rule codeml_run is only valid for outputs, not inputs.
Building DAG of jobs...
Using shell: /bin/bash
Provided cores: 30
Rules claiming more threads will be scaled down.
Job counts:
	count	jobs
	2	Generate_controlF
	1	all
	2	clustalW2_align
	2	codeml_run
	2	pal2nal_codon
	9
Select jobs to execute...

[Thu Jun 17 18:56:40 2021]
rule pal2nal_codon:
    input: /shared/liuhj/HP/process/dN-dS-caculate-CoreGnm/P13
    output: /shared/liuhj/HP/process/dN-dS-caculate-CoreGnm/P13.pal2nal.log
    jobid: 3
    wildcards: person=P13

bash /shared/liuhj/HP/scripts/HP-microevolution/scripts/dN-dS-calculate/pal2nal_condon_align.sh  /shared/liuhj/HP/process/dN-dS-caculate-CoreGnm/P13  /shared/liuhj/HP/process/dN-dS-caculate-CoreGnm/P13.pal2nal.log

[Thu Jun 17 18:56:40 2021]
rule pal2nal_codon:
    input: /shared/liuhj/HP/process/dN-dS-caculate-CoreGnm/P14
    output: /shared/liuhj/HP/process/dN-dS-caculate-CoreGnm/P14.pal2nal.log
    jobid: 4
    wildcards: person=P14

bash /shared/liuhj/HP/scripts/HP-microevolution/scripts/dN-dS-calculate/pal2nal_condon_align.sh  /shared/liuhj/HP/process/dN-dS-caculate-CoreGnm/P14  /shared/liuhj/HP/process/dN-dS-caculate-CoreGnm/P14.pal2nal.log

[Thu Jun 17 18:56:40 2021]
rule clustalW2_align:
    input: /shared/liuhj/HP/process/dN-dS-caculate-CoreGnm/P13
    output: /shared/liuhj/HP/process/dN-dS-caculate-CoreGnm/P13.clustalW.log
    jobid: 1
    wildcards: person=P13

bash /shared/liuhj/HP/scripts/HP-microevolution/scripts/dN-dS-calculate/clustalW2_align.sh  /shared/liuhj/HP/process/dN-dS-caculate-CoreGnm/P13  /shared/liuhj/HP/process/dN-dS-caculate-CoreGnm/P13.clustalW.log

[Thu Jun 17 18:56:40 2021]
rule clustalW2_align:
    input: /shared/liuhj/HP/process/dN-dS-caculate-CoreGnm/P14
    output: /shared/liuhj/HP/process/dN-dS-caculate-CoreGnm/P14.clustalW.log
    jobid: 2
    wildcards: person=P14

bash /shared/liuhj/HP/scripts/HP-microevolution/scripts/dN-dS-calculate/clustalW2_align.sh  /shared/liuhj/HP/process/dN-dS-caculate-CoreGnm/P14  /shared/liuhj/HP/process/dN-dS-caculate-CoreGnm/P14.clustalW.log
[Thu Jun 17 18:56:46 2021]
Finished job 4.
1 of 9 steps (11%) done
Select jobs to execute...

[Thu Jun 17 18:56:46 2021]
rule Generate_controlF:
    input: /shared/liuhj/HP/process/dN-dS-caculate-CoreGnm/P14, /shared/liuhj/HP/process/dN-dS-caculate/paml-control-file-sample.ctl, /shared/liuhj/HP/process/dN-dS-caculate-CoreGnm/P14.pal2nal.log
    output: /shared/liuhj/HP/process/dN-dS-caculate-CoreGnm/P14.ctl.log
    jobid: 6
    wildcards: person=P14

bash /shared/liuhj/HP/scripts/HP-microevolution/scripts/dN-dS-calculate/Generate_sample_controlF.sh  /shared/liuhj/HP/process/dN-dS-caculate-CoreGnm/P14  /shared/liuhj/HP/process/dN-dS-caculate/paml-control-file-sample.ctl  /shared/liuhj/HP/process/dN-dS-caculate-CoreGnm/P14.ctl.log
[Thu Jun 17 18:56:46 2021]
Finished job 3.
2 of 9 steps (22%) done
Select jobs to execute...

[Thu Jun 17 18:56:46 2021]
rule Generate_controlF:
    input: /shared/liuhj/HP/process/dN-dS-caculate-CoreGnm/P13, /shared/liuhj/HP/process/dN-dS-caculate/paml-control-file-sample.ctl, /shared/liuhj/HP/process/dN-dS-caculate-CoreGnm/P13.pal2nal.log
    output: /shared/liuhj/HP/process/dN-dS-caculate-CoreGnm/P13.ctl.log
    jobid: 5
    wildcards: person=P13

bash /shared/liuhj/HP/scripts/HP-microevolution/scripts/dN-dS-calculate/Generate_sample_controlF.sh  /shared/liuhj/HP/process/dN-dS-caculate-CoreGnm/P13  /shared/liuhj/HP/process/dN-dS-caculate/paml-control-file-sample.ctl  /shared/liuhj/HP/process/dN-dS-caculate-CoreGnm/P13.ctl.log
[Thu Jun 17 18:56:51 2021]
Finished job 6.
3 of 9 steps (33%) done
Select jobs to execute...

[Thu Jun 17 18:56:51 2021]
rule codeml_run:
    input: /shared/liuhj/HP/process/dN-dS-caculate-CoreGnm/P14.ctl.log, /shared/liuhj/HP/process/dN-dS-caculate-CoreGnm/P14
    output: /shared/liuhj/HP/process/dN-dS-caculate-CoreGnm/P14.codeml.log
    jobid: 8
    wildcards: person=P14

bash /shared/liuhj/HP/scripts/HP-microevolution/scripts/dN-dS-calculate/codeml-run.sh  /shared/liuhj/HP/process/dN-dS-caculate-CoreGnm/P14 /shared/liuhj/HP/process/dN-dS-caculate-CoreGnm/P14.codeml.log
[Thu Jun 17 18:56:51 2021]
Finished job 5.
4 of 9 steps (44%) done
Select jobs to execute...

[Thu Jun 17 18:56:51 2021]
rule codeml_run:
    input: /shared/liuhj/HP/process/dN-dS-caculate-CoreGnm/P13.ctl.log, /shared/liuhj/HP/process/dN-dS-caculate-CoreGnm/P13
    output: /shared/liuhj/HP/process/dN-dS-caculate-CoreGnm/P13.codeml.log
    jobid: 7
    wildcards: person=P13

bash /shared/liuhj/HP/scripts/HP-microevolution/scripts/dN-dS-calculate/codeml-run.sh  /shared/liuhj/HP/process/dN-dS-caculate-CoreGnm/P13 /shared/liuhj/HP/process/dN-dS-caculate-CoreGnm/P13.codeml.log
[Thu Jun 17 18:56:52 2021]
Finished job 8.
5 of 9 steps (56%) done
[Thu Jun 17 18:56:52 2021]
Finished job 7.
6 of 9 steps (67%) done
[Thu Jun 17 18:56:54 2021]
Finished job 1.
7 of 9 steps (78%) done
[Thu Jun 17 18:56:54 2021]
Finished job 2.
8 of 9 steps (89%) done
Select jobs to execute...

[Thu Jun 17 18:56:54 2021]
localrule all:
    input: /shared/liuhj/HP/process/dN-dS-caculate-CoreGnm/P13, /shared/liuhj/HP/process/dN-dS-caculate-CoreGnm/P14, /shared/liuhj/HP/process/dN-dS-caculate-CoreGnm/P13.clustalW.log, /shared/liuhj/HP/process/dN-dS-caculate-CoreGnm/P14.clustalW.log, /shared/liuhj/HP/process/dN-dS-caculate-CoreGnm/P13.pal2nal.log, /shared/liuhj/HP/process/dN-dS-caculate-CoreGnm/P14.pal2nal.log, /shared/liuhj/HP/process/dN-dS-caculate-CoreGnm/P13.ctl.log, /shared/liuhj/HP/process/dN-dS-caculate-CoreGnm/P14.ctl.log, /shared/liuhj/HP/process/dN-dS-caculate-CoreGnm/P13.codeml.log, /shared/liuhj/HP/process/dN-dS-caculate-CoreGnm/P14.codeml.log
    jobid: 0

Removing temporary output file /shared/liuhj/HP/process/dN-dS-caculate-CoreGnm/P13.clustalW.log.
Removing temporary output file /shared/liuhj/HP/process/dN-dS-caculate-CoreGnm/P14.clustalW.log.
Removing temporary output file /shared/liuhj/HP/process/dN-dS-caculate-CoreGnm/P13.codeml.log.
Removing temporary output file /shared/liuhj/HP/process/dN-dS-caculate-CoreGnm/P14.codeml.log.
[Thu Jun 17 18:56:54 2021]
Finished job 0.
9 of 9 steps (100%) done
Complete log: /shared/liuhj/HP/scripts/HP-microevolution/scripts/dN-dS-calculate/.snakemake/log/2021-06-17T185640.494741.snakemake.log
