Building DAG of jobs...
Using shell: /bin/bash
Provided cores: 1 (use --cores to define parallelism)
Rules claiming more threads will be scaled down.
Job counts:
	count	jobs
	1	Generate_controlF
	1	all
	2
Select jobs to execute...

[Fri Jun 11 16:59:24 2021]
rule Generate_controlF:
    input: /shared/liuhj/HP/process/dN-dS-caculate/P1, /shared/liuhj/HP/process/dN-dS-caculate/paml-control-file-sample.ctl
    output: /shared/liuhj/HP/process/dN-dS-caculate/P1.ctl.log
    jobid: 1
    wildcards: person=P1

bash /shared/liuhj/HP/scripts/HP-microevolution/scripts/dN-dS-calculate/Generate_sample_controlF.sh  /shared/liuhj/HP/process/dN-dS-caculate/P1  /shared/liuhj/HP/process/dN-dS-caculate/paml-control-file-sample.ctl  /shared/liuhj/HP/process/dN-dS-caculate/P1.ctl.log
[Fri Jun 11 16:59:24 2021]
Finished job 1.
1 of 2 steps (50%) done
Select jobs to execute...

[Fri Jun 11 16:59:24 2021]
localrule all:
    input: /shared/liuhj/HP/process/dN-dS-caculate/P1.ctl.log
    jobid: 0

Removing temporary output file /shared/liuhj/HP/process/dN-dS-caculate/P1.ctl.log.
[Fri Jun 11 16:59:24 2021]
Finished job 0.
2 of 2 steps (100%) done
Complete log: /shared/liuhj/HP/scripts/HP-microevolution/scripts/dN-dS-calculate/.snakemake/log/2021-06-11T165924.875389.snakemake.log
