The flag 'temp' used in rule pal2nal_codon is only valid for outputs, not inputs.
The flag 'temp' used in rule Generate_controlF is only valid for outputs, not inputs.
The flag 'temp' used in rule codeml_run is only valid for outputs, not inputs.
Building DAG of jobs...
Using shell: /bin/bash
Provided cores: 1 (use --cores to define parallelism)
Rules claiming more threads will be scaled down.
Job counts:
	count	jobs
	1	Generate_controlF
	1	Nuc_AA_FnaF_of_diverGene
	1	all
	1	clustalW2_align
	1	codeml_run
	1	pal2nal_codon
	6
Select jobs to execute...

[Fri Jun 11 19:40:54 2021]
rule Nuc_AA_FnaF_of_diverGene:
    input: /shared/liuhj/HP/process/Person_core_genome/P1
    output: /shared/liuhj/HP/process/dN-dS-caculate/P1
    jobid: 1
    wildcards: person=P1

python /shared/liuhj/HP/scripts/HP-microevolution/scripts/dN-dS-calculate/nuc_aa-seq-from-roaryOutput.py  -i P1 -r /shared/liuhj/HP/process/Person_core_genome/P1  -p /shared/liuhj/HP/process/assembly/prokka  -o  /shared/liuhj/HP/process/dN-dS-caculate/P1
[Fri Jun 11 19:40:55 2021]
Finished job 1.
1 of 6 steps (17%) done
Select jobs to execute...

[Fri Jun 11 19:40:55 2021]
rule clustalW2_align:
    input: /shared/liuhj/HP/process/dN-dS-caculate/P1
    output: /shared/liuhj/HP/process/dN-dS-caculate/P1.clustalW.log
    jobid: 2
    wildcards: person=P1

bash /shared/liuhj/HP/scripts/HP-microevolution/scripts/dN-dS-calculate/clustalW2_align.sh  /shared/liuhj/HP/process/dN-dS-caculate/P1  /shared/liuhj/HP/process/dN-dS-caculate/P1.clustalW.log
[Fri Jun 11 19:40:57 2021]
Finished job 2.
2 of 6 steps (33%) done
Select jobs to execute...

[Fri Jun 11 19:40:57 2021]
rule pal2nal_codon:
    input: /shared/liuhj/HP/process/dN-dS-caculate/P1, /shared/liuhj/HP/process/dN-dS-caculate/P1.clustalW.log
    output: /shared/liuhj/HP/process/dN-dS-caculate/P1.pal2nal.log
    jobid: 3
    wildcards: person=P1

bash /shared/liuhj/HP/scripts/HP-microevolution/scripts/dN-dS-calculate/pal2nal_condon_align.sh  /shared/liuhj/HP/process/dN-dS-caculate/P1  /shared/liuhj/HP/process/dN-dS-caculate/P1.pal2nal.log
[Fri Jun 11 19:40:59 2021]
Finished job 3.
3 of 6 steps (50%) done
Select jobs to execute...

[Fri Jun 11 19:40:59 2021]
rule Generate_controlF:
    input: /shared/liuhj/HP/process/dN-dS-caculate/P1, /shared/liuhj/HP/process/dN-dS-caculate/paml-control-file-sample.ctl, /shared/liuhj/HP/process/dN-dS-caculate/P1.pal2nal.log
    output: /shared/liuhj/HP/process/dN-dS-caculate/P1.ctl.log
    jobid: 4
    wildcards: person=P1

bash /shared/liuhj/HP/scripts/HP-microevolution/scripts/dN-dS-calculate/Generate_sample_controlF.sh  /shared/liuhj/HP/process/dN-dS-caculate/P1  /shared/liuhj/HP/process/dN-dS-caculate/paml-control-file-sample.ctl  /shared/liuhj/HP/process/dN-dS-caculate/P1.ctl.log
[Fri Jun 11 19:40:59 2021]
Finished job 4.
4 of 6 steps (67%) done
Select jobs to execute...

[Fri Jun 11 19:40:59 2021]
rule codeml_run:
    input: /shared/liuhj/HP/process/dN-dS-caculate/P1.ctl.log, /shared/liuhj/HP/process/dN-dS-caculate/P1
    output: /shared/liuhj/HP/process/dN-dS-caculate/P1.codeml.log
    jobid: 5
    wildcards: person=P1

bash /shared/liuhj/HP/scripts/HP-microevolution/scripts/dN-dS-calculate/codeml-run.sh  /shared/liuhj/HP/process/dN-dS-caculate/P1 /shared/liuhj/HP/process/dN-dS-caculate/P1.codeml.log
[Fri Jun 11 19:41:13 2021]
Finished job 5.
5 of 6 steps (83%) done
Select jobs to execute...

[Fri Jun 11 19:41:13 2021]
localrule all:
    input: /shared/liuhj/HP/process/dN-dS-caculate/P1, /shared/liuhj/HP/process/dN-dS-caculate/P1.clustalW.log, /shared/liuhj/HP/process/dN-dS-caculate/P1.pal2nal.log, /shared/liuhj/HP/process/dN-dS-caculate/P1.ctl.log, /shared/liuhj/HP/process/dN-dS-caculate/P1.codeml.log
    jobid: 0

Removing temporary output file /shared/liuhj/HP/process/dN-dS-caculate/P1.clustalW.log.
[Fri Jun 11 19:41:13 2021]
Finished job 0.
6 of 6 steps (100%) done
Complete log: /shared/liuhj/HP/scripts/HP-microevolution/scripts/dN-dS-calculate/.snakemake/log/2021-06-11T194054.819848.snakemake.log
