Building DAG of jobs...
Using shell: /bin/bash
Provided cores: 1 (use --cores to define parallelism)
Rules claiming more threads will be scaled down.
Job counts:
	count	jobs
	1	Nuc_AA_FnaF_of_diverGene
	1	all
	2
Select jobs to execute...

[Fri Jun 11 14:17:57 2021]
rule Nuc_AA_FnaF_of_diverGene:
    input: /shared/liuhj/HP/process/Person_core_genome/P1
    output: /shared/liuhj/HP/process/dN-dS-caculate/P1
    jobid: 1
    wildcards: person=P1

python /shared/liuhj/HP/scripts/HP-microevolution/scripts/dN-dS-calculate/nuc_aa-seq-from-roaryOutput.py  -i P1 -r /shared/liuhj/HP/process/Person_core_genome/P1  -p /shared/liuhj/HP/process/assembly/prokka  -o  /shared/liuhj/HP/process/dN-dS-caculate/P1
[Fri Jun 11 14:17:57 2021]
Error in rule Nuc_AA_FnaF_of_diverGene:
    jobid: 1
    output: /shared/liuhj/HP/process/dN-dS-caculate/P1
    shell:
        python /shared/liuhj/HP/scripts/HP-microevolution/scripts/dN-dS-calculate/nuc_aa-seq-from-roaryOutput.py  -i P1 -r /shared/liuhj/HP/process/Person_core_genome/P1  -p /shared/liuhj/HP/process/assembly/prokka  -o  /shared/liuhj/HP/process/dN-dS-caculate/P1
        (one of the commands exited with non-zero exit code; note that snakemake uses bash strict mode!)

Removing output files of failed job Nuc_AA_FnaF_of_diverGene since they might be corrupted:
/shared/liuhj/HP/process/dN-dS-caculate/P1
Shutting down, this might take some time.
Exiting because a job execution failed. Look above for error message
Complete log: /shared/liuhj/HP/scripts/HP-microevolution/scripts/dN-dS-calculate/.snakemake/log/2021-06-11T141757.532370.snakemake.log
