Building DAG of jobs...
Using shell: /bin/bash
Provided cores: 1 (use --cores to define parallelism)
Rules claiming more threads will be scaled down.
Job counts:
	count	jobs
	1	Generate_controlF
	1	all
	1	codeml_run
	3
Select jobs to execute...

[Fri Jun 11 17:49:35 2021]
rule codeml_run:
    input: /shared/liuhj/HP/process/dN-dS-caculate/P1
    output: /shared/liuhj/HP/process/dN-dS-caculate/P1.codeml.log
    jobid: 3
    wildcards: person=P1

python /shared/liuhj/HP/scripts/HP-microevolution/scripts/dN-dS-calculate/codeml-run.sh  /shared/liuhj/HP/process/dN-dS-caculate/P1 /shared/liuhj/HP/process/dN-dS-caculate/P1.codeml.log
[Fri Jun 11 17:49:35 2021]
Error in rule codeml_run:
    jobid: 3
    output: /shared/liuhj/HP/process/dN-dS-caculate/P1.codeml.log
    shell:
        python /shared/liuhj/HP/scripts/HP-microevolution/scripts/dN-dS-calculate/codeml-run.sh  /shared/liuhj/HP/process/dN-dS-caculate/P1 /shared/liuhj/HP/process/dN-dS-caculate/P1.codeml.log
        (one of the commands exited with non-zero exit code; note that snakemake uses bash strict mode!)

Shutting down, this might take some time.
Exiting because a job execution failed. Look above for error message
Complete log: /shared/liuhj/HP/scripts/HP-microevolution/scripts/dN-dS-calculate/.snakemake/log/2021-06-11T174935.526756.snakemake.log
