The flag 'temp' used in rule pal2nal_codon is only valid for outputs, not inputs.
The flag 'temp' used in rule Generate_controlF is only valid for outputs, not inputs.
The flag 'temp' used in rule codeml_run is only valid for outputs, not inputs.
Building DAG of jobs...
Using shell: /bin/bash
Provided cores: 1 (use --cores to define parallelism)
Rules claiming more threads will be scaled down.
Job counts:
	count	jobs
	17	Generate_controlF
	12	Nuc_AA_FnaF_of_diverGene
	1	all
	16	clustalW2_align
	21	codeml_run
	16	pal2nal_codon
	83
Select jobs to execute...

[Fri Jun 11 19:55:42 2021]
rule clustalW2_align:
    input: /shared/liuhj/HP/process/dN-dS-caculate/P24
    output: /shared/liuhj/HP/process/dN-dS-caculate/P24.clustalW.log
    jobid: 43
    wildcards: person=P24

bash /shared/liuhj/HP/scripts/HP-microevolution/scripts/dN-dS-calculate/clustalW2_align.sh  /shared/liuhj/HP/process/dN-dS-caculate/P24  /shared/liuhj/HP/process/dN-dS-caculate/P24.clustalW.log
[Fri Jun 11 19:55:46 2021]
Finished job 43.
1 of 83 steps (1%) done
Select jobs to execute...

[Fri Jun 11 19:55:46 2021]
rule pal2nal_codon:
    input: /shared/liuhj/HP/process/dN-dS-caculate/P24, /shared/liuhj/HP/process/dN-dS-caculate/P24.clustalW.log
    output: /shared/liuhj/HP/process/dN-dS-caculate/P24.pal2nal.log
    jobid: 65
    wildcards: person=P24

bash /shared/liuhj/HP/scripts/HP-microevolution/scripts/dN-dS-calculate/pal2nal_condon_align.sh  /shared/liuhj/HP/process/dN-dS-caculate/P24  /shared/liuhj/HP/process/dN-dS-caculate/P24.pal2nal.log
[Fri Jun 11 19:55:51 2021]
Finished job 65.
2 of 83 steps (2%) done
Select jobs to execute...

[Fri Jun 11 19:55:51 2021]
rule clustalW2_align:
    input: /shared/liuhj/HP/process/dN-dS-caculate/P17
    output: /shared/liuhj/HP/process/dN-dS-caculate/P17.clustalW.log
    jobid: 36
    wildcards: person=P17

bash /shared/liuhj/HP/scripts/HP-microevolution/scripts/dN-dS-calculate/clustalW2_align.sh  /shared/liuhj/HP/process/dN-dS-caculate/P17  /shared/liuhj/HP/process/dN-dS-caculate/P17.clustalW.log
[Fri Jun 11 19:55:53 2021]
Finished job 36.
3 of 83 steps (4%) done
Select jobs to execute...

[Fri Jun 11 19:55:53 2021]
rule pal2nal_codon:
    input: /shared/liuhj/HP/process/dN-dS-caculate/P17, /shared/liuhj/HP/process/dN-dS-caculate/P17.clustalW.log
    output: /shared/liuhj/HP/process/dN-dS-caculate/P17.pal2nal.log
    jobid: 58
    wildcards: person=P17

bash /shared/liuhj/HP/scripts/HP-microevolution/scripts/dN-dS-calculate/pal2nal_condon_align.sh  /shared/liuhj/HP/process/dN-dS-caculate/P17  /shared/liuhj/HP/process/dN-dS-caculate/P17.pal2nal.log
[Fri Jun 11 19:55:54 2021]
Finished job 58.
4 of 83 steps (5%) done
Select jobs to execute...

[Fri Jun 11 19:55:54 2021]
rule Nuc_AA_FnaF_of_diverGene:
    input: /shared/liuhj/HP/process/Person_core_genome/P8
    output: /shared/liuhj/HP/process/dN-dS-caculate/P8
    jobid: 8
    wildcards: person=P8

python /shared/liuhj/HP/scripts/HP-microevolution/scripts/dN-dS-calculate/nuc_aa-seq-from-roaryOutput.py  -i P8 -r /shared/liuhj/HP/process/Person_core_genome/P8  -p /shared/liuhj/HP/process/assembly/prokka  -o  /shared/liuhj/HP/process/dN-dS-caculate/P8
[Fri Jun 11 19:55:55 2021]
Finished job 8.
5 of 83 steps (6%) done
Select jobs to execute...

[Fri Jun 11 19:55:55 2021]
rule codeml_run:
    input: /shared/liuhj/HP/process/dN-dS-caculate/P18.ctl.log, /shared/liuhj/HP/process/dN-dS-caculate/P18
    output: /shared/liuhj/HP/process/dN-dS-caculate/P18.codeml.log
    jobid: 103
    wildcards: person=P18

bash /shared/liuhj/HP/scripts/HP-microevolution/scripts/dN-dS-calculate/codeml-run.sh  /shared/liuhj/HP/process/dN-dS-caculate/P18 /shared/liuhj/HP/process/dN-dS-caculate/P18.codeml.log
[Fri Jun 11 19:55:59 2021]
Finished job 103.
6 of 83 steps (7%) done
Select jobs to execute...

[Fri Jun 11 19:55:59 2021]
rule clustalW2_align:
    input: /shared/liuhj/HP/process/dN-dS-caculate/P8
    output: /shared/liuhj/HP/process/dN-dS-caculate/P8.clustalW.log
    jobid: 30
    wildcards: person=P8

bash /shared/liuhj/HP/scripts/HP-microevolution/scripts/dN-dS-calculate/clustalW2_align.sh  /shared/liuhj/HP/process/dN-dS-caculate/P8  /shared/liuhj/HP/process/dN-dS-caculate/P8.clustalW.log
[Fri Jun 11 19:56:09 2021]
Finished job 30.
7 of 83 steps (8%) done
Select jobs to execute...

[Fri Jun 11 19:56:09 2021]
rule pal2nal_codon:
    input: /shared/liuhj/HP/process/dN-dS-caculate/P8, /shared/liuhj/HP/process/dN-dS-caculate/P8.clustalW.log
    output: /shared/liuhj/HP/process/dN-dS-caculate/P8.pal2nal.log
    jobid: 52
    wildcards: person=P8

bash /shared/liuhj/HP/scripts/HP-microevolution/scripts/dN-dS-calculate/pal2nal_condon_align.sh  /shared/liuhj/HP/process/dN-dS-caculate/P8  /shared/liuhj/HP/process/dN-dS-caculate/P8.pal2nal.log
[Fri Jun 11 19:56:26 2021]
Finished job 52.
8 of 83 steps (10%) done
Select jobs to execute...

[Fri Jun 11 19:56:26 2021]
rule Generate_controlF:
    input: /shared/liuhj/HP/process/dN-dS-caculate/P8, /shared/liuhj/HP/process/dN-dS-caculate/paml-control-file-sample.ctl, /shared/liuhj/HP/process/dN-dS-caculate/P8.pal2nal.log
    output: /shared/liuhj/HP/process/dN-dS-caculate/P8.ctl.log
    jobid: 74
    wildcards: person=P8

bash /shared/liuhj/HP/scripts/HP-microevolution/scripts/dN-dS-calculate/Generate_sample_controlF.sh  /shared/liuhj/HP/process/dN-dS-caculate/P8  /shared/liuhj/HP/process/dN-dS-caculate/paml-control-file-sample.ctl  /shared/liuhj/HP/process/dN-dS-caculate/P8.ctl.log
[Fri Jun 11 19:56:33 2021]
Finished job 74.
9 of 83 steps (11%) done
Select jobs to execute...

[Fri Jun 11 19:56:33 2021]
rule codeml_run:
    input: /shared/liuhj/HP/process/dN-dS-caculate/P8.ctl.log, /shared/liuhj/HP/process/dN-dS-caculate/P8
    output: /shared/liuhj/HP/process/dN-dS-caculate/P8.codeml.log
    jobid: 96
    wildcards: person=P8

bash /shared/liuhj/HP/scripts/HP-microevolution/scripts/dN-dS-calculate/codeml-run.sh  /shared/liuhj/HP/process/dN-dS-caculate/P8 /shared/liuhj/HP/process/dN-dS-caculate/P8.codeml.log
Terminating processes on user request, this might take some time.
[Fri Jun 11 19:57:19 2021]
Error in rule codeml_run:
    jobid: 96
    output: /shared/liuhj/HP/process/dN-dS-caculate/P8.codeml.log
    shell:
        bash /shared/liuhj/HP/scripts/HP-microevolution/scripts/dN-dS-calculate/codeml-run.sh  /shared/liuhj/HP/process/dN-dS-caculate/P8 /shared/liuhj/HP/process/dN-dS-caculate/P8.codeml.log
        (one of the commands exited with non-zero exit code; note that snakemake uses bash strict mode!)

Complete log: /shared/liuhj/HP/scripts/HP-microevolution/scripts/dN-dS-calculate/.snakemake/log/2021-06-11T195542.650688.snakemake.log
