The flag 'temp' used in rule pal2nal_codon is only valid for outputs, not inputs.
The flag 'temp' used in rule Generate_controlF is only valid for outputs, not inputs.
The flag 'temp' used in rule codeml_run is only valid for outputs, not inputs.
The flag 'temp' used in rule codeml_run_null is only valid for outputs, not inputs.
Building DAG of jobs...
Using shell: /bin/bash
Provided cores: 1 (use --cores to define parallelism)
Rules claiming more threads will be scaled down.
Job counts:
	count	jobs
	1	all
	1	codeml_dNdS_collect
	2
Select jobs to execute...

[Sun Jun 13 18:02:09 2021]
rule codeml_dNdS_collect:
    input: /shared/liuhj/HP/process/dN-dS-caculate/P4
    output: /shared/liuhj/HP/process/dN-dS-caculate/dNdS_select/P4.codeml.dNdS.txt
    jobid: 2
    wildcards: person=P4

python /shared/liuhj/HP/scripts/HP-microevolution/scripts/dN-dS-calculate/colect_dN_dS.py  -c /shared/liuhj/HP/process/dN-dS-caculate/P4  -o  /shared/liuhj/HP/process/dN-dS-caculate/dNdS_select/P4.codeml.dNdS.txt 
[Sun Jun 13 18:02:09 2021]
Finished job 2.
1 of 2 steps (50%) done
Select jobs to execute...

[Sun Jun 13 18:02:09 2021]
localrule all:
    input: /shared/liuhj/HP/process/dN-dS-caculate/P4, /shared/liuhj/HP/process/dN-dS-caculate/dNdS_select/P4.codeml.dNdS.txt
    jobid: 0

[Sun Jun 13 18:02:09 2021]
Finished job 0.
2 of 2 steps (100%) done
Complete log: /shared/liuhj/HP/scripts/HP-microevolution/scripts/dN-dS-calculate/.snakemake/log/2021-06-13T180209.195827.snakemake.log
