The flag 'temp' used in rule pal2nal_codon is only valid for outputs, not inputs.
The flag 'temp' used in rule Generate_controlF is only valid for outputs, not inputs.
The flag 'temp' used in rule codeml_run is only valid for outputs, not inputs.
The flag 'temp' used in rule codeml_run_null is only valid for outputs, not inputs.
Building DAG of jobs...
Using shell: /bin/bash
Provided cores: 1 (use --cores to define parallelism)
Rules claiming more threads will be scaled down.
Job counts:
	count	jobs
	21	Generate_controlF_null
	1	all
	21	codeml_run_null
	43
Select jobs to execute...

[Sun Jun 13 14:02:17 2021]
rule Generate_controlF_null:
    input: /shared/liuhj/HP/process/dN-dS-caculate/P15, /shared/liuhj/HP/process/dN-dS-caculate/paml-control-file-example-null.ctl
    output: /shared/liuhj/HP/process/dN-dS-caculate/P15.ctl.null.log
    jobid: 32
    wildcards: person=P15

bash /shared/liuhj/HP/scripts/HP-microevolution/scripts/dN-dS-calculate/Generate_sample_controlF.sh  /shared/liuhj/HP/process/dN-dS-caculate/P15  /shared/liuhj/HP/process/dN-dS-caculate/paml-control-file-example-null.ctl  /shared/liuhj/HP/process/dN-dS-caculate/P15.ctl.null.log
[Sun Jun 13 14:02:17 2021]
Finished job 32.
1 of 43 steps (2%) done
Select jobs to execute...

[Sun Jun 13 14:02:17 2021]
rule Generate_controlF_null:
    input: /shared/liuhj/HP/process/dN-dS-caculate/P22, /shared/liuhj/HP/process/dN-dS-caculate/paml-control-file-example-null.ctl
    output: /shared/liuhj/HP/process/dN-dS-caculate/P22.ctl.null.log
    jobid: 39
    wildcards: person=P22

bash /shared/liuhj/HP/scripts/HP-microevolution/scripts/dN-dS-calculate/Generate_sample_controlF.sh  /shared/liuhj/HP/process/dN-dS-caculate/P22  /shared/liuhj/HP/process/dN-dS-caculate/paml-control-file-example-null.ctl  /shared/liuhj/HP/process/dN-dS-caculate/P22.ctl.null.log
[Sun Jun 13 14:02:17 2021]
Finished job 39.
2 of 43 steps (5%) done
Select jobs to execute...

[Sun Jun 13 14:02:17 2021]
rule Generate_controlF_null:
    input: /shared/liuhj/HP/process/dN-dS-caculate/P4, /shared/liuhj/HP/process/dN-dS-caculate/paml-control-file-example-null.ctl
    output: /shared/liuhj/HP/process/dN-dS-caculate/P4.ctl.null.log
    jobid: 25
    wildcards: person=P4

bash /shared/liuhj/HP/scripts/HP-microevolution/scripts/dN-dS-calculate/Generate_sample_controlF.sh  /shared/liuhj/HP/process/dN-dS-caculate/P4  /shared/liuhj/HP/process/dN-dS-caculate/paml-control-file-example-null.ctl  /shared/liuhj/HP/process/dN-dS-caculate/P4.ctl.null.log
[Sun Jun 13 14:02:19 2021]
Finished job 25.
3 of 43 steps (7%) done
Select jobs to execute...

[Sun Jun 13 14:02:19 2021]
rule Generate_controlF_null:
    input: /shared/liuhj/HP/process/dN-dS-caculate/P9, /shared/liuhj/HP/process/dN-dS-caculate/paml-control-file-example-null.ctl
    output: /shared/liuhj/HP/process/dN-dS-caculate/P9.ctl.null.log
    jobid: 29
    wildcards: person=P9

bash /shared/liuhj/HP/scripts/HP-microevolution/scripts/dN-dS-calculate/Generate_sample_controlF.sh  /shared/liuhj/HP/process/dN-dS-caculate/P9  /shared/liuhj/HP/process/dN-dS-caculate/paml-control-file-example-null.ctl  /shared/liuhj/HP/process/dN-dS-caculate/P9.ctl.null.log
[Sun Jun 13 14:02:22 2021]
Finished job 29.
4 of 43 steps (9%) done
Select jobs to execute...

[Sun Jun 13 14:02:22 2021]
rule Generate_controlF_null:
    input: /shared/liuhj/HP/process/dN-dS-caculate/P19, /shared/liuhj/HP/process/dN-dS-caculate/paml-control-file-example-null.ctl
    output: /shared/liuhj/HP/process/dN-dS-caculate/P19.ctl.null.log
    jobid: 36
    wildcards: person=P19

bash /shared/liuhj/HP/scripts/HP-microevolution/scripts/dN-dS-calculate/Generate_sample_controlF.sh  /shared/liuhj/HP/process/dN-dS-caculate/P19  /shared/liuhj/HP/process/dN-dS-caculate/paml-control-file-example-null.ctl  /shared/liuhj/HP/process/dN-dS-caculate/P19.ctl.null.log
[Sun Jun 13 14:02:23 2021]
Finished job 36.
5 of 43 steps (12%) done
Select jobs to execute...

[Sun Jun 13 14:02:23 2021]
rule codeml_run_null:
    input: /shared/liuhj/HP/process/dN-dS-caculate/P22.ctl.null.log, /shared/liuhj/HP/process/dN-dS-caculate/P22
    output: /shared/liuhj/HP/process/dN-dS-caculate/P22.codeml.null.log
    jobid: 60
    wildcards: person=P22

bash /shared/liuhj/HP/scripts/HP-microevolution/scripts/dN-dS-calculate/codeml-run-null.sh  /shared/liuhj/HP/process/dN-dS-caculate/P22 /shared/liuhj/HP/process/dN-dS-caculate/P22.codeml.null.log
Terminating processes on user request, this might take some time.
[Sun Jun 13 14:03:12 2021]
Error in rule codeml_run_null:
    jobid: 60
    output: /shared/liuhj/HP/process/dN-dS-caculate/P22.codeml.null.log
    shell:
        bash /shared/liuhj/HP/scripts/HP-microevolution/scripts/dN-dS-calculate/codeml-run-null.sh  /shared/liuhj/HP/process/dN-dS-caculate/P22 /shared/liuhj/HP/process/dN-dS-caculate/P22.codeml.null.log
        (one of the commands exited with non-zero exit code; note that snakemake uses bash strict mode!)

Complete log: /shared/liuhj/HP/scripts/HP-microevolution/scripts/dN-dS-calculate/.snakemake/log/2021-06-13T140217.268170.snakemake.log
