The flag 'temp' used in rule pal2nal_codon is only valid for outputs, not inputs.
The flag 'temp' used in rule Generate_controlF is only valid for outputs, not inputs.
The flag 'temp' used in rule codeml_run is only valid for outputs, not inputs.
Building DAG of jobs...
Using shell: /bin/bash
Provided cores: 1 (use --cores to define parallelism)
Rules claiming more threads will be scaled down.
Job counts:
	count	jobs
	1	all
	1	pal2nal_codon
	2
Select jobs to execute...

[Fri Jun 11 18:06:54 2021]
rule pal2nal_codon:
    input: /shared/liuhj/HP/process/dN-dS-caculate/P1, /shared/liuhj/HP/process/dN-dS-caculate/P1.clustalW.log
    output: /shared/liuhj/HP/process/dN-dS-caculate/P1.pal2nal.log
    jobid: 3
    wildcards: person=P1

bash /shared/liuhj/HP/scripts/HP-microevolution/scripts/dN-dS-calculate/pal2nal_condon_align.sh  /shared/liuhj/HP/process/dN-dS-caculate/P1  /shared/liuhj/HP/process/dN-dS-caculate/P1.pal2nal.log
[Fri Jun 11 18:06:54 2021]
Finished job 3.
1 of 2 steps (50%) done
Select jobs to execute...

[Fri Jun 11 18:06:54 2021]
localrule all:
    input: /shared/liuhj/HP/process/dN-dS-caculate/P1, /shared/liuhj/HP/process/dN-dS-caculate/P1.clustalW.log, /shared/liuhj/HP/process/dN-dS-caculate/P1.pal2nal.log
    jobid: 0

Removing temporary output file /shared/liuhj/HP/process/dN-dS-caculate/P1.clustalW.log.
Removing temporary output file /shared/liuhj/HP/process/dN-dS-caculate/P1.pal2nal.log.
[Fri Jun 11 18:06:54 2021]
Finished job 0.
2 of 2 steps (100%) done
Complete log: /shared/liuhj/HP/scripts/HP-microevolution/scripts/dN-dS-calculate/.snakemake/log/2021-06-11T180654.305770.snakemake.log
