The flag 'temp' used in rule pal2nal_codon is only valid for outputs, not inputs.
The flag 'temp' used in rule Generate_controlF is only valid for outputs, not inputs.
The flag 'temp' used in rule codeml_run is only valid for outputs, not inputs.
The flag 'temp' used in rule codeml_run_null is only valid for outputs, not inputs.
Building DAG of jobs...
Using shell: /bin/bash
Provided cores: 1 (use --cores to define parallelism)
Rules claiming more threads will be scaled down.
Job counts:
	count	jobs
	22	Nuc_AA_FnaF_of_diverGene
	1	all
	23
Select jobs to execute...

[Tue Jun 15 19:25:17 2021]
rule Nuc_AA_FnaF_of_diverGene:
    input: /shared/liuhj/HP/process/Person_core_genome
    output: /shared/liuhj/HP/process/dN-dS-caculate-CoreGnm/P8
    jobid: 8
    wildcards: person=P8

python /shared/liuhj/HP/scripts/HP-microevolution/scripts/dN-dS-calculate/Core_Genome_nuc_aa-seq-from-roaryOutput.py  -i P8 -r /shared/liuhj/HP/process/Person_core_genome  -p /shared/liuhj/HP/process/assembly/prokka  -o  /shared/liuhj/HP/process/dN-dS-caculate-CoreGnm/P8
[Tue Jun 15 19:25:17 2021]
Error in rule Nuc_AA_FnaF_of_diverGene:
    jobid: 8
    output: /shared/liuhj/HP/process/dN-dS-caculate-CoreGnm/P8
    shell:
        python /shared/liuhj/HP/scripts/HP-microevolution/scripts/dN-dS-calculate/Core_Genome_nuc_aa-seq-from-roaryOutput.py  -i P8 -r /shared/liuhj/HP/process/Person_core_genome  -p /shared/liuhj/HP/process/assembly/prokka  -o  /shared/liuhj/HP/process/dN-dS-caculate-CoreGnm/P8
        (one of the commands exited with non-zero exit code; note that snakemake uses bash strict mode!)

Removing output files of failed job Nuc_AA_FnaF_of_diverGene since they might be corrupted:
/shared/liuhj/HP/process/dN-dS-caculate-CoreGnm/P8
Shutting down, this might take some time.
Exiting because a job execution failed. Look above for error message
Complete log: /shared/liuhj/HP/scripts/HP-microevolution/scripts/dN-dS-calculate/.snakemake/log/2021-06-15T192517.469667.snakemake.log
