The flag 'temp' used in rule Generate_controlF is only valid for outputs, not inputs.
The flag 'temp' used in rule codeml_run is only valid for outputs, not inputs.
Building DAG of jobs...
Using shell: /bin/bash
Provided cores: 1 (use --cores to define parallelism)
Rules claiming more threads will be scaled down.
Job counts:
	count	jobs
	1	Nuc_AA_FnaF_of_diverGene
	1	all
	2
Select jobs to execute...

[Wed Jun 16 13:59:43 2021]
rule Nuc_AA_FnaF_of_diverGene:
    input: /shared/liuhj/HP/process/samps_Tree-20210527
    output: /shared/liuhj/HP/process/dN-dS-caculate-CoreGnm/P11
    jobid: 1
    wildcards: person=P11

python /shared/liuhj/HP/scripts/HP-microevolution/scripts/dN-dS-calculate/Core_Genome_nuc_aa-seq-from-roaryOutput.py  -i P11 -r /shared/liuhj/HP/process/samps_Tree-20210527  -p /shared/liuhj/HP/process/assembly/prokka  -o  /shared/liuhj/HP/process/dN-dS-caculate-CoreGnm/P11
[Wed Jun 16 13:59:44 2021]
Finished job 1.
1 of 2 steps (50%) done
Select jobs to execute...

[Wed Jun 16 13:59:44 2021]
localrule all:
    input: /shared/liuhj/HP/process/dN-dS-caculate-CoreGnm/P11
    jobid: 0

[Wed Jun 16 13:59:44 2021]
Finished job 0.
2 of 2 steps (100%) done
Complete log: /shared/liuhj/HP/scripts/HP-microevolution/scripts/dN-dS-calculate/.snakemake/log/2021-06-16T135943.670932.snakemake.log
