Building DAG of jobs...
Using shell: /bin/bash
Provided cores: 1 (use --cores to define parallelism)
Rules claiming more threads will be scaled down.
Job counts:
	count	jobs
	1	Nuc_AA_FnaF_of_diverGene
	1	all
	2
Select jobs to execute...

[Fri Jun 11 13:20:13 2021]
rule Nuc_AA_FnaF_of_diverGene:
    input: /shared/liuhj/HP/process/Person_core_genome/P25
    output: /shared/liuhj/HP/process/dN-dS-caculate/P25
    jobid: 1
    wildcards: person=P25

RuleException in line 20 of /shared/liuhj/HP/scripts/HP-microevolution/scripts/dN-dS-calculate/dN-dS-calculate-pipeline.py:
NameError: The name 'person' is unknown in this context. Did you mean 'wildcards.person'?
  File "/home/amax/anaconda3/envs/biotools_lhj/lib/python3.7/site-packages/snakemake/executors/__init__.py", line 140, in run_jobs
  File "/home/amax/anaconda3/envs/biotools_lhj/lib/python3.7/site-packages/snakemake/executors/__init__.py", line 441, in run
  File "/home/amax/anaconda3/envs/biotools_lhj/lib/python3.7/site-packages/snakemake/executors/__init__.py", line 230, in _run
  File "/home/amax/anaconda3/envs/biotools_lhj/lib/python3.7/site-packages/snakemake/executors/__init__.py", line 156, in _run
  File "/home/amax/anaconda3/envs/biotools_lhj/lib/python3.7/site-packages/snakemake/executors/__init__.py", line 162, in printjob
