The flag 'temp' used in rule Generate_controlF is only valid for outputs, not inputs.
The flag 'temp' used in rule codeml_run is only valid for outputs, not inputs.
Building DAG of jobs...
Using shell: /bin/bash
Provided cores: 30
Rules claiming more threads will be scaled down.
Job counts:
	count	jobs
	1	all
	1	codeml_run
	2
Select jobs to execute...

[Wed Jun 16 14:03:16 2021]
rule codeml_run:
    input: /shared/liuhj/HP/process/dN-dS-caculate-CoreGnm/P11.ctl.log, /shared/liuhj/HP/process/dN-dS-caculate-CoreGnm/P11
    output: /shared/liuhj/HP/process/dN-dS-caculate-CoreGnm/P11.codeml.log
    jobid: 3
    wildcards: person=P11

bash /shared/liuhj/HP/scripts/HP-microevolution/scripts/dN-dS-calculate/codeml-run.sh  /shared/liuhj/HP/process/dN-dS-caculate-CoreGnm/P11 /shared/liuhj/HP/process/dN-dS-caculate-CoreGnm/P11.codeml.log
[Wed Jun 16 14:04:10 2021]
Finished job 3.
1 of 2 steps (50%) done
Select jobs to execute...

[Wed Jun 16 14:04:10 2021]
localrule all:
    input: /shared/liuhj/HP/process/dN-dS-caculate-CoreGnm/P11.pal2nal.log, /shared/liuhj/HP/process/dN-dS-caculate-CoreGnm/P11.ctl.log, /shared/liuhj/HP/process/dN-dS-caculate-CoreGnm/P11.codeml.log
    jobid: 0

Removing temporary output file /shared/liuhj/HP/process/dN-dS-caculate-CoreGnm/P11.codeml.log.
[Wed Jun 16 14:04:10 2021]
Finished job 0.
2 of 2 steps (100%) done
Complete log: /shared/liuhj/HP/scripts/HP-microevolution/scripts/dN-dS-calculate/.snakemake/log/2021-06-16T140316.145735.snakemake.log
