The flag 'temp' used in rule Generate_controlF is only valid for outputs, not inputs.
The flag 'temp' used in rule codeml_run is only valid for outputs, not inputs.
Building DAG of jobs...
Using shell: /bin/bash
Provided cores: 10
Rules claiming more threads will be scaled down.
Job counts:
	count	jobs
	1	Generate_controlF
	1	all
	1	codeml_run
	1	pal2nal_codon
	4
Select jobs to execute...

[Wed Jun 16 14:02:46 2021]
rule pal2nal_codon:
    input: /shared/liuhj/HP/process/dN-dS-caculate-CoreGnm/P11
    output: /shared/liuhj/HP/process/dN-dS-caculate-CoreGnm/P11.pal2nal.log
    jobid: 1
    wildcards: person=P11

bash /shared/liuhj/HP/scripts/HP-microevolution/scripts/dN-dS-calculate/pal2nal_condon_align.sh  /shared/liuhj/HP/process/dN-dS-caculate-CoreGnm/P11  /shared/liuhj/HP/process/dN-dS-caculate-CoreGnm/P11.pal2nal.log
[Wed Jun 16 14:02:57 2021]
Finished job 1.
1 of 4 steps (25%) done
Select jobs to execute...

[Wed Jun 16 14:02:57 2021]
rule Generate_controlF:
    input: /shared/liuhj/HP/process/dN-dS-caculate-CoreGnm/P11, /shared/liuhj/HP/process/dN-dS-caculate/paml-control-file-sample.ctl, /shared/liuhj/HP/process/dN-dS-caculate-CoreGnm/P11.pal2nal.log
    output: /shared/liuhj/HP/process/dN-dS-caculate-CoreGnm/P11.ctl.log
    jobid: 2
    wildcards: person=P11

bash /shared/liuhj/HP/scripts/HP-microevolution/scripts/dN-dS-calculate/Generate_sample_controlF.sh  /shared/liuhj/HP/process/dN-dS-caculate-CoreGnm/P11  /shared/liuhj/HP/process/dN-dS-caculate/paml-control-file-sample.ctl  /shared/liuhj/HP/process/dN-dS-caculate-CoreGnm/P11.ctl.log
[Wed Jun 16 14:03:02 2021]
Finished job 2.
2 of 4 steps (50%) done
Select jobs to execute...

[Wed Jun 16 14:03:02 2021]
rule codeml_run:
    input: /shared/liuhj/HP/process/dN-dS-caculate-CoreGnm/P11.ctl.log, /shared/liuhj/HP/process/dN-dS-caculate-CoreGnm/P11
    output: /shared/liuhj/HP/process/dN-dS-caculate-CoreGnm/P11.codeml.log
    jobid: 3
    wildcards: person=P11

bash /shared/liuhj/HP/scripts/HP-microevolution/scripts/dN-dS-calculate/codeml-run.sh  /shared/liuhj/HP/process/dN-dS-caculate-CoreGnm/P11 /shared/liuhj/HP/process/dN-dS-caculate-CoreGnm/P11.codeml.log
Terminating processes on user request, this might take some time.
[Wed Jun 16 14:03:12 2021]
Error in rule codeml_run:
    jobid: 3
    output: /shared/liuhj/HP/process/dN-dS-caculate-CoreGnm/P11.codeml.log
    shell:
        bash /shared/liuhj/HP/scripts/HP-microevolution/scripts/dN-dS-calculate/codeml-run.sh  /shared/liuhj/HP/process/dN-dS-caculate-CoreGnm/P11 /shared/liuhj/HP/process/dN-dS-caculate-CoreGnm/P11.codeml.log
        (one of the commands exited with non-zero exit code; note that snakemake uses bash strict mode!)

Complete log: /shared/liuhj/HP/scripts/HP-microevolution/scripts/dN-dS-calculate/.snakemake/log/2021-06-16T140246.298091.snakemake.log
