The flag 'temp' used in rule pal2nal_codon is only valid for outputs, not inputs.
The flag 'temp' used in rule Generate_controlF is only valid for outputs, not inputs.
The flag 'temp' used in rule codeml_run is only valid for outputs, not inputs.
The flag 'temp' used in rule codeml_run_null is only valid for outputs, not inputs.
Building DAG of jobs...
Using shell: /bin/bash
Provided cores: 1 (use --cores to define parallelism)
Rules claiming more threads will be scaled down.
Job counts:
	count	jobs
	1	Nuc_AA_FnaF_of_diverGene
	1	all
	2
Select jobs to execute...

[Tue Jun 15 16:39:35 2021]
rule Nuc_AA_FnaF_of_diverGene:
    input: /shared/liuhj/HP/process/samps_Tree-20210527
    output: /shared/liuhj/HP/process/dN-dS-caculate-CoreGnm/CoreGnm_P1
    jobid: 1
    wildcards: person=P1

python /shared/liuhj/HP/scripts/HP-microevolution/scripts/dN-dS-calculate/Core_Genome_nuc_aa-seq-from-roaryOutput.py  -i P1 -r /shared/liuhj/HP/process/samps_Tree-20210527  -p /shared/liuhj/HP/process/assembly/prokka  -o  /shared/liuhj/HP/process/dN-dS-caculate-CoreGnm/CoreGnm_P1
Terminating processes on user request, this might take some time.
[Tue Jun 15 16:39:40 2021]
Error in rule Nuc_AA_FnaF_of_diverGene:
    jobid: 1
    output: /shared/liuhj/HP/process/dN-dS-caculate-CoreGnm/CoreGnm_P1
    shell:
        python /shared/liuhj/HP/scripts/HP-microevolution/scripts/dN-dS-calculate/Core_Genome_nuc_aa-seq-from-roaryOutput.py  -i P1 -r /shared/liuhj/HP/process/samps_Tree-20210527  -p /shared/liuhj/HP/process/assembly/prokka  -o  /shared/liuhj/HP/process/dN-dS-caculate-CoreGnm/CoreGnm_P1
        (one of the commands exited with non-zero exit code; note that snakemake uses bash strict mode!)

Removing output files of failed job Nuc_AA_FnaF_of_diverGene since they might be corrupted:
/shared/liuhj/HP/process/dN-dS-caculate-CoreGnm/CoreGnm_P1
Complete log: /shared/liuhj/HP/scripts/HP-microevolution/scripts/dN-dS-calculate/.snakemake/log/2021-06-15T163935.209537.snakemake.log
