Building DAG of jobs...
Using shell: /bin/bash
Provided cores: 4
Rules claiming more threads will be scaled down.
Job counts:
	count	jobs
	1	all
	3	mpileup
	4
Select jobs to execute...

[Sat Jun 12 18:41:29 2021]
rule mpileup:
    input: /shared/liuhj/HP/process/assembly/all_genomes/P4-E-j.fasta, /shared/liuhj/HP/process/CCS_map2PersonRespectSamp/ngmlr/P4-E-d/P4-E-d_2_P4-E-j.sort.bam, /shared/liuhj/HP/process/assembly/all_genomes/P4-E-j.fasta.fai, /shared/liuhj/HP/process/CCS_map2PersonRespectSamp/ngmlr/P4-E-d/P4-E-d_2_P4-E-j.sort.bam.bai
    output: /shared/liuhj/HP/process/CCS_map2PersonRespectSamp/mpileup/P4-E-d_2_P4-E-j.sort.mpileup
    log: /shared/liuhj/HP/process/CCS_map2PersonRespectSamp/mpileup/P4-E-d_2_P4-E-j.sort.mpileup.log
    jobid: 3
    wildcards: sample=P4-E-d, bwa_ref_samp=P4-E-j

samtools mpileup -q 20  --reference  /shared/liuhj/HP/process/assembly/all_genomes/P4-E-j.fasta  /shared/liuhj/HP/process/CCS_map2PersonRespectSamp/ngmlr/P4-E-d/P4-E-d_2_P4-E-j.sort.bam  1>/shared/liuhj/HP/process/CCS_map2PersonRespectSamp/mpileup/P4-E-d_2_P4-E-j.sort.mpileup 2>/shared/liuhj/HP/process/CCS_map2PersonRespectSamp/mpileup/P4-E-d_2_P4-E-j.sort.mpileup.log

[Sat Jun 12 18:41:29 2021]
rule mpileup:
    input: /shared/liuhj/HP/process/assembly/all_genomes/P4-E-j.fasta, /shared/liuhj/HP/process/CCS_map2PersonRespectSamp/ngmlr/P4-E-j/P4-E-j_2_P4-E-j.sort.bam, /shared/liuhj/HP/process/assembly/all_genomes/P4-E-j.fasta.fai, /shared/liuhj/HP/process/CCS_map2PersonRespectSamp/ngmlr/P4-E-j/P4-E-j_2_P4-E-j.sort.bam.bai
    output: /shared/liuhj/HP/process/CCS_map2PersonRespectSamp/mpileup/P4-E-j_2_P4-E-j.sort.mpileup
    log: /shared/liuhj/HP/process/CCS_map2PersonRespectSamp/mpileup/P4-E-j_2_P4-E-j.sort.mpileup.log
    jobid: 4
    wildcards: sample=P4-E-j, bwa_ref_samp=P4-E-j

samtools mpileup -q 20  --reference  /shared/liuhj/HP/process/assembly/all_genomes/P4-E-j.fasta  /shared/liuhj/HP/process/CCS_map2PersonRespectSamp/ngmlr/P4-E-j/P4-E-j_2_P4-E-j.sort.bam  1>/shared/liuhj/HP/process/CCS_map2PersonRespectSamp/mpileup/P4-E-j_2_P4-E-j.sort.mpileup 2>/shared/liuhj/HP/process/CCS_map2PersonRespectSamp/mpileup/P4-E-j_2_P4-E-j.sort.mpileup.log

[Sat Jun 12 18:41:29 2021]
rule mpileup:
    input: /shared/liuhj/HP/process/assembly/all_genomes/P4-E-j.fasta, /shared/liuhj/HP/process/CCS_map2PersonRespectSamp/ngmlr/P4-E-x/P4-E-x_2_P4-E-j.sort.bam, /shared/liuhj/HP/process/assembly/all_genomes/P4-E-j.fasta.fai, /shared/liuhj/HP/process/CCS_map2PersonRespectSamp/ngmlr/P4-E-x/P4-E-x_2_P4-E-j.sort.bam.bai
    output: /shared/liuhj/HP/process/CCS_map2PersonRespectSamp/mpileup/P4-E-x_2_P4-E-j.sort.mpileup
    log: /shared/liuhj/HP/process/CCS_map2PersonRespectSamp/mpileup/P4-E-x_2_P4-E-j.sort.mpileup.log
    jobid: 1
    wildcards: sample=P4-E-x, bwa_ref_samp=P4-E-j

samtools mpileup -q 20  --reference  /shared/liuhj/HP/process/assembly/all_genomes/P4-E-j.fasta  /shared/liuhj/HP/process/CCS_map2PersonRespectSamp/ngmlr/P4-E-x/P4-E-x_2_P4-E-j.sort.bam  1>/shared/liuhj/HP/process/CCS_map2PersonRespectSamp/mpileup/P4-E-x_2_P4-E-j.sort.mpileup 2>/shared/liuhj/HP/process/CCS_map2PersonRespectSamp/mpileup/P4-E-x_2_P4-E-j.sort.mpileup.log
Terminating processes on user request, this might take some time.
[Sat Jun 12 18:41:30 2021]
Error in rule mpileup:
[Sat Jun 12 18:41:30 2021]
    jobid: 3
Error in rule mpileup:
    output: /shared/liuhj/HP/process/CCS_map2PersonRespectSamp/mpileup/P4-E-d_2_P4-E-j.sort.mpileup
    jobid: 4
    log: /shared/liuhj/HP/process/CCS_map2PersonRespectSamp/mpileup/P4-E-d_2_P4-E-j.sort.mpileup.log (check log file(s) for error message)
    output: /shared/liuhj/HP/process/CCS_map2PersonRespectSamp/mpileup/P4-E-j_2_P4-E-j.sort.mpileup
    shell:
        samtools mpileup -q 20  --reference  /shared/liuhj/HP/process/assembly/all_genomes/P4-E-j.fasta  /shared/liuhj/HP/process/CCS_map2PersonRespectSamp/ngmlr/P4-E-d/P4-E-d_2_P4-E-j.sort.bam  1>/shared/liuhj/HP/process/CCS_map2PersonRespectSamp/mpileup/P4-E-d_2_P4-E-j.sort.mpileup 2>/shared/liuhj/HP/process/CCS_map2PersonRespectSamp/mpileup/P4-E-d_2_P4-E-j.sort.mpileup.log
        (one of the commands exited with non-zero exit code; note that snakemake uses bash strict mode!)
    log: /shared/liuhj/HP/process/CCS_map2PersonRespectSamp/mpileup/P4-E-j_2_P4-E-j.sort.mpileup.log (check log file(s) for error message)

[Sat Jun 12 18:41:30 2021]
    shell:
        samtools mpileup -q 20  --reference  /shared/liuhj/HP/process/assembly/all_genomes/P4-E-j.fasta  /shared/liuhj/HP/process/CCS_map2PersonRespectSamp/ngmlr/P4-E-j/P4-E-j_2_P4-E-j.sort.bam  1>/shared/liuhj/HP/process/CCS_map2PersonRespectSamp/mpileup/P4-E-j_2_P4-E-j.sort.mpileup 2>/shared/liuhj/HP/process/CCS_map2PersonRespectSamp/mpileup/P4-E-j_2_P4-E-j.sort.mpileup.log
        (one of the commands exited with non-zero exit code; note that snakemake uses bash strict mode!)
Removing output files of failed job mpileup since they might be corrupted:
/shared/liuhj/HP/process/CCS_map2PersonRespectSamp/mpileup/P4-E-d_2_P4-E-j.sort.mpileup
Error in rule mpileup:

    jobid: 1
    output: /shared/liuhj/HP/process/CCS_map2PersonRespectSamp/mpileup/P4-E-x_2_P4-E-j.sort.mpileup
Removing output files of failed job mpileup since they might be corrupted:
/shared/liuhj/HP/process/CCS_map2PersonRespectSamp/mpileup/P4-E-j_2_P4-E-j.sort.mpileup
    log: /shared/liuhj/HP/process/CCS_map2PersonRespectSamp/mpileup/P4-E-x_2_P4-E-j.sort.mpileup.log (check log file(s) for error message)
    shell:
        samtools mpileup -q 20  --reference  /shared/liuhj/HP/process/assembly/all_genomes/P4-E-j.fasta  /shared/liuhj/HP/process/CCS_map2PersonRespectSamp/ngmlr/P4-E-x/P4-E-x_2_P4-E-j.sort.bam  1>/shared/liuhj/HP/process/CCS_map2PersonRespectSamp/mpileup/P4-E-x_2_P4-E-j.sort.mpileup 2>/shared/liuhj/HP/process/CCS_map2PersonRespectSamp/mpileup/P4-E-x_2_P4-E-j.sort.mpileup.log
        (one of the commands exited with non-zero exit code; note that snakemake uses bash strict mode!)

Removing output files of failed job mpileup since they might be corrupted:
/shared/liuhj/HP/process/CCS_map2PersonRespectSamp/mpileup/P4-E-x_2_P4-E-j.sort.mpileup
Complete log: /shared/liuhj/HP/scripts/HP-microevolution/scripts/CCS_map_scripts/.snakemake/log/2021-06-12T184129.228501.snakemake.log
