Building DAG of jobs...
Using shell: /bin/bash
Provided cores: 2
Rules claiming more threads will be scaled down.
Job counts:
	count	jobs
	1	all
	2	mpileup
	1	refGonm_faidx
	4

[Sat Jun 12 22:21:09 2021]
rule refGonm_faidx:
    input: /shared/liuhj/HP/process/assembly/all_genomes/P6-E-t.fasta
    output: /shared/liuhj/HP/process/assembly/all_genomes/P6-E-t.fasta.fai
    jobid: 3
    wildcards: bwa_ref_samp=P6-E-t

samtools  faidx  /shared/liuhj/HP/process/assembly/all_genomes/P6-E-t.fasta
[Sat Jun 12 22:21:09 2021]
Finished job 3.
1 of 4 steps (25%) done

[Sat Jun 12 22:21:09 2021]
rule mpileup:
    input: /shared/liuhj/HP/process/assembly/all_genomes/P6-E-t.fasta, /shared/liuhj/HP/process/CCS_map2PersonRespectSamp/ngmlr/P6-E-d/P6-E-d_2_P6-E-t.sort.bam, /shared/liuhj/HP/process/assembly/all_genomes/P6-E-t.fasta.fai, /shared/liuhj/HP/process/CCS_map2PersonRespectSamp/ngmlr/P6-E-d/P6-E-d_2_P6-E-t.sort.bam.bai
    output: /shared/liuhj/HP/process/CCS_map2PersonRespectSamp/mpileup/P6-E-d_2_P6-E-t.sort.mpileup
    log: /shared/liuhj/HP/process/CCS_map2PersonRespectSamp/mpileup/P6-E-d_2_P6-E-t.sort.mpileup.log
    jobid: 1
    wildcards: sample=P6-E-d, bwa_ref_samp=P6-E-t

samtools mpileup -q 20  --reference  /shared/liuhj/HP/process/assembly/all_genomes/P6-E-t.fasta  /shared/liuhj/HP/process/CCS_map2PersonRespectSamp/ngmlr/P6-E-d/P6-E-d_2_P6-E-t.sort.bam  1>/shared/liuhj/HP/process/CCS_map2PersonRespectSamp/mpileup/P6-E-d_2_P6-E-t.sort.mpileup 2>/shared/liuhj/HP/process/CCS_map2PersonRespectSamp/mpileup/P6-E-d_2_P6-E-t.sort.mpileup.log

[Sat Jun 12 22:21:09 2021]
rule mpileup:
    input: /shared/liuhj/HP/process/assembly/all_genomes/P6-E-t.fasta, /shared/liuhj/HP/process/CCS_map2PersonRespectSamp/ngmlr/P6-E-t/P6-E-t_2_P6-E-t.sort.bam, /shared/liuhj/HP/process/assembly/all_genomes/P6-E-t.fasta.fai, /shared/liuhj/HP/process/CCS_map2PersonRespectSamp/ngmlr/P6-E-t/P6-E-t_2_P6-E-t.sort.bam.bai
    output: /shared/liuhj/HP/process/CCS_map2PersonRespectSamp/mpileup/P6-E-t_2_P6-E-t.sort.mpileup
    log: /shared/liuhj/HP/process/CCS_map2PersonRespectSamp/mpileup/P6-E-t_2_P6-E-t.sort.mpileup.log
    jobid: 2
    wildcards: sample=P6-E-t, bwa_ref_samp=P6-E-t

samtools mpileup -q 20  --reference  /shared/liuhj/HP/process/assembly/all_genomes/P6-E-t.fasta  /shared/liuhj/HP/process/CCS_map2PersonRespectSamp/ngmlr/P6-E-t/P6-E-t_2_P6-E-t.sort.bam  1>/shared/liuhj/HP/process/CCS_map2PersonRespectSamp/mpileup/P6-E-t_2_P6-E-t.sort.mpileup 2>/shared/liuhj/HP/process/CCS_map2PersonRespectSamp/mpileup/P6-E-t_2_P6-E-t.sort.mpileup.log
[Sat Jun 12 23:17:21 2021]
Finished job 2.
2 of 4 steps (50%) done
[Sat Jun 12 23:20:34 2021]
Finished job 1.
3 of 4 steps (75%) done

[Sat Jun 12 23:20:34 2021]
localrule all:
    input: /shared/liuhj/HP/process/CCS_map2PersonRespectSamp/mpileup/P6-E-d_2_P6-E-t.sort.mpileup, /shared/liuhj/HP/process/CCS_map2PersonRespectSamp/mpileup/P6-E-t_2_P6-E-t.sort.mpileup
    jobid: 0

[Sat Jun 12 23:20:34 2021]
Finished job 0.
4 of 4 steps (100%) done
Complete log: /shared/liuhj/HP/scripts/HP-microevolution/scripts/CCS_map_scripts/.snakemake/log/2021-06-12T222109.745795.snakemake.log
