Building DAG of jobs...
Using shell: /bin/bash
Provided cores: 4
Rules claiming more threads will be scaled down.
Job counts:
	count	jobs
	1	all
	4	mpileup
	5
Select jobs to execute...

[Sat Jun 12 18:58:27 2021]
rule mpileup:
    input: /shared/liuhj/HP/process/assembly/all_genomes/P20-C_bR-t.fasta, /shared/liuhj/HP/process/CCS_map2PersonRespectSamp/ngmlr/P20-C_bR-d/P20-C_bR-d_2_P20-C_bR-t.sort.bam, /shared/liuhj/HP/process/assembly/all_genomes/P20-C_bR-t.fasta.fai, /shared/liuhj/HP/process/CCS_map2PersonRespectSamp/ngmlr/P20-C_bR-d/P20-C_bR-d_2_P20-C_bR-t.sort.bam.bai
    output: /shared/liuhj/HP/process/CCS_map2PersonRespectSamp/mpileup/P20-C_bR-d_2_P20-C_bR-t.sort.mpileup
    log: /shared/liuhj/HP/process/CCS_map2PersonRespectSamp/mpileup/P20-C_bR-d_2_P20-C_bR-t.sort.mpileup.log
    jobid: 3
    wildcards: sample=P20-C_bR-d, bwa_ref_samp=P20-C_bR-t

samtools mpileup -q 20  --reference  /shared/liuhj/HP/process/assembly/all_genomes/P20-C_bR-t.fasta  /shared/liuhj/HP/process/CCS_map2PersonRespectSamp/ngmlr/P20-C_bR-d/P20-C_bR-d_2_P20-C_bR-t.sort.bam  1>/shared/liuhj/HP/process/CCS_map2PersonRespectSamp/mpileup/P20-C_bR-d_2_P20-C_bR-t.sort.mpileup 2>/shared/liuhj/HP/process/CCS_map2PersonRespectSamp/mpileup/P20-C_bR-d_2_P20-C_bR-t.sort.mpileup.log

[Sat Jun 12 18:58:27 2021]
rule mpileup:
    input: /shared/liuhj/HP/process/assembly/all_genomes/P20-C_bR-t.fasta, /shared/liuhj/HP/process/CCS_map2PersonRespectSamp/ngmlr/P20-C_bR-j/P20-C_bR-j_2_P20-C_bR-t.sort.bam, /shared/liuhj/HP/process/assembly/all_genomes/P20-C_bR-t.fasta.fai, /shared/liuhj/HP/process/CCS_map2PersonRespectSamp/ngmlr/P20-C_bR-j/P20-C_bR-j_2_P20-C_bR-t.sort.bam.bai
    output: /shared/liuhj/HP/process/CCS_map2PersonRespectSamp/mpileup/P20-C_bR-j_2_P20-C_bR-t.sort.mpileup
    log: /shared/liuhj/HP/process/CCS_map2PersonRespectSamp/mpileup/P20-C_bR-j_2_P20-C_bR-t.sort.mpileup.log
    jobid: 4
    wildcards: sample=P20-C_bR-j, bwa_ref_samp=P20-C_bR-t

samtools mpileup -q 20  --reference  /shared/liuhj/HP/process/assembly/all_genomes/P20-C_bR-t.fasta  /shared/liuhj/HP/process/CCS_map2PersonRespectSamp/ngmlr/P20-C_bR-j/P20-C_bR-j_2_P20-C_bR-t.sort.bam  1>/shared/liuhj/HP/process/CCS_map2PersonRespectSamp/mpileup/P20-C_bR-j_2_P20-C_bR-t.sort.mpileup 2>/shared/liuhj/HP/process/CCS_map2PersonRespectSamp/mpileup/P20-C_bR-j_2_P20-C_bR-t.sort.mpileup.log

[Sat Jun 12 18:58:27 2021]
rule mpileup:
    input: /shared/liuhj/HP/process/assembly/all_genomes/P20-C_bR-t.fasta, /shared/liuhj/HP/process/CCS_map2PersonRespectSamp/ngmlr/P20-C_bR-t/P20-C_bR-t_2_P20-C_bR-t.sort.bam, /shared/liuhj/HP/process/assembly/all_genomes/P20-C_bR-t.fasta.fai, /shared/liuhj/HP/process/CCS_map2PersonRespectSamp/ngmlr/P20-C_bR-t/P20-C_bR-t_2_P20-C_bR-t.sort.bam.bai
    output: /shared/liuhj/HP/process/CCS_map2PersonRespectSamp/mpileup/P20-C_bR-t_2_P20-C_bR-t.sort.mpileup
    log: /shared/liuhj/HP/process/CCS_map2PersonRespectSamp/mpileup/P20-C_bR-t_2_P20-C_bR-t.sort.mpileup.log
    jobid: 5
    wildcards: sample=P20-C_bR-t, bwa_ref_samp=P20-C_bR-t

samtools mpileup -q 20  --reference  /shared/liuhj/HP/process/assembly/all_genomes/P20-C_bR-t.fasta  /shared/liuhj/HP/process/CCS_map2PersonRespectSamp/ngmlr/P20-C_bR-t/P20-C_bR-t_2_P20-C_bR-t.sort.bam  1>/shared/liuhj/HP/process/CCS_map2PersonRespectSamp/mpileup/P20-C_bR-t_2_P20-C_bR-t.sort.mpileup 2>/shared/liuhj/HP/process/CCS_map2PersonRespectSamp/mpileup/P20-C_bR-t_2_P20-C_bR-t.sort.mpileup.log

[Sat Jun 12 18:58:27 2021]
rule mpileup:
    input: /shared/liuhj/HP/process/assembly/all_genomes/P20-C_bR-t.fasta, /shared/liuhj/HP/process/CCS_map2PersonRespectSamp/ngmlr/P20-C_bR-x/P20-C_bR-x_2_P20-C_bR-t.sort.bam, /shared/liuhj/HP/process/assembly/all_genomes/P20-C_bR-t.fasta.fai, /shared/liuhj/HP/process/CCS_map2PersonRespectSamp/ngmlr/P20-C_bR-x/P20-C_bR-x_2_P20-C_bR-t.sort.bam.bai
    output: /shared/liuhj/HP/process/CCS_map2PersonRespectSamp/mpileup/P20-C_bR-x_2_P20-C_bR-t.sort.mpileup
    log: /shared/liuhj/HP/process/CCS_map2PersonRespectSamp/mpileup/P20-C_bR-x_2_P20-C_bR-t.sort.mpileup.log
    jobid: 1
    wildcards: sample=P20-C_bR-x, bwa_ref_samp=P20-C_bR-t

samtools mpileup -q 20  --reference  /shared/liuhj/HP/process/assembly/all_genomes/P20-C_bR-t.fasta  /shared/liuhj/HP/process/CCS_map2PersonRespectSamp/ngmlr/P20-C_bR-x/P20-C_bR-x_2_P20-C_bR-t.sort.bam  1>/shared/liuhj/HP/process/CCS_map2PersonRespectSamp/mpileup/P20-C_bR-x_2_P20-C_bR-t.sort.mpileup 2>/shared/liuhj/HP/process/CCS_map2PersonRespectSamp/mpileup/P20-C_bR-x_2_P20-C_bR-t.sort.mpileup.log
Terminating processes on user request, this might take some time.
[Sat Jun 12 18:58:27 2021]
Error in rule mpileup:
[Sat Jun 12 18:58:27 2021]
[Sat Jun 12 18:58:27 2021]
[Sat Jun 12 18:58:27 2021]
    jobid: 5
Error in rule mpileup:
Error in rule mpileup:
Error in rule mpileup:
    output: /shared/liuhj/HP/process/CCS_map2PersonRespectSamp/mpileup/P20-C_bR-t_2_P20-C_bR-t.sort.mpileup
    jobid: 3
    jobid: 1
    jobid: 4
    log: /shared/liuhj/HP/process/CCS_map2PersonRespectSamp/mpileup/P20-C_bR-t_2_P20-C_bR-t.sort.mpileup.log (check log file(s) for error message)
    output: /shared/liuhj/HP/process/CCS_map2PersonRespectSamp/mpileup/P20-C_bR-d_2_P20-C_bR-t.sort.mpileup
    output: /shared/liuhj/HP/process/CCS_map2PersonRespectSamp/mpileup/P20-C_bR-x_2_P20-C_bR-t.sort.mpileup
    output: /shared/liuhj/HP/process/CCS_map2PersonRespectSamp/mpileup/P20-C_bR-j_2_P20-C_bR-t.sort.mpileup
    shell:
        samtools mpileup -q 20  --reference  /shared/liuhj/HP/process/assembly/all_genomes/P20-C_bR-t.fasta  /shared/liuhj/HP/process/CCS_map2PersonRespectSamp/ngmlr/P20-C_bR-t/P20-C_bR-t_2_P20-C_bR-t.sort.bam  1>/shared/liuhj/HP/process/CCS_map2PersonRespectSamp/mpileup/P20-C_bR-t_2_P20-C_bR-t.sort.mpileup 2>/shared/liuhj/HP/process/CCS_map2PersonRespectSamp/mpileup/P20-C_bR-t_2_P20-C_bR-t.sort.mpileup.log
        (one of the commands exited with non-zero exit code; note that snakemake uses bash strict mode!)
    log: /shared/liuhj/HP/process/CCS_map2PersonRespectSamp/mpileup/P20-C_bR-d_2_P20-C_bR-t.sort.mpileup.log (check log file(s) for error message)
    log: /shared/liuhj/HP/process/CCS_map2PersonRespectSamp/mpileup/P20-C_bR-x_2_P20-C_bR-t.sort.mpileup.log (check log file(s) for error message)
    log: /shared/liuhj/HP/process/CCS_map2PersonRespectSamp/mpileup/P20-C_bR-j_2_P20-C_bR-t.sort.mpileup.log (check log file(s) for error message)

    shell:
        samtools mpileup -q 20  --reference  /shared/liuhj/HP/process/assembly/all_genomes/P20-C_bR-t.fasta  /shared/liuhj/HP/process/CCS_map2PersonRespectSamp/ngmlr/P20-C_bR-d/P20-C_bR-d_2_P20-C_bR-t.sort.bam  1>/shared/liuhj/HP/process/CCS_map2PersonRespectSamp/mpileup/P20-C_bR-d_2_P20-C_bR-t.sort.mpileup 2>/shared/liuhj/HP/process/CCS_map2PersonRespectSamp/mpileup/P20-C_bR-d_2_P20-C_bR-t.sort.mpileup.log
        (one of the commands exited with non-zero exit code; note that snakemake uses bash strict mode!)
    shell:
        samtools mpileup -q 20  --reference  /shared/liuhj/HP/process/assembly/all_genomes/P20-C_bR-t.fasta  /shared/liuhj/HP/process/CCS_map2PersonRespectSamp/ngmlr/P20-C_bR-x/P20-C_bR-x_2_P20-C_bR-t.sort.bam  1>/shared/liuhj/HP/process/CCS_map2PersonRespectSamp/mpileup/P20-C_bR-x_2_P20-C_bR-t.sort.mpileup 2>/shared/liuhj/HP/process/CCS_map2PersonRespectSamp/mpileup/P20-C_bR-x_2_P20-C_bR-t.sort.mpileup.log
        (one of the commands exited with non-zero exit code; note that snakemake uses bash strict mode!)
    shell:
        samtools mpileup -q 20  --reference  /shared/liuhj/HP/process/assembly/all_genomes/P20-C_bR-t.fasta  /shared/liuhj/HP/process/CCS_map2PersonRespectSamp/ngmlr/P20-C_bR-j/P20-C_bR-j_2_P20-C_bR-t.sort.bam  1>/shared/liuhj/HP/process/CCS_map2PersonRespectSamp/mpileup/P20-C_bR-j_2_P20-C_bR-t.sort.mpileup 2>/shared/liuhj/HP/process/CCS_map2PersonRespectSamp/mpileup/P20-C_bR-j_2_P20-C_bR-t.sort.mpileup.log
        (one of the commands exited with non-zero exit code; note that snakemake uses bash strict mode!)
Removing output files of failed job mpileup since they might be corrupted:
/shared/liuhj/HP/process/CCS_map2PersonRespectSamp/mpileup/P20-C_bR-t_2_P20-C_bR-t.sort.mpileup



Removing output files of failed job mpileup since they might be corrupted:
/shared/liuhj/HP/process/CCS_map2PersonRespectSamp/mpileup/P20-C_bR-d_2_P20-C_bR-t.sort.mpileup
Removing output files of failed job mpileup since they might be corrupted:
/shared/liuhj/HP/process/CCS_map2PersonRespectSamp/mpileup/P20-C_bR-x_2_P20-C_bR-t.sort.mpileup
Removing output files of failed job mpileup since they might be corrupted:
/shared/liuhj/HP/process/CCS_map2PersonRespectSamp/mpileup/P20-C_bR-j_2_P20-C_bR-t.sort.mpileup
Cancelling snakemake on user request.
