Building DAG of jobs...
Using shell: /bin/bash
Provided cores: 4
Rules claiming more threads will be scaled down.
Job counts:
	count	jobs
	1	all
	2	mpileup
	3

[Sun Jun 13 12:38:30 2021]
rule mpileup:
    input: /shared/liuhj/HP/process/assembly/all_genomes/P22-C_sL-d.fasta, /shared/liuhj/HP/process/CCS_map2PersonRespectSamp/ngmlr/P22-C_sL-t/P22-C_sL-t_2_P22-C_sL-d.sort.bam, /shared/liuhj/HP/process/assembly/all_genomes/P22-C_sL-d.fasta.fai, /shared/liuhj/HP/process/CCS_map2PersonRespectSamp/ngmlr/P22-C_sL-t/P22-C_sL-t_2_P22-C_sL-d.sort.bam.bai
    output: /shared/liuhj/HP/process/CCS_map2PersonRespectSamp/mpileup/P22-C_sL-t_2_P22-C_sL-d.sort.mpileup
    log: /shared/liuhj/HP/process/CCS_map2PersonRespectSamp/mpileup/P22-C_sL-t_2_P22-C_sL-d.sort.mpileup.log
    jobid: 2
    wildcards: sample=P22-C_sL-t, bwa_ref_samp=P22-C_sL-d

samtools mpileup -q 20  --reference  /shared/liuhj/HP/process/assembly/all_genomes/P22-C_sL-d.fasta  /shared/liuhj/HP/process/CCS_map2PersonRespectSamp/ngmlr/P22-C_sL-t/P22-C_sL-t_2_P22-C_sL-d.sort.bam  1>/shared/liuhj/HP/process/CCS_map2PersonRespectSamp/mpileup/P22-C_sL-t_2_P22-C_sL-d.sort.mpileup 2>/shared/liuhj/HP/process/CCS_map2PersonRespectSamp/mpileup/P22-C_sL-t_2_P22-C_sL-d.sort.mpileup.log

[Sun Jun 13 12:38:30 2021]
rule mpileup:
    input: /shared/liuhj/HP/process/assembly/all_genomes/P22-C_sL-d.fasta, /shared/liuhj/HP/process/CCS_map2PersonRespectSamp/ngmlr/P22-C_sL-d/P22-C_sL-d_2_P22-C_sL-d.sort.bam, /shared/liuhj/HP/process/assembly/all_genomes/P22-C_sL-d.fasta.fai, /shared/liuhj/HP/process/CCS_map2PersonRespectSamp/ngmlr/P22-C_sL-d/P22-C_sL-d_2_P22-C_sL-d.sort.bam.bai
    output: /shared/liuhj/HP/process/CCS_map2PersonRespectSamp/mpileup/P22-C_sL-d_2_P22-C_sL-d.sort.mpileup
    log: /shared/liuhj/HP/process/CCS_map2PersonRespectSamp/mpileup/P22-C_sL-d_2_P22-C_sL-d.sort.mpileup.log
    jobid: 1
    wildcards: sample=P22-C_sL-d, bwa_ref_samp=P22-C_sL-d

samtools mpileup -q 20  --reference  /shared/liuhj/HP/process/assembly/all_genomes/P22-C_sL-d.fasta  /shared/liuhj/HP/process/CCS_map2PersonRespectSamp/ngmlr/P22-C_sL-d/P22-C_sL-d_2_P22-C_sL-d.sort.bam  1>/shared/liuhj/HP/process/CCS_map2PersonRespectSamp/mpileup/P22-C_sL-d_2_P22-C_sL-d.sort.mpileup 2>/shared/liuhj/HP/process/CCS_map2PersonRespectSamp/mpileup/P22-C_sL-d_2_P22-C_sL-d.sort.mpileup.log
[Sun Jun 13 16:03:43 2021]
Finished job 1.
1 of 3 steps (33%) done
[Sun Jun 13 16:25:18 2021]
Finished job 2.
2 of 3 steps (67%) done

[Sun Jun 13 16:25:18 2021]
localrule all:
    input: /shared/liuhj/HP/process/CCS_map2PersonRespectSamp/mpileup/P22-C_sL-d_2_P22-C_sL-d.sort.mpileup, /shared/liuhj/HP/process/CCS_map2PersonRespectSamp/mpileup/P22-C_sL-t_2_P22-C_sL-d.sort.mpileup
    jobid: 0

[Sun Jun 13 16:25:18 2021]
Finished job 0.
3 of 3 steps (100%) done
Complete log: /shared/liuhj/HP/scripts/HP-microevolution/scripts/CCS_map_scripts/.snakemake/log/2021-06-13T123830.507373.snakemake.log
