Building DAG of jobs...
Using shell: /bin/bash
Provided cores: 4
Rules claiming more threads will be scaled down.
Job counts:
	count	jobs
	1	all
	4	mpileup
	5

[Sun Jun 13 10:09:35 2021]
rule mpileup:
    input: /shared/liuhj/HP/process/assembly/all_genomes/P20-C_bR-t.fasta, /shared/liuhj/HP/process/CCS_map2PersonRespectSamp/ngmlr/P20-C_bR-t/P20-C_bR-t_2_P20-C_bR-t.sort.bam, /shared/liuhj/HP/process/assembly/all_genomes/P20-C_bR-t.fasta.fai, /shared/liuhj/HP/process/CCS_map2PersonRespectSamp/ngmlr/P20-C_bR-t/P20-C_bR-t_2_P20-C_bR-t.sort.bam.bai
    output: /shared/liuhj/HP/process/CCS_map2PersonRespectSamp/mpileup/P20-C_bR-t_2_P20-C_bR-t.sort.mpileup
    log: /shared/liuhj/HP/process/CCS_map2PersonRespectSamp/mpileup/P20-C_bR-t_2_P20-C_bR-t.sort.mpileup.log
    jobid: 4
    wildcards: sample=P20-C_bR-t, bwa_ref_samp=P20-C_bR-t

samtools mpileup -q 20  --reference  /shared/liuhj/HP/process/assembly/all_genomes/P20-C_bR-t.fasta  /shared/liuhj/HP/process/CCS_map2PersonRespectSamp/ngmlr/P20-C_bR-t/P20-C_bR-t_2_P20-C_bR-t.sort.bam  1>/shared/liuhj/HP/process/CCS_map2PersonRespectSamp/mpileup/P20-C_bR-t_2_P20-C_bR-t.sort.mpileup 2>/shared/liuhj/HP/process/CCS_map2PersonRespectSamp/mpileup/P20-C_bR-t_2_P20-C_bR-t.sort.mpileup.log

[Sun Jun 13 10:09:35 2021]
rule mpileup:
    input: /shared/liuhj/HP/process/assembly/all_genomes/P20-C_bR-t.fasta, /shared/liuhj/HP/process/CCS_map2PersonRespectSamp/ngmlr/P20-C_bR-j/P20-C_bR-j_2_P20-C_bR-t.sort.bam, /shared/liuhj/HP/process/assembly/all_genomes/P20-C_bR-t.fasta.fai, /shared/liuhj/HP/process/CCS_map2PersonRespectSamp/ngmlr/P20-C_bR-j/P20-C_bR-j_2_P20-C_bR-t.sort.bam.bai
    output: /shared/liuhj/HP/process/CCS_map2PersonRespectSamp/mpileup/P20-C_bR-j_2_P20-C_bR-t.sort.mpileup
    log: /shared/liuhj/HP/process/CCS_map2PersonRespectSamp/mpileup/P20-C_bR-j_2_P20-C_bR-t.sort.mpileup.log
    jobid: 3
    wildcards: sample=P20-C_bR-j, bwa_ref_samp=P20-C_bR-t

samtools mpileup -q 20  --reference  /shared/liuhj/HP/process/assembly/all_genomes/P20-C_bR-t.fasta  /shared/liuhj/HP/process/CCS_map2PersonRespectSamp/ngmlr/P20-C_bR-j/P20-C_bR-j_2_P20-C_bR-t.sort.bam  1>/shared/liuhj/HP/process/CCS_map2PersonRespectSamp/mpileup/P20-C_bR-j_2_P20-C_bR-t.sort.mpileup 2>/shared/liuhj/HP/process/CCS_map2PersonRespectSamp/mpileup/P20-C_bR-j_2_P20-C_bR-t.sort.mpileup.log

[Sun Jun 13 10:09:35 2021]
rule mpileup:
    input: /shared/liuhj/HP/process/assembly/all_genomes/P20-C_bR-t.fasta, /shared/liuhj/HP/process/CCS_map2PersonRespectSamp/ngmlr/P20-C_bR-d/P20-C_bR-d_2_P20-C_bR-t.sort.bam, /shared/liuhj/HP/process/assembly/all_genomes/P20-C_bR-t.fasta.fai, /shared/liuhj/HP/process/CCS_map2PersonRespectSamp/ngmlr/P20-C_bR-d/P20-C_bR-d_2_P20-C_bR-t.sort.bam.bai
    output: /shared/liuhj/HP/process/CCS_map2PersonRespectSamp/mpileup/P20-C_bR-d_2_P20-C_bR-t.sort.mpileup
    log: /shared/liuhj/HP/process/CCS_map2PersonRespectSamp/mpileup/P20-C_bR-d_2_P20-C_bR-t.sort.mpileup.log
    jobid: 2
    wildcards: sample=P20-C_bR-d, bwa_ref_samp=P20-C_bR-t

samtools mpileup -q 20  --reference  /shared/liuhj/HP/process/assembly/all_genomes/P20-C_bR-t.fasta  /shared/liuhj/HP/process/CCS_map2PersonRespectSamp/ngmlr/P20-C_bR-d/P20-C_bR-d_2_P20-C_bR-t.sort.bam  1>/shared/liuhj/HP/process/CCS_map2PersonRespectSamp/mpileup/P20-C_bR-d_2_P20-C_bR-t.sort.mpileup 2>/shared/liuhj/HP/process/CCS_map2PersonRespectSamp/mpileup/P20-C_bR-d_2_P20-C_bR-t.sort.mpileup.log

[Sun Jun 13 10:09:35 2021]
rule mpileup:
    input: /shared/liuhj/HP/process/assembly/all_genomes/P20-C_bR-t.fasta, /shared/liuhj/HP/process/CCS_map2PersonRespectSamp/ngmlr/P20-C_bR-x/P20-C_bR-x_2_P20-C_bR-t.sort.bam, /shared/liuhj/HP/process/assembly/all_genomes/P20-C_bR-t.fasta.fai, /shared/liuhj/HP/process/CCS_map2PersonRespectSamp/ngmlr/P20-C_bR-x/P20-C_bR-x_2_P20-C_bR-t.sort.bam.bai
    output: /shared/liuhj/HP/process/CCS_map2PersonRespectSamp/mpileup/P20-C_bR-x_2_P20-C_bR-t.sort.mpileup
    log: /shared/liuhj/HP/process/CCS_map2PersonRespectSamp/mpileup/P20-C_bR-x_2_P20-C_bR-t.sort.mpileup.log
    jobid: 1
    wildcards: sample=P20-C_bR-x, bwa_ref_samp=P20-C_bR-t

samtools mpileup -q 20  --reference  /shared/liuhj/HP/process/assembly/all_genomes/P20-C_bR-t.fasta  /shared/liuhj/HP/process/CCS_map2PersonRespectSamp/ngmlr/P20-C_bR-x/P20-C_bR-x_2_P20-C_bR-t.sort.bam  1>/shared/liuhj/HP/process/CCS_map2PersonRespectSamp/mpileup/P20-C_bR-x_2_P20-C_bR-t.sort.mpileup 2>/shared/liuhj/HP/process/CCS_map2PersonRespectSamp/mpileup/P20-C_bR-x_2_P20-C_bR-t.sort.mpileup.log
[Sun Jun 13 10:56:36 2021]
Finished job 4.
1 of 5 steps (20%) done
[Sun Jun 13 11:02:28 2021]
Finished job 1.
2 of 5 steps (40%) done
[Sun Jun 13 11:05:49 2021]
Finished job 3.
3 of 5 steps (60%) done
[Sun Jun 13 11:13:03 2021]
Finished job 2.
4 of 5 steps (80%) done

[Sun Jun 13 11:13:03 2021]
localrule all:
    input: /shared/liuhj/HP/process/CCS_map2PersonRespectSamp/mpileup/P20-C_bR-x_2_P20-C_bR-t.sort.mpileup, /shared/liuhj/HP/process/CCS_map2PersonRespectSamp/mpileup/P20-C_bR-d_2_P20-C_bR-t.sort.mpileup, /shared/liuhj/HP/process/CCS_map2PersonRespectSamp/mpileup/P20-C_bR-j_2_P20-C_bR-t.sort.mpileup, /shared/liuhj/HP/process/CCS_map2PersonRespectSamp/mpileup/P20-C_bR-t_2_P20-C_bR-t.sort.mpileup
    jobid: 0

[Sun Jun 13 11:13:03 2021]
Finished job 0.
5 of 5 steps (100%) done
Complete log: /shared/liuhj/HP/scripts/HP-microevolution/scripts/CCS_map_scripts/.snakemake/log/2021-06-13T100935.704609.snakemake.log
