Building DAG of jobs...
Using shell: /bin/bash
Provided cores: 4
Rules claiming more threads will be scaled down.
Job counts:
	count	jobs
	1	all
	1	mpileup
	2
Select jobs to execute...

[Sat Jun 12 15:42:35 2021]
rule mpileup:
    input: /shared/liuhj/HP/process/assembly/all_genomes/P2-E-t.fasta, /shared/liuhj/HP/process/CCS_map2PersonRespectSamp/ngmlr/P2-E-t/P2-E-t_2_P2-E-t.sort.bam, /shared/liuhj/HP/process/assembly/all_genomes/P2-E-t.fasta.fai, /shared/liuhj/HP/process/CCS_map2PersonRespectSamp/ngmlr/P2-E-t/P2-E-t_2_P2-E-t.sort.bam.bai
    output: /shared/liuhj/HP/process/CCS_map2PersonRespectSamp/mpileup/P2-E-t_2_P2-E-t.sort.mpileup
    log: /shared/liuhj/HP/process/CCS_map2PersonRespectSamp/mpileup/P2-E-t_2_P2-E-t.sort.mpileup.log
    jobid: 1
    wildcards: sample=P2-E-t, bwa_ref_samp=P2-E-t

samtools mpileup -q 30  --reference  /shared/liuhj/HP/process/assembly/all_genomes/P2-E-t.fasta  /shared/liuhj/HP/process/CCS_map2PersonRespectSamp/ngmlr/P2-E-t/P2-E-t_2_P2-E-t.sort.bam  1>/shared/liuhj/HP/process/CCS_map2PersonRespectSamp/mpileup/P2-E-t_2_P2-E-t.sort.mpileup 2>/shared/liuhj/HP/process/CCS_map2PersonRespectSamp/mpileup/P2-E-t_2_P2-E-t.sort.mpileup.log
Terminating processes on user request, this might take some time.
[Sat Jun 12 15:42:35 2021]
Error in rule mpileup:
    jobid: 1
    output: /shared/liuhj/HP/process/CCS_map2PersonRespectSamp/mpileup/P2-E-t_2_P2-E-t.sort.mpileup
    log: /shared/liuhj/HP/process/CCS_map2PersonRespectSamp/mpileup/P2-E-t_2_P2-E-t.sort.mpileup.log (check log file(s) for error message)
    shell:
        samtools mpileup -q 30  --reference  /shared/liuhj/HP/process/assembly/all_genomes/P2-E-t.fasta  /shared/liuhj/HP/process/CCS_map2PersonRespectSamp/ngmlr/P2-E-t/P2-E-t_2_P2-E-t.sort.bam  1>/shared/liuhj/HP/process/CCS_map2PersonRespectSamp/mpileup/P2-E-t_2_P2-E-t.sort.mpileup 2>/shared/liuhj/HP/process/CCS_map2PersonRespectSamp/mpileup/P2-E-t_2_P2-E-t.sort.mpileup.log
        (one of the commands exited with non-zero exit code; note that snakemake uses bash strict mode!)

Removing output files of failed job mpileup since they might be corrupted:
/shared/liuhj/HP/process/CCS_map2PersonRespectSamp/mpileup/P2-E-t_2_P2-E-t.sort.mpileup
Complete log: /shared/liuhj/HP/scripts/HP-microevolution/scripts/CCS_map_scripts/.snakemake/log/2021-06-12T154235.011465.snakemake.log
