Building DAG of jobs...
Using shell: /bin/bash
Provided cores: 4
Rules claiming more threads will be scaled down.
Job counts:
	count	jobs
	1	all
	2	mpileup
	1	refGonm_faidx
	4
Select jobs to execute...

[Sat Jun 12 18:53:35 2021]
rule refGonm_faidx:
    input: /shared/liuhj/HP/process/assembly/all_genomes/P23-C_sL-j.fasta
    output: /shared/liuhj/HP/process/assembly/all_genomes/P23-C_sL-j.fasta.fai
    jobid: 2
    wildcards: bwa_ref_samp=P23-C_sL-j

samtools  faidx  /shared/liuhj/HP/process/assembly/all_genomes/P23-C_sL-j.fasta
[Sat Jun 12 18:53:36 2021]
Finished job 2.
1 of 4 steps (25%) done
Select jobs to execute...

[Sat Jun 12 18:53:36 2021]
rule mpileup:
    input: /shared/liuhj/HP/process/assembly/all_genomes/P23-C_sL-j.fasta, /shared/liuhj/HP/process/CCS_map2PersonRespectSamp/ngmlr/P23-C_sL-j/P23-C_sL-j_2_P23-C_sL-j.sort.bam, /shared/liuhj/HP/process/assembly/all_genomes/P23-C_sL-j.fasta.fai, /shared/liuhj/HP/process/CCS_map2PersonRespectSamp/ngmlr/P23-C_sL-j/P23-C_sL-j_2_P23-C_sL-j.sort.bam.bai
    output: /shared/liuhj/HP/process/CCS_map2PersonRespectSamp/mpileup/P23-C_sL-j_2_P23-C_sL-j.sort.mpileup
    log: /shared/liuhj/HP/process/CCS_map2PersonRespectSamp/mpileup/P23-C_sL-j_2_P23-C_sL-j.sort.mpileup.log
    jobid: 3
    wildcards: sample=P23-C_sL-j, bwa_ref_samp=P23-C_sL-j

samtools mpileup -q 20  --reference  /shared/liuhj/HP/process/assembly/all_genomes/P23-C_sL-j.fasta  /shared/liuhj/HP/process/CCS_map2PersonRespectSamp/ngmlr/P23-C_sL-j/P23-C_sL-j_2_P23-C_sL-j.sort.bam  1>/shared/liuhj/HP/process/CCS_map2PersonRespectSamp/mpileup/P23-C_sL-j_2_P23-C_sL-j.sort.mpileup 2>/shared/liuhj/HP/process/CCS_map2PersonRespectSamp/mpileup/P23-C_sL-j_2_P23-C_sL-j.sort.mpileup.log

[Sat Jun 12 18:53:36 2021]
rule mpileup:
    input: /shared/liuhj/HP/process/assembly/all_genomes/P23-C_sL-j.fasta, /shared/liuhj/HP/process/CCS_map2PersonRespectSamp/ngmlr/P23-C_sL-x/P23-C_sL-x_2_P23-C_sL-j.sort.bam, /shared/liuhj/HP/process/assembly/all_genomes/P23-C_sL-j.fasta.fai, /shared/liuhj/HP/process/CCS_map2PersonRespectSamp/ngmlr/P23-C_sL-x/P23-C_sL-x_2_P23-C_sL-j.sort.bam.bai
    output: /shared/liuhj/HP/process/CCS_map2PersonRespectSamp/mpileup/P23-C_sL-x_2_P23-C_sL-j.sort.mpileup
    log: /shared/liuhj/HP/process/CCS_map2PersonRespectSamp/mpileup/P23-C_sL-x_2_P23-C_sL-j.sort.mpileup.log
    jobid: 1
    wildcards: sample=P23-C_sL-x, bwa_ref_samp=P23-C_sL-j

samtools mpileup -q 20  --reference  /shared/liuhj/HP/process/assembly/all_genomes/P23-C_sL-j.fasta  /shared/liuhj/HP/process/CCS_map2PersonRespectSamp/ngmlr/P23-C_sL-x/P23-C_sL-x_2_P23-C_sL-j.sort.bam  1>/shared/liuhj/HP/process/CCS_map2PersonRespectSamp/mpileup/P23-C_sL-x_2_P23-C_sL-j.sort.mpileup 2>/shared/liuhj/HP/process/CCS_map2PersonRespectSamp/mpileup/P23-C_sL-x_2_P23-C_sL-j.sort.mpileup.log
Terminating processes on user request, this might take some time.
[Sat Jun 12 18:53:36 2021]
Error in rule mpileup:
    jobid: 1
    output: /shared/liuhj/HP/process/CCS_map2PersonRespectSamp/mpileup/P23-C_sL-x_2_P23-C_sL-j.sort.mpileup
    log: /shared/liuhj/HP/process/CCS_map2PersonRespectSamp/mpileup/P23-C_sL-x_2_P23-C_sL-j.sort.mpileup.log (check log file(s) for error message)
    shell:
        samtools mpileup -q 20  --reference  /shared/liuhj/HP/process/assembly/all_genomes/P23-C_sL-j.fasta  /shared/liuhj/HP/process/CCS_map2PersonRespectSamp/ngmlr/P23-C_sL-x/P23-C_sL-x_2_P23-C_sL-j.sort.bam  1>/shared/liuhj/HP/process/CCS_map2PersonRespectSamp/mpileup/P23-C_sL-x_2_P23-C_sL-j.sort.mpileup 2>/shared/liuhj/HP/process/CCS_map2PersonRespectSamp/mpileup/P23-C_sL-x_2_P23-C_sL-j.sort.mpileup.log
        (one of the commands exited with non-zero exit code; note that snakemake uses bash strict mode!)

Removing output files of failed job mpileup since they might be corrupted:
/shared/liuhj/HP/process/CCS_map2PersonRespectSamp/mpileup/P23-C_sL-x_2_P23-C_sL-j.sort.mpileup
[Sat Jun 12 18:53:36 2021]
Error in rule mpileup:
    jobid: 3
    output: /shared/liuhj/HP/process/CCS_map2PersonRespectSamp/mpileup/P23-C_sL-j_2_P23-C_sL-j.sort.mpileup
    log: /shared/liuhj/HP/process/CCS_map2PersonRespectSamp/mpileup/P23-C_sL-j_2_P23-C_sL-j.sort.mpileup.log (check log file(s) for error message)
    shell:
        samtools mpileup -q 20  --reference  /shared/liuhj/HP/process/assembly/all_genomes/P23-C_sL-j.fasta  /shared/liuhj/HP/process/CCS_map2PersonRespectSamp/ngmlr/P23-C_sL-j/P23-C_sL-j_2_P23-C_sL-j.sort.bam  1>/shared/liuhj/HP/process/CCS_map2PersonRespectSamp/mpileup/P23-C_sL-j_2_P23-C_sL-j.sort.mpileup 2>/shared/liuhj/HP/process/CCS_map2PersonRespectSamp/mpileup/P23-C_sL-j_2_P23-C_sL-j.sort.mpileup.log
        (one of the commands exited with non-zero exit code; note that snakemake uses bash strict mode!)

Removing output files of failed job mpileup since they might be corrupted:
/shared/liuhj/HP/process/CCS_map2PersonRespectSamp/mpileup/P23-C_sL-j_2_P23-C_sL-j.sort.mpileup
Complete log: /shared/liuhj/HP/scripts/HP-microevolution/scripts/CCS_map_scripts/.snakemake/log/2021-06-12T185335.911115.snakemake.log
