Building DAG of jobs...
Using shell: /bin/bash
Provided cores: 4
Rules claiming more threads will be scaled down.
Job counts:
	count	jobs
	1	all
	2	mpileup
	3

[Mon Jun 14 00:04:49 2021]
rule mpileup:
    input: /shared/liuhj/HP/process/assembly/all_genomes/P25-C_sC-t.fasta, /shared/liuhj/HP/process/CCS_map2PersonRespectSamp/ngmlr/P25-C_sC-j/P25-C_sC-j_2_P25-C_sC-t.sort.bam, /shared/liuhj/HP/process/assembly/all_genomes/P25-C_sC-t.fasta.fai, /shared/liuhj/HP/process/CCS_map2PersonRespectSamp/ngmlr/P25-C_sC-j/P25-C_sC-j_2_P25-C_sC-t.sort.bam.bai
    output: /shared/liuhj/HP/process/CCS_map2PersonRespectSamp/mpileup/P25-C_sC-j_2_P25-C_sC-t.sort.mpileup
    log: /shared/liuhj/HP/process/CCS_map2PersonRespectSamp/mpileup/P25-C_sC-j_2_P25-C_sC-t.sort.mpileup.log
    jobid: 1
    wildcards: sample=P25-C_sC-j, bwa_ref_samp=P25-C_sC-t

samtools mpileup -q 20  --reference  /shared/liuhj/HP/process/assembly/all_genomes/P25-C_sC-t.fasta  /shared/liuhj/HP/process/CCS_map2PersonRespectSamp/ngmlr/P25-C_sC-j/P25-C_sC-j_2_P25-C_sC-t.sort.bam  1>/shared/liuhj/HP/process/CCS_map2PersonRespectSamp/mpileup/P25-C_sC-j_2_P25-C_sC-t.sort.mpileup 2>/shared/liuhj/HP/process/CCS_map2PersonRespectSamp/mpileup/P25-C_sC-j_2_P25-C_sC-t.sort.mpileup.log

[Mon Jun 14 00:04:49 2021]
rule mpileup:
    input: /shared/liuhj/HP/process/assembly/all_genomes/P25-C_sC-t.fasta, /shared/liuhj/HP/process/CCS_map2PersonRespectSamp/ngmlr/P25-C_sC-t/P25-C_sC-t_2_P25-C_sC-t.sort.bam, /shared/liuhj/HP/process/assembly/all_genomes/P25-C_sC-t.fasta.fai, /shared/liuhj/HP/process/CCS_map2PersonRespectSamp/ngmlr/P25-C_sC-t/P25-C_sC-t_2_P25-C_sC-t.sort.bam.bai
    output: /shared/liuhj/HP/process/CCS_map2PersonRespectSamp/mpileup/P25-C_sC-t_2_P25-C_sC-t.sort.mpileup
    log: /shared/liuhj/HP/process/CCS_map2PersonRespectSamp/mpileup/P25-C_sC-t_2_P25-C_sC-t.sort.mpileup.log
    jobid: 2
    wildcards: sample=P25-C_sC-t, bwa_ref_samp=P25-C_sC-t

samtools mpileup -q 20  --reference  /shared/liuhj/HP/process/assembly/all_genomes/P25-C_sC-t.fasta  /shared/liuhj/HP/process/CCS_map2PersonRespectSamp/ngmlr/P25-C_sC-t/P25-C_sC-t_2_P25-C_sC-t.sort.bam  1>/shared/liuhj/HP/process/CCS_map2PersonRespectSamp/mpileup/P25-C_sC-t_2_P25-C_sC-t.sort.mpileup 2>/shared/liuhj/HP/process/CCS_map2PersonRespectSamp/mpileup/P25-C_sC-t_2_P25-C_sC-t.sort.mpileup.log
[Mon Jun 14 00:51:58 2021]
Finished job 2.
1 of 3 steps (33%) done
[Mon Jun 14 02:44:05 2021]
Finished job 1.
2 of 3 steps (67%) done

[Mon Jun 14 02:44:05 2021]
localrule all:
    input: /shared/liuhj/HP/process/CCS_map2PersonRespectSamp/mpileup/P25-C_sC-j_2_P25-C_sC-t.sort.mpileup, /shared/liuhj/HP/process/CCS_map2PersonRespectSamp/mpileup/P25-C_sC-t_2_P25-C_sC-t.sort.mpileup
    jobid: 0

[Mon Jun 14 02:44:05 2021]
Finished job 0.
3 of 3 steps (100%) done
Complete log: /shared/liuhj/HP/scripts/HP-microevolution/scripts/CCS_map_scripts/.snakemake/log/2021-06-14T000449.223522.snakemake.log
