Building DAG of jobs...
Using shell: /bin/bash
Provided cores: 4
Rules claiming more threads will be scaled down.
Job counts:
	count	jobs
	1	all
	2	mpileup
	3
Select jobs to execute...

[Sat Jun 12 18:58:29 2021]
rule mpileup:
    input: /shared/liuhj/HP/process/assembly/all_genomes/P18-C_bR-x.fasta, /shared/liuhj/HP/process/CCS_map2PersonRespectSamp/ngmlr/P18-C_bR-j/P18-C_bR-j_2_P18-C_bR-x.sort.bam, /shared/liuhj/HP/process/assembly/all_genomes/P18-C_bR-x.fasta.fai, /shared/liuhj/HP/process/CCS_map2PersonRespectSamp/ngmlr/P18-C_bR-j/P18-C_bR-j_2_P18-C_bR-x.sort.bam.bai
    output: /shared/liuhj/HP/process/CCS_map2PersonRespectSamp/mpileup/P18-C_bR-j_2_P18-C_bR-x.sort.mpileup
    log: /shared/liuhj/HP/process/CCS_map2PersonRespectSamp/mpileup/P18-C_bR-j_2_P18-C_bR-x.sort.mpileup.log
    jobid: 3
    wildcards: sample=P18-C_bR-j, bwa_ref_samp=P18-C_bR-x

samtools mpileup -q 20  --reference  /shared/liuhj/HP/process/assembly/all_genomes/P18-C_bR-x.fasta  /shared/liuhj/HP/process/CCS_map2PersonRespectSamp/ngmlr/P18-C_bR-j/P18-C_bR-j_2_P18-C_bR-x.sort.bam  1>/shared/liuhj/HP/process/CCS_map2PersonRespectSamp/mpileup/P18-C_bR-j_2_P18-C_bR-x.sort.mpileup 2>/shared/liuhj/HP/process/CCS_map2PersonRespectSamp/mpileup/P18-C_bR-j_2_P18-C_bR-x.sort.mpileup.log

[Sat Jun 12 18:58:29 2021]
rule mpileup:
    input: /shared/liuhj/HP/process/assembly/all_genomes/P18-C_bR-x.fasta, /shared/liuhj/HP/process/CCS_map2PersonRespectSamp/ngmlr/P18-C_bR-x/P18-C_bR-x_2_P18-C_bR-x.sort.bam, /shared/liuhj/HP/process/assembly/all_genomes/P18-C_bR-x.fasta.fai, /shared/liuhj/HP/process/CCS_map2PersonRespectSamp/ngmlr/P18-C_bR-x/P18-C_bR-x_2_P18-C_bR-x.sort.bam.bai
    output: /shared/liuhj/HP/process/CCS_map2PersonRespectSamp/mpileup/P18-C_bR-x_2_P18-C_bR-x.sort.mpileup
    log: /shared/liuhj/HP/process/CCS_map2PersonRespectSamp/mpileup/P18-C_bR-x_2_P18-C_bR-x.sort.mpileup.log
    jobid: 1
    wildcards: sample=P18-C_bR-x, bwa_ref_samp=P18-C_bR-x

samtools mpileup -q 20  --reference  /shared/liuhj/HP/process/assembly/all_genomes/P18-C_bR-x.fasta  /shared/liuhj/HP/process/CCS_map2PersonRespectSamp/ngmlr/P18-C_bR-x/P18-C_bR-x_2_P18-C_bR-x.sort.bam  1>/shared/liuhj/HP/process/CCS_map2PersonRespectSamp/mpileup/P18-C_bR-x_2_P18-C_bR-x.sort.mpileup 2>/shared/liuhj/HP/process/CCS_map2PersonRespectSamp/mpileup/P18-C_bR-x_2_P18-C_bR-x.sort.mpileup.log
[Sat Jun 12 18:59:29 2021]
Error in rule mpileup:
    jobid: 3
    output: /shared/liuhj/HP/process/CCS_map2PersonRespectSamp/mpileup/P18-C_bR-j_2_P18-C_bR-x.sort.mpileup
    log: /shared/liuhj/HP/process/CCS_map2PersonRespectSamp/mpileup/P18-C_bR-j_2_P18-C_bR-x.sort.mpileup.log (check log file(s) for error message)
    shell:
        samtools mpileup -q 20  --reference  /shared/liuhj/HP/process/assembly/all_genomes/P18-C_bR-x.fasta  /shared/liuhj/HP/process/CCS_map2PersonRespectSamp/ngmlr/P18-C_bR-j/P18-C_bR-j_2_P18-C_bR-x.sort.bam  1>/shared/liuhj/HP/process/CCS_map2PersonRespectSamp/mpileup/P18-C_bR-j_2_P18-C_bR-x.sort.mpileup 2>/shared/liuhj/HP/process/CCS_map2PersonRespectSamp/mpileup/P18-C_bR-j_2_P18-C_bR-x.sort.mpileup.log
        (one of the commands exited with non-zero exit code; note that snakemake uses bash strict mode!)

Removing output files of failed job mpileup since they might be corrupted:
/shared/liuhj/HP/process/CCS_map2PersonRespectSamp/mpileup/P18-C_bR-j_2_P18-C_bR-x.sort.mpileup
Terminating processes on user request, this might take some time.
[Sat Jun 12 19:09:11 2021]
Error in rule mpileup:
    jobid: 1
    output: /shared/liuhj/HP/process/CCS_map2PersonRespectSamp/mpileup/P18-C_bR-x_2_P18-C_bR-x.sort.mpileup
    log: /shared/liuhj/HP/process/CCS_map2PersonRespectSamp/mpileup/P18-C_bR-x_2_P18-C_bR-x.sort.mpileup.log (check log file(s) for error message)
    shell:
        samtools mpileup -q 20  --reference  /shared/liuhj/HP/process/assembly/all_genomes/P18-C_bR-x.fasta  /shared/liuhj/HP/process/CCS_map2PersonRespectSamp/ngmlr/P18-C_bR-x/P18-C_bR-x_2_P18-C_bR-x.sort.bam  1>/shared/liuhj/HP/process/CCS_map2PersonRespectSamp/mpileup/P18-C_bR-x_2_P18-C_bR-x.sort.mpileup 2>/shared/liuhj/HP/process/CCS_map2PersonRespectSamp/mpileup/P18-C_bR-x_2_P18-C_bR-x.sort.mpileup.log
        (one of the commands exited with non-zero exit code; note that snakemake uses bash strict mode!)

Removing output files of failed job mpileup since they might be corrupted:
/shared/liuhj/HP/process/CCS_map2PersonRespectSamp/mpileup/P18-C_bR-x_2_P18-C_bR-x.sort.mpileup
Complete log: /shared/liuhj/HP/scripts/HP-microevolution/scripts/CCS_map_scripts/.snakemake/log/2021-06-12T185829.127997.snakemake.log
