Building DAG of jobs...
Using shell: /bin/bash
Provided cores: 4
Rules claiming more threads will be scaled down.
Job counts:
	count	jobs
	1	all
	4	mpileup
	5

[Sun Jun 13 11:13:03 2021]
rule mpileup:
    input: /shared/liuhj/HP/process/assembly/all_genomes/P21-C_sL-j.fasta, /shared/liuhj/HP/process/CCS_map2PersonRespectSamp/ngmlr/P21-C_sL-j/P21-C_sL-j_2_P21-C_sL-j.sort.bam, /shared/liuhj/HP/process/assembly/all_genomes/P21-C_sL-j.fasta.fai, /shared/liuhj/HP/process/CCS_map2PersonRespectSamp/ngmlr/P21-C_sL-j/P21-C_sL-j_2_P21-C_sL-j.sort.bam.bai
    output: /shared/liuhj/HP/process/CCS_map2PersonRespectSamp/mpileup/P21-C_sL-j_2_P21-C_sL-j.sort.mpileup
    log: /shared/liuhj/HP/process/CCS_map2PersonRespectSamp/mpileup/P21-C_sL-j_2_P21-C_sL-j.sort.mpileup.log
    jobid: 3
    wildcards: sample=P21-C_sL-j, bwa_ref_samp=P21-C_sL-j

samtools mpileup -q 20  --reference  /shared/liuhj/HP/process/assembly/all_genomes/P21-C_sL-j.fasta  /shared/liuhj/HP/process/CCS_map2PersonRespectSamp/ngmlr/P21-C_sL-j/P21-C_sL-j_2_P21-C_sL-j.sort.bam  1>/shared/liuhj/HP/process/CCS_map2PersonRespectSamp/mpileup/P21-C_sL-j_2_P21-C_sL-j.sort.mpileup 2>/shared/liuhj/HP/process/CCS_map2PersonRespectSamp/mpileup/P21-C_sL-j_2_P21-C_sL-j.sort.mpileup.log

[Sun Jun 13 11:13:03 2021]
rule mpileup:
    input: /shared/liuhj/HP/process/assembly/all_genomes/P21-C_sL-j.fasta, /shared/liuhj/HP/process/CCS_map2PersonRespectSamp/ngmlr/P21-C_sL-d/P21-C_sL-d_2_P21-C_sL-j.sort.bam, /shared/liuhj/HP/process/assembly/all_genomes/P21-C_sL-j.fasta.fai, /shared/liuhj/HP/process/CCS_map2PersonRespectSamp/ngmlr/P21-C_sL-d/P21-C_sL-d_2_P21-C_sL-j.sort.bam.bai
    output: /shared/liuhj/HP/process/CCS_map2PersonRespectSamp/mpileup/P21-C_sL-d_2_P21-C_sL-j.sort.mpileup
    log: /shared/liuhj/HP/process/CCS_map2PersonRespectSamp/mpileup/P21-C_sL-d_2_P21-C_sL-j.sort.mpileup.log
    jobid: 2
    wildcards: sample=P21-C_sL-d, bwa_ref_samp=P21-C_sL-j

samtools mpileup -q 20  --reference  /shared/liuhj/HP/process/assembly/all_genomes/P21-C_sL-j.fasta  /shared/liuhj/HP/process/CCS_map2PersonRespectSamp/ngmlr/P21-C_sL-d/P21-C_sL-d_2_P21-C_sL-j.sort.bam  1>/shared/liuhj/HP/process/CCS_map2PersonRespectSamp/mpileup/P21-C_sL-d_2_P21-C_sL-j.sort.mpileup 2>/shared/liuhj/HP/process/CCS_map2PersonRespectSamp/mpileup/P21-C_sL-d_2_P21-C_sL-j.sort.mpileup.log

[Sun Jun 13 11:13:03 2021]
rule mpileup:
    input: /shared/liuhj/HP/process/assembly/all_genomes/P21-C_sL-j.fasta, /shared/liuhj/HP/process/CCS_map2PersonRespectSamp/ngmlr/P21-C_sL-x/P21-C_sL-x_2_P21-C_sL-j.sort.bam, /shared/liuhj/HP/process/assembly/all_genomes/P21-C_sL-j.fasta.fai, /shared/liuhj/HP/process/CCS_map2PersonRespectSamp/ngmlr/P21-C_sL-x/P21-C_sL-x_2_P21-C_sL-j.sort.bam.bai
    output: /shared/liuhj/HP/process/CCS_map2PersonRespectSamp/mpileup/P21-C_sL-x_2_P21-C_sL-j.sort.mpileup
    log: /shared/liuhj/HP/process/CCS_map2PersonRespectSamp/mpileup/P21-C_sL-x_2_P21-C_sL-j.sort.mpileup.log
    jobid: 1
    wildcards: sample=P21-C_sL-x, bwa_ref_samp=P21-C_sL-j

samtools mpileup -q 20  --reference  /shared/liuhj/HP/process/assembly/all_genomes/P21-C_sL-j.fasta  /shared/liuhj/HP/process/CCS_map2PersonRespectSamp/ngmlr/P21-C_sL-x/P21-C_sL-x_2_P21-C_sL-j.sort.bam  1>/shared/liuhj/HP/process/CCS_map2PersonRespectSamp/mpileup/P21-C_sL-x_2_P21-C_sL-j.sort.mpileup 2>/shared/liuhj/HP/process/CCS_map2PersonRespectSamp/mpileup/P21-C_sL-x_2_P21-C_sL-j.sort.mpileup.log

[Sun Jun 13 11:13:03 2021]
rule mpileup:
    input: /shared/liuhj/HP/process/assembly/all_genomes/P21-C_sL-j.fasta, /shared/liuhj/HP/process/CCS_map2PersonRespectSamp/ngmlr/P21-C_sL-t/P21-C_sL-t_2_P21-C_sL-j.sort.bam, /shared/liuhj/HP/process/assembly/all_genomes/P21-C_sL-j.fasta.fai, /shared/liuhj/HP/process/CCS_map2PersonRespectSamp/ngmlr/P21-C_sL-t/P21-C_sL-t_2_P21-C_sL-j.sort.bam.bai
    output: /shared/liuhj/HP/process/CCS_map2PersonRespectSamp/mpileup/P21-C_sL-t_2_P21-C_sL-j.sort.mpileup
    log: /shared/liuhj/HP/process/CCS_map2PersonRespectSamp/mpileup/P21-C_sL-t_2_P21-C_sL-j.sort.mpileup.log
    jobid: 4
    wildcards: sample=P21-C_sL-t, bwa_ref_samp=P21-C_sL-j

samtools mpileup -q 20  --reference  /shared/liuhj/HP/process/assembly/all_genomes/P21-C_sL-j.fasta  /shared/liuhj/HP/process/CCS_map2PersonRespectSamp/ngmlr/P21-C_sL-t/P21-C_sL-t_2_P21-C_sL-j.sort.bam  1>/shared/liuhj/HP/process/CCS_map2PersonRespectSamp/mpileup/P21-C_sL-t_2_P21-C_sL-j.sort.mpileup 2>/shared/liuhj/HP/process/CCS_map2PersonRespectSamp/mpileup/P21-C_sL-t_2_P21-C_sL-j.sort.mpileup.log
[Sun Jun 13 11:44:50 2021]
Finished job 2.
1 of 5 steps (20%) done
[Sun Jun 13 11:54:37 2021]
Finished job 3.
2 of 5 steps (40%) done
[Sun Jun 13 12:27:08 2021]
Finished job 1.
3 of 5 steps (60%) done
[Sun Jun 13 12:38:30 2021]
Finished job 4.
4 of 5 steps (80%) done

[Sun Jun 13 12:38:30 2021]
localrule all:
    input: /shared/liuhj/HP/process/CCS_map2PersonRespectSamp/mpileup/P21-C_sL-x_2_P21-C_sL-j.sort.mpileup, /shared/liuhj/HP/process/CCS_map2PersonRespectSamp/mpileup/P21-C_sL-d_2_P21-C_sL-j.sort.mpileup, /shared/liuhj/HP/process/CCS_map2PersonRespectSamp/mpileup/P21-C_sL-j_2_P21-C_sL-j.sort.mpileup, /shared/liuhj/HP/process/CCS_map2PersonRespectSamp/mpileup/P21-C_sL-t_2_P21-C_sL-j.sort.mpileup
    jobid: 0

[Sun Jun 13 12:38:30 2021]
Finished job 0.
5 of 5 steps (100%) done
Complete log: /shared/liuhj/HP/scripts/HP-microevolution/scripts/CCS_map_scripts/.snakemake/log/2021-06-13T111303.286548.snakemake.log
