Building DAG of jobs...
Using shell: /bin/bash
Provided cores: 4
Rules claiming more threads will be scaled down.
Job counts:
	count	jobs
	1	all
	4	mpileup
	5
Select jobs to execute...

[Sat Jun 12 15:42:26 2021]
rule mpileup:
    input: /shared/liuhj/HP/process/assembly/all_genomes/P1-E-j.fasta, /shared/liuhj/HP/process/CCS_map2PersonRespectSamp/ngmlr/P1-E-d/P1-E-d_2_P1-E-j.sort.bam, /shared/liuhj/HP/process/assembly/all_genomes/P1-E-j.fasta.fai, /shared/liuhj/HP/process/CCS_map2PersonRespectSamp/ngmlr/P1-E-d/P1-E-d_2_P1-E-j.sort.bam.bai
    output: /shared/liuhj/HP/process/CCS_map2PersonRespectSamp/mpileup/P1-E-d_2_P1-E-j.sort.mpileup
    log: /shared/liuhj/HP/process/CCS_map2PersonRespectSamp/mpileup/P1-E-d_2_P1-E-j.sort.mpileup.log
    jobid: 3
    wildcards: sample=P1-E-d, bwa_ref_samp=P1-E-j

samtools mpileup -q 30  --reference  /shared/liuhj/HP/process/assembly/all_genomes/P1-E-j.fasta  /shared/liuhj/HP/process/CCS_map2PersonRespectSamp/ngmlr/P1-E-d/P1-E-d_2_P1-E-j.sort.bam  1>/shared/liuhj/HP/process/CCS_map2PersonRespectSamp/mpileup/P1-E-d_2_P1-E-j.sort.mpileup 2>/shared/liuhj/HP/process/CCS_map2PersonRespectSamp/mpileup/P1-E-d_2_P1-E-j.sort.mpileup.log

[Sat Jun 12 15:42:26 2021]
rule mpileup:
    input: /shared/liuhj/HP/process/assembly/all_genomes/P1-E-j.fasta, /shared/liuhj/HP/process/CCS_map2PersonRespectSamp/ngmlr/P1-E-j/P1-E-j_2_P1-E-j.sort.bam, /shared/liuhj/HP/process/assembly/all_genomes/P1-E-j.fasta.fai, /shared/liuhj/HP/process/CCS_map2PersonRespectSamp/ngmlr/P1-E-j/P1-E-j_2_P1-E-j.sort.bam.bai
    output: /shared/liuhj/HP/process/CCS_map2PersonRespectSamp/mpileup/P1-E-j_2_P1-E-j.sort.mpileup
    log: /shared/liuhj/HP/process/CCS_map2PersonRespectSamp/mpileup/P1-E-j_2_P1-E-j.sort.mpileup.log
    jobid: 4
    wildcards: sample=P1-E-j, bwa_ref_samp=P1-E-j

samtools mpileup -q 30  --reference  /shared/liuhj/HP/process/assembly/all_genomes/P1-E-j.fasta  /shared/liuhj/HP/process/CCS_map2PersonRespectSamp/ngmlr/P1-E-j/P1-E-j_2_P1-E-j.sort.bam  1>/shared/liuhj/HP/process/CCS_map2PersonRespectSamp/mpileup/P1-E-j_2_P1-E-j.sort.mpileup 2>/shared/liuhj/HP/process/CCS_map2PersonRespectSamp/mpileup/P1-E-j_2_P1-E-j.sort.mpileup.log

[Sat Jun 12 15:42:26 2021]
rule mpileup:
    input: /shared/liuhj/HP/process/assembly/all_genomes/P1-E-j.fasta, /shared/liuhj/HP/process/CCS_map2PersonRespectSamp/ngmlr/P1-E-t/P1-E-t_2_P1-E-j.sort.bam, /shared/liuhj/HP/process/assembly/all_genomes/P1-E-j.fasta.fai, /shared/liuhj/HP/process/CCS_map2PersonRespectSamp/ngmlr/P1-E-t/P1-E-t_2_P1-E-j.sort.bam.bai
    output: /shared/liuhj/HP/process/CCS_map2PersonRespectSamp/mpileup/P1-E-t_2_P1-E-j.sort.mpileup
    log: /shared/liuhj/HP/process/CCS_map2PersonRespectSamp/mpileup/P1-E-t_2_P1-E-j.sort.mpileup.log
    jobid: 5
    wildcards: sample=P1-E-t, bwa_ref_samp=P1-E-j

samtools mpileup -q 30  --reference  /shared/liuhj/HP/process/assembly/all_genomes/P1-E-j.fasta  /shared/liuhj/HP/process/CCS_map2PersonRespectSamp/ngmlr/P1-E-t/P1-E-t_2_P1-E-j.sort.bam  1>/shared/liuhj/HP/process/CCS_map2PersonRespectSamp/mpileup/P1-E-t_2_P1-E-j.sort.mpileup 2>/shared/liuhj/HP/process/CCS_map2PersonRespectSamp/mpileup/P1-E-t_2_P1-E-j.sort.mpileup.log

[Sat Jun 12 15:42:26 2021]
rule mpileup:
    input: /shared/liuhj/HP/process/assembly/all_genomes/P1-E-j.fasta, /shared/liuhj/HP/process/CCS_map2PersonRespectSamp/ngmlr/P1-E-x/P1-E-x_2_P1-E-j.sort.bam, /shared/liuhj/HP/process/assembly/all_genomes/P1-E-j.fasta.fai, /shared/liuhj/HP/process/CCS_map2PersonRespectSamp/ngmlr/P1-E-x/P1-E-x_2_P1-E-j.sort.bam.bai
    output: /shared/liuhj/HP/process/CCS_map2PersonRespectSamp/mpileup/P1-E-x_2_P1-E-j.sort.mpileup
    log: /shared/liuhj/HP/process/CCS_map2PersonRespectSamp/mpileup/P1-E-x_2_P1-E-j.sort.mpileup.log
    jobid: 1
    wildcards: sample=P1-E-x, bwa_ref_samp=P1-E-j

samtools mpileup -q 30  --reference  /shared/liuhj/HP/process/assembly/all_genomes/P1-E-j.fasta  /shared/liuhj/HP/process/CCS_map2PersonRespectSamp/ngmlr/P1-E-x/P1-E-x_2_P1-E-j.sort.bam  1>/shared/liuhj/HP/process/CCS_map2PersonRespectSamp/mpileup/P1-E-x_2_P1-E-j.sort.mpileup 2>/shared/liuhj/HP/process/CCS_map2PersonRespectSamp/mpileup/P1-E-x_2_P1-E-j.sort.mpileup.log
Terminating processes on user request, this might take some time.
[Sat Jun 12 15:42:34 2021]
Error in rule mpileup:
    jobid: 1
    output: /shared/liuhj/HP/process/CCS_map2PersonRespectSamp/mpileup/P1-E-x_2_P1-E-j.sort.mpileup
    log: /shared/liuhj/HP/process/CCS_map2PersonRespectSamp/mpileup/P1-E-x_2_P1-E-j.sort.mpileup.log (check log file(s) for error message)
    shell:
        samtools mpileup -q 30  --reference  /shared/liuhj/HP/process/assembly/all_genomes/P1-E-j.fasta  /shared/liuhj/HP/process/CCS_map2PersonRespectSamp/ngmlr/P1-E-x/P1-E-x_2_P1-E-j.sort.bam  1>/shared/liuhj/HP/process/CCS_map2PersonRespectSamp/mpileup/P1-E-x_2_P1-E-j.sort.mpileup 2>/shared/liuhj/HP/process/CCS_map2PersonRespectSamp/mpileup/P1-E-x_2_P1-E-j.sort.mpileup.log
        (one of the commands exited with non-zero exit code; note that snakemake uses bash strict mode!)

Removing output files of failed job mpileup since they might be corrupted:
/shared/liuhj/HP/process/CCS_map2PersonRespectSamp/mpileup/P1-E-x_2_P1-E-j.sort.mpileup
[Sat Jun 12 15:42:34 2021]
Error in rule mpileup:
    jobid: 3
    output: /shared/liuhj/HP/process/CCS_map2PersonRespectSamp/mpileup/P1-E-d_2_P1-E-j.sort.mpileup
    log: /shared/liuhj/HP/process/CCS_map2PersonRespectSamp/mpileup/P1-E-d_2_P1-E-j.sort.mpileup.log (check log file(s) for error message)
    shell:
        samtools mpileup -q 30  --reference  /shared/liuhj/HP/process/assembly/all_genomes/P1-E-j.fasta  /shared/liuhj/HP/process/CCS_map2PersonRespectSamp/ngmlr/P1-E-d/P1-E-d_2_P1-E-j.sort.bam  1>/shared/liuhj/HP/process/CCS_map2PersonRespectSamp/mpileup/P1-E-d_2_P1-E-j.sort.mpileup 2>/shared/liuhj/HP/process/CCS_map2PersonRespectSamp/mpileup/P1-E-d_2_P1-E-j.sort.mpileup.log
        (one of the commands exited with non-zero exit code; note that snakemake uses bash strict mode!)

Removing output files of failed job mpileup since they might be corrupted:
/shared/liuhj/HP/process/CCS_map2PersonRespectSamp/mpileup/P1-E-d_2_P1-E-j.sort.mpileup
[Sat Jun 12 15:42:34 2021]
Error in rule mpileup:
    jobid: 4
    output: /shared/liuhj/HP/process/CCS_map2PersonRespectSamp/mpileup/P1-E-j_2_P1-E-j.sort.mpileup
    log: /shared/liuhj/HP/process/CCS_map2PersonRespectSamp/mpileup/P1-E-j_2_P1-E-j.sort.mpileup.log (check log file(s) for error message)
    shell:
        samtools mpileup -q 30  --reference  /shared/liuhj/HP/process/assembly/all_genomes/P1-E-j.fasta  /shared/liuhj/HP/process/CCS_map2PersonRespectSamp/ngmlr/P1-E-j/P1-E-j_2_P1-E-j.sort.bam  1>/shared/liuhj/HP/process/CCS_map2PersonRespectSamp/mpileup/P1-E-j_2_P1-E-j.sort.mpileup 2>/shared/liuhj/HP/process/CCS_map2PersonRespectSamp/mpileup/P1-E-j_2_P1-E-j.sort.mpileup.log
        (one of the commands exited with non-zero exit code; note that snakemake uses bash strict mode!)

Removing output files of failed job mpileup since they might be corrupted:
/shared/liuhj/HP/process/CCS_map2PersonRespectSamp/mpileup/P1-E-j_2_P1-E-j.sort.mpileup
[Sat Jun 12 15:42:34 2021]
Error in rule mpileup:
    jobid: 5
    output: /shared/liuhj/HP/process/CCS_map2PersonRespectSamp/mpileup/P1-E-t_2_P1-E-j.sort.mpileup
    log: /shared/liuhj/HP/process/CCS_map2PersonRespectSamp/mpileup/P1-E-t_2_P1-E-j.sort.mpileup.log (check log file(s) for error message)
    shell:
        samtools mpileup -q 30  --reference  /shared/liuhj/HP/process/assembly/all_genomes/P1-E-j.fasta  /shared/liuhj/HP/process/CCS_map2PersonRespectSamp/ngmlr/P1-E-t/P1-E-t_2_P1-E-j.sort.bam  1>/shared/liuhj/HP/process/CCS_map2PersonRespectSamp/mpileup/P1-E-t_2_P1-E-j.sort.mpileup 2>/shared/liuhj/HP/process/CCS_map2PersonRespectSamp/mpileup/P1-E-t_2_P1-E-j.sort.mpileup.log
        (one of the commands exited with non-zero exit code; note that snakemake uses bash strict mode!)

Removing output files of failed job mpileup since they might be corrupted:
/shared/liuhj/HP/process/CCS_map2PersonRespectSamp/mpileup/P1-E-t_2_P1-E-j.sort.mpileup
Complete log: /shared/liuhj/HP/scripts/HP-microevolution/scripts/CCS_map_scripts/.snakemake/log/2021-06-12T154226.545690.snakemake.log
