Building DAG of jobs...
Using shell: /bin/bash
Provided cores: 4
Rules claiming more threads will be scaled down.
Job counts:
	count	jobs
	1	all
	3	mpileup
	1	refGonm_faidx
	5

[Sun Jun 13 18:38:33 2021]
rule refGonm_faidx:
    input: /shared/liuhj/HP/process/assembly/all_genomes/P24-C_sC-t.fasta
    output: /shared/liuhj/HP/process/assembly/all_genomes/P24-C_sC-t.fasta.fai
    jobid: 4
    wildcards: bwa_ref_samp=P24-C_sC-t

samtools  faidx  /shared/liuhj/HP/process/assembly/all_genomes/P24-C_sC-t.fasta
[Sun Jun 13 18:38:33 2021]
Finished job 4.
1 of 5 steps (20%) done

[Sun Jun 13 18:38:33 2021]
rule mpileup:
    input: /shared/liuhj/HP/process/assembly/all_genomes/P24-C_sC-t.fasta, /shared/liuhj/HP/process/CCS_map2PersonRespectSamp/ngmlr/P24-C_sC-t/P24-C_sC-t_2_P24-C_sC-t.sort.bam, /shared/liuhj/HP/process/assembly/all_genomes/P24-C_sC-t.fasta.fai, /shared/liuhj/HP/process/CCS_map2PersonRespectSamp/ngmlr/P24-C_sC-t/P24-C_sC-t_2_P24-C_sC-t.sort.bam.bai
    output: /shared/liuhj/HP/process/CCS_map2PersonRespectSamp/mpileup/P24-C_sC-t_2_P24-C_sC-t.sort.mpileup
    log: /shared/liuhj/HP/process/CCS_map2PersonRespectSamp/mpileup/P24-C_sC-t_2_P24-C_sC-t.sort.mpileup.log
    jobid: 3
    wildcards: sample=P24-C_sC-t, bwa_ref_samp=P24-C_sC-t

samtools mpileup -q 20  --reference  /shared/liuhj/HP/process/assembly/all_genomes/P24-C_sC-t.fasta  /shared/liuhj/HP/process/CCS_map2PersonRespectSamp/ngmlr/P24-C_sC-t/P24-C_sC-t_2_P24-C_sC-t.sort.bam  1>/shared/liuhj/HP/process/CCS_map2PersonRespectSamp/mpileup/P24-C_sC-t_2_P24-C_sC-t.sort.mpileup 2>/shared/liuhj/HP/process/CCS_map2PersonRespectSamp/mpileup/P24-C_sC-t_2_P24-C_sC-t.sort.mpileup.log

[Sun Jun 13 18:38:33 2021]
rule mpileup:
    input: /shared/liuhj/HP/process/assembly/all_genomes/P24-C_sC-t.fasta, /shared/liuhj/HP/process/CCS_map2PersonRespectSamp/ngmlr/P24-C_sC-x/P24-C_sC-x_2_P24-C_sC-t.sort.bam, /shared/liuhj/HP/process/assembly/all_genomes/P24-C_sC-t.fasta.fai, /shared/liuhj/HP/process/CCS_map2PersonRespectSamp/ngmlr/P24-C_sC-x/P24-C_sC-x_2_P24-C_sC-t.sort.bam.bai
    output: /shared/liuhj/HP/process/CCS_map2PersonRespectSamp/mpileup/P24-C_sC-x_2_P24-C_sC-t.sort.mpileup
    log: /shared/liuhj/HP/process/CCS_map2PersonRespectSamp/mpileup/P24-C_sC-x_2_P24-C_sC-t.sort.mpileup.log
    jobid: 1
    wildcards: sample=P24-C_sC-x, bwa_ref_samp=P24-C_sC-t

samtools mpileup -q 20  --reference  /shared/liuhj/HP/process/assembly/all_genomes/P24-C_sC-t.fasta  /shared/liuhj/HP/process/CCS_map2PersonRespectSamp/ngmlr/P24-C_sC-x/P24-C_sC-x_2_P24-C_sC-t.sort.bam  1>/shared/liuhj/HP/process/CCS_map2PersonRespectSamp/mpileup/P24-C_sC-x_2_P24-C_sC-t.sort.mpileup 2>/shared/liuhj/HP/process/CCS_map2PersonRespectSamp/mpileup/P24-C_sC-x_2_P24-C_sC-t.sort.mpileup.log

[Sun Jun 13 18:38:33 2021]
rule mpileup:
    input: /shared/liuhj/HP/process/assembly/all_genomes/P24-C_sC-t.fasta, /shared/liuhj/HP/process/CCS_map2PersonRespectSamp/ngmlr/P24-C_sC-j/P24-C_sC-j_2_P24-C_sC-t.sort.bam, /shared/liuhj/HP/process/assembly/all_genomes/P24-C_sC-t.fasta.fai, /shared/liuhj/HP/process/CCS_map2PersonRespectSamp/ngmlr/P24-C_sC-j/P24-C_sC-j_2_P24-C_sC-t.sort.bam.bai
    output: /shared/liuhj/HP/process/CCS_map2PersonRespectSamp/mpileup/P24-C_sC-j_2_P24-C_sC-t.sort.mpileup
    log: /shared/liuhj/HP/process/CCS_map2PersonRespectSamp/mpileup/P24-C_sC-j_2_P24-C_sC-t.sort.mpileup.log
    jobid: 2
    wildcards: sample=P24-C_sC-j, bwa_ref_samp=P24-C_sC-t

samtools mpileup -q 20  --reference  /shared/liuhj/HP/process/assembly/all_genomes/P24-C_sC-t.fasta  /shared/liuhj/HP/process/CCS_map2PersonRespectSamp/ngmlr/P24-C_sC-j/P24-C_sC-j_2_P24-C_sC-t.sort.bam  1>/shared/liuhj/HP/process/CCS_map2PersonRespectSamp/mpileup/P24-C_sC-j_2_P24-C_sC-t.sort.mpileup 2>/shared/liuhj/HP/process/CCS_map2PersonRespectSamp/mpileup/P24-C_sC-j_2_P24-C_sC-t.sort.mpileup.log
[Sun Jun 13 19:36:14 2021]
Finished job 1.
2 of 5 steps (40%) done
[Sun Jun 13 20:06:23 2021]
Finished job 3.
3 of 5 steps (60%) done
[Mon Jun 14 00:04:49 2021]
Finished job 2.
4 of 5 steps (80%) done

[Mon Jun 14 00:04:49 2021]
localrule all:
    input: /shared/liuhj/HP/process/CCS_map2PersonRespectSamp/mpileup/P24-C_sC-x_2_P24-C_sC-t.sort.mpileup, /shared/liuhj/HP/process/CCS_map2PersonRespectSamp/mpileup/P24-C_sC-j_2_P24-C_sC-t.sort.mpileup, /shared/liuhj/HP/process/CCS_map2PersonRespectSamp/mpileup/P24-C_sC-t_2_P24-C_sC-t.sort.mpileup
    jobid: 0

[Mon Jun 14 00:04:49 2021]
Finished job 0.
5 of 5 steps (100%) done
Complete log: /shared/liuhj/HP/scripts/HP-microevolution/scripts/CCS_map_scripts/.snakemake/log/2021-06-13T183833.052360.snakemake.log
