Building DAG of jobs...
Using shell: /bin/bash
Provided cores: 2
Rules claiming more threads will be scaled down.
Job counts:
	count	jobs
	1	all
	3	mpileup
	4

[Sun Jun 13 00:42:18 2021]
rule mpileup:
    input: /shared/liuhj/HP/process/assembly/all_genomes/P19-C_bR-j.fasta, /shared/liuhj/HP/process/CCS_map2PersonRespectSamp/ngmlr/P19-C_bR-d/P19-C_bR-d_2_P19-C_bR-j.sort.bam, /shared/liuhj/HP/process/assembly/all_genomes/P19-C_bR-j.fasta.fai, /shared/liuhj/HP/process/CCS_map2PersonRespectSamp/ngmlr/P19-C_bR-d/P19-C_bR-d_2_P19-C_bR-j.sort.bam.bai
    output: /shared/liuhj/HP/process/CCS_map2PersonRespectSamp/mpileup/P19-C_bR-d_2_P19-C_bR-j.sort.mpileup
    log: /shared/liuhj/HP/process/CCS_map2PersonRespectSamp/mpileup/P19-C_bR-d_2_P19-C_bR-j.sort.mpileup.log
    jobid: 1
    wildcards: sample=P19-C_bR-d, bwa_ref_samp=P19-C_bR-j

samtools mpileup -q 20  --reference  /shared/liuhj/HP/process/assembly/all_genomes/P19-C_bR-j.fasta  /shared/liuhj/HP/process/CCS_map2PersonRespectSamp/ngmlr/P19-C_bR-d/P19-C_bR-d_2_P19-C_bR-j.sort.bam  1>/shared/liuhj/HP/process/CCS_map2PersonRespectSamp/mpileup/P19-C_bR-d_2_P19-C_bR-j.sort.mpileup 2>/shared/liuhj/HP/process/CCS_map2PersonRespectSamp/mpileup/P19-C_bR-d_2_P19-C_bR-j.sort.mpileup.log

[Sun Jun 13 00:42:18 2021]
rule mpileup:
    input: /shared/liuhj/HP/process/assembly/all_genomes/P19-C_bR-j.fasta, /shared/liuhj/HP/process/CCS_map2PersonRespectSamp/ngmlr/P19-C_bR-j/P19-C_bR-j_2_P19-C_bR-j.sort.bam, /shared/liuhj/HP/process/assembly/all_genomes/P19-C_bR-j.fasta.fai, /shared/liuhj/HP/process/CCS_map2PersonRespectSamp/ngmlr/P19-C_bR-j/P19-C_bR-j_2_P19-C_bR-j.sort.bam.bai
    output: /shared/liuhj/HP/process/CCS_map2PersonRespectSamp/mpileup/P19-C_bR-j_2_P19-C_bR-j.sort.mpileup
    log: /shared/liuhj/HP/process/CCS_map2PersonRespectSamp/mpileup/P19-C_bR-j_2_P19-C_bR-j.sort.mpileup.log
    jobid: 2
    wildcards: sample=P19-C_bR-j, bwa_ref_samp=P19-C_bR-j

samtools mpileup -q 20  --reference  /shared/liuhj/HP/process/assembly/all_genomes/P19-C_bR-j.fasta  /shared/liuhj/HP/process/CCS_map2PersonRespectSamp/ngmlr/P19-C_bR-j/P19-C_bR-j_2_P19-C_bR-j.sort.bam  1>/shared/liuhj/HP/process/CCS_map2PersonRespectSamp/mpileup/P19-C_bR-j_2_P19-C_bR-j.sort.mpileup 2>/shared/liuhj/HP/process/CCS_map2PersonRespectSamp/mpileup/P19-C_bR-j_2_P19-C_bR-j.sort.mpileup.log
[Sun Jun 13 01:29:28 2021]
Finished job 1.
1 of 4 steps (25%) done

[Sun Jun 13 01:29:28 2021]
rule mpileup:
    input: /shared/liuhj/HP/process/assembly/all_genomes/P19-C_bR-j.fasta, /shared/liuhj/HP/process/CCS_map2PersonRespectSamp/ngmlr/P19-C_bR-t/P19-C_bR-t_2_P19-C_bR-j.sort.bam, /shared/liuhj/HP/process/assembly/all_genomes/P19-C_bR-j.fasta.fai, /shared/liuhj/HP/process/CCS_map2PersonRespectSamp/ngmlr/P19-C_bR-t/P19-C_bR-t_2_P19-C_bR-j.sort.bam.bai
    output: /shared/liuhj/HP/process/CCS_map2PersonRespectSamp/mpileup/P19-C_bR-t_2_P19-C_bR-j.sort.mpileup
    log: /shared/liuhj/HP/process/CCS_map2PersonRespectSamp/mpileup/P19-C_bR-t_2_P19-C_bR-j.sort.mpileup.log
    jobid: 3
    wildcards: sample=P19-C_bR-t, bwa_ref_samp=P19-C_bR-j

samtools mpileup -q 20  --reference  /shared/liuhj/HP/process/assembly/all_genomes/P19-C_bR-j.fasta  /shared/liuhj/HP/process/CCS_map2PersonRespectSamp/ngmlr/P19-C_bR-t/P19-C_bR-t_2_P19-C_bR-j.sort.bam  1>/shared/liuhj/HP/process/CCS_map2PersonRespectSamp/mpileup/P19-C_bR-t_2_P19-C_bR-j.sort.mpileup 2>/shared/liuhj/HP/process/CCS_map2PersonRespectSamp/mpileup/P19-C_bR-t_2_P19-C_bR-j.sort.mpileup.log
[Sun Jun 13 01:50:20 2021]
Finished job 3.
2 of 4 steps (50%) done
[Sun Jun 13 01:53:36 2021]
Finished job 2.
3 of 4 steps (75%) done

[Sun Jun 13 01:53:36 2021]
localrule all:
    input: /shared/liuhj/HP/process/CCS_map2PersonRespectSamp/mpileup/P19-C_bR-d_2_P19-C_bR-j.sort.mpileup, /shared/liuhj/HP/process/CCS_map2PersonRespectSamp/mpileup/P19-C_bR-j_2_P19-C_bR-j.sort.mpileup, /shared/liuhj/HP/process/CCS_map2PersonRespectSamp/mpileup/P19-C_bR-t_2_P19-C_bR-j.sort.mpileup
    jobid: 0

[Sun Jun 13 01:53:36 2021]
Finished job 0.
4 of 4 steps (100%) done
Complete log: /shared/liuhj/HP/scripts/HP-microevolution/scripts/CCS_map_scripts/.snakemake/log/2021-06-13T004218.821708.snakemake.log
