Building DAG of jobs...
Using shell: /bin/bash
Provided cores: 4
Rules claiming more threads will be scaled down.
Job counts:
	count	jobs
	1	all
	4	mpileup
	5
Select jobs to execute...

[Sat Jun 12 15:43:02 2021]
rule mpileup:
    input: /shared/liuhj/HP/process/assembly/all_genomes/P1-E-j.fasta, /shared/liuhj/HP/process/CCS_map2PersonRespectSamp/ngmlr/P1-E-d/P1-E-d_2_P1-E-j.sort.bam, /shared/liuhj/HP/process/assembly/all_genomes/P1-E-j.fasta.fai, /shared/liuhj/HP/process/CCS_map2PersonRespectSamp/ngmlr/P1-E-d/P1-E-d_2_P1-E-j.sort.bam.bai
    output: /shared/liuhj/HP/process/CCS_map2PersonRespectSamp/mpileup/P1-E-d_2_P1-E-j.sort.mpileup
    log: /shared/liuhj/HP/process/CCS_map2PersonRespectSamp/mpileup/P1-E-d_2_P1-E-j.sort.mpileup.log
    jobid: 3
    wildcards: sample=P1-E-d, bwa_ref_samp=P1-E-j

samtools mpileup -q 20  --reference  /shared/liuhj/HP/process/assembly/all_genomes/P1-E-j.fasta  /shared/liuhj/HP/process/CCS_map2PersonRespectSamp/ngmlr/P1-E-d/P1-E-d_2_P1-E-j.sort.bam  1>/shared/liuhj/HP/process/CCS_map2PersonRespectSamp/mpileup/P1-E-d_2_P1-E-j.sort.mpileup 2>/shared/liuhj/HP/process/CCS_map2PersonRespectSamp/mpileup/P1-E-d_2_P1-E-j.sort.mpileup.log

[Sat Jun 12 15:43:02 2021]
rule mpileup:
    input: /shared/liuhj/HP/process/assembly/all_genomes/P1-E-j.fasta, /shared/liuhj/HP/process/CCS_map2PersonRespectSamp/ngmlr/P1-E-j/P1-E-j_2_P1-E-j.sort.bam, /shared/liuhj/HP/process/assembly/all_genomes/P1-E-j.fasta.fai, /shared/liuhj/HP/process/CCS_map2PersonRespectSamp/ngmlr/P1-E-j/P1-E-j_2_P1-E-j.sort.bam.bai
    output: /shared/liuhj/HP/process/CCS_map2PersonRespectSamp/mpileup/P1-E-j_2_P1-E-j.sort.mpileup
    log: /shared/liuhj/HP/process/CCS_map2PersonRespectSamp/mpileup/P1-E-j_2_P1-E-j.sort.mpileup.log
    jobid: 4
    wildcards: sample=P1-E-j, bwa_ref_samp=P1-E-j

samtools mpileup -q 20  --reference  /shared/liuhj/HP/process/assembly/all_genomes/P1-E-j.fasta  /shared/liuhj/HP/process/CCS_map2PersonRespectSamp/ngmlr/P1-E-j/P1-E-j_2_P1-E-j.sort.bam  1>/shared/liuhj/HP/process/CCS_map2PersonRespectSamp/mpileup/P1-E-j_2_P1-E-j.sort.mpileup 2>/shared/liuhj/HP/process/CCS_map2PersonRespectSamp/mpileup/P1-E-j_2_P1-E-j.sort.mpileup.log

[Sat Jun 12 15:43:02 2021]
rule mpileup:
    input: /shared/liuhj/HP/process/assembly/all_genomes/P1-E-j.fasta, /shared/liuhj/HP/process/CCS_map2PersonRespectSamp/ngmlr/P1-E-t/P1-E-t_2_P1-E-j.sort.bam, /shared/liuhj/HP/process/assembly/all_genomes/P1-E-j.fasta.fai, /shared/liuhj/HP/process/CCS_map2PersonRespectSamp/ngmlr/P1-E-t/P1-E-t_2_P1-E-j.sort.bam.bai
    output: /shared/liuhj/HP/process/CCS_map2PersonRespectSamp/mpileup/P1-E-t_2_P1-E-j.sort.mpileup
    log: /shared/liuhj/HP/process/CCS_map2PersonRespectSamp/mpileup/P1-E-t_2_P1-E-j.sort.mpileup.log
    jobid: 5
    wildcards: sample=P1-E-t, bwa_ref_samp=P1-E-j

samtools mpileup -q 20  --reference  /shared/liuhj/HP/process/assembly/all_genomes/P1-E-j.fasta  /shared/liuhj/HP/process/CCS_map2PersonRespectSamp/ngmlr/P1-E-t/P1-E-t_2_P1-E-j.sort.bam  1>/shared/liuhj/HP/process/CCS_map2PersonRespectSamp/mpileup/P1-E-t_2_P1-E-j.sort.mpileup 2>/shared/liuhj/HP/process/CCS_map2PersonRespectSamp/mpileup/P1-E-t_2_P1-E-j.sort.mpileup.log

[Sat Jun 12 15:43:02 2021]
rule mpileup:
    input: /shared/liuhj/HP/process/assembly/all_genomes/P1-E-j.fasta, /shared/liuhj/HP/process/CCS_map2PersonRespectSamp/ngmlr/P1-E-x/P1-E-x_2_P1-E-j.sort.bam, /shared/liuhj/HP/process/assembly/all_genomes/P1-E-j.fasta.fai, /shared/liuhj/HP/process/CCS_map2PersonRespectSamp/ngmlr/P1-E-x/P1-E-x_2_P1-E-j.sort.bam.bai
    output: /shared/liuhj/HP/process/CCS_map2PersonRespectSamp/mpileup/P1-E-x_2_P1-E-j.sort.mpileup
    log: /shared/liuhj/HP/process/CCS_map2PersonRespectSamp/mpileup/P1-E-x_2_P1-E-j.sort.mpileup.log
    jobid: 1
    wildcards: sample=P1-E-x, bwa_ref_samp=P1-E-j

samtools mpileup -q 20  --reference  /shared/liuhj/HP/process/assembly/all_genomes/P1-E-j.fasta  /shared/liuhj/HP/process/CCS_map2PersonRespectSamp/ngmlr/P1-E-x/P1-E-x_2_P1-E-j.sort.bam  1>/shared/liuhj/HP/process/CCS_map2PersonRespectSamp/mpileup/P1-E-x_2_P1-E-j.sort.mpileup 2>/shared/liuhj/HP/process/CCS_map2PersonRespectSamp/mpileup/P1-E-x_2_P1-E-j.sort.mpileup.log
[Sat Jun 12 17:58:30 2021]
Finished job 5.
1 of 5 steps (20%) done
[Sat Jun 12 18:06:21 2021]
Finished job 4.
2 of 5 steps (40%) done
[Sat Jun 12 18:09:39 2021]
Finished job 3.
3 of 5 steps (60%) done
[Sat Jun 12 18:32:24 2021]
Finished job 1.
4 of 5 steps (80%) done
Select jobs to execute...

[Sat Jun 12 18:32:24 2021]
localrule all:
    input: /shared/liuhj/HP/process/CCS_map2PersonRespectSamp/mpileup/P1-E-x_2_P1-E-j.sort.mpileup, /shared/liuhj/HP/process/CCS_map2PersonRespectSamp/mpileup/P1-E-d_2_P1-E-j.sort.mpileup, /shared/liuhj/HP/process/CCS_map2PersonRespectSamp/mpileup/P1-E-j_2_P1-E-j.sort.mpileup, /shared/liuhj/HP/process/CCS_map2PersonRespectSamp/mpileup/P1-E-t_2_P1-E-j.sort.mpileup
    jobid: 0

[Sat Jun 12 18:32:24 2021]
Finished job 0.
5 of 5 steps (100%) done
Complete log: /shared/liuhj/HP/scripts/HP-microevolution/scripts/CCS_map_scripts/.snakemake/log/2021-06-12T154302.284125.snakemake.log
