Building DAG of jobs...
Using shell: /bin/bash
Provided cores: 4
Rules claiming more threads will be scaled down.
Job counts:
	count	jobs
	1	all
	4	mpileup
	5
Select jobs to execute...

[Sat Jun 12 18:53:34 2021]
rule mpileup:
    input: /shared/liuhj/HP/process/assembly/all_genomes/P21-C_sL-j.fasta, /shared/liuhj/HP/process/CCS_map2PersonRespectSamp/ngmlr/P21-C_sL-d/P21-C_sL-d_2_P21-C_sL-j.sort.bam, /shared/liuhj/HP/process/assembly/all_genomes/P21-C_sL-j.fasta.fai, /shared/liuhj/HP/process/CCS_map2PersonRespectSamp/ngmlr/P21-C_sL-d/P21-C_sL-d_2_P21-C_sL-j.sort.bam.bai
    output: /shared/liuhj/HP/process/CCS_map2PersonRespectSamp/mpileup/P21-C_sL-d_2_P21-C_sL-j.sort.mpileup
    log: /shared/liuhj/HP/process/CCS_map2PersonRespectSamp/mpileup/P21-C_sL-d_2_P21-C_sL-j.sort.mpileup.log
    jobid: 3
    wildcards: sample=P21-C_sL-d, bwa_ref_samp=P21-C_sL-j

samtools mpileup -q 20  --reference  /shared/liuhj/HP/process/assembly/all_genomes/P21-C_sL-j.fasta  /shared/liuhj/HP/process/CCS_map2PersonRespectSamp/ngmlr/P21-C_sL-d/P21-C_sL-d_2_P21-C_sL-j.sort.bam  1>/shared/liuhj/HP/process/CCS_map2PersonRespectSamp/mpileup/P21-C_sL-d_2_P21-C_sL-j.sort.mpileup 2>/shared/liuhj/HP/process/CCS_map2PersonRespectSamp/mpileup/P21-C_sL-d_2_P21-C_sL-j.sort.mpileup.log

[Sat Jun 12 18:53:34 2021]
rule mpileup:
    input: /shared/liuhj/HP/process/assembly/all_genomes/P21-C_sL-j.fasta, /shared/liuhj/HP/process/CCS_map2PersonRespectSamp/ngmlr/P21-C_sL-j/P21-C_sL-j_2_P21-C_sL-j.sort.bam, /shared/liuhj/HP/process/assembly/all_genomes/P21-C_sL-j.fasta.fai, /shared/liuhj/HP/process/CCS_map2PersonRespectSamp/ngmlr/P21-C_sL-j/P21-C_sL-j_2_P21-C_sL-j.sort.bam.bai
    output: /shared/liuhj/HP/process/CCS_map2PersonRespectSamp/mpileup/P21-C_sL-j_2_P21-C_sL-j.sort.mpileup
    log: /shared/liuhj/HP/process/CCS_map2PersonRespectSamp/mpileup/P21-C_sL-j_2_P21-C_sL-j.sort.mpileup.log
    jobid: 4
    wildcards: sample=P21-C_sL-j, bwa_ref_samp=P21-C_sL-j

samtools mpileup -q 20  --reference  /shared/liuhj/HP/process/assembly/all_genomes/P21-C_sL-j.fasta  /shared/liuhj/HP/process/CCS_map2PersonRespectSamp/ngmlr/P21-C_sL-j/P21-C_sL-j_2_P21-C_sL-j.sort.bam  1>/shared/liuhj/HP/process/CCS_map2PersonRespectSamp/mpileup/P21-C_sL-j_2_P21-C_sL-j.sort.mpileup 2>/shared/liuhj/HP/process/CCS_map2PersonRespectSamp/mpileup/P21-C_sL-j_2_P21-C_sL-j.sort.mpileup.log

[Sat Jun 12 18:53:34 2021]
rule mpileup:
    input: /shared/liuhj/HP/process/assembly/all_genomes/P21-C_sL-j.fasta, /shared/liuhj/HP/process/CCS_map2PersonRespectSamp/ngmlr/P21-C_sL-t/P21-C_sL-t_2_P21-C_sL-j.sort.bam, /shared/liuhj/HP/process/assembly/all_genomes/P21-C_sL-j.fasta.fai, /shared/liuhj/HP/process/CCS_map2PersonRespectSamp/ngmlr/P21-C_sL-t/P21-C_sL-t_2_P21-C_sL-j.sort.bam.bai
    output: /shared/liuhj/HP/process/CCS_map2PersonRespectSamp/mpileup/P21-C_sL-t_2_P21-C_sL-j.sort.mpileup
    log: /shared/liuhj/HP/process/CCS_map2PersonRespectSamp/mpileup/P21-C_sL-t_2_P21-C_sL-j.sort.mpileup.log
    jobid: 5
    wildcards: sample=P21-C_sL-t, bwa_ref_samp=P21-C_sL-j

samtools mpileup -q 20  --reference  /shared/liuhj/HP/process/assembly/all_genomes/P21-C_sL-j.fasta  /shared/liuhj/HP/process/CCS_map2PersonRespectSamp/ngmlr/P21-C_sL-t/P21-C_sL-t_2_P21-C_sL-j.sort.bam  1>/shared/liuhj/HP/process/CCS_map2PersonRespectSamp/mpileup/P21-C_sL-t_2_P21-C_sL-j.sort.mpileup 2>/shared/liuhj/HP/process/CCS_map2PersonRespectSamp/mpileup/P21-C_sL-t_2_P21-C_sL-j.sort.mpileup.log

[Sat Jun 12 18:53:34 2021]
rule mpileup:
    input: /shared/liuhj/HP/process/assembly/all_genomes/P21-C_sL-j.fasta, /shared/liuhj/HP/process/CCS_map2PersonRespectSamp/ngmlr/P21-C_sL-x/P21-C_sL-x_2_P21-C_sL-j.sort.bam, /shared/liuhj/HP/process/assembly/all_genomes/P21-C_sL-j.fasta.fai, /shared/liuhj/HP/process/CCS_map2PersonRespectSamp/ngmlr/P21-C_sL-x/P21-C_sL-x_2_P21-C_sL-j.sort.bam.bai
    output: /shared/liuhj/HP/process/CCS_map2PersonRespectSamp/mpileup/P21-C_sL-x_2_P21-C_sL-j.sort.mpileup
    log: /shared/liuhj/HP/process/CCS_map2PersonRespectSamp/mpileup/P21-C_sL-x_2_P21-C_sL-j.sort.mpileup.log
    jobid: 1
    wildcards: sample=P21-C_sL-x, bwa_ref_samp=P21-C_sL-j

samtools mpileup -q 20  --reference  /shared/liuhj/HP/process/assembly/all_genomes/P21-C_sL-j.fasta  /shared/liuhj/HP/process/CCS_map2PersonRespectSamp/ngmlr/P21-C_sL-x/P21-C_sL-x_2_P21-C_sL-j.sort.bam  1>/shared/liuhj/HP/process/CCS_map2PersonRespectSamp/mpileup/P21-C_sL-x_2_P21-C_sL-j.sort.mpileup 2>/shared/liuhj/HP/process/CCS_map2PersonRespectSamp/mpileup/P21-C_sL-x_2_P21-C_sL-j.sort.mpileup.log
Terminating processes on user request, this might take some time.
[Sat Jun 12 18:53:34 2021]
Error in rule mpileup:
    jobid: 3
    output: /shared/liuhj/HP/process/CCS_map2PersonRespectSamp/mpileup/P21-C_sL-d_2_P21-C_sL-j.sort.mpileup
    log: /shared/liuhj/HP/process/CCS_map2PersonRespectSamp/mpileup/P21-C_sL-d_2_P21-C_sL-j.sort.mpileup.log (check log file(s) for error message)
    shell:
        samtools mpileup -q 20  --reference  /shared/liuhj/HP/process/assembly/all_genomes/P21-C_sL-j.fasta  /shared/liuhj/HP/process/CCS_map2PersonRespectSamp/ngmlr/P21-C_sL-d/P21-C_sL-d_2_P21-C_sL-j.sort.bam  1>/shared/liuhj/HP/process/CCS_map2PersonRespectSamp/mpileup/P21-C_sL-d_2_P21-C_sL-j.sort.mpileup 2>/shared/liuhj/HP/process/CCS_map2PersonRespectSamp/mpileup/P21-C_sL-d_2_P21-C_sL-j.sort.mpileup.log
        (one of the commands exited with non-zero exit code; note that snakemake uses bash strict mode!)

Removing output files of failed job mpileup since they might be corrupted:
/shared/liuhj/HP/process/CCS_map2PersonRespectSamp/mpileup/P21-C_sL-d_2_P21-C_sL-j.sort.mpileup
[Sat Jun 12 18:53:34 2021]
Error in rule mpileup:
[Sat Jun 12 18:53:34 2021]
    jobid: 5
Error in rule mpileup:
    output: /shared/liuhj/HP/process/CCS_map2PersonRespectSamp/mpileup/P21-C_sL-t_2_P21-C_sL-j.sort.mpileup
    jobid: 1
    log: /shared/liuhj/HP/process/CCS_map2PersonRespectSamp/mpileup/P21-C_sL-t_2_P21-C_sL-j.sort.mpileup.log (check log file(s) for error message)
    output: /shared/liuhj/HP/process/CCS_map2PersonRespectSamp/mpileup/P21-C_sL-x_2_P21-C_sL-j.sort.mpileup
    shell:
        samtools mpileup -q 20  --reference  /shared/liuhj/HP/process/assembly/all_genomes/P21-C_sL-j.fasta  /shared/liuhj/HP/process/CCS_map2PersonRespectSamp/ngmlr/P21-C_sL-t/P21-C_sL-t_2_P21-C_sL-j.sort.bam  1>/shared/liuhj/HP/process/CCS_map2PersonRespectSamp/mpileup/P21-C_sL-t_2_P21-C_sL-j.sort.mpileup 2>/shared/liuhj/HP/process/CCS_map2PersonRespectSamp/mpileup/P21-C_sL-t_2_P21-C_sL-j.sort.mpileup.log
        (one of the commands exited with non-zero exit code; note that snakemake uses bash strict mode!)
    log: /shared/liuhj/HP/process/CCS_map2PersonRespectSamp/mpileup/P21-C_sL-x_2_P21-C_sL-j.sort.mpileup.log (check log file(s) for error message)

    shell:
        samtools mpileup -q 20  --reference  /shared/liuhj/HP/process/assembly/all_genomes/P21-C_sL-j.fasta  /shared/liuhj/HP/process/CCS_map2PersonRespectSamp/ngmlr/P21-C_sL-x/P21-C_sL-x_2_P21-C_sL-j.sort.bam  1>/shared/liuhj/HP/process/CCS_map2PersonRespectSamp/mpileup/P21-C_sL-x_2_P21-C_sL-j.sort.mpileup 2>/shared/liuhj/HP/process/CCS_map2PersonRespectSamp/mpileup/P21-C_sL-x_2_P21-C_sL-j.sort.mpileup.log
        (one of the commands exited with non-zero exit code; note that snakemake uses bash strict mode!)
Removing output files of failed job mpileup since they might be corrupted:
/shared/liuhj/HP/process/CCS_map2PersonRespectSamp/mpileup/P21-C_sL-t_2_P21-C_sL-j.sort.mpileup

[Sat Jun 12 18:53:34 2021]
Error in rule mpileup:
Removing output files of failed job mpileup since they might be corrupted:
/shared/liuhj/HP/process/CCS_map2PersonRespectSamp/mpileup/P21-C_sL-x_2_P21-C_sL-j.sort.mpileup
    jobid: 4
    output: /shared/liuhj/HP/process/CCS_map2PersonRespectSamp/mpileup/P21-C_sL-j_2_P21-C_sL-j.sort.mpileup
    log: /shared/liuhj/HP/process/CCS_map2PersonRespectSamp/mpileup/P21-C_sL-j_2_P21-C_sL-j.sort.mpileup.log (check log file(s) for error message)
    shell:
        samtools mpileup -q 20  --reference  /shared/liuhj/HP/process/assembly/all_genomes/P21-C_sL-j.fasta  /shared/liuhj/HP/process/CCS_map2PersonRespectSamp/ngmlr/P21-C_sL-j/P21-C_sL-j_2_P21-C_sL-j.sort.bam  1>/shared/liuhj/HP/process/CCS_map2PersonRespectSamp/mpileup/P21-C_sL-j_2_P21-C_sL-j.sort.mpileup 2>/shared/liuhj/HP/process/CCS_map2PersonRespectSamp/mpileup/P21-C_sL-j_2_P21-C_sL-j.sort.mpileup.log
        (one of the commands exited with non-zero exit code; note that snakemake uses bash strict mode!)

Removing output files of failed job mpileup since they might be corrupted:
/shared/liuhj/HP/process/CCS_map2PersonRespectSamp/mpileup/P21-C_sL-j_2_P21-C_sL-j.sort.mpileup
Complete log: /shared/liuhj/HP/scripts/HP-microevolution/scripts/CCS_map_scripts/.snakemake/log/2021-06-12T185333.988007.snakemake.log
