Building DAG of jobs...
Using shell: /bin/bash
Provided cores: 2
Rules claiming more threads will be scaled down.
Job counts:
	count	jobs
	1	all
	2	mpileup
	3

[Sun Jun 13 00:01:27 2021]
rule mpileup:
    input: /shared/liuhj/HP/process/assembly/all_genomes/P18-C_bR-x.fasta, /shared/liuhj/HP/process/CCS_map2PersonRespectSamp/ngmlr/P18-C_bR-x/P18-C_bR-x_2_P18-C_bR-x.sort.bam, /shared/liuhj/HP/process/assembly/all_genomes/P18-C_bR-x.fasta.fai, /shared/liuhj/HP/process/CCS_map2PersonRespectSamp/ngmlr/P18-C_bR-x/P18-C_bR-x_2_P18-C_bR-x.sort.bam.bai
    output: /shared/liuhj/HP/process/CCS_map2PersonRespectSamp/mpileup/P18-C_bR-x_2_P18-C_bR-x.sort.mpileup
    log: /shared/liuhj/HP/process/CCS_map2PersonRespectSamp/mpileup/P18-C_bR-x_2_P18-C_bR-x.sort.mpileup.log
    jobid: 1
    wildcards: sample=P18-C_bR-x, bwa_ref_samp=P18-C_bR-x

samtools mpileup -q 20  --reference  /shared/liuhj/HP/process/assembly/all_genomes/P18-C_bR-x.fasta  /shared/liuhj/HP/process/CCS_map2PersonRespectSamp/ngmlr/P18-C_bR-x/P18-C_bR-x_2_P18-C_bR-x.sort.bam  1>/shared/liuhj/HP/process/CCS_map2PersonRespectSamp/mpileup/P18-C_bR-x_2_P18-C_bR-x.sort.mpileup 2>/shared/liuhj/HP/process/CCS_map2PersonRespectSamp/mpileup/P18-C_bR-x_2_P18-C_bR-x.sort.mpileup.log

[Sun Jun 13 00:01:27 2021]
rule mpileup:
    input: /shared/liuhj/HP/process/assembly/all_genomes/P18-C_bR-x.fasta, /shared/liuhj/HP/process/CCS_map2PersonRespectSamp/ngmlr/P18-C_bR-j/P18-C_bR-j_2_P18-C_bR-x.sort.bam, /shared/liuhj/HP/process/assembly/all_genomes/P18-C_bR-x.fasta.fai, /shared/liuhj/HP/process/CCS_map2PersonRespectSamp/ngmlr/P18-C_bR-j/P18-C_bR-j_2_P18-C_bR-x.sort.bam.bai
    output: /shared/liuhj/HP/process/CCS_map2PersonRespectSamp/mpileup/P18-C_bR-j_2_P18-C_bR-x.sort.mpileup
    log: /shared/liuhj/HP/process/CCS_map2PersonRespectSamp/mpileup/P18-C_bR-j_2_P18-C_bR-x.sort.mpileup.log
    jobid: 2
    wildcards: sample=P18-C_bR-j, bwa_ref_samp=P18-C_bR-x

samtools mpileup -q 20  --reference  /shared/liuhj/HP/process/assembly/all_genomes/P18-C_bR-x.fasta  /shared/liuhj/HP/process/CCS_map2PersonRespectSamp/ngmlr/P18-C_bR-j/P18-C_bR-j_2_P18-C_bR-x.sort.bam  1>/shared/liuhj/HP/process/CCS_map2PersonRespectSamp/mpileup/P18-C_bR-j_2_P18-C_bR-x.sort.mpileup 2>/shared/liuhj/HP/process/CCS_map2PersonRespectSamp/mpileup/P18-C_bR-j_2_P18-C_bR-x.sort.mpileup.log
[Sun Jun 13 00:40:13 2021]
Finished job 2.
1 of 3 steps (33%) done
[Sun Jun 13 00:42:18 2021]
Finished job 1.
2 of 3 steps (67%) done

[Sun Jun 13 00:42:18 2021]
localrule all:
    input: /shared/liuhj/HP/process/CCS_map2PersonRespectSamp/mpileup/P18-C_bR-x_2_P18-C_bR-x.sort.mpileup, /shared/liuhj/HP/process/CCS_map2PersonRespectSamp/mpileup/P18-C_bR-j_2_P18-C_bR-x.sort.mpileup
    jobid: 0

[Sun Jun 13 00:42:18 2021]
Finished job 0.
3 of 3 steps (100%) done
Complete log: /shared/liuhj/HP/scripts/HP-microevolution/scripts/CCS_map_scripts/.snakemake/log/2021-06-13T000127.112907.snakemake.log
