Building DAG of jobs...
Using shell: /bin/bash
Provided cores: 4
Rules claiming more threads will be scaled down.
Job counts:
	count	jobs
	1	all
	2	mpileup
	3

[Sun Jun 13 16:25:18 2021]
rule mpileup:
    input: /shared/liuhj/HP/process/assembly/all_genomes/P23-C_sL-j.fasta, /shared/liuhj/HP/process/CCS_map2PersonRespectSamp/ngmlr/P23-C_sL-x/P23-C_sL-x_2_P23-C_sL-j.sort.bam, /shared/liuhj/HP/process/assembly/all_genomes/P23-C_sL-j.fasta.fai, /shared/liuhj/HP/process/CCS_map2PersonRespectSamp/ngmlr/P23-C_sL-x/P23-C_sL-x_2_P23-C_sL-j.sort.bam.bai
    output: /shared/liuhj/HP/process/CCS_map2PersonRespectSamp/mpileup/P23-C_sL-x_2_P23-C_sL-j.sort.mpileup
    log: /shared/liuhj/HP/process/CCS_map2PersonRespectSamp/mpileup/P23-C_sL-x_2_P23-C_sL-j.sort.mpileup.log
    jobid: 1
    wildcards: sample=P23-C_sL-x, bwa_ref_samp=P23-C_sL-j

samtools mpileup -q 20  --reference  /shared/liuhj/HP/process/assembly/all_genomes/P23-C_sL-j.fasta  /shared/liuhj/HP/process/CCS_map2PersonRespectSamp/ngmlr/P23-C_sL-x/P23-C_sL-x_2_P23-C_sL-j.sort.bam  1>/shared/liuhj/HP/process/CCS_map2PersonRespectSamp/mpileup/P23-C_sL-x_2_P23-C_sL-j.sort.mpileup 2>/shared/liuhj/HP/process/CCS_map2PersonRespectSamp/mpileup/P23-C_sL-x_2_P23-C_sL-j.sort.mpileup.log

[Sun Jun 13 16:25:18 2021]
rule mpileup:
    input: /shared/liuhj/HP/process/assembly/all_genomes/P23-C_sL-j.fasta, /shared/liuhj/HP/process/CCS_map2PersonRespectSamp/ngmlr/P23-C_sL-j/P23-C_sL-j_2_P23-C_sL-j.sort.bam, /shared/liuhj/HP/process/assembly/all_genomes/P23-C_sL-j.fasta.fai, /shared/liuhj/HP/process/CCS_map2PersonRespectSamp/ngmlr/P23-C_sL-j/P23-C_sL-j_2_P23-C_sL-j.sort.bam.bai
    output: /shared/liuhj/HP/process/CCS_map2PersonRespectSamp/mpileup/P23-C_sL-j_2_P23-C_sL-j.sort.mpileup
    log: /shared/liuhj/HP/process/CCS_map2PersonRespectSamp/mpileup/P23-C_sL-j_2_P23-C_sL-j.sort.mpileup.log
    jobid: 2
    wildcards: sample=P23-C_sL-j, bwa_ref_samp=P23-C_sL-j

samtools mpileup -q 20  --reference  /shared/liuhj/HP/process/assembly/all_genomes/P23-C_sL-j.fasta  /shared/liuhj/HP/process/CCS_map2PersonRespectSamp/ngmlr/P23-C_sL-j/P23-C_sL-j_2_P23-C_sL-j.sort.bam  1>/shared/liuhj/HP/process/CCS_map2PersonRespectSamp/mpileup/P23-C_sL-j_2_P23-C_sL-j.sort.mpileup 2>/shared/liuhj/HP/process/CCS_map2PersonRespectSamp/mpileup/P23-C_sL-j_2_P23-C_sL-j.sort.mpileup.log
[Sun Jun 13 17:32:19 2021]
Finished job 1.
1 of 3 steps (33%) done
[Sun Jun 13 18:38:32 2021]
Finished job 2.
2 of 3 steps (67%) done

[Sun Jun 13 18:38:32 2021]
localrule all:
    input: /shared/liuhj/HP/process/CCS_map2PersonRespectSamp/mpileup/P23-C_sL-x_2_P23-C_sL-j.sort.mpileup, /shared/liuhj/HP/process/CCS_map2PersonRespectSamp/mpileup/P23-C_sL-j_2_P23-C_sL-j.sort.mpileup
    jobid: 0

[Sun Jun 13 18:38:32 2021]
Finished job 0.
3 of 3 steps (100%) done
Complete log: /shared/liuhj/HP/scripts/HP-microevolution/scripts/CCS_map_scripts/.snakemake/log/2021-06-13T162518.706860.snakemake.log
