Building DAG of jobs...
Using shell: /bin/bash
Provided cores: 2
Rules claiming more threads will be scaled down.
Job counts:
	count	jobs
	1	all
	2	mpileup
	3

[Sat Jun 12 23:20:34 2021]
rule mpileup:
    input: /shared/liuhj/HP/process/assembly/all_genomes/P7-E-j.fasta, /shared/liuhj/HP/process/CCS_map2PersonRespectSamp/ngmlr/P7-E-d/P7-E-d_2_P7-E-j.sort.bam, /shared/liuhj/HP/process/assembly/all_genomes/P7-E-j.fasta.fai, /shared/liuhj/HP/process/CCS_map2PersonRespectSamp/ngmlr/P7-E-d/P7-E-d_2_P7-E-j.sort.bam.bai
    output: /shared/liuhj/HP/process/CCS_map2PersonRespectSamp/mpileup/P7-E-d_2_P7-E-j.sort.mpileup
    log: /shared/liuhj/HP/process/CCS_map2PersonRespectSamp/mpileup/P7-E-d_2_P7-E-j.sort.mpileup.log
    jobid: 1
    wildcards: sample=P7-E-d, bwa_ref_samp=P7-E-j

samtools mpileup -q 20  --reference  /shared/liuhj/HP/process/assembly/all_genomes/P7-E-j.fasta  /shared/liuhj/HP/process/CCS_map2PersonRespectSamp/ngmlr/P7-E-d/P7-E-d_2_P7-E-j.sort.bam  1>/shared/liuhj/HP/process/CCS_map2PersonRespectSamp/mpileup/P7-E-d_2_P7-E-j.sort.mpileup 2>/shared/liuhj/HP/process/CCS_map2PersonRespectSamp/mpileup/P7-E-d_2_P7-E-j.sort.mpileup.log

[Sat Jun 12 23:20:34 2021]
rule mpileup:
    input: /shared/liuhj/HP/process/assembly/all_genomes/P7-E-j.fasta, /shared/liuhj/HP/process/CCS_map2PersonRespectSamp/ngmlr/P7-E-j/P7-E-j_2_P7-E-j.sort.bam, /shared/liuhj/HP/process/assembly/all_genomes/P7-E-j.fasta.fai, /shared/liuhj/HP/process/CCS_map2PersonRespectSamp/ngmlr/P7-E-j/P7-E-j_2_P7-E-j.sort.bam.bai
    output: /shared/liuhj/HP/process/CCS_map2PersonRespectSamp/mpileup/P7-E-j_2_P7-E-j.sort.mpileup
    log: /shared/liuhj/HP/process/CCS_map2PersonRespectSamp/mpileup/P7-E-j_2_P7-E-j.sort.mpileup.log
    jobid: 2
    wildcards: sample=P7-E-j, bwa_ref_samp=P7-E-j

samtools mpileup -q 20  --reference  /shared/liuhj/HP/process/assembly/all_genomes/P7-E-j.fasta  /shared/liuhj/HP/process/CCS_map2PersonRespectSamp/ngmlr/P7-E-j/P7-E-j_2_P7-E-j.sort.bam  1>/shared/liuhj/HP/process/CCS_map2PersonRespectSamp/mpileup/P7-E-j_2_P7-E-j.sort.mpileup 2>/shared/liuhj/HP/process/CCS_map2PersonRespectSamp/mpileup/P7-E-j_2_P7-E-j.sort.mpileup.log
[Sat Jun 12 23:46:11 2021]
Finished job 2.
1 of 3 steps (33%) done
[Sun Jun 13 00:01:27 2021]
Finished job 1.
2 of 3 steps (67%) done

[Sun Jun 13 00:01:27 2021]
localrule all:
    input: /shared/liuhj/HP/process/CCS_map2PersonRespectSamp/mpileup/P7-E-d_2_P7-E-j.sort.mpileup, /shared/liuhj/HP/process/CCS_map2PersonRespectSamp/mpileup/P7-E-j_2_P7-E-j.sort.mpileup
    jobid: 0

[Sun Jun 13 00:01:27 2021]
Finished job 0.
3 of 3 steps (100%) done
Complete log: /shared/liuhj/HP/scripts/HP-microevolution/scripts/CCS_map_scripts/.snakemake/log/2021-06-12T232034.337395.snakemake.log
