Building DAG of jobs...
Using shell: /bin/bash
Provided cores: 4
Rules claiming more threads will be scaled down.
Job counts:
	count	jobs
	1	all
	3	mpileup
	1	refGonm_faidx
	5
Select jobs to execute...

[Sat Jun 12 18:58:25 2021]
rule refGonm_faidx:
    input: /shared/liuhj/HP/process/assembly/all_genomes/P19-C_bR-j.fasta
    output: /shared/liuhj/HP/process/assembly/all_genomes/P19-C_bR-j.fasta.fai
    jobid: 2
    wildcards: bwa_ref_samp=P19-C_bR-j

samtools  faidx  /shared/liuhj/HP/process/assembly/all_genomes/P19-C_bR-j.fasta
[Sat Jun 12 18:58:25 2021]
Finished job 2.
1 of 5 steps (20%) done
Select jobs to execute...

[Sat Jun 12 18:58:25 2021]
rule mpileup:
    input: /shared/liuhj/HP/process/assembly/all_genomes/P19-C_bR-j.fasta, /shared/liuhj/HP/process/CCS_map2PersonRespectSamp/ngmlr/P19-C_bR-j/P19-C_bR-j_2_P19-C_bR-j.sort.bam, /shared/liuhj/HP/process/assembly/all_genomes/P19-C_bR-j.fasta.fai, /shared/liuhj/HP/process/CCS_map2PersonRespectSamp/ngmlr/P19-C_bR-j/P19-C_bR-j_2_P19-C_bR-j.sort.bam.bai
    output: /shared/liuhj/HP/process/CCS_map2PersonRespectSamp/mpileup/P19-C_bR-j_2_P19-C_bR-j.sort.mpileup
    log: /shared/liuhj/HP/process/CCS_map2PersonRespectSamp/mpileup/P19-C_bR-j_2_P19-C_bR-j.sort.mpileup.log
    jobid: 3
    wildcards: sample=P19-C_bR-j, bwa_ref_samp=P19-C_bR-j

samtools mpileup -q 20  --reference  /shared/liuhj/HP/process/assembly/all_genomes/P19-C_bR-j.fasta  /shared/liuhj/HP/process/CCS_map2PersonRespectSamp/ngmlr/P19-C_bR-j/P19-C_bR-j_2_P19-C_bR-j.sort.bam  1>/shared/liuhj/HP/process/CCS_map2PersonRespectSamp/mpileup/P19-C_bR-j_2_P19-C_bR-j.sort.mpileup 2>/shared/liuhj/HP/process/CCS_map2PersonRespectSamp/mpileup/P19-C_bR-j_2_P19-C_bR-j.sort.mpileup.log

[Sat Jun 12 18:58:25 2021]
rule mpileup:
    input: /shared/liuhj/HP/process/assembly/all_genomes/P19-C_bR-j.fasta, /shared/liuhj/HP/process/CCS_map2PersonRespectSamp/ngmlr/P19-C_bR-t/P19-C_bR-t_2_P19-C_bR-j.sort.bam, /shared/liuhj/HP/process/assembly/all_genomes/P19-C_bR-j.fasta.fai, /shared/liuhj/HP/process/CCS_map2PersonRespectSamp/ngmlr/P19-C_bR-t/P19-C_bR-t_2_P19-C_bR-j.sort.bam.bai
    output: /shared/liuhj/HP/process/CCS_map2PersonRespectSamp/mpileup/P19-C_bR-t_2_P19-C_bR-j.sort.mpileup
    log: /shared/liuhj/HP/process/CCS_map2PersonRespectSamp/mpileup/P19-C_bR-t_2_P19-C_bR-j.sort.mpileup.log
    jobid: 4
    wildcards: sample=P19-C_bR-t, bwa_ref_samp=P19-C_bR-j

samtools mpileup -q 20  --reference  /shared/liuhj/HP/process/assembly/all_genomes/P19-C_bR-j.fasta  /shared/liuhj/HP/process/CCS_map2PersonRespectSamp/ngmlr/P19-C_bR-t/P19-C_bR-t_2_P19-C_bR-j.sort.bam  1>/shared/liuhj/HP/process/CCS_map2PersonRespectSamp/mpileup/P19-C_bR-t_2_P19-C_bR-j.sort.mpileup 2>/shared/liuhj/HP/process/CCS_map2PersonRespectSamp/mpileup/P19-C_bR-t_2_P19-C_bR-j.sort.mpileup.log

[Sat Jun 12 18:58:25 2021]
rule mpileup:
    input: /shared/liuhj/HP/process/assembly/all_genomes/P19-C_bR-j.fasta, /shared/liuhj/HP/process/CCS_map2PersonRespectSamp/ngmlr/P19-C_bR-d/P19-C_bR-d_2_P19-C_bR-j.sort.bam, /shared/liuhj/HP/process/assembly/all_genomes/P19-C_bR-j.fasta.fai, /shared/liuhj/HP/process/CCS_map2PersonRespectSamp/ngmlr/P19-C_bR-d/P19-C_bR-d_2_P19-C_bR-j.sort.bam.bai
    output: /shared/liuhj/HP/process/CCS_map2PersonRespectSamp/mpileup/P19-C_bR-d_2_P19-C_bR-j.sort.mpileup
    log: /shared/liuhj/HP/process/CCS_map2PersonRespectSamp/mpileup/P19-C_bR-d_2_P19-C_bR-j.sort.mpileup.log
    jobid: 1
    wildcards: sample=P19-C_bR-d, bwa_ref_samp=P19-C_bR-j

samtools mpileup -q 20  --reference  /shared/liuhj/HP/process/assembly/all_genomes/P19-C_bR-j.fasta  /shared/liuhj/HP/process/CCS_map2PersonRespectSamp/ngmlr/P19-C_bR-d/P19-C_bR-d_2_P19-C_bR-j.sort.bam  1>/shared/liuhj/HP/process/CCS_map2PersonRespectSamp/mpileup/P19-C_bR-d_2_P19-C_bR-j.sort.mpileup 2>/shared/liuhj/HP/process/CCS_map2PersonRespectSamp/mpileup/P19-C_bR-d_2_P19-C_bR-j.sort.mpileup.log
Terminating processes on user request, this might take some time.
[Sat Jun 12 18:58:26 2021]
Error in rule mpileup:
    jobid: 4
    output: /shared/liuhj/HP/process/CCS_map2PersonRespectSamp/mpileup/P19-C_bR-t_2_P19-C_bR-j.sort.mpileup
    log: /shared/liuhj/HP/process/CCS_map2PersonRespectSamp/mpileup/P19-C_bR-t_2_P19-C_bR-j.sort.mpileup.log (check log file(s) for error message)
    shell:
        samtools mpileup -q 20  --reference  /shared/liuhj/HP/process/assembly/all_genomes/P19-C_bR-j.fasta  /shared/liuhj/HP/process/CCS_map2PersonRespectSamp/ngmlr/P19-C_bR-t/P19-C_bR-t_2_P19-C_bR-j.sort.bam  1>/shared/liuhj/HP/process/CCS_map2PersonRespectSamp/mpileup/P19-C_bR-t_2_P19-C_bR-j.sort.mpileup 2>/shared/liuhj/HP/process/CCS_map2PersonRespectSamp/mpileup/P19-C_bR-t_2_P19-C_bR-j.sort.mpileup.log
        (one of the commands exited with non-zero exit code; note that snakemake uses bash strict mode!)

Removing output files of failed job mpileup since they might be corrupted:
/shared/liuhj/HP/process/CCS_map2PersonRespectSamp/mpileup/P19-C_bR-t_2_P19-C_bR-j.sort.mpileup
[Sat Jun 12 18:58:26 2021]
Error in rule mpileup:
    jobid: 1
    output: /shared/liuhj/HP/process/CCS_map2PersonRespectSamp/mpileup/P19-C_bR-d_2_P19-C_bR-j.sort.mpileup
    log: /shared/liuhj/HP/process/CCS_map2PersonRespectSamp/mpileup/P19-C_bR-d_2_P19-C_bR-j.sort.mpileup.log (check log file(s) for error message)
    shell:
        samtools mpileup -q 20  --reference  /shared/liuhj/HP/process/assembly/all_genomes/P19-C_bR-j.fasta  /shared/liuhj/HP/process/CCS_map2PersonRespectSamp/ngmlr/P19-C_bR-d/P19-C_bR-d_2_P19-C_bR-j.sort.bam  1>/shared/liuhj/HP/process/CCS_map2PersonRespectSamp/mpileup/P19-C_bR-d_2_P19-C_bR-j.sort.mpileup 2>/shared/liuhj/HP/process/CCS_map2PersonRespectSamp/mpileup/P19-C_bR-d_2_P19-C_bR-j.sort.mpileup.log
        (one of the commands exited with non-zero exit code; note that snakemake uses bash strict mode!)

Removing output files of failed job mpileup since they might be corrupted:
/shared/liuhj/HP/process/CCS_map2PersonRespectSamp/mpileup/P19-C_bR-d_2_P19-C_bR-j.sort.mpileup
[Sat Jun 12 18:58:27 2021]
Error in rule mpileup:
    jobid: 3
    output: /shared/liuhj/HP/process/CCS_map2PersonRespectSamp/mpileup/P19-C_bR-j_2_P19-C_bR-j.sort.mpileup
    log: /shared/liuhj/HP/process/CCS_map2PersonRespectSamp/mpileup/P19-C_bR-j_2_P19-C_bR-j.sort.mpileup.log (check log file(s) for error message)
    shell:
        samtools mpileup -q 20  --reference  /shared/liuhj/HP/process/assembly/all_genomes/P19-C_bR-j.fasta  /shared/liuhj/HP/process/CCS_map2PersonRespectSamp/ngmlr/P19-C_bR-j/P19-C_bR-j_2_P19-C_bR-j.sort.bam  1>/shared/liuhj/HP/process/CCS_map2PersonRespectSamp/mpileup/P19-C_bR-j_2_P19-C_bR-j.sort.mpileup 2>/shared/liuhj/HP/process/CCS_map2PersonRespectSamp/mpileup/P19-C_bR-j_2_P19-C_bR-j.sort.mpileup.log
        (one of the commands exited with non-zero exit code; note that snakemake uses bash strict mode!)

Removing output files of failed job mpileup since they might be corrupted:
/shared/liuhj/HP/process/CCS_map2PersonRespectSamp/mpileup/P19-C_bR-j_2_P19-C_bR-j.sort.mpileup
Complete log: /shared/liuhj/HP/scripts/HP-microevolution/scripts/CCS_map_scripts/.snakemake/log/2021-06-12T185825.108478.snakemake.log
