Building DAG of jobs...
Using shell: /bin/bash
Provided cores: 2
Rules claiming more threads will be scaled down.
Job counts:
	count	jobs
	1	all
	3	mpileup
	4

[Sat Jun 12 20:17:34 2021]
rule mpileup:
    input: /shared/liuhj/HP/process/assembly/all_genomes/P4-E-j.fasta, /shared/liuhj/HP/process/CCS_map2PersonRespectSamp/ngmlr/P4-E-j/P4-E-j_2_P4-E-j.sort.bam, /shared/liuhj/HP/process/assembly/all_genomes/P4-E-j.fasta.fai, /shared/liuhj/HP/process/CCS_map2PersonRespectSamp/ngmlr/P4-E-j/P4-E-j_2_P4-E-j.sort.bam.bai
    output: /shared/liuhj/HP/process/CCS_map2PersonRespectSamp/mpileup/P4-E-j_2_P4-E-j.sort.mpileup
    log: /shared/liuhj/HP/process/CCS_map2PersonRespectSamp/mpileup/P4-E-j_2_P4-E-j.sort.mpileup.log
    jobid: 3
    wildcards: sample=P4-E-j, bwa_ref_samp=P4-E-j

samtools mpileup -q 20  --reference  /shared/liuhj/HP/process/assembly/all_genomes/P4-E-j.fasta  /shared/liuhj/HP/process/CCS_map2PersonRespectSamp/ngmlr/P4-E-j/P4-E-j_2_P4-E-j.sort.bam  1>/shared/liuhj/HP/process/CCS_map2PersonRespectSamp/mpileup/P4-E-j_2_P4-E-j.sort.mpileup 2>/shared/liuhj/HP/process/CCS_map2PersonRespectSamp/mpileup/P4-E-j_2_P4-E-j.sort.mpileup.log

[Sat Jun 12 20:17:34 2021]
rule mpileup:
    input: /shared/liuhj/HP/process/assembly/all_genomes/P4-E-j.fasta, /shared/liuhj/HP/process/CCS_map2PersonRespectSamp/ngmlr/P4-E-x/P4-E-x_2_P4-E-j.sort.bam, /shared/liuhj/HP/process/assembly/all_genomes/P4-E-j.fasta.fai, /shared/liuhj/HP/process/CCS_map2PersonRespectSamp/ngmlr/P4-E-x/P4-E-x_2_P4-E-j.sort.bam.bai
    output: /shared/liuhj/HP/process/CCS_map2PersonRespectSamp/mpileup/P4-E-x_2_P4-E-j.sort.mpileup
    log: /shared/liuhj/HP/process/CCS_map2PersonRespectSamp/mpileup/P4-E-x_2_P4-E-j.sort.mpileup.log
    jobid: 1
    wildcards: sample=P4-E-x, bwa_ref_samp=P4-E-j

samtools mpileup -q 20  --reference  /shared/liuhj/HP/process/assembly/all_genomes/P4-E-j.fasta  /shared/liuhj/HP/process/CCS_map2PersonRespectSamp/ngmlr/P4-E-x/P4-E-x_2_P4-E-j.sort.bam  1>/shared/liuhj/HP/process/CCS_map2PersonRespectSamp/mpileup/P4-E-x_2_P4-E-j.sort.mpileup 2>/shared/liuhj/HP/process/CCS_map2PersonRespectSamp/mpileup/P4-E-x_2_P4-E-j.sort.mpileup.log
[Sat Jun 12 20:59:03 2021]
Finished job 3.
1 of 4 steps (25%) done

[Sat Jun 12 20:59:03 2021]
rule mpileup:
    input: /shared/liuhj/HP/process/assembly/all_genomes/P4-E-j.fasta, /shared/liuhj/HP/process/CCS_map2PersonRespectSamp/ngmlr/P4-E-d/P4-E-d_2_P4-E-j.sort.bam, /shared/liuhj/HP/process/assembly/all_genomes/P4-E-j.fasta.fai, /shared/liuhj/HP/process/CCS_map2PersonRespectSamp/ngmlr/P4-E-d/P4-E-d_2_P4-E-j.sort.bam.bai
    output: /shared/liuhj/HP/process/CCS_map2PersonRespectSamp/mpileup/P4-E-d_2_P4-E-j.sort.mpileup
    log: /shared/liuhj/HP/process/CCS_map2PersonRespectSamp/mpileup/P4-E-d_2_P4-E-j.sort.mpileup.log
    jobid: 2
    wildcards: sample=P4-E-d, bwa_ref_samp=P4-E-j

samtools mpileup -q 20  --reference  /shared/liuhj/HP/process/assembly/all_genomes/P4-E-j.fasta  /shared/liuhj/HP/process/CCS_map2PersonRespectSamp/ngmlr/P4-E-d/P4-E-d_2_P4-E-j.sort.bam  1>/shared/liuhj/HP/process/CCS_map2PersonRespectSamp/mpileup/P4-E-d_2_P4-E-j.sort.mpileup 2>/shared/liuhj/HP/process/CCS_map2PersonRespectSamp/mpileup/P4-E-d_2_P4-E-j.sort.mpileup.log
[Sat Jun 12 21:13:59 2021]
Finished job 1.
2 of 4 steps (50%) done
[Sat Jun 12 21:35:08 2021]
Finished job 2.
3 of 4 steps (75%) done

[Sat Jun 12 21:35:08 2021]
localrule all:
    input: /shared/liuhj/HP/process/CCS_map2PersonRespectSamp/mpileup/P4-E-x_2_P4-E-j.sort.mpileup, /shared/liuhj/HP/process/CCS_map2PersonRespectSamp/mpileup/P4-E-d_2_P4-E-j.sort.mpileup, /shared/liuhj/HP/process/CCS_map2PersonRespectSamp/mpileup/P4-E-j_2_P4-E-j.sort.mpileup
    jobid: 0

[Sat Jun 12 21:35:08 2021]
Finished job 0.
4 of 4 steps (100%) done
Complete log: /shared/liuhj/HP/scripts/HP-microevolution/scripts/CCS_map_scripts/.snakemake/log/2021-06-12T201734.854565.snakemake.log
