Building DAG of jobs...
Using shell: /bin/bash
Provided cores: 2
Rules claiming more threads will be scaled down.
Job counts:
	count	jobs
	1	all
	1	mpileup
	2

[Sat Jun 12 19:17:04 2021]
rule mpileup:
    input: /shared/liuhj/HP/process/assembly/all_genomes/P2-E-t.fasta, /shared/liuhj/HP/process/CCS_map2PersonRespectSamp/ngmlr/P2-E-t/P2-E-t_2_P2-E-t.sort.bam, /shared/liuhj/HP/process/assembly/all_genomes/P2-E-t.fasta.fai, /shared/liuhj/HP/process/CCS_map2PersonRespectSamp/ngmlr/P2-E-t/P2-E-t_2_P2-E-t.sort.bam.bai
    output: /shared/liuhj/HP/process/CCS_map2PersonRespectSamp/mpileup/P2-E-t_2_P2-E-t.sort.mpileup
    log: /shared/liuhj/HP/process/CCS_map2PersonRespectSamp/mpileup/P2-E-t_2_P2-E-t.sort.mpileup.log
    jobid: 1
    wildcards: sample=P2-E-t, bwa_ref_samp=P2-E-t

samtools mpileup -q 20  --reference  /shared/liuhj/HP/process/assembly/all_genomes/P2-E-t.fasta  /shared/liuhj/HP/process/CCS_map2PersonRespectSamp/ngmlr/P2-E-t/P2-E-t_2_P2-E-t.sort.bam  1>/shared/liuhj/HP/process/CCS_map2PersonRespectSamp/mpileup/P2-E-t_2_P2-E-t.sort.mpileup 2>/shared/liuhj/HP/process/CCS_map2PersonRespectSamp/mpileup/P2-E-t_2_P2-E-t.sort.mpileup.log
[Sat Jun 12 20:17:34 2021]
Finished job 1.
1 of 2 steps (50%) done

[Sat Jun 12 20:17:34 2021]
localrule all:
    input: /shared/liuhj/HP/process/CCS_map2PersonRespectSamp/mpileup/P2-E-t_2_P2-E-t.sort.mpileup
    jobid: 0

[Sat Jun 12 20:17:34 2021]
Finished job 0.
2 of 2 steps (100%) done
Complete log: /shared/liuhj/HP/scripts/HP-microevolution/scripts/CCS_map_scripts/.snakemake/log/2021-06-12T191704.724117.snakemake.log
