Building DAG of jobs...
Using shell: /bin/bash
Provided cores: 4
Rules claiming more threads will be scaled down.
Job counts:
	count	jobs
	1	all
	2	mpileup
	3
Select jobs to execute...

[Sat Jun 12 18:53:34 2021]
rule mpileup:
    input: /shared/liuhj/HP/process/assembly/all_genomes/P22-C_sL-d.fasta, /shared/liuhj/HP/process/CCS_map2PersonRespectSamp/ngmlr/P22-C_sL-t/P22-C_sL-t_2_P22-C_sL-d.sort.bam, /shared/liuhj/HP/process/assembly/all_genomes/P22-C_sL-d.fasta.fai, /shared/liuhj/HP/process/CCS_map2PersonRespectSamp/ngmlr/P22-C_sL-t/P22-C_sL-t_2_P22-C_sL-d.sort.bam.bai
    output: /shared/liuhj/HP/process/CCS_map2PersonRespectSamp/mpileup/P22-C_sL-t_2_P22-C_sL-d.sort.mpileup
    log: /shared/liuhj/HP/process/CCS_map2PersonRespectSamp/mpileup/P22-C_sL-t_2_P22-C_sL-d.sort.mpileup.log
    jobid: 3
    wildcards: sample=P22-C_sL-t, bwa_ref_samp=P22-C_sL-d

samtools mpileup -q 20  --reference  /shared/liuhj/HP/process/assembly/all_genomes/P22-C_sL-d.fasta  /shared/liuhj/HP/process/CCS_map2PersonRespectSamp/ngmlr/P22-C_sL-t/P22-C_sL-t_2_P22-C_sL-d.sort.bam  1>/shared/liuhj/HP/process/CCS_map2PersonRespectSamp/mpileup/P22-C_sL-t_2_P22-C_sL-d.sort.mpileup 2>/shared/liuhj/HP/process/CCS_map2PersonRespectSamp/mpileup/P22-C_sL-t_2_P22-C_sL-d.sort.mpileup.log

[Sat Jun 12 18:53:34 2021]
rule mpileup:
    input: /shared/liuhj/HP/process/assembly/all_genomes/P22-C_sL-d.fasta, /shared/liuhj/HP/process/CCS_map2PersonRespectSamp/ngmlr/P22-C_sL-d/P22-C_sL-d_2_P22-C_sL-d.sort.bam, /shared/liuhj/HP/process/assembly/all_genomes/P22-C_sL-d.fasta.fai, /shared/liuhj/HP/process/CCS_map2PersonRespectSamp/ngmlr/P22-C_sL-d/P22-C_sL-d_2_P22-C_sL-d.sort.bam.bai
    output: /shared/liuhj/HP/process/CCS_map2PersonRespectSamp/mpileup/P22-C_sL-d_2_P22-C_sL-d.sort.mpileup
    log: /shared/liuhj/HP/process/CCS_map2PersonRespectSamp/mpileup/P22-C_sL-d_2_P22-C_sL-d.sort.mpileup.log
    jobid: 1
    wildcards: sample=P22-C_sL-d, bwa_ref_samp=P22-C_sL-d

samtools mpileup -q 20  --reference  /shared/liuhj/HP/process/assembly/all_genomes/P22-C_sL-d.fasta  /shared/liuhj/HP/process/CCS_map2PersonRespectSamp/ngmlr/P22-C_sL-d/P22-C_sL-d_2_P22-C_sL-d.sort.bam  1>/shared/liuhj/HP/process/CCS_map2PersonRespectSamp/mpileup/P22-C_sL-d_2_P22-C_sL-d.sort.mpileup 2>/shared/liuhj/HP/process/CCS_map2PersonRespectSamp/mpileup/P22-C_sL-d_2_P22-C_sL-d.sort.mpileup.log
Terminating processes on user request, this might take some time.
[Sat Jun 12 18:53:35 2021]
[Sat Jun 12 18:53:35 2021]
Error in rule mpileup:
Error in rule mpileup:
    jobid: 3
    jobid: 1
    output: /shared/liuhj/HP/process/CCS_map2PersonRespectSamp/mpileup/P22-C_sL-t_2_P22-C_sL-d.sort.mpileup
    output: /shared/liuhj/HP/process/CCS_map2PersonRespectSamp/mpileup/P22-C_sL-d_2_P22-C_sL-d.sort.mpileup
    log: /shared/liuhj/HP/process/CCS_map2PersonRespectSamp/mpileup/P22-C_sL-t_2_P22-C_sL-d.sort.mpileup.log (check log file(s) for error message)
    log: /shared/liuhj/HP/process/CCS_map2PersonRespectSamp/mpileup/P22-C_sL-d_2_P22-C_sL-d.sort.mpileup.log (check log file(s) for error message)
    shell:
        samtools mpileup -q 20  --reference  /shared/liuhj/HP/process/assembly/all_genomes/P22-C_sL-d.fasta  /shared/liuhj/HP/process/CCS_map2PersonRespectSamp/ngmlr/P22-C_sL-t/P22-C_sL-t_2_P22-C_sL-d.sort.bam  1>/shared/liuhj/HP/process/CCS_map2PersonRespectSamp/mpileup/P22-C_sL-t_2_P22-C_sL-d.sort.mpileup 2>/shared/liuhj/HP/process/CCS_map2PersonRespectSamp/mpileup/P22-C_sL-t_2_P22-C_sL-d.sort.mpileup.log
        (one of the commands exited with non-zero exit code; note that snakemake uses bash strict mode!)
    shell:
        samtools mpileup -q 20  --reference  /shared/liuhj/HP/process/assembly/all_genomes/P22-C_sL-d.fasta  /shared/liuhj/HP/process/CCS_map2PersonRespectSamp/ngmlr/P22-C_sL-d/P22-C_sL-d_2_P22-C_sL-d.sort.bam  1>/shared/liuhj/HP/process/CCS_map2PersonRespectSamp/mpileup/P22-C_sL-d_2_P22-C_sL-d.sort.mpileup 2>/shared/liuhj/HP/process/CCS_map2PersonRespectSamp/mpileup/P22-C_sL-d_2_P22-C_sL-d.sort.mpileup.log
        (one of the commands exited with non-zero exit code; note that snakemake uses bash strict mode!)


Removing output files of failed job mpileup since they might be corrupted:
/shared/liuhj/HP/process/CCS_map2PersonRespectSamp/mpileup/P22-C_sL-t_2_P22-C_sL-d.sort.mpileup
Removing output files of failed job mpileup since they might be corrupted:
/shared/liuhj/HP/process/CCS_map2PersonRespectSamp/mpileup/P22-C_sL-d_2_P22-C_sL-d.sort.mpileup
Complete log: /shared/liuhj/HP/scripts/HP-microevolution/scripts/CCS_map_scripts/.snakemake/log/2021-06-12T185334.898915.snakemake.log
