Building DAG of jobs...
Using shell: /bin/bash
Provided cores: 1 (use --cores to define parallelism)
Rules claiming more threads will be scaled down.
Job counts:
	count	jobs
	1	all
	1	iSNV_SNV_density_stat
	2
Select jobs to execute...

[Tue May 18 20:27:29 2021]
rule iSNV_SNV_density_stat:
    input: /shared/liuhj/HP/process/NGS_map2PersonResptGnm/table/P1/all.iSNV_with_SNP.pyResults.txt
    output: /shared/liuhj/HP/process/NGS_map2PersonResptGnm/table/P1/snv_density_Stat
    jobid: 4
    wildcards: person=P1

RuleException in line 180 of /shared/liuhj/HP/scripts/HP-microevolution/scripts/iSNV_calling/iSNV_calling-pipeline-20210515.py:
'InputFiles' object has no attribute 'outputP'
  File "/home/amax/anaconda3/envs/biotools_lhj/lib/python3.7/site-packages/snakemake/executors/__init__.py", line 140, in run_jobs
  File "/home/amax/anaconda3/envs/biotools_lhj/lib/python3.7/site-packages/snakemake/executors/__init__.py", line 441, in run
  File "/home/amax/anaconda3/envs/biotools_lhj/lib/python3.7/site-packages/snakemake/executors/__init__.py", line 230, in _run
  File "/home/amax/anaconda3/envs/biotools_lhj/lib/python3.7/site-packages/snakemake/executors/__init__.py", line 156, in _run
  File "/home/amax/anaconda3/envs/biotools_lhj/lib/python3.7/site-packages/snakemake/executors/__init__.py", line 162, in printjob
