Building DAG of jobs...
Using shell: /bin/bash
Provided cores: 1 (use --cores to define parallelism)
Rules claiming more threads will be scaled down.
Job counts:
	count	jobs
	1	all
	22	iSNV_freq_distribut_RepeatRegionfilt
	23
Select jobs to execute...

[Sun Jun 20 12:28:55 2021]
rule iSNV_freq_distribut_RepeatRegionfilt:
    input: /shared/liuhj/HP/process/NGS_map2PersonResptGnm/table/P1/all.iSNV_with_SNP.pyResults.txt, /shared/liuhj/HP/process/Genome_repeatRegion
    output: /shared/liuhj/HP/process/NGS_map2PersonResptGnm/table/P1/SNVFreq_distribut_Stat_filtRepeat_0.1
    jobid: 47
    wildcards: person=P1

python  /shared/liuhj/HP/scripts/HP-microevolution/scripts/iSNV_calling/iSNVpy_Freq_distribut_Stat-filtRepeatRegion.py  -i /shared/liuhj/HP/process/NGS_map2PersonResptGnm/table/P1/all.iSNV_with_SNP.pyResults.txt /shared/liuhj/HP/process/Genome_repeatRegion -o  /shared/liuhj/HP/process/NGS_map2PersonResptGnm/table/P1/SNVFreq_distribut_Stat_filtRepeat_0.1  -R /shared/liuhj/HP/process/Genome_repeatRegion -m 0.1  -M 1.0  -s 2 -T NGS 
[Sun Jun 20 12:28:57 2021]
Finished job 47.
1 of 23 steps (4%) done
Select jobs to execute...

[Sun Jun 20 12:28:57 2021]
rule iSNV_freq_distribut_RepeatRegionfilt:
    input: /shared/liuhj/HP/process/NGS_map2PersonResptGnm/table/P17/all.iSNV_with_SNP.pyResults.txt, /shared/liuhj/HP/process/Genome_repeatRegion
    output: /shared/liuhj/HP/process/NGS_map2PersonResptGnm/table/P17/SNVFreq_distribut_Stat_filtRepeat_0.1
    jobid: 61
    wildcards: person=P17

python  /shared/liuhj/HP/scripts/HP-microevolution/scripts/iSNV_calling/iSNVpy_Freq_distribut_Stat-filtRepeatRegion.py  -i /shared/liuhj/HP/process/NGS_map2PersonResptGnm/table/P17/all.iSNV_with_SNP.pyResults.txt /shared/liuhj/HP/process/Genome_repeatRegion -o  /shared/liuhj/HP/process/NGS_map2PersonResptGnm/table/P17/SNVFreq_distribut_Stat_filtRepeat_0.1  -R /shared/liuhj/HP/process/Genome_repeatRegion -m 0.1  -M 1.0  -s 2 -T NGS 
[Sun Jun 20 12:28:59 2021]
Finished job 61.
2 of 23 steps (9%) done
Select jobs to execute...

[Sun Jun 20 12:28:59 2021]
rule iSNV_freq_distribut_RepeatRegionfilt:
    input: /shared/liuhj/HP/process/NGS_map2PersonResptGnm/table/P24/all.iSNV_with_SNP.pyResults.txt, /shared/liuhj/HP/process/Genome_repeatRegion
    output: /shared/liuhj/HP/process/NGS_map2PersonResptGnm/table/P24/SNVFreq_distribut_Stat_filtRepeat_0.1
    jobid: 68
    wildcards: person=P24

python  /shared/liuhj/HP/scripts/HP-microevolution/scripts/iSNV_calling/iSNVpy_Freq_distribut_Stat-filtRepeatRegion.py  -i /shared/liuhj/HP/process/NGS_map2PersonResptGnm/table/P24/all.iSNV_with_SNP.pyResults.txt /shared/liuhj/HP/process/Genome_repeatRegion -o  /shared/liuhj/HP/process/NGS_map2PersonResptGnm/table/P24/SNVFreq_distribut_Stat_filtRepeat_0.1  -R /shared/liuhj/HP/process/Genome_repeatRegion -m 0.1  -M 1.0  -s 2 -T NGS 
[Sun Jun 20 12:29:01 2021]
Finished job 68.
3 of 23 steps (13%) done
Select jobs to execute...

[Sun Jun 20 12:29:01 2021]
rule iSNV_freq_distribut_RepeatRegionfilt:
    input: /shared/liuhj/HP/process/NGS_map2PersonResptGnm/table/P8/all.iSNV_with_SNP.pyResults.txt, /shared/liuhj/HP/process/Genome_repeatRegion
    output: /shared/liuhj/HP/process/NGS_map2PersonResptGnm/table/P8/SNVFreq_distribut_Stat_filtRepeat_0.1
    jobid: 54
    wildcards: person=P8

python  /shared/liuhj/HP/scripts/HP-microevolution/scripts/iSNV_calling/iSNVpy_Freq_distribut_Stat-filtRepeatRegion.py  -i /shared/liuhj/HP/process/NGS_map2PersonResptGnm/table/P8/all.iSNV_with_SNP.pyResults.txt /shared/liuhj/HP/process/Genome_repeatRegion -o  /shared/liuhj/HP/process/NGS_map2PersonResptGnm/table/P8/SNVFreq_distribut_Stat_filtRepeat_0.1  -R /shared/liuhj/HP/process/Genome_repeatRegion -m 0.1  -M 1.0  -s 2 -T NGS 
[Sun Jun 20 12:29:04 2021]
Finished job 54.
4 of 23 steps (17%) done
Select jobs to execute...

[Sun Jun 20 12:29:04 2021]
rule iSNV_freq_distribut_RepeatRegionfilt:
    input: /shared/liuhj/HP/process/NGS_map2PersonResptGnm/table/P20/all.iSNV_with_SNP.pyResults.txt, /shared/liuhj/HP/process/Genome_repeatRegion
    output: /shared/liuhj/HP/process/NGS_map2PersonResptGnm/table/P20/SNVFreq_distribut_Stat_filtRepeat_0.1
    jobid: 64
    wildcards: person=P20

python  /shared/liuhj/HP/scripts/HP-microevolution/scripts/iSNV_calling/iSNVpy_Freq_distribut_Stat-filtRepeatRegion.py  -i /shared/liuhj/HP/process/NGS_map2PersonResptGnm/table/P20/all.iSNV_with_SNP.pyResults.txt /shared/liuhj/HP/process/Genome_repeatRegion -o  /shared/liuhj/HP/process/NGS_map2PersonResptGnm/table/P20/SNVFreq_distribut_Stat_filtRepeat_0.1  -R /shared/liuhj/HP/process/Genome_repeatRegion -m 0.1  -M 1.0  -s 2 -T NGS 
[Sun Jun 20 12:29:07 2021]
Finished job 64.
5 of 23 steps (22%) done
Select jobs to execute...

[Sun Jun 20 12:29:07 2021]
rule iSNV_freq_distribut_RepeatRegionfilt:
    input: /shared/liuhj/HP/process/NGS_map2PersonResptGnm/table/P6/all.iSNV_with_SNP.pyResults.txt, /shared/liuhj/HP/process/Genome_repeatRegion
    output: /shared/liuhj/HP/process/NGS_map2PersonResptGnm/table/P6/SNVFreq_distribut_Stat_filtRepeat_0.1
    jobid: 52
    wildcards: person=P6

python  /shared/liuhj/HP/scripts/HP-microevolution/scripts/iSNV_calling/iSNVpy_Freq_distribut_Stat-filtRepeatRegion.py  -i /shared/liuhj/HP/process/NGS_map2PersonResptGnm/table/P6/all.iSNV_with_SNP.pyResults.txt /shared/liuhj/HP/process/Genome_repeatRegion -o  /shared/liuhj/HP/process/NGS_map2PersonResptGnm/table/P6/SNVFreq_distribut_Stat_filtRepeat_0.1  -R /shared/liuhj/HP/process/Genome_repeatRegion -m 0.1  -M 1.0  -s 2 -T NGS 
[Sun Jun 20 12:29:08 2021]
Finished job 52.
6 of 23 steps (26%) done
Select jobs to execute...

[Sun Jun 20 12:29:08 2021]
rule iSNV_freq_distribut_RepeatRegionfilt:
    input: /shared/liuhj/HP/process/NGS_map2PersonResptGnm/table/P22/all.iSNV_with_SNP.pyResults.txt, /shared/liuhj/HP/process/Genome_repeatRegion
    output: /shared/liuhj/HP/process/NGS_map2PersonResptGnm/table/P22/SNVFreq_distribut_Stat_filtRepeat_0.1
    jobid: 66
    wildcards: person=P22

python  /shared/liuhj/HP/scripts/HP-microevolution/scripts/iSNV_calling/iSNVpy_Freq_distribut_Stat-filtRepeatRegion.py  -i /shared/liuhj/HP/process/NGS_map2PersonResptGnm/table/P22/all.iSNV_with_SNP.pyResults.txt /shared/liuhj/HP/process/Genome_repeatRegion -o  /shared/liuhj/HP/process/NGS_map2PersonResptGnm/table/P22/SNVFreq_distribut_Stat_filtRepeat_0.1  -R /shared/liuhj/HP/process/Genome_repeatRegion -m 0.1  -M 1.0  -s 2 -T NGS 
[Sun Jun 20 12:29:11 2021]
Finished job 66.
7 of 23 steps (30%) done
Select jobs to execute...

[Sun Jun 20 12:29:11 2021]
rule iSNV_freq_distribut_RepeatRegionfilt:
    input: /shared/liuhj/HP/process/NGS_map2PersonResptGnm/table/P21/all.iSNV_with_SNP.pyResults.txt, /shared/liuhj/HP/process/Genome_repeatRegion
    output: /shared/liuhj/HP/process/NGS_map2PersonResptGnm/table/P21/SNVFreq_distribut_Stat_filtRepeat_0.1
    jobid: 65
    wildcards: person=P21

python  /shared/liuhj/HP/scripts/HP-microevolution/scripts/iSNV_calling/iSNVpy_Freq_distribut_Stat-filtRepeatRegion.py  -i /shared/liuhj/HP/process/NGS_map2PersonResptGnm/table/P21/all.iSNV_with_SNP.pyResults.txt /shared/liuhj/HP/process/Genome_repeatRegion -o  /shared/liuhj/HP/process/NGS_map2PersonResptGnm/table/P21/SNVFreq_distribut_Stat_filtRepeat_0.1  -R /shared/liuhj/HP/process/Genome_repeatRegion -m 0.1  -M 1.0  -s 2 -T NGS 
[Sun Jun 20 12:29:13 2021]
Finished job 65.
8 of 23 steps (35%) done
Select jobs to execute...

[Sun Jun 20 12:29:13 2021]
rule iSNV_freq_distribut_RepeatRegionfilt:
    input: /shared/liuhj/HP/process/NGS_map2PersonResptGnm/table/P2/all.iSNV_with_SNP.pyResults.txt, /shared/liuhj/HP/process/Genome_repeatRegion
    output: /shared/liuhj/HP/process/NGS_map2PersonResptGnm/table/P2/SNVFreq_distribut_Stat_filtRepeat_0.1
    jobid: 48
    wildcards: person=P2

python  /shared/liuhj/HP/scripts/HP-microevolution/scripts/iSNV_calling/iSNVpy_Freq_distribut_Stat-filtRepeatRegion.py  -i /shared/liuhj/HP/process/NGS_map2PersonResptGnm/table/P2/all.iSNV_with_SNP.pyResults.txt /shared/liuhj/HP/process/Genome_repeatRegion -o  /shared/liuhj/HP/process/NGS_map2PersonResptGnm/table/P2/SNVFreq_distribut_Stat_filtRepeat_0.1  -R /shared/liuhj/HP/process/Genome_repeatRegion -m 0.1  -M 1.0  -s 2 -T NGS 
[Sun Jun 20 12:29:16 2021]
Finished job 48.
9 of 23 steps (39%) done
Select jobs to execute...

[Sun Jun 20 12:29:16 2021]
rule iSNV_freq_distribut_RepeatRegionfilt:
    input: /shared/liuhj/HP/process/NGS_map2PersonResptGnm/table/P10/all.iSNV_with_SNP.pyResults.txt, /shared/liuhj/HP/process/Genome_repeatRegion
    output: /shared/liuhj/HP/process/NGS_map2PersonResptGnm/table/P10/SNVFreq_distribut_Stat_filtRepeat_0.1
    jobid: 56
    wildcards: person=P10

python  /shared/liuhj/HP/scripts/HP-microevolution/scripts/iSNV_calling/iSNVpy_Freq_distribut_Stat-filtRepeatRegion.py  -i /shared/liuhj/HP/process/NGS_map2PersonResptGnm/table/P10/all.iSNV_with_SNP.pyResults.txt /shared/liuhj/HP/process/Genome_repeatRegion -o  /shared/liuhj/HP/process/NGS_map2PersonResptGnm/table/P10/SNVFreq_distribut_Stat_filtRepeat_0.1  -R /shared/liuhj/HP/process/Genome_repeatRegion -m 0.1  -M 1.0  -s 2 -T NGS 
[Sun Jun 20 12:29:18 2021]
Finished job 56.
10 of 23 steps (43%) done
Select jobs to execute...

[Sun Jun 20 12:29:18 2021]
rule iSNV_freq_distribut_RepeatRegionfilt:
    input: /shared/liuhj/HP/process/NGS_map2PersonResptGnm/table/P12/all.iSNV_with_SNP.pyResults.txt, /shared/liuhj/HP/process/Genome_repeatRegion
    output: /shared/liuhj/HP/process/NGS_map2PersonResptGnm/table/P12/SNVFreq_distribut_Stat_filtRepeat_0.1
    jobid: 58
    wildcards: person=P12

python  /shared/liuhj/HP/scripts/HP-microevolution/scripts/iSNV_calling/iSNVpy_Freq_distribut_Stat-filtRepeatRegion.py  -i /shared/liuhj/HP/process/NGS_map2PersonResptGnm/table/P12/all.iSNV_with_SNP.pyResults.txt /shared/liuhj/HP/process/Genome_repeatRegion -o  /shared/liuhj/HP/process/NGS_map2PersonResptGnm/table/P12/SNVFreq_distribut_Stat_filtRepeat_0.1  -R /shared/liuhj/HP/process/Genome_repeatRegion -m 0.1  -M 1.0  -s 2 -T NGS 
[Sun Jun 20 12:29:19 2021]
Finished job 58.
11 of 23 steps (48%) done
Select jobs to execute...

[Sun Jun 20 12:29:19 2021]
rule iSNV_freq_distribut_RepeatRegionfilt:
    input: /shared/liuhj/HP/process/NGS_map2PersonResptGnm/table/P16/all.iSNV_with_SNP.pyResults.txt, /shared/liuhj/HP/process/Genome_repeatRegion
    output: /shared/liuhj/HP/process/NGS_map2PersonResptGnm/table/P16/SNVFreq_distribut_Stat_filtRepeat_0.1
    jobid: 60
    wildcards: person=P16

python  /shared/liuhj/HP/scripts/HP-microevolution/scripts/iSNV_calling/iSNVpy_Freq_distribut_Stat-filtRepeatRegion.py  -i /shared/liuhj/HP/process/NGS_map2PersonResptGnm/table/P16/all.iSNV_with_SNP.pyResults.txt /shared/liuhj/HP/process/Genome_repeatRegion -o  /shared/liuhj/HP/process/NGS_map2PersonResptGnm/table/P16/SNVFreq_distribut_Stat_filtRepeat_0.1  -R /shared/liuhj/HP/process/Genome_repeatRegion -m 0.1  -M 1.0  -s 2 -T NGS 
[Sun Jun 20 12:29:21 2021]
Finished job 60.
12 of 23 steps (52%) done
Select jobs to execute...

[Sun Jun 20 12:29:21 2021]
rule iSNV_freq_distribut_RepeatRegionfilt:
    input: /shared/liuhj/HP/process/NGS_map2PersonResptGnm/table/P18/all.iSNV_with_SNP.pyResults.txt, /shared/liuhj/HP/process/Genome_repeatRegion
    output: /shared/liuhj/HP/process/NGS_map2PersonResptGnm/table/P18/SNVFreq_distribut_Stat_filtRepeat_0.1
    jobid: 62
    wildcards: person=P18

python  /shared/liuhj/HP/scripts/HP-microevolution/scripts/iSNV_calling/iSNVpy_Freq_distribut_Stat-filtRepeatRegion.py  -i /shared/liuhj/HP/process/NGS_map2PersonResptGnm/table/P18/all.iSNV_with_SNP.pyResults.txt /shared/liuhj/HP/process/Genome_repeatRegion -o  /shared/liuhj/HP/process/NGS_map2PersonResptGnm/table/P18/SNVFreq_distribut_Stat_filtRepeat_0.1  -R /shared/liuhj/HP/process/Genome_repeatRegion -m 0.1  -M 1.0  -s 2 -T NGS 
[Sun Jun 20 12:29:22 2021]
Finished job 62.
13 of 23 steps (57%) done
Select jobs to execute...

[Sun Jun 20 12:29:23 2021]
rule iSNV_freq_distribut_RepeatRegionfilt:
    input: /shared/liuhj/HP/process/NGS_map2PersonResptGnm/table/P5/all.iSNV_with_SNP.pyResults.txt, /shared/liuhj/HP/process/Genome_repeatRegion
    output: /shared/liuhj/HP/process/NGS_map2PersonResptGnm/table/P5/SNVFreq_distribut_Stat_filtRepeat_0.1
    jobid: 51
    wildcards: person=P5

python  /shared/liuhj/HP/scripts/HP-microevolution/scripts/iSNV_calling/iSNVpy_Freq_distribut_Stat-filtRepeatRegion.py  -i /shared/liuhj/HP/process/NGS_map2PersonResptGnm/table/P5/all.iSNV_with_SNP.pyResults.txt /shared/liuhj/HP/process/Genome_repeatRegion -o  /shared/liuhj/HP/process/NGS_map2PersonResptGnm/table/P5/SNVFreq_distribut_Stat_filtRepeat_0.1  -R /shared/liuhj/HP/process/Genome_repeatRegion -m 0.1  -M 1.0  -s 2 -T NGS 
[Sun Jun 20 12:29:24 2021]
Finished job 51.
14 of 23 steps (61%) done
Select jobs to execute...

[Sun Jun 20 12:29:24 2021]
rule iSNV_freq_distribut_RepeatRegionfilt:
    input: /shared/liuhj/HP/process/NGS_map2PersonResptGnm/table/P19/all.iSNV_with_SNP.pyResults.txt, /shared/liuhj/HP/process/Genome_repeatRegion
    output: /shared/liuhj/HP/process/NGS_map2PersonResptGnm/table/P19/SNVFreq_distribut_Stat_filtRepeat_0.1
    jobid: 63
    wildcards: person=P19

python  /shared/liuhj/HP/scripts/HP-microevolution/scripts/iSNV_calling/iSNVpy_Freq_distribut_Stat-filtRepeatRegion.py  -i /shared/liuhj/HP/process/NGS_map2PersonResptGnm/table/P19/all.iSNV_with_SNP.pyResults.txt /shared/liuhj/HP/process/Genome_repeatRegion -o  /shared/liuhj/HP/process/NGS_map2PersonResptGnm/table/P19/SNVFreq_distribut_Stat_filtRepeat_0.1  -R /shared/liuhj/HP/process/Genome_repeatRegion -m 0.1  -M 1.0  -s 2 -T NGS 
[Sun Jun 20 12:29:26 2021]
Finished job 63.
15 of 23 steps (65%) done
Select jobs to execute...

[Sun Jun 20 12:29:26 2021]
rule iSNV_freq_distribut_RepeatRegionfilt:
    input: /shared/liuhj/HP/process/NGS_map2PersonResptGnm/table/P3/all.iSNV_with_SNP.pyResults.txt, /shared/liuhj/HP/process/Genome_repeatRegion
    output: /shared/liuhj/HP/process/NGS_map2PersonResptGnm/table/P3/SNVFreq_distribut_Stat_filtRepeat_0.1
    jobid: 49
    wildcards: person=P3

python  /shared/liuhj/HP/scripts/HP-microevolution/scripts/iSNV_calling/iSNVpy_Freq_distribut_Stat-filtRepeatRegion.py  -i /shared/liuhj/HP/process/NGS_map2PersonResptGnm/table/P3/all.iSNV_with_SNP.pyResults.txt /shared/liuhj/HP/process/Genome_repeatRegion -o  /shared/liuhj/HP/process/NGS_map2PersonResptGnm/table/P3/SNVFreq_distribut_Stat_filtRepeat_0.1  -R /shared/liuhj/HP/process/Genome_repeatRegion -m 0.1  -M 1.0  -s 2 -T NGS 
[Sun Jun 20 12:29:28 2021]
Finished job 49.
16 of 23 steps (70%) done
Select jobs to execute...

[Sun Jun 20 12:29:28 2021]
rule iSNV_freq_distribut_RepeatRegionfilt:
    input: /shared/liuhj/HP/process/NGS_map2PersonResptGnm/table/P15/all.iSNV_with_SNP.pyResults.txt, /shared/liuhj/HP/process/Genome_repeatRegion
    output: /shared/liuhj/HP/process/NGS_map2PersonResptGnm/table/P15/SNVFreq_distribut_Stat_filtRepeat_0.1
    jobid: 59
    wildcards: person=P15

python  /shared/liuhj/HP/scripts/HP-microevolution/scripts/iSNV_calling/iSNVpy_Freq_distribut_Stat-filtRepeatRegion.py  -i /shared/liuhj/HP/process/NGS_map2PersonResptGnm/table/P15/all.iSNV_with_SNP.pyResults.txt /shared/liuhj/HP/process/Genome_repeatRegion -o  /shared/liuhj/HP/process/NGS_map2PersonResptGnm/table/P15/SNVFreq_distribut_Stat_filtRepeat_0.1  -R /shared/liuhj/HP/process/Genome_repeatRegion -m 0.1  -M 1.0  -s 2 -T NGS 
[Sun Jun 20 12:29:30 2021]
Finished job 59.
17 of 23 steps (74%) done
Select jobs to execute...

[Sun Jun 20 12:29:30 2021]
rule iSNV_freq_distribut_RepeatRegionfilt:
    input: /shared/liuhj/HP/process/NGS_map2PersonResptGnm/table/P11/all.iSNV_with_SNP.pyResults.txt, /shared/liuhj/HP/process/Genome_repeatRegion
    output: /shared/liuhj/HP/process/NGS_map2PersonResptGnm/table/P11/SNVFreq_distribut_Stat_filtRepeat_0.1
    jobid: 57
    wildcards: person=P11

python  /shared/liuhj/HP/scripts/HP-microevolution/scripts/iSNV_calling/iSNVpy_Freq_distribut_Stat-filtRepeatRegion.py  -i /shared/liuhj/HP/process/NGS_map2PersonResptGnm/table/P11/all.iSNV_with_SNP.pyResults.txt /shared/liuhj/HP/process/Genome_repeatRegion -o  /shared/liuhj/HP/process/NGS_map2PersonResptGnm/table/P11/SNVFreq_distribut_Stat_filtRepeat_0.1  -R /shared/liuhj/HP/process/Genome_repeatRegion -m 0.1  -M 1.0  -s 2 -T NGS 
[Sun Jun 20 12:29:31 2021]
Finished job 57.
18 of 23 steps (78%) done
Select jobs to execute...

[Sun Jun 20 12:29:31 2021]
rule iSNV_freq_distribut_RepeatRegionfilt:
    input: /shared/liuhj/HP/process/NGS_map2PersonResptGnm/table/P9/all.iSNV_with_SNP.pyResults.txt, /shared/liuhj/HP/process/Genome_repeatRegion
    output: /shared/liuhj/HP/process/NGS_map2PersonResptGnm/table/P9/SNVFreq_distribut_Stat_filtRepeat_0.1
    jobid: 55
    wildcards: person=P9

python  /shared/liuhj/HP/scripts/HP-microevolution/scripts/iSNV_calling/iSNVpy_Freq_distribut_Stat-filtRepeatRegion.py  -i /shared/liuhj/HP/process/NGS_map2PersonResptGnm/table/P9/all.iSNV_with_SNP.pyResults.txt /shared/liuhj/HP/process/Genome_repeatRegion -o  /shared/liuhj/HP/process/NGS_map2PersonResptGnm/table/P9/SNVFreq_distribut_Stat_filtRepeat_0.1  -R /shared/liuhj/HP/process/Genome_repeatRegion -m 0.1  -M 1.0  -s 2 -T NGS 
[Sun Jun 20 12:29:32 2021]
Finished job 55.
19 of 23 steps (83%) done
Select jobs to execute...

[Sun Jun 20 12:29:32 2021]
rule iSNV_freq_distribut_RepeatRegionfilt:
    input: /shared/liuhj/HP/process/NGS_map2PersonResptGnm/table/P25/all.iSNV_with_SNP.pyResults.txt, /shared/liuhj/HP/process/Genome_repeatRegion
    output: /shared/liuhj/HP/process/NGS_map2PersonResptGnm/table/P25/SNVFreq_distribut_Stat_filtRepeat_0.1
    jobid: 69
    wildcards: person=P25

python  /shared/liuhj/HP/scripts/HP-microevolution/scripts/iSNV_calling/iSNVpy_Freq_distribut_Stat-filtRepeatRegion.py  -i /shared/liuhj/HP/process/NGS_map2PersonResptGnm/table/P25/all.iSNV_with_SNP.pyResults.txt /shared/liuhj/HP/process/Genome_repeatRegion -o  /shared/liuhj/HP/process/NGS_map2PersonResptGnm/table/P25/SNVFreq_distribut_Stat_filtRepeat_0.1  -R /shared/liuhj/HP/process/Genome_repeatRegion -m 0.1  -M 1.0  -s 2 -T NGS 
[Sun Jun 20 12:29:34 2021]
Finished job 69.
20 of 23 steps (87%) done
Select jobs to execute...

[Sun Jun 20 12:29:34 2021]
rule iSNV_freq_distribut_RepeatRegionfilt:
    input: /shared/liuhj/HP/process/NGS_map2PersonResptGnm/table/P4/all.iSNV_with_SNP.pyResults.txt, /shared/liuhj/HP/process/Genome_repeatRegion
    output: /shared/liuhj/HP/process/NGS_map2PersonResptGnm/table/P4/SNVFreq_distribut_Stat_filtRepeat_0.1
    jobid: 50
    wildcards: person=P4

python  /shared/liuhj/HP/scripts/HP-microevolution/scripts/iSNV_calling/iSNVpy_Freq_distribut_Stat-filtRepeatRegion.py  -i /shared/liuhj/HP/process/NGS_map2PersonResptGnm/table/P4/all.iSNV_with_SNP.pyResults.txt /shared/liuhj/HP/process/Genome_repeatRegion -o  /shared/liuhj/HP/process/NGS_map2PersonResptGnm/table/P4/SNVFreq_distribut_Stat_filtRepeat_0.1  -R /shared/liuhj/HP/process/Genome_repeatRegion -m 0.1  -M 1.0  -s 2 -T NGS 
[Sun Jun 20 12:29:36 2021]
Finished job 50.
21 of 23 steps (91%) done
Select jobs to execute...

[Sun Jun 20 12:29:36 2021]
rule iSNV_freq_distribut_RepeatRegionfilt:
    input: /shared/liuhj/HP/process/NGS_map2PersonResptGnm/table/P7/all.iSNV_with_SNP.pyResults.txt, /shared/liuhj/HP/process/Genome_repeatRegion
    output: /shared/liuhj/HP/process/NGS_map2PersonResptGnm/table/P7/SNVFreq_distribut_Stat_filtRepeat_0.1
    jobid: 53
    wildcards: person=P7

python  /shared/liuhj/HP/scripts/HP-microevolution/scripts/iSNV_calling/iSNVpy_Freq_distribut_Stat-filtRepeatRegion.py  -i /shared/liuhj/HP/process/NGS_map2PersonResptGnm/table/P7/all.iSNV_with_SNP.pyResults.txt /shared/liuhj/HP/process/Genome_repeatRegion -o  /shared/liuhj/HP/process/NGS_map2PersonResptGnm/table/P7/SNVFreq_distribut_Stat_filtRepeat_0.1  -R /shared/liuhj/HP/process/Genome_repeatRegion -m 0.1  -M 1.0  -s 2 -T NGS 
[Sun Jun 20 12:29:38 2021]
Finished job 53.
22 of 23 steps (96%) done
Select jobs to execute...

[Sun Jun 20 12:29:38 2021]
localrule all:
    input: /shared/liuhj/HP/process/NGS_map2PersonResptGnm/table/P1/all.iSNV_with_SNP.pyResults.txt, /shared/liuhj/HP/process/NGS_map2PersonResptGnm/table/P2/all.iSNV_with_SNP.pyResults.txt, /shared/liuhj/HP/process/NGS_map2PersonResptGnm/table/P3/all.iSNV_with_SNP.pyResults.txt, /shared/liuhj/HP/process/NGS_map2PersonResptGnm/table/P4/all.iSNV_with_SNP.pyResults.txt, /shared/liuhj/HP/process/NGS_map2PersonResptGnm/table/P5/all.iSNV_with_SNP.pyResults.txt, /shared/liuhj/HP/process/NGS_map2PersonResptGnm/table/P6/all.iSNV_with_SNP.pyResults.txt, /shared/liuhj/HP/process/NGS_map2PersonResptGnm/table/P7/all.iSNV_with_SNP.pyResults.txt, /shared/liuhj/HP/process/NGS_map2PersonResptGnm/table/P8/all.iSNV_with_SNP.pyResults.txt, /shared/liuhj/HP/process/NGS_map2PersonResptGnm/table/P9/all.iSNV_with_SNP.pyResults.txt, /shared/liuhj/HP/process/NGS_map2PersonResptGnm/table/P10/all.iSNV_with_SNP.pyResults.txt, /shared/liuhj/HP/process/NGS_map2PersonResptGnm/table/P11/all.iSNV_with_SNP.pyResults.txt, /shared/liuhj/HP/process/NGS_map2PersonResptGnm/table/P12/all.iSNV_with_SNP.pyResults.txt, /shared/liuhj/HP/process/NGS_map2PersonResptGnm/table/P15/all.iSNV_with_SNP.pyResults.txt, /shared/liuhj/HP/process/NGS_map2PersonResptGnm/table/P16/all.iSNV_with_SNP.pyResults.txt, /shared/liuhj/HP/process/NGS_map2PersonResptGnm/table/P17/all.iSNV_with_SNP.pyResults.txt, /shared/liuhj/HP/process/NGS_map2PersonResptGnm/table/P18/all.iSNV_with_SNP.pyResults.txt, /shared/liuhj/HP/process/NGS_map2PersonResptGnm/table/P19/all.iSNV_with_SNP.pyResults.txt, /shared/liuhj/HP/process/NGS_map2PersonResptGnm/table/P20/all.iSNV_with_SNP.pyResults.txt, /shared/liuhj/HP/process/NGS_map2PersonResptGnm/table/P21/all.iSNV_with_SNP.pyResults.txt, /shared/liuhj/HP/process/NGS_map2PersonResptGnm/table/P22/all.iSNV_with_SNP.pyResults.txt, /shared/liuhj/HP/process/NGS_map2PersonResptGnm/table/P23/all.iSNV_with_SNP.pyResults.txt, /shared/liuhj/HP/process/NGS_map2PersonResptGnm/table/P24/all.iSNV_with_SNP.pyResults.txt, /shared/liuhj/HP/process/NGS_map2PersonResptGnm/table/P25/all.iSNV_with_SNP.pyResults.txt, /shared/liuhj/HP/process/NGS_map2PersonResptGnm/table/P1/vcf, /shared/liuhj/HP/process/NGS_map2PersonResptGnm/table/P2/vcf, /shared/liuhj/HP/process/NGS_map2PersonResptGnm/table/P3/vcf, /shared/liuhj/HP/process/NGS_map2PersonResptGnm/table/P4/vcf, /shared/liuhj/HP/process/NGS_map2PersonResptGnm/table/P5/vcf, /shared/liuhj/HP/process/NGS_map2PersonResptGnm/table/P6/vcf, /shared/liuhj/HP/process/NGS_map2PersonResptGnm/table/P7/vcf, /shared/liuhj/HP/process/NGS_map2PersonResptGnm/table/P8/vcf, /shared/liuhj/HP/process/NGS_map2PersonResptGnm/table/P9/vcf, /shared/liuhj/HP/process/NGS_map2PersonResptGnm/table/P10/vcf, /shared/liuhj/HP/process/NGS_map2PersonResptGnm/table/P11/vcf, /shared/liuhj/HP/process/NGS_map2PersonResptGnm/table/P12/vcf, /shared/liuhj/HP/process/NGS_map2PersonResptGnm/table/P15/vcf, /shared/liuhj/HP/process/NGS_map2PersonResptGnm/table/P16/vcf, /shared/liuhj/HP/process/NGS_map2PersonResptGnm/table/P17/vcf, /shared/liuhj/HP/process/NGS_map2PersonResptGnm/table/P18/vcf, /shared/liuhj/HP/process/NGS_map2PersonResptGnm/table/P19/vcf, /shared/liuhj/HP/process/NGS_map2PersonResptGnm/table/P20/vcf, /shared/liuhj/HP/process/NGS_map2PersonResptGnm/table/P21/vcf, /shared/liuhj/HP/process/NGS_map2PersonResptGnm/table/P22/vcf, /shared/liuhj/HP/process/NGS_map2PersonResptGnm/table/P23/vcf, /shared/liuhj/HP/process/NGS_map2PersonResptGnm/table/P24/vcf, /shared/liuhj/HP/process/NGS_map2PersonResptGnm/table/P25/vcf, /shared/liuhj/HP/process/NGS_map2PersonResptGnm/table/P1/SNVFreq_distribut_Stat_filtRepeat_0.1, /shared/liuhj/HP/process/NGS_map2PersonResptGnm/table/P2/SNVFreq_distribut_Stat_filtRepeat_0.1, /shared/liuhj/HP/process/NGS_map2PersonResptGnm/table/P3/SNVFreq_distribut_Stat_filtRepeat_0.1, /shared/liuhj/HP/process/NGS_map2PersonResptGnm/table/P4/SNVFreq_distribut_Stat_filtRepeat_0.1, /shared/liuhj/HP/process/NGS_map2PersonResptGnm/table/P5/SNVFreq_distribut_Stat_filtRepeat_0.1, /shared/liuhj/HP/process/NGS_map2PersonResptGnm/table/P6/SNVFreq_distribut_Stat_filtRepeat_0.1, /shared/liuhj/HP/process/NGS_map2PersonResptGnm/table/P7/SNVFreq_distribut_Stat_filtRepeat_0.1, /shared/liuhj/HP/process/NGS_map2PersonResptGnm/table/P8/SNVFreq_distribut_Stat_filtRepeat_0.1, /shared/liuhj/HP/process/NGS_map2PersonResptGnm/table/P9/SNVFreq_distribut_Stat_filtRepeat_0.1, /shared/liuhj/HP/process/NGS_map2PersonResptGnm/table/P10/SNVFreq_distribut_Stat_filtRepeat_0.1, /shared/liuhj/HP/process/NGS_map2PersonResptGnm/table/P11/SNVFreq_distribut_Stat_filtRepeat_0.1, /shared/liuhj/HP/process/NGS_map2PersonResptGnm/table/P12/SNVFreq_distribut_Stat_filtRepeat_0.1, /shared/liuhj/HP/process/NGS_map2PersonResptGnm/table/P15/SNVFreq_distribut_Stat_filtRepeat_0.1, /shared/liuhj/HP/process/NGS_map2PersonResptGnm/table/P16/SNVFreq_distribut_Stat_filtRepeat_0.1, /shared/liuhj/HP/process/NGS_map2PersonResptGnm/table/P17/SNVFreq_distribut_Stat_filtRepeat_0.1, /shared/liuhj/HP/process/NGS_map2PersonResptGnm/table/P18/SNVFreq_distribut_Stat_filtRepeat_0.1, /shared/liuhj/HP/process/NGS_map2PersonResptGnm/table/P19/SNVFreq_distribut_Stat_filtRepeat_0.1, /shared/liuhj/HP/process/NGS_map2PersonResptGnm/table/P20/SNVFreq_distribut_Stat_filtRepeat_0.1, /shared/liuhj/HP/process/NGS_map2PersonResptGnm/table/P21/SNVFreq_distribut_Stat_filtRepeat_0.1, /shared/liuhj/HP/process/NGS_map2PersonResptGnm/table/P22/SNVFreq_distribut_Stat_filtRepeat_0.1, /shared/liuhj/HP/process/NGS_map2PersonResptGnm/table/P23/SNVFreq_distribut_Stat_filtRepeat_0.1, /shared/liuhj/HP/process/NGS_map2PersonResptGnm/table/P24/SNVFreq_distribut_Stat_filtRepeat_0.1, /shared/liuhj/HP/process/NGS_map2PersonResptGnm/table/P25/SNVFreq_distribut_Stat_filtRepeat_0.1
    jobid: 0

[Sun Jun 20 12:29:38 2021]
Finished job 0.
23 of 23 steps (100%) done
Complete log: /shared/liuhj/HP/scripts/HP-microevolution/scripts/iSNV_calling/.snakemake/log/2021-06-20T122855.156749.snakemake.log
