Building DAG of jobs...
Using shell: /bin/bash
Provided cores: 1 (use --cores to define parallelism)
Rules claiming more threads will be scaled down.
Job counts:
	count	jobs
	1	all
	14	iSNV_freq_distribut_RepeatRegionfilt
	15
Select jobs to execute...

[Sun Jun 20 12:24:50 2021]
rule iSNV_freq_distribut_RepeatRegionfilt:
    input: /shared/liuhj/HP/process/CCS_map2PersonRespectSamp/table/P23/all.iSNV_with_SNP.pyResults.txt, /shared/liuhj/HP/process/Genome_repeatRegion
    output: /shared/liuhj/HP/process/CCS_map2PersonRespectSamp/table/P23/SNVFreq_distribut_Stat_filtRepeat_0.1
    jobid: 40
    wildcards: person=P23

python  /shared/liuhj/HP/scripts/HP-microevolution/scripts/iSNV_calling/iSNVpy_Freq_distribut_Stat-filtRepeatRegion.py  -i /shared/liuhj/HP/process/CCS_map2PersonRespectSamp/table/P23/all.iSNV_with_SNP.pyResults.txt /shared/liuhj/HP/process/Genome_repeatRegion -o  /shared/liuhj/HP/process/CCS_map2PersonRespectSamp/table/P23/SNVFreq_distribut_Stat_filtRepeat_0.1  -R /shared/liuhj/HP/process/Genome_repeatRegion -m 0.1  -M 1.0  -s 2 -T CCS 
[Sun Jun 20 12:24:52 2021]
Finished job 40.
1 of 15 steps (7%) done
Select jobs to execute...

[Sun Jun 20 12:24:52 2021]
rule iSNV_freq_distribut_RepeatRegionfilt:
    input: /shared/liuhj/HP/process/CCS_map2PersonRespectSamp/table/P25/all.iSNV_with_SNP.pyResults.txt, /shared/liuhj/HP/process/Genome_repeatRegion
    output: /shared/liuhj/HP/process/CCS_map2PersonRespectSamp/table/P25/SNVFreq_distribut_Stat_filtRepeat_0.1
    jobid: 42
    wildcards: person=P25

python  /shared/liuhj/HP/scripts/HP-microevolution/scripts/iSNV_calling/iSNVpy_Freq_distribut_Stat-filtRepeatRegion.py  -i /shared/liuhj/HP/process/CCS_map2PersonRespectSamp/table/P25/all.iSNV_with_SNP.pyResults.txt /shared/liuhj/HP/process/Genome_repeatRegion -o  /shared/liuhj/HP/process/CCS_map2PersonRespectSamp/table/P25/SNVFreq_distribut_Stat_filtRepeat_0.1  -R /shared/liuhj/HP/process/Genome_repeatRegion -m 0.1  -M 1.0  -s 2 -T CCS 
[Sun Jun 20 12:24:53 2021]
Finished job 42.
2 of 15 steps (13%) done
Select jobs to execute...

[Sun Jun 20 12:24:53 2021]
rule iSNV_freq_distribut_RepeatRegionfilt:
    input: /shared/liuhj/HP/process/CCS_map2PersonRespectSamp/table/P2/all.iSNV_with_SNP.pyResults.txt, /shared/liuhj/HP/process/Genome_repeatRegion
    output: /shared/liuhj/HP/process/CCS_map2PersonRespectSamp/table/P2/SNVFreq_distribut_Stat_filtRepeat_0.1
    jobid: 30
    wildcards: person=P2

python  /shared/liuhj/HP/scripts/HP-microevolution/scripts/iSNV_calling/iSNVpy_Freq_distribut_Stat-filtRepeatRegion.py  -i /shared/liuhj/HP/process/CCS_map2PersonRespectSamp/table/P2/all.iSNV_with_SNP.pyResults.txt /shared/liuhj/HP/process/Genome_repeatRegion -o  /shared/liuhj/HP/process/CCS_map2PersonRespectSamp/table/P2/SNVFreq_distribut_Stat_filtRepeat_0.1  -R /shared/liuhj/HP/process/Genome_repeatRegion -m 0.1  -M 1.0  -s 2 -T CCS 
[Sun Jun 20 12:24:54 2021]
Finished job 30.
3 of 15 steps (20%) done
Select jobs to execute...

[Sun Jun 20 12:24:54 2021]
rule iSNV_freq_distribut_RepeatRegionfilt:
    input: /shared/liuhj/HP/process/CCS_map2PersonRespectSamp/table/P5/all.iSNV_with_SNP.pyResults.txt, /shared/liuhj/HP/process/Genome_repeatRegion
    output: /shared/liuhj/HP/process/CCS_map2PersonRespectSamp/table/P5/SNVFreq_distribut_Stat_filtRepeat_0.1
    jobid: 32
    wildcards: person=P5

python  /shared/liuhj/HP/scripts/HP-microevolution/scripts/iSNV_calling/iSNVpy_Freq_distribut_Stat-filtRepeatRegion.py  -i /shared/liuhj/HP/process/CCS_map2PersonRespectSamp/table/P5/all.iSNV_with_SNP.pyResults.txt /shared/liuhj/HP/process/Genome_repeatRegion -o  /shared/liuhj/HP/process/CCS_map2PersonRespectSamp/table/P5/SNVFreq_distribut_Stat_filtRepeat_0.1  -R /shared/liuhj/HP/process/Genome_repeatRegion -m 0.1  -M 1.0  -s 2 -T CCS 
[Sun Jun 20 12:24:58 2021]
Finished job 32.
4 of 15 steps (27%) done
Select jobs to execute...

[Sun Jun 20 12:24:58 2021]
rule iSNV_freq_distribut_RepeatRegionfilt:
    input: /shared/liuhj/HP/process/CCS_map2PersonRespectSamp/table/P7/all.iSNV_with_SNP.pyResults.txt, /shared/liuhj/HP/process/Genome_repeatRegion
    output: /shared/liuhj/HP/process/CCS_map2PersonRespectSamp/table/P7/SNVFreq_distribut_Stat_filtRepeat_0.1
    jobid: 34
    wildcards: person=P7

python  /shared/liuhj/HP/scripts/HP-microevolution/scripts/iSNV_calling/iSNVpy_Freq_distribut_Stat-filtRepeatRegion.py  -i /shared/liuhj/HP/process/CCS_map2PersonRespectSamp/table/P7/all.iSNV_with_SNP.pyResults.txt /shared/liuhj/HP/process/Genome_repeatRegion -o  /shared/liuhj/HP/process/CCS_map2PersonRespectSamp/table/P7/SNVFreq_distribut_Stat_filtRepeat_0.1  -R /shared/liuhj/HP/process/Genome_repeatRegion -m 0.1  -M 1.0  -s 2 -T CCS 
[Sun Jun 20 12:24:59 2021]
Finished job 34.
5 of 15 steps (33%) done
Select jobs to execute...

[Sun Jun 20 12:24:59 2021]
rule iSNV_freq_distribut_RepeatRegionfilt:
    input: /shared/liuhj/HP/process/CCS_map2PersonRespectSamp/table/P20/all.iSNV_with_SNP.pyResults.txt, /shared/liuhj/HP/process/Genome_repeatRegion
    output: /shared/liuhj/HP/process/CCS_map2PersonRespectSamp/table/P20/SNVFreq_distribut_Stat_filtRepeat_0.1
    jobid: 37
    wildcards: person=P20

python  /shared/liuhj/HP/scripts/HP-microevolution/scripts/iSNV_calling/iSNVpy_Freq_distribut_Stat-filtRepeatRegion.py  -i /shared/liuhj/HP/process/CCS_map2PersonRespectSamp/table/P20/all.iSNV_with_SNP.pyResults.txt /shared/liuhj/HP/process/Genome_repeatRegion -o  /shared/liuhj/HP/process/CCS_map2PersonRespectSamp/table/P20/SNVFreq_distribut_Stat_filtRepeat_0.1  -R /shared/liuhj/HP/process/Genome_repeatRegion -m 0.1  -M 1.0  -s 2 -T CCS 
[Sun Jun 20 12:25:02 2021]
Finished job 37.
6 of 15 steps (40%) done
Select jobs to execute...

[Sun Jun 20 12:25:02 2021]
rule iSNV_freq_distribut_RepeatRegionfilt:
    input: /shared/liuhj/HP/process/CCS_map2PersonRespectSamp/table/P18/all.iSNV_with_SNP.pyResults.txt, /shared/liuhj/HP/process/Genome_repeatRegion
    output: /shared/liuhj/HP/process/CCS_map2PersonRespectSamp/table/P18/SNVFreq_distribut_Stat_filtRepeat_0.1
    jobid: 35
    wildcards: person=P18

python  /shared/liuhj/HP/scripts/HP-microevolution/scripts/iSNV_calling/iSNVpy_Freq_distribut_Stat-filtRepeatRegion.py  -i /shared/liuhj/HP/process/CCS_map2PersonRespectSamp/table/P18/all.iSNV_with_SNP.pyResults.txt /shared/liuhj/HP/process/Genome_repeatRegion -o  /shared/liuhj/HP/process/CCS_map2PersonRespectSamp/table/P18/SNVFreq_distribut_Stat_filtRepeat_0.1  -R /shared/liuhj/HP/process/Genome_repeatRegion -m 0.1  -M 1.0  -s 2 -T CCS 
[Sun Jun 20 12:25:04 2021]
Finished job 35.
7 of 15 steps (47%) done
Select jobs to execute...

[Sun Jun 20 12:25:04 2021]
rule iSNV_freq_distribut_RepeatRegionfilt:
    input: /shared/liuhj/HP/process/CCS_map2PersonRespectSamp/table/P6/all.iSNV_with_SNP.pyResults.txt, /shared/liuhj/HP/process/Genome_repeatRegion
    output: /shared/liuhj/HP/process/CCS_map2PersonRespectSamp/table/P6/SNVFreq_distribut_Stat_filtRepeat_0.1
    jobid: 33
    wildcards: person=P6

python  /shared/liuhj/HP/scripts/HP-microevolution/scripts/iSNV_calling/iSNVpy_Freq_distribut_Stat-filtRepeatRegion.py  -i /shared/liuhj/HP/process/CCS_map2PersonRespectSamp/table/P6/all.iSNV_with_SNP.pyResults.txt /shared/liuhj/HP/process/Genome_repeatRegion -o  /shared/liuhj/HP/process/CCS_map2PersonRespectSamp/table/P6/SNVFreq_distribut_Stat_filtRepeat_0.1  -R /shared/liuhj/HP/process/Genome_repeatRegion -m 0.1  -M 1.0  -s 2 -T CCS 
[Sun Jun 20 12:25:05 2021]
Finished job 33.
8 of 15 steps (53%) done
Select jobs to execute...

[Sun Jun 20 12:25:05 2021]
rule iSNV_freq_distribut_RepeatRegionfilt:
    input: /shared/liuhj/HP/process/CCS_map2PersonRespectSamp/table/P4/all.iSNV_with_SNP.pyResults.txt, /shared/liuhj/HP/process/Genome_repeatRegion
    output: /shared/liuhj/HP/process/CCS_map2PersonRespectSamp/table/P4/SNVFreq_distribut_Stat_filtRepeat_0.1
    jobid: 31
    wildcards: person=P4

python  /shared/liuhj/HP/scripts/HP-microevolution/scripts/iSNV_calling/iSNVpy_Freq_distribut_Stat-filtRepeatRegion.py  -i /shared/liuhj/HP/process/CCS_map2PersonRespectSamp/table/P4/all.iSNV_with_SNP.pyResults.txt /shared/liuhj/HP/process/Genome_repeatRegion -o  /shared/liuhj/HP/process/CCS_map2PersonRespectSamp/table/P4/SNVFreq_distribut_Stat_filtRepeat_0.1  -R /shared/liuhj/HP/process/Genome_repeatRegion -m 0.1  -M 1.0  -s 2 -T CCS 
[Sun Jun 20 12:25:07 2021]
Finished job 31.
9 of 15 steps (60%) done
Select jobs to execute...

[Sun Jun 20 12:25:07 2021]
rule iSNV_freq_distribut_RepeatRegionfilt:
    input: /shared/liuhj/HP/process/CCS_map2PersonRespectSamp/table/P1/all.iSNV_with_SNP.pyResults.txt, /shared/liuhj/HP/process/Genome_repeatRegion
    output: /shared/liuhj/HP/process/CCS_map2PersonRespectSamp/table/P1/SNVFreq_distribut_Stat_filtRepeat_0.1
    jobid: 29
    wildcards: person=P1

python  /shared/liuhj/HP/scripts/HP-microevolution/scripts/iSNV_calling/iSNVpy_Freq_distribut_Stat-filtRepeatRegion.py  -i /shared/liuhj/HP/process/CCS_map2PersonRespectSamp/table/P1/all.iSNV_with_SNP.pyResults.txt /shared/liuhj/HP/process/Genome_repeatRegion -o  /shared/liuhj/HP/process/CCS_map2PersonRespectSamp/table/P1/SNVFreq_distribut_Stat_filtRepeat_0.1  -R /shared/liuhj/HP/process/Genome_repeatRegion -m 0.1  -M 1.0  -s 2 -T CCS 
[Sun Jun 20 12:25:09 2021]
Finished job 29.
10 of 15 steps (67%) done
Select jobs to execute...

[Sun Jun 20 12:25:09 2021]
rule iSNV_freq_distribut_RepeatRegionfilt:
    input: /shared/liuhj/HP/process/CCS_map2PersonRespectSamp/table/P24/all.iSNV_with_SNP.pyResults.txt, /shared/liuhj/HP/process/Genome_repeatRegion
    output: /shared/liuhj/HP/process/CCS_map2PersonRespectSamp/table/P24/SNVFreq_distribut_Stat_filtRepeat_0.1
    jobid: 41
    wildcards: person=P24

python  /shared/liuhj/HP/scripts/HP-microevolution/scripts/iSNV_calling/iSNVpy_Freq_distribut_Stat-filtRepeatRegion.py  -i /shared/liuhj/HP/process/CCS_map2PersonRespectSamp/table/P24/all.iSNV_with_SNP.pyResults.txt /shared/liuhj/HP/process/Genome_repeatRegion -o  /shared/liuhj/HP/process/CCS_map2PersonRespectSamp/table/P24/SNVFreq_distribut_Stat_filtRepeat_0.1  -R /shared/liuhj/HP/process/Genome_repeatRegion -m 0.1  -M 1.0  -s 2 -T CCS 
[Sun Jun 20 12:25:11 2021]
Finished job 41.
11 of 15 steps (73%) done
Select jobs to execute...

[Sun Jun 20 12:25:11 2021]
rule iSNV_freq_distribut_RepeatRegionfilt:
    input: /shared/liuhj/HP/process/CCS_map2PersonRespectSamp/table/P22/all.iSNV_with_SNP.pyResults.txt, /shared/liuhj/HP/process/Genome_repeatRegion
    output: /shared/liuhj/HP/process/CCS_map2PersonRespectSamp/table/P22/SNVFreq_distribut_Stat_filtRepeat_0.1
    jobid: 39
    wildcards: person=P22

python  /shared/liuhj/HP/scripts/HP-microevolution/scripts/iSNV_calling/iSNVpy_Freq_distribut_Stat-filtRepeatRegion.py  -i /shared/liuhj/HP/process/CCS_map2PersonRespectSamp/table/P22/all.iSNV_with_SNP.pyResults.txt /shared/liuhj/HP/process/Genome_repeatRegion -o  /shared/liuhj/HP/process/CCS_map2PersonRespectSamp/table/P22/SNVFreq_distribut_Stat_filtRepeat_0.1  -R /shared/liuhj/HP/process/Genome_repeatRegion -m 0.1  -M 1.0  -s 2 -T CCS 
[Sun Jun 20 12:25:14 2021]
Finished job 39.
12 of 15 steps (80%) done
Select jobs to execute...

[Sun Jun 20 12:25:14 2021]
rule iSNV_freq_distribut_RepeatRegionfilt:
    input: /shared/liuhj/HP/process/CCS_map2PersonRespectSamp/table/P19/all.iSNV_with_SNP.pyResults.txt, /shared/liuhj/HP/process/Genome_repeatRegion
    output: /shared/liuhj/HP/process/CCS_map2PersonRespectSamp/table/P19/SNVFreq_distribut_Stat_filtRepeat_0.1
    jobid: 36
    wildcards: person=P19

python  /shared/liuhj/HP/scripts/HP-microevolution/scripts/iSNV_calling/iSNVpy_Freq_distribut_Stat-filtRepeatRegion.py  -i /shared/liuhj/HP/process/CCS_map2PersonRespectSamp/table/P19/all.iSNV_with_SNP.pyResults.txt /shared/liuhj/HP/process/Genome_repeatRegion -o  /shared/liuhj/HP/process/CCS_map2PersonRespectSamp/table/P19/SNVFreq_distribut_Stat_filtRepeat_0.1  -R /shared/liuhj/HP/process/Genome_repeatRegion -m 0.1  -M 1.0  -s 2 -T CCS 
[Sun Jun 20 12:25:15 2021]
Finished job 36.
13 of 15 steps (87%) done
Select jobs to execute...

[Sun Jun 20 12:25:15 2021]
rule iSNV_freq_distribut_RepeatRegionfilt:
    input: /shared/liuhj/HP/process/CCS_map2PersonRespectSamp/table/P21/all.iSNV_with_SNP.pyResults.txt, /shared/liuhj/HP/process/Genome_repeatRegion
    output: /shared/liuhj/HP/process/CCS_map2PersonRespectSamp/table/P21/SNVFreq_distribut_Stat_filtRepeat_0.1
    jobid: 38
    wildcards: person=P21

python  /shared/liuhj/HP/scripts/HP-microevolution/scripts/iSNV_calling/iSNVpy_Freq_distribut_Stat-filtRepeatRegion.py  -i /shared/liuhj/HP/process/CCS_map2PersonRespectSamp/table/P21/all.iSNV_with_SNP.pyResults.txt /shared/liuhj/HP/process/Genome_repeatRegion -o  /shared/liuhj/HP/process/CCS_map2PersonRespectSamp/table/P21/SNVFreq_distribut_Stat_filtRepeat_0.1  -R /shared/liuhj/HP/process/Genome_repeatRegion -m 0.1  -M 1.0  -s 2 -T CCS 
[Sun Jun 20 12:25:18 2021]
Finished job 38.
14 of 15 steps (93%) done
Select jobs to execute...

[Sun Jun 20 12:25:18 2021]
localrule all:
    input: /shared/liuhj/HP/process/CCS_map2PersonRespectSamp/table/P1/all.iSNV_with_SNP.pyResults.txt, /shared/liuhj/HP/process/CCS_map2PersonRespectSamp/table/P2/all.iSNV_with_SNP.pyResults.txt, /shared/liuhj/HP/process/CCS_map2PersonRespectSamp/table/P4/all.iSNV_with_SNP.pyResults.txt, /shared/liuhj/HP/process/CCS_map2PersonRespectSamp/table/P5/all.iSNV_with_SNP.pyResults.txt, /shared/liuhj/HP/process/CCS_map2PersonRespectSamp/table/P6/all.iSNV_with_SNP.pyResults.txt, /shared/liuhj/HP/process/CCS_map2PersonRespectSamp/table/P7/all.iSNV_with_SNP.pyResults.txt, /shared/liuhj/HP/process/CCS_map2PersonRespectSamp/table/P18/all.iSNV_with_SNP.pyResults.txt, /shared/liuhj/HP/process/CCS_map2PersonRespectSamp/table/P19/all.iSNV_with_SNP.pyResults.txt, /shared/liuhj/HP/process/CCS_map2PersonRespectSamp/table/P20/all.iSNV_with_SNP.pyResults.txt, /shared/liuhj/HP/process/CCS_map2PersonRespectSamp/table/P21/all.iSNV_with_SNP.pyResults.txt, /shared/liuhj/HP/process/CCS_map2PersonRespectSamp/table/P22/all.iSNV_with_SNP.pyResults.txt, /shared/liuhj/HP/process/CCS_map2PersonRespectSamp/table/P23/all.iSNV_with_SNP.pyResults.txt, /shared/liuhj/HP/process/CCS_map2PersonRespectSamp/table/P24/all.iSNV_with_SNP.pyResults.txt, /shared/liuhj/HP/process/CCS_map2PersonRespectSamp/table/P25/all.iSNV_with_SNP.pyResults.txt, /shared/liuhj/HP/process/CCS_map2PersonRespectSamp/table/P1/vcf, /shared/liuhj/HP/process/CCS_map2PersonRespectSamp/table/P2/vcf, /shared/liuhj/HP/process/CCS_map2PersonRespectSamp/table/P4/vcf, /shared/liuhj/HP/process/CCS_map2PersonRespectSamp/table/P5/vcf, /shared/liuhj/HP/process/CCS_map2PersonRespectSamp/table/P6/vcf, /shared/liuhj/HP/process/CCS_map2PersonRespectSamp/table/P7/vcf, /shared/liuhj/HP/process/CCS_map2PersonRespectSamp/table/P18/vcf, /shared/liuhj/HP/process/CCS_map2PersonRespectSamp/table/P19/vcf, /shared/liuhj/HP/process/CCS_map2PersonRespectSamp/table/P20/vcf, /shared/liuhj/HP/process/CCS_map2PersonRespectSamp/table/P21/vcf, /shared/liuhj/HP/process/CCS_map2PersonRespectSamp/table/P22/vcf, /shared/liuhj/HP/process/CCS_map2PersonRespectSamp/table/P23/vcf, /shared/liuhj/HP/process/CCS_map2PersonRespectSamp/table/P24/vcf, /shared/liuhj/HP/process/CCS_map2PersonRespectSamp/table/P25/vcf, /shared/liuhj/HP/process/CCS_map2PersonRespectSamp/table/P1/SNVFreq_distribut_Stat_filtRepeat_0.1, /shared/liuhj/HP/process/CCS_map2PersonRespectSamp/table/P2/SNVFreq_distribut_Stat_filtRepeat_0.1, /shared/liuhj/HP/process/CCS_map2PersonRespectSamp/table/P4/SNVFreq_distribut_Stat_filtRepeat_0.1, /shared/liuhj/HP/process/CCS_map2PersonRespectSamp/table/P5/SNVFreq_distribut_Stat_filtRepeat_0.1, /shared/liuhj/HP/process/CCS_map2PersonRespectSamp/table/P6/SNVFreq_distribut_Stat_filtRepeat_0.1, /shared/liuhj/HP/process/CCS_map2PersonRespectSamp/table/P7/SNVFreq_distribut_Stat_filtRepeat_0.1, /shared/liuhj/HP/process/CCS_map2PersonRespectSamp/table/P18/SNVFreq_distribut_Stat_filtRepeat_0.1, /shared/liuhj/HP/process/CCS_map2PersonRespectSamp/table/P19/SNVFreq_distribut_Stat_filtRepeat_0.1, /shared/liuhj/HP/process/CCS_map2PersonRespectSamp/table/P20/SNVFreq_distribut_Stat_filtRepeat_0.1, /shared/liuhj/HP/process/CCS_map2PersonRespectSamp/table/P21/SNVFreq_distribut_Stat_filtRepeat_0.1, /shared/liuhj/HP/process/CCS_map2PersonRespectSamp/table/P22/SNVFreq_distribut_Stat_filtRepeat_0.1, /shared/liuhj/HP/process/CCS_map2PersonRespectSamp/table/P23/SNVFreq_distribut_Stat_filtRepeat_0.1, /shared/liuhj/HP/process/CCS_map2PersonRespectSamp/table/P24/SNVFreq_distribut_Stat_filtRepeat_0.1, /shared/liuhj/HP/process/CCS_map2PersonRespectSamp/table/P25/SNVFreq_distribut_Stat_filtRepeat_0.1
    jobid: 0

[Sun Jun 20 12:25:18 2021]
Finished job 0.
15 of 15 steps (100%) done
Complete log: /shared/liuhj/HP/scripts/HP-microevolution/scripts/iSNV_calling/.snakemake/log/2021-06-20T122450.742564.snakemake.log
