Building DAG of jobs...
Using shell: /bin/bash
Provided cores: 1 (use --cores to define parallelism)
Rules claiming more threads will be scaled down.
Job counts:
	count	jobs
	1	all
	23	iSNV_freq_distribut_RepeatRegionfilt
	24
Select jobs to execute...

[Sat Jun 19 16:43:00 2021]
rule iSNV_freq_distribut_RepeatRegionfilt:
    input: /shared/liuhj/HP/process/NGS_map2PersonResptGnm/table/P25/all.iSNV_with_SNP.pyResults.txt, /shared/liuhj/HP/process/Genome_repeatRegion
    output: /shared/liuhj/HP/process/NGS_map2PersonResptGnm/table/P25/SNVFreq_distribut_Stat_filtRepeat
    jobid: 69
    wildcards: person=P25

python  /shared/liuhj/HP/scripts/HP-microevolution/scripts/iSNV_calling/iSNVpy_Freq_distribut_Stat-filtRepeatRegion.py  -i /shared/liuhj/HP/process/NGS_map2PersonResptGnm/table/P25/all.iSNV_with_SNP.pyResults.txt /shared/liuhj/HP/process/Genome_repeatRegion -o  /shared/liuhj/HP/process/NGS_map2PersonResptGnm/table/P25/SNVFreq_distribut_Stat_filtRepeat  -R /shared/liuhj/HP/process/Genome_repeatRegion -m 0.05  -M 1.0  -s 2  
[Sat Jun 19 16:43:01 2021]
Error in rule iSNV_freq_distribut_RepeatRegionfilt:
    jobid: 69
    output: /shared/liuhj/HP/process/NGS_map2PersonResptGnm/table/P25/SNVFreq_distribut_Stat_filtRepeat
    shell:
        python  /shared/liuhj/HP/scripts/HP-microevolution/scripts/iSNV_calling/iSNVpy_Freq_distribut_Stat-filtRepeatRegion.py  -i /shared/liuhj/HP/process/NGS_map2PersonResptGnm/table/P25/all.iSNV_with_SNP.pyResults.txt /shared/liuhj/HP/process/Genome_repeatRegion -o  /shared/liuhj/HP/process/NGS_map2PersonResptGnm/table/P25/SNVFreq_distribut_Stat_filtRepeat  -R /shared/liuhj/HP/process/Genome_repeatRegion -m 0.05  -M 1.0  -s 2  
        (one of the commands exited with non-zero exit code; note that snakemake uses bash strict mode!)

Removing output files of failed job iSNV_freq_distribut_RepeatRegionfilt since they might be corrupted:
/shared/liuhj/HP/process/NGS_map2PersonResptGnm/table/P25/SNVFreq_distribut_Stat_filtRepeat
Shutting down, this might take some time.
Exiting because a job execution failed. Look above for error message
Complete log: /shared/liuhj/HP/scripts/HP-microevolution/scripts/iSNV_calling/.snakemake/log/2021-06-19T164300.635780.snakemake.log
