Building DAG of jobs...
Using shell: /bin/bash
Provided cores: 1 (use --cores to define parallelism)
Rules claiming more threads will be scaled down.
Job counts:
	count	jobs
	1	all
	1	convert_iSNVpytable_To_vcf
	1	ntfreq_2_FreqBigtable
	3
Select jobs to execute...

[Fri May 28 18:10:14 2021]
rule ntfreq_2_FreqBigtable:
    input: /shared/liuhj/HP/process/NGS_map2PersonResptGnm/table/table_config/P11.ntfreq_file_list.txt, /shared/liuhj/HP/process/assembly/person_respectGnm/P11.respect.fasta
    output: /shared/liuhj/HP/process/NGS_map2PersonResptGnm/table/P11/all.iSNV_with_SNP.pyResults.txt, /shared/liuhj/HP/process/NGS_map2PersonResptGnm/table/P11/out.samps-ntfreq.bigtable.txt
    jobid: 1
    wildcards: person=P11

python /shared/liuhj/HP/scripts/HP-microevolution/scripts/iSNV_calling/step2_ntfreq_To_bigtables.py  -i  /shared/liuhj/HP/process/NGS_map2PersonResptGnm/table/table_config/P11.ntfreq_file_list.txt -r /shared/liuhj/HP/process/assembly/person_respectGnm/P11.respect.fasta  -o /shared/liuhj/HP/process/NGS_map2PersonResptGnm/table/P11  		-D  100 -A 5 -N 1000000 -F 0.02 -S 0.1 
[Fri May 28 18:10:37 2021]
Finished job 1.
1 of 3 steps (33%) done
Select jobs to execute...

[Fri May 28 18:10:37 2021]
rule convert_iSNVpytable_To_vcf:
    input: /shared/liuhj/HP/process/NGS_map2PersonResptGnm/table/P11/all.iSNV_with_SNP.pyResults.txt, /shared/liuhj/HP/process/NGS_map2PersonResptGnm/table/P11/out.samps-ntfreq.bigtable.txt, /shared/liuhj/HP/process/assembly/person_respectGnm/P11.respect.fasta
    output: /shared/liuhj/HP/process/NGS_map2PersonResptGnm/table/P11/vcf
    jobid: 2
    wildcards: person=P11

python  /shared/liuhj/HP/scripts/HP-microevolution/scripts/iSNV_calling/iSNVpy_iSNVtable_To_vcf.py   -i /shared/liuhj/HP/process/NGS_map2PersonResptGnm/table/P11/all.iSNV_with_SNP.pyResults.txt  		-n /shared/liuhj/HP/process/NGS_map2PersonResptGnm/table/P11/out.samps-ntfreq.bigtable.txt  -r  /shared/liuhj/HP/process/assembly/person_respectGnm/P11.respect.fasta -o  /shared/liuhj/HP/process/NGS_map2PersonResptGnm/table/P11/vcf -m 0.02  
[Fri May 28 18:10:55 2021]
Finished job 2.
2 of 3 steps (67%) done
Select jobs to execute...

[Fri May 28 18:10:55 2021]
localrule all:
    input: /shared/liuhj/HP/process/NGS_map2PersonResptGnm/table/P11/all.iSNV_with_SNP.pyResults.txt, /shared/liuhj/HP/process/NGS_map2PersonResptGnm/table/P11/vcf
    jobid: 0

[Fri May 28 18:10:55 2021]
Finished job 0.
3 of 3 steps (100%) done
Complete log: /shared/liuhj/HP/scripts/HP-microevolution/scripts/iSNV_calling/.snakemake/log/2021-05-28T181014.016109.snakemake.log
