Building DAG of jobs...
Using shell: /bin/bash
Provided cores: 1 (use --cores to define parallelism)
Rules claiming more threads will be scaled down.
Job counts:
	count	jobs
	1	all
	23	iSNV_freq_distribut_RepeatRegionfilt
	24
Select jobs to execute...

[Sun Jun 20 11:04:17 2021]
rule iSNV_freq_distribut_RepeatRegionfilt:
    input: /shared/liuhj/HP/process/NGS_map2PersonResptGnm/table/P23/all.iSNV_with_SNP.pyResults.txt, /shared/liuhj/HP/process/Genome_repeatRegion
    output: /shared/liuhj/HP/process/NGS_map2PersonResptGnm/table/P23/SNVFreq_distribut_Stat_filtRepeat_0.1
    jobid: 67
    wildcards: person=P23

python  /shared/liuhj/HP/scripts/HP-microevolution/scripts/iSNV_calling/iSNVpy_Freq_distribut_Stat-filtRepeatRegion.py  -i /shared/liuhj/HP/process/NGS_map2PersonResptGnm/table/P23/all.iSNV_with_SNP.pyResults.txt /shared/liuhj/HP/process/Genome_repeatRegion -o  /shared/liuhj/HP/process/NGS_map2PersonResptGnm/table/P23/SNVFreq_distribut_Stat_filtRepeat_0.1  -R /shared/liuhj/HP/process/Genome_repeatRegion -m 0.05  -M 1.0  -s 2 -T NGS 
[Sun Jun 20 11:04:18 2021]
Finished job 67.
1 of 24 steps (4%) done
Select jobs to execute...

[Sun Jun 20 11:04:18 2021]
rule iSNV_freq_distribut_RepeatRegionfilt:
    input: /shared/liuhj/HP/process/NGS_map2PersonResptGnm/table/P1/all.iSNV_with_SNP.pyResults.txt, /shared/liuhj/HP/process/Genome_repeatRegion
    output: /shared/liuhj/HP/process/NGS_map2PersonResptGnm/table/P1/SNVFreq_distribut_Stat_filtRepeat_0.1
    jobid: 47
    wildcards: person=P1

python  /shared/liuhj/HP/scripts/HP-microevolution/scripts/iSNV_calling/iSNVpy_Freq_distribut_Stat-filtRepeatRegion.py  -i /shared/liuhj/HP/process/NGS_map2PersonResptGnm/table/P1/all.iSNV_with_SNP.pyResults.txt /shared/liuhj/HP/process/Genome_repeatRegion -o  /shared/liuhj/HP/process/NGS_map2PersonResptGnm/table/P1/SNVFreq_distribut_Stat_filtRepeat_0.1  -R /shared/liuhj/HP/process/Genome_repeatRegion -m 0.05  -M 1.0  -s 2 -T NGS 
[Sun Jun 20 11:04:21 2021]
Finished job 47.
2 of 24 steps (8%) done
Select jobs to execute...

[Sun Jun 20 11:04:21 2021]
rule iSNV_freq_distribut_RepeatRegionfilt:
    input: /shared/liuhj/HP/process/NGS_map2PersonResptGnm/table/P17/all.iSNV_with_SNP.pyResults.txt, /shared/liuhj/HP/process/Genome_repeatRegion
    output: /shared/liuhj/HP/process/NGS_map2PersonResptGnm/table/P17/SNVFreq_distribut_Stat_filtRepeat_0.1
    jobid: 61
    wildcards: person=P17

python  /shared/liuhj/HP/scripts/HP-microevolution/scripts/iSNV_calling/iSNVpy_Freq_distribut_Stat-filtRepeatRegion.py  -i /shared/liuhj/HP/process/NGS_map2PersonResptGnm/table/P17/all.iSNV_with_SNP.pyResults.txt /shared/liuhj/HP/process/Genome_repeatRegion -o  /shared/liuhj/HP/process/NGS_map2PersonResptGnm/table/P17/SNVFreq_distribut_Stat_filtRepeat_0.1  -R /shared/liuhj/HP/process/Genome_repeatRegion -m 0.05  -M 1.0  -s 2 -T NGS 
[Sun Jun 20 11:04:23 2021]
Finished job 61.
3 of 24 steps (12%) done
Select jobs to execute...

[Sun Jun 20 11:04:23 2021]
rule iSNV_freq_distribut_RepeatRegionfilt:
    input: /shared/liuhj/HP/process/NGS_map2PersonResptGnm/table/P8/all.iSNV_with_SNP.pyResults.txt, /shared/liuhj/HP/process/Genome_repeatRegion
    output: /shared/liuhj/HP/process/NGS_map2PersonResptGnm/table/P8/SNVFreq_distribut_Stat_filtRepeat_0.1
    jobid: 54
    wildcards: person=P8

python  /shared/liuhj/HP/scripts/HP-microevolution/scripts/iSNV_calling/iSNVpy_Freq_distribut_Stat-filtRepeatRegion.py  -i /shared/liuhj/HP/process/NGS_map2PersonResptGnm/table/P8/all.iSNV_with_SNP.pyResults.txt /shared/liuhj/HP/process/Genome_repeatRegion -o  /shared/liuhj/HP/process/NGS_map2PersonResptGnm/table/P8/SNVFreq_distribut_Stat_filtRepeat_0.1  -R /shared/liuhj/HP/process/Genome_repeatRegion -m 0.05  -M 1.0  -s 2 -T NGS 
[Sun Jun 20 11:04:25 2021]
Finished job 54.
4 of 24 steps (17%) done
Select jobs to execute...

[Sun Jun 20 11:04:25 2021]
rule iSNV_freq_distribut_RepeatRegionfilt:
    input: /shared/liuhj/HP/process/NGS_map2PersonResptGnm/table/P24/all.iSNV_with_SNP.pyResults.txt, /shared/liuhj/HP/process/Genome_repeatRegion
    output: /shared/liuhj/HP/process/NGS_map2PersonResptGnm/table/P24/SNVFreq_distribut_Stat_filtRepeat_0.1
    jobid: 68
    wildcards: person=P24

python  /shared/liuhj/HP/scripts/HP-microevolution/scripts/iSNV_calling/iSNVpy_Freq_distribut_Stat-filtRepeatRegion.py  -i /shared/liuhj/HP/process/NGS_map2PersonResptGnm/table/P24/all.iSNV_with_SNP.pyResults.txt /shared/liuhj/HP/process/Genome_repeatRegion -o  /shared/liuhj/HP/process/NGS_map2PersonResptGnm/table/P24/SNVFreq_distribut_Stat_filtRepeat_0.1  -R /shared/liuhj/HP/process/Genome_repeatRegion -m 0.05  -M 1.0  -s 2 -T NGS 
[Sun Jun 20 11:04:27 2021]
Finished job 68.
5 of 24 steps (21%) done
Select jobs to execute...

[Sun Jun 20 11:04:27 2021]
rule iSNV_freq_distribut_RepeatRegionfilt:
    input: /shared/liuhj/HP/process/NGS_map2PersonResptGnm/table/P20/all.iSNV_with_SNP.pyResults.txt, /shared/liuhj/HP/process/Genome_repeatRegion
    output: /shared/liuhj/HP/process/NGS_map2PersonResptGnm/table/P20/SNVFreq_distribut_Stat_filtRepeat_0.1
    jobid: 64
    wildcards: person=P20

python  /shared/liuhj/HP/scripts/HP-microevolution/scripts/iSNV_calling/iSNVpy_Freq_distribut_Stat-filtRepeatRegion.py  -i /shared/liuhj/HP/process/NGS_map2PersonResptGnm/table/P20/all.iSNV_with_SNP.pyResults.txt /shared/liuhj/HP/process/Genome_repeatRegion -o  /shared/liuhj/HP/process/NGS_map2PersonResptGnm/table/P20/SNVFreq_distribut_Stat_filtRepeat_0.1  -R /shared/liuhj/HP/process/Genome_repeatRegion -m 0.05  -M 1.0  -s 2 -T NGS 
[Sun Jun 20 11:04:30 2021]
Finished job 64.
6 of 24 steps (25%) done
Select jobs to execute...

[Sun Jun 20 11:04:30 2021]
rule iSNV_freq_distribut_RepeatRegionfilt:
    input: /shared/liuhj/HP/process/NGS_map2PersonResptGnm/table/P6/all.iSNV_with_SNP.pyResults.txt, /shared/liuhj/HP/process/Genome_repeatRegion
    output: /shared/liuhj/HP/process/NGS_map2PersonResptGnm/table/P6/SNVFreq_distribut_Stat_filtRepeat_0.1
    jobid: 52
    wildcards: person=P6

python  /shared/liuhj/HP/scripts/HP-microevolution/scripts/iSNV_calling/iSNVpy_Freq_distribut_Stat-filtRepeatRegion.py  -i /shared/liuhj/HP/process/NGS_map2PersonResptGnm/table/P6/all.iSNV_with_SNP.pyResults.txt /shared/liuhj/HP/process/Genome_repeatRegion -o  /shared/liuhj/HP/process/NGS_map2PersonResptGnm/table/P6/SNVFreq_distribut_Stat_filtRepeat_0.1  -R /shared/liuhj/HP/process/Genome_repeatRegion -m 0.05  -M 1.0  -s 2 -T NGS 
[Sun Jun 20 11:04:31 2021]
Finished job 52.
7 of 24 steps (29%) done
Select jobs to execute...

[Sun Jun 20 11:04:31 2021]
rule iSNV_freq_distribut_RepeatRegionfilt:
    input: /shared/liuhj/HP/process/NGS_map2PersonResptGnm/table/P22/all.iSNV_with_SNP.pyResults.txt, /shared/liuhj/HP/process/Genome_repeatRegion
    output: /shared/liuhj/HP/process/NGS_map2PersonResptGnm/table/P22/SNVFreq_distribut_Stat_filtRepeat_0.1
    jobid: 66
    wildcards: person=P22

python  /shared/liuhj/HP/scripts/HP-microevolution/scripts/iSNV_calling/iSNVpy_Freq_distribut_Stat-filtRepeatRegion.py  -i /shared/liuhj/HP/process/NGS_map2PersonResptGnm/table/P22/all.iSNV_with_SNP.pyResults.txt /shared/liuhj/HP/process/Genome_repeatRegion -o  /shared/liuhj/HP/process/NGS_map2PersonResptGnm/table/P22/SNVFreq_distribut_Stat_filtRepeat_0.1  -R /shared/liuhj/HP/process/Genome_repeatRegion -m 0.05  -M 1.0  -s 2 -T NGS 
[Sun Jun 20 11:04:33 2021]
Finished job 66.
8 of 24 steps (33%) done
Select jobs to execute...

[Sun Jun 20 11:04:33 2021]
rule iSNV_freq_distribut_RepeatRegionfilt:
    input: /shared/liuhj/HP/process/NGS_map2PersonResptGnm/table/P5/all.iSNV_with_SNP.pyResults.txt, /shared/liuhj/HP/process/Genome_repeatRegion
    output: /shared/liuhj/HP/process/NGS_map2PersonResptGnm/table/P5/SNVFreq_distribut_Stat_filtRepeat_0.1
    jobid: 51
    wildcards: person=P5

python  /shared/liuhj/HP/scripts/HP-microevolution/scripts/iSNV_calling/iSNVpy_Freq_distribut_Stat-filtRepeatRegion.py  -i /shared/liuhj/HP/process/NGS_map2PersonResptGnm/table/P5/all.iSNV_with_SNP.pyResults.txt /shared/liuhj/HP/process/Genome_repeatRegion -o  /shared/liuhj/HP/process/NGS_map2PersonResptGnm/table/P5/SNVFreq_distribut_Stat_filtRepeat_0.1  -R /shared/liuhj/HP/process/Genome_repeatRegion -m 0.05  -M 1.0  -s 2 -T NGS 
[Sun Jun 20 11:04:35 2021]
Finished job 51.
9 of 24 steps (38%) done
Select jobs to execute...

[Sun Jun 20 11:04:35 2021]
rule iSNV_freq_distribut_RepeatRegionfilt:
    input: /shared/liuhj/HP/process/NGS_map2PersonResptGnm/table/P21/all.iSNV_with_SNP.pyResults.txt, /shared/liuhj/HP/process/Genome_repeatRegion
    output: /shared/liuhj/HP/process/NGS_map2PersonResptGnm/table/P21/SNVFreq_distribut_Stat_filtRepeat_0.1
    jobid: 65
    wildcards: person=P21

python  /shared/liuhj/HP/scripts/HP-microevolution/scripts/iSNV_calling/iSNVpy_Freq_distribut_Stat-filtRepeatRegion.py  -i /shared/liuhj/HP/process/NGS_map2PersonResptGnm/table/P21/all.iSNV_with_SNP.pyResults.txt /shared/liuhj/HP/process/Genome_repeatRegion -o  /shared/liuhj/HP/process/NGS_map2PersonResptGnm/table/P21/SNVFreq_distribut_Stat_filtRepeat_0.1  -R /shared/liuhj/HP/process/Genome_repeatRegion -m 0.05  -M 1.0  -s 2 -T NGS 
[Sun Jun 20 11:04:38 2021]
Finished job 65.
10 of 24 steps (42%) done
Select jobs to execute...

[Sun Jun 20 11:04:38 2021]
rule iSNV_freq_distribut_RepeatRegionfilt:
    input: /shared/liuhj/HP/process/NGS_map2PersonResptGnm/table/P10/all.iSNV_with_SNP.pyResults.txt, /shared/liuhj/HP/process/Genome_repeatRegion
    output: /shared/liuhj/HP/process/NGS_map2PersonResptGnm/table/P10/SNVFreq_distribut_Stat_filtRepeat_0.1
    jobid: 56
    wildcards: person=P10

python  /shared/liuhj/HP/scripts/HP-microevolution/scripts/iSNV_calling/iSNVpy_Freq_distribut_Stat-filtRepeatRegion.py  -i /shared/liuhj/HP/process/NGS_map2PersonResptGnm/table/P10/all.iSNV_with_SNP.pyResults.txt /shared/liuhj/HP/process/Genome_repeatRegion -o  /shared/liuhj/HP/process/NGS_map2PersonResptGnm/table/P10/SNVFreq_distribut_Stat_filtRepeat_0.1  -R /shared/liuhj/HP/process/Genome_repeatRegion -m 0.05  -M 1.0  -s 2 -T NGS 
[Sun Jun 20 11:04:40 2021]
Finished job 56.
11 of 24 steps (46%) done
Select jobs to execute...

[Sun Jun 20 11:04:40 2021]
rule iSNV_freq_distribut_RepeatRegionfilt:
    input: /shared/liuhj/HP/process/NGS_map2PersonResptGnm/table/P12/all.iSNV_with_SNP.pyResults.txt, /shared/liuhj/HP/process/Genome_repeatRegion
    output: /shared/liuhj/HP/process/NGS_map2PersonResptGnm/table/P12/SNVFreq_distribut_Stat_filtRepeat_0.1
    jobid: 58
    wildcards: person=P12

python  /shared/liuhj/HP/scripts/HP-microevolution/scripts/iSNV_calling/iSNVpy_Freq_distribut_Stat-filtRepeatRegion.py  -i /shared/liuhj/HP/process/NGS_map2PersonResptGnm/table/P12/all.iSNV_with_SNP.pyResults.txt /shared/liuhj/HP/process/Genome_repeatRegion -o  /shared/liuhj/HP/process/NGS_map2PersonResptGnm/table/P12/SNVFreq_distribut_Stat_filtRepeat_0.1  -R /shared/liuhj/HP/process/Genome_repeatRegion -m 0.05  -M 1.0  -s 2 -T NGS 
[Sun Jun 20 11:04:41 2021]
Finished job 58.
12 of 24 steps (50%) done
Select jobs to execute...

[Sun Jun 20 11:04:41 2021]
rule iSNV_freq_distribut_RepeatRegionfilt:
    input: /shared/liuhj/HP/process/NGS_map2PersonResptGnm/table/P16/all.iSNV_with_SNP.pyResults.txt, /shared/liuhj/HP/process/Genome_repeatRegion
    output: /shared/liuhj/HP/process/NGS_map2PersonResptGnm/table/P16/SNVFreq_distribut_Stat_filtRepeat_0.1
    jobid: 60
    wildcards: person=P16

python  /shared/liuhj/HP/scripts/HP-microevolution/scripts/iSNV_calling/iSNVpy_Freq_distribut_Stat-filtRepeatRegion.py  -i /shared/liuhj/HP/process/NGS_map2PersonResptGnm/table/P16/all.iSNV_with_SNP.pyResults.txt /shared/liuhj/HP/process/Genome_repeatRegion -o  /shared/liuhj/HP/process/NGS_map2PersonResptGnm/table/P16/SNVFreq_distribut_Stat_filtRepeat_0.1  -R /shared/liuhj/HP/process/Genome_repeatRegion -m 0.05  -M 1.0  -s 2 -T NGS 
[Sun Jun 20 11:04:43 2021]
Finished job 60.
13 of 24 steps (54%) done
Select jobs to execute...

[Sun Jun 20 11:04:43 2021]
rule iSNV_freq_distribut_RepeatRegionfilt:
    input: /shared/liuhj/HP/process/NGS_map2PersonResptGnm/table/P18/all.iSNV_with_SNP.pyResults.txt, /shared/liuhj/HP/process/Genome_repeatRegion
    output: /shared/liuhj/HP/process/NGS_map2PersonResptGnm/table/P18/SNVFreq_distribut_Stat_filtRepeat_0.1
    jobid: 62
    wildcards: person=P18

python  /shared/liuhj/HP/scripts/HP-microevolution/scripts/iSNV_calling/iSNVpy_Freq_distribut_Stat-filtRepeatRegion.py  -i /shared/liuhj/HP/process/NGS_map2PersonResptGnm/table/P18/all.iSNV_with_SNP.pyResults.txt /shared/liuhj/HP/process/Genome_repeatRegion -o  /shared/liuhj/HP/process/NGS_map2PersonResptGnm/table/P18/SNVFreq_distribut_Stat_filtRepeat_0.1  -R /shared/liuhj/HP/process/Genome_repeatRegion -m 0.05  -M 1.0  -s 2 -T NGS 
[Sun Jun 20 11:04:44 2021]
Finished job 62.
14 of 24 steps (58%) done
Select jobs to execute...

[Sun Jun 20 11:04:44 2021]
rule iSNV_freq_distribut_RepeatRegionfilt:
    input: /shared/liuhj/HP/process/NGS_map2PersonResptGnm/table/P2/all.iSNV_with_SNP.pyResults.txt, /shared/liuhj/HP/process/Genome_repeatRegion
    output: /shared/liuhj/HP/process/NGS_map2PersonResptGnm/table/P2/SNVFreq_distribut_Stat_filtRepeat_0.1
    jobid: 48
    wildcards: person=P2

python  /shared/liuhj/HP/scripts/HP-microevolution/scripts/iSNV_calling/iSNVpy_Freq_distribut_Stat-filtRepeatRegion.py  -i /shared/liuhj/HP/process/NGS_map2PersonResptGnm/table/P2/all.iSNV_with_SNP.pyResults.txt /shared/liuhj/HP/process/Genome_repeatRegion -o  /shared/liuhj/HP/process/NGS_map2PersonResptGnm/table/P2/SNVFreq_distribut_Stat_filtRepeat_0.1  -R /shared/liuhj/HP/process/Genome_repeatRegion -m 0.05  -M 1.0  -s 2 -T NGS 
[Sun Jun 20 11:04:47 2021]
Finished job 48.
15 of 24 steps (62%) done
Select jobs to execute...

[Sun Jun 20 11:04:47 2021]
rule iSNV_freq_distribut_RepeatRegionfilt:
    input: /shared/liuhj/HP/process/NGS_map2PersonResptGnm/table/P19/all.iSNV_with_SNP.pyResults.txt, /shared/liuhj/HP/process/Genome_repeatRegion
    output: /shared/liuhj/HP/process/NGS_map2PersonResptGnm/table/P19/SNVFreq_distribut_Stat_filtRepeat_0.1
    jobid: 63
    wildcards: person=P19

python  /shared/liuhj/HP/scripts/HP-microevolution/scripts/iSNV_calling/iSNVpy_Freq_distribut_Stat-filtRepeatRegion.py  -i /shared/liuhj/HP/process/NGS_map2PersonResptGnm/table/P19/all.iSNV_with_SNP.pyResults.txt /shared/liuhj/HP/process/Genome_repeatRegion -o  /shared/liuhj/HP/process/NGS_map2PersonResptGnm/table/P19/SNVFreq_distribut_Stat_filtRepeat_0.1  -R /shared/liuhj/HP/process/Genome_repeatRegion -m 0.05  -M 1.0  -s 2 -T NGS 
[Sun Jun 20 11:04:48 2021]
Finished job 63.
16 of 24 steps (67%) done
Select jobs to execute...

[Sun Jun 20 11:04:49 2021]
rule iSNV_freq_distribut_RepeatRegionfilt:
    input: /shared/liuhj/HP/process/NGS_map2PersonResptGnm/table/P3/all.iSNV_with_SNP.pyResults.txt, /shared/liuhj/HP/process/Genome_repeatRegion
    output: /shared/liuhj/HP/process/NGS_map2PersonResptGnm/table/P3/SNVFreq_distribut_Stat_filtRepeat_0.1
    jobid: 49
    wildcards: person=P3

python  /shared/liuhj/HP/scripts/HP-microevolution/scripts/iSNV_calling/iSNVpy_Freq_distribut_Stat-filtRepeatRegion.py  -i /shared/liuhj/HP/process/NGS_map2PersonResptGnm/table/P3/all.iSNV_with_SNP.pyResults.txt /shared/liuhj/HP/process/Genome_repeatRegion -o  /shared/liuhj/HP/process/NGS_map2PersonResptGnm/table/P3/SNVFreq_distribut_Stat_filtRepeat_0.1  -R /shared/liuhj/HP/process/Genome_repeatRegion -m 0.05  -M 1.0  -s 2 -T NGS 
[Sun Jun 20 11:04:50 2021]
Finished job 49.
17 of 24 steps (71%) done
Select jobs to execute...

[Sun Jun 20 11:04:50 2021]
rule iSNV_freq_distribut_RepeatRegionfilt:
    input: /shared/liuhj/HP/process/NGS_map2PersonResptGnm/table/P15/all.iSNV_with_SNP.pyResults.txt, /shared/liuhj/HP/process/Genome_repeatRegion
    output: /shared/liuhj/HP/process/NGS_map2PersonResptGnm/table/P15/SNVFreq_distribut_Stat_filtRepeat_0.1
    jobid: 59
    wildcards: person=P15

python  /shared/liuhj/HP/scripts/HP-microevolution/scripts/iSNV_calling/iSNVpy_Freq_distribut_Stat-filtRepeatRegion.py  -i /shared/liuhj/HP/process/NGS_map2PersonResptGnm/table/P15/all.iSNV_with_SNP.pyResults.txt /shared/liuhj/HP/process/Genome_repeatRegion -o  /shared/liuhj/HP/process/NGS_map2PersonResptGnm/table/P15/SNVFreq_distribut_Stat_filtRepeat_0.1  -R /shared/liuhj/HP/process/Genome_repeatRegion -m 0.05  -M 1.0  -s 2 -T NGS 
[Sun Jun 20 11:04:52 2021]
Finished job 59.
18 of 24 steps (75%) done
Select jobs to execute...

[Sun Jun 20 11:04:52 2021]
rule iSNV_freq_distribut_RepeatRegionfilt:
    input: /shared/liuhj/HP/process/NGS_map2PersonResptGnm/table/P11/all.iSNV_with_SNP.pyResults.txt, /shared/liuhj/HP/process/Genome_repeatRegion
    output: /shared/liuhj/HP/process/NGS_map2PersonResptGnm/table/P11/SNVFreq_distribut_Stat_filtRepeat_0.1
    jobid: 57
    wildcards: person=P11

python  /shared/liuhj/HP/scripts/HP-microevolution/scripts/iSNV_calling/iSNVpy_Freq_distribut_Stat-filtRepeatRegion.py  -i /shared/liuhj/HP/process/NGS_map2PersonResptGnm/table/P11/all.iSNV_with_SNP.pyResults.txt /shared/liuhj/HP/process/Genome_repeatRegion -o  /shared/liuhj/HP/process/NGS_map2PersonResptGnm/table/P11/SNVFreq_distribut_Stat_filtRepeat_0.1  -R /shared/liuhj/HP/process/Genome_repeatRegion -m 0.05  -M 1.0  -s 2 -T NGS 
[Sun Jun 20 11:04:53 2021]
Finished job 57.
19 of 24 steps (79%) done
Select jobs to execute...

[Sun Jun 20 11:04:53 2021]
rule iSNV_freq_distribut_RepeatRegionfilt:
    input: /shared/liuhj/HP/process/NGS_map2PersonResptGnm/table/P9/all.iSNV_with_SNP.pyResults.txt, /shared/liuhj/HP/process/Genome_repeatRegion
    output: /shared/liuhj/HP/process/NGS_map2PersonResptGnm/table/P9/SNVFreq_distribut_Stat_filtRepeat_0.1
    jobid: 55
    wildcards: person=P9

python  /shared/liuhj/HP/scripts/HP-microevolution/scripts/iSNV_calling/iSNVpy_Freq_distribut_Stat-filtRepeatRegion.py  -i /shared/liuhj/HP/process/NGS_map2PersonResptGnm/table/P9/all.iSNV_with_SNP.pyResults.txt /shared/liuhj/HP/process/Genome_repeatRegion -o  /shared/liuhj/HP/process/NGS_map2PersonResptGnm/table/P9/SNVFreq_distribut_Stat_filtRepeat_0.1  -R /shared/liuhj/HP/process/Genome_repeatRegion -m 0.05  -M 1.0  -s 2 -T NGS 
[Sun Jun 20 11:04:55 2021]
Finished job 55.
20 of 24 steps (83%) done
Select jobs to execute...

[Sun Jun 20 11:04:55 2021]
rule iSNV_freq_distribut_RepeatRegionfilt:
    input: /shared/liuhj/HP/process/NGS_map2PersonResptGnm/table/P25/all.iSNV_with_SNP.pyResults.txt, /shared/liuhj/HP/process/Genome_repeatRegion
    output: /shared/liuhj/HP/process/NGS_map2PersonResptGnm/table/P25/SNVFreq_distribut_Stat_filtRepeat_0.1
    jobid: 69
    wildcards: person=P25

python  /shared/liuhj/HP/scripts/HP-microevolution/scripts/iSNV_calling/iSNVpy_Freq_distribut_Stat-filtRepeatRegion.py  -i /shared/liuhj/HP/process/NGS_map2PersonResptGnm/table/P25/all.iSNV_with_SNP.pyResults.txt /shared/liuhj/HP/process/Genome_repeatRegion -o  /shared/liuhj/HP/process/NGS_map2PersonResptGnm/table/P25/SNVFreq_distribut_Stat_filtRepeat_0.1  -R /shared/liuhj/HP/process/Genome_repeatRegion -m 0.05  -M 1.0  -s 2 -T NGS 
[Sun Jun 20 11:04:56 2021]
Finished job 69.
21 of 24 steps (88%) done
Select jobs to execute...

[Sun Jun 20 11:04:56 2021]
rule iSNV_freq_distribut_RepeatRegionfilt:
    input: /shared/liuhj/HP/process/NGS_map2PersonResptGnm/table/P4/all.iSNV_with_SNP.pyResults.txt, /shared/liuhj/HP/process/Genome_repeatRegion
    output: /shared/liuhj/HP/process/NGS_map2PersonResptGnm/table/P4/SNVFreq_distribut_Stat_filtRepeat_0.1
    jobid: 50
    wildcards: person=P4

python  /shared/liuhj/HP/scripts/HP-microevolution/scripts/iSNV_calling/iSNVpy_Freq_distribut_Stat-filtRepeatRegion.py  -i /shared/liuhj/HP/process/NGS_map2PersonResptGnm/table/P4/all.iSNV_with_SNP.pyResults.txt /shared/liuhj/HP/process/Genome_repeatRegion -o  /shared/liuhj/HP/process/NGS_map2PersonResptGnm/table/P4/SNVFreq_distribut_Stat_filtRepeat_0.1  -R /shared/liuhj/HP/process/Genome_repeatRegion -m 0.05  -M 1.0  -s 2 -T NGS 
[Sun Jun 20 11:04:58 2021]
Finished job 50.
22 of 24 steps (92%) done
Select jobs to execute...

[Sun Jun 20 11:04:58 2021]
rule iSNV_freq_distribut_RepeatRegionfilt:
    input: /shared/liuhj/HP/process/NGS_map2PersonResptGnm/table/P7/all.iSNV_with_SNP.pyResults.txt, /shared/liuhj/HP/process/Genome_repeatRegion
    output: /shared/liuhj/HP/process/NGS_map2PersonResptGnm/table/P7/SNVFreq_distribut_Stat_filtRepeat_0.1
    jobid: 53
    wildcards: person=P7

python  /shared/liuhj/HP/scripts/HP-microevolution/scripts/iSNV_calling/iSNVpy_Freq_distribut_Stat-filtRepeatRegion.py  -i /shared/liuhj/HP/process/NGS_map2PersonResptGnm/table/P7/all.iSNV_with_SNP.pyResults.txt /shared/liuhj/HP/process/Genome_repeatRegion -o  /shared/liuhj/HP/process/NGS_map2PersonResptGnm/table/P7/SNVFreq_distribut_Stat_filtRepeat_0.1  -R /shared/liuhj/HP/process/Genome_repeatRegion -m 0.05  -M 1.0  -s 2 -T NGS 
[Sun Jun 20 11:05:00 2021]
Finished job 53.
23 of 24 steps (96%) done
Select jobs to execute...

[Sun Jun 20 11:05:00 2021]
localrule all:
    input: /shared/liuhj/HP/process/NGS_map2PersonResptGnm/table/P1/all.iSNV_with_SNP.pyResults.txt, /shared/liuhj/HP/process/NGS_map2PersonResptGnm/table/P2/all.iSNV_with_SNP.pyResults.txt, /shared/liuhj/HP/process/NGS_map2PersonResptGnm/table/P3/all.iSNV_with_SNP.pyResults.txt, /shared/liuhj/HP/process/NGS_map2PersonResptGnm/table/P4/all.iSNV_with_SNP.pyResults.txt, /shared/liuhj/HP/process/NGS_map2PersonResptGnm/table/P5/all.iSNV_with_SNP.pyResults.txt, /shared/liuhj/HP/process/NGS_map2PersonResptGnm/table/P6/all.iSNV_with_SNP.pyResults.txt, /shared/liuhj/HP/process/NGS_map2PersonResptGnm/table/P7/all.iSNV_with_SNP.pyResults.txt, /shared/liuhj/HP/process/NGS_map2PersonResptGnm/table/P8/all.iSNV_with_SNP.pyResults.txt, /shared/liuhj/HP/process/NGS_map2PersonResptGnm/table/P9/all.iSNV_with_SNP.pyResults.txt, /shared/liuhj/HP/process/NGS_map2PersonResptGnm/table/P10/all.iSNV_with_SNP.pyResults.txt, /shared/liuhj/HP/process/NGS_map2PersonResptGnm/table/P11/all.iSNV_with_SNP.pyResults.txt, /shared/liuhj/HP/process/NGS_map2PersonResptGnm/table/P12/all.iSNV_with_SNP.pyResults.txt, /shared/liuhj/HP/process/NGS_map2PersonResptGnm/table/P15/all.iSNV_with_SNP.pyResults.txt, /shared/liuhj/HP/process/NGS_map2PersonResptGnm/table/P16/all.iSNV_with_SNP.pyResults.txt, /shared/liuhj/HP/process/NGS_map2PersonResptGnm/table/P17/all.iSNV_with_SNP.pyResults.txt, /shared/liuhj/HP/process/NGS_map2PersonResptGnm/table/P18/all.iSNV_with_SNP.pyResults.txt, /shared/liuhj/HP/process/NGS_map2PersonResptGnm/table/P19/all.iSNV_with_SNP.pyResults.txt, /shared/liuhj/HP/process/NGS_map2PersonResptGnm/table/P20/all.iSNV_with_SNP.pyResults.txt, /shared/liuhj/HP/process/NGS_map2PersonResptGnm/table/P21/all.iSNV_with_SNP.pyResults.txt, /shared/liuhj/HP/process/NGS_map2PersonResptGnm/table/P22/all.iSNV_with_SNP.pyResults.txt, /shared/liuhj/HP/process/NGS_map2PersonResptGnm/table/P23/all.iSNV_with_SNP.pyResults.txt, /shared/liuhj/HP/process/NGS_map2PersonResptGnm/table/P24/all.iSNV_with_SNP.pyResults.txt, /shared/liuhj/HP/process/NGS_map2PersonResptGnm/table/P25/all.iSNV_with_SNP.pyResults.txt, /shared/liuhj/HP/process/NGS_map2PersonResptGnm/table/P1/vcf, /shared/liuhj/HP/process/NGS_map2PersonResptGnm/table/P2/vcf, /shared/liuhj/HP/process/NGS_map2PersonResptGnm/table/P3/vcf, /shared/liuhj/HP/process/NGS_map2PersonResptGnm/table/P4/vcf, /shared/liuhj/HP/process/NGS_map2PersonResptGnm/table/P5/vcf, /shared/liuhj/HP/process/NGS_map2PersonResptGnm/table/P6/vcf, /shared/liuhj/HP/process/NGS_map2PersonResptGnm/table/P7/vcf, /shared/liuhj/HP/process/NGS_map2PersonResptGnm/table/P8/vcf, /shared/liuhj/HP/process/NGS_map2PersonResptGnm/table/P9/vcf, /shared/liuhj/HP/process/NGS_map2PersonResptGnm/table/P10/vcf, /shared/liuhj/HP/process/NGS_map2PersonResptGnm/table/P11/vcf, /shared/liuhj/HP/process/NGS_map2PersonResptGnm/table/P12/vcf, /shared/liuhj/HP/process/NGS_map2PersonResptGnm/table/P15/vcf, /shared/liuhj/HP/process/NGS_map2PersonResptGnm/table/P16/vcf, /shared/liuhj/HP/process/NGS_map2PersonResptGnm/table/P17/vcf, /shared/liuhj/HP/process/NGS_map2PersonResptGnm/table/P18/vcf, /shared/liuhj/HP/process/NGS_map2PersonResptGnm/table/P19/vcf, /shared/liuhj/HP/process/NGS_map2PersonResptGnm/table/P20/vcf, /shared/liuhj/HP/process/NGS_map2PersonResptGnm/table/P21/vcf, /shared/liuhj/HP/process/NGS_map2PersonResptGnm/table/P22/vcf, /shared/liuhj/HP/process/NGS_map2PersonResptGnm/table/P23/vcf, /shared/liuhj/HP/process/NGS_map2PersonResptGnm/table/P24/vcf, /shared/liuhj/HP/process/NGS_map2PersonResptGnm/table/P25/vcf, /shared/liuhj/HP/process/NGS_map2PersonResptGnm/table/P1/SNVFreq_distribut_Stat_filtRepeat_0.1, /shared/liuhj/HP/process/NGS_map2PersonResptGnm/table/P2/SNVFreq_distribut_Stat_filtRepeat_0.1, /shared/liuhj/HP/process/NGS_map2PersonResptGnm/table/P3/SNVFreq_distribut_Stat_filtRepeat_0.1, /shared/liuhj/HP/process/NGS_map2PersonResptGnm/table/P4/SNVFreq_distribut_Stat_filtRepeat_0.1, /shared/liuhj/HP/process/NGS_map2PersonResptGnm/table/P5/SNVFreq_distribut_Stat_filtRepeat_0.1, /shared/liuhj/HP/process/NGS_map2PersonResptGnm/table/P6/SNVFreq_distribut_Stat_filtRepeat_0.1, /shared/liuhj/HP/process/NGS_map2PersonResptGnm/table/P7/SNVFreq_distribut_Stat_filtRepeat_0.1, /shared/liuhj/HP/process/NGS_map2PersonResptGnm/table/P8/SNVFreq_distribut_Stat_filtRepeat_0.1, /shared/liuhj/HP/process/NGS_map2PersonResptGnm/table/P9/SNVFreq_distribut_Stat_filtRepeat_0.1, /shared/liuhj/HP/process/NGS_map2PersonResptGnm/table/P10/SNVFreq_distribut_Stat_filtRepeat_0.1, /shared/liuhj/HP/process/NGS_map2PersonResptGnm/table/P11/SNVFreq_distribut_Stat_filtRepeat_0.1, /shared/liuhj/HP/process/NGS_map2PersonResptGnm/table/P12/SNVFreq_distribut_Stat_filtRepeat_0.1, /shared/liuhj/HP/process/NGS_map2PersonResptGnm/table/P15/SNVFreq_distribut_Stat_filtRepeat_0.1, /shared/liuhj/HP/process/NGS_map2PersonResptGnm/table/P16/SNVFreq_distribut_Stat_filtRepeat_0.1, /shared/liuhj/HP/process/NGS_map2PersonResptGnm/table/P17/SNVFreq_distribut_Stat_filtRepeat_0.1, /shared/liuhj/HP/process/NGS_map2PersonResptGnm/table/P18/SNVFreq_distribut_Stat_filtRepeat_0.1, /shared/liuhj/HP/process/NGS_map2PersonResptGnm/table/P19/SNVFreq_distribut_Stat_filtRepeat_0.1, /shared/liuhj/HP/process/NGS_map2PersonResptGnm/table/P20/SNVFreq_distribut_Stat_filtRepeat_0.1, /shared/liuhj/HP/process/NGS_map2PersonResptGnm/table/P21/SNVFreq_distribut_Stat_filtRepeat_0.1, /shared/liuhj/HP/process/NGS_map2PersonResptGnm/table/P22/SNVFreq_distribut_Stat_filtRepeat_0.1, /shared/liuhj/HP/process/NGS_map2PersonResptGnm/table/P23/SNVFreq_distribut_Stat_filtRepeat_0.1, /shared/liuhj/HP/process/NGS_map2PersonResptGnm/table/P24/SNVFreq_distribut_Stat_filtRepeat_0.1, /shared/liuhj/HP/process/NGS_map2PersonResptGnm/table/P25/SNVFreq_distribut_Stat_filtRepeat_0.1
    jobid: 0

[Sun Jun 20 11:05:00 2021]
Finished job 0.
24 of 24 steps (100%) done
Complete log: /shared/liuhj/HP/scripts/HP-microevolution/scripts/iSNV_calling/.snakemake/log/2021-06-20T110417.387565.snakemake.log
