Building DAG of jobs...
Using shell: /bin/bash
Provided cores: 1 (use --cores to define parallelism)
Rules claiming more threads will be scaled down.
Job counts:
	count	jobs
	1	all
	1	iSNV_SNV_density_stat
	2
Select jobs to execute...

[Tue May 18 20:22:58 2021]
rule iSNV_SNV_density_stat:
    input: /shared/liuhj/HP/process/NGS_map2PersonResptGnm/table/P1/all.iSNV_with_SNP.pyResults.txt
    output: /shared/liuhj/HP/process/NGS_map2PersonResptGnm/table/P1/snv_density_Stat
    jobid: 4
    wildcards: person=P1

python iSNVpy_SNV_density_distribut.py -i  /shared/liuhj/HP/process/NGS_map2PersonResptGnm/table/P1/all.iSNV_with_SNP.pyResults.txt -o -M 0.02 -S 100 -L 1700000
Waiting at most 5 seconds for missing files.
MissingOutputException in line 180 of /shared/liuhj/HP/scripts/HP-microevolution/scripts/iSNV_calling/iSNV_calling-pipeline-20210515.py:
Job Missing files after 5 seconds:
/shared/liuhj/HP/process/NGS_map2PersonResptGnm/table/P1/snv_density_Stat
This might be due to filesystem latency. If that is the case, consider to increase the wait time with --latency-wait.
Job id: 4 completed successfully, but some output files are missing. 4
  File "/home/amax/anaconda3/envs/biotools_lhj/lib/python3.7/site-packages/snakemake/executors/__init__.py", line 583, in handle_job_success
  File "/home/amax/anaconda3/envs/biotools_lhj/lib/python3.7/site-packages/snakemake/executors/__init__.py", line 259, in handle_job_success
Shutting down, this might take some time.
Exiting because a job execution failed. Look above for error message
Complete log: /shared/liuhj/HP/scripts/HP-microevolution/scripts/iSNV_calling/.snakemake/log/2021-05-18T202258.623172.snakemake.log
