Building DAG of jobs...
Using shell: /bin/bash
Provided cores: 1
Rules claiming more threads will be scaled down.
Job counts:
	count	jobs
	1	all
	1	convert_iSNVpytable_To_vcf
	1	ntfreq_2_FreqBigtable
	3

[Mon Jun 14 11:12:23 2021]
rule ntfreq_2_FreqBigtable:
    input: /shared/liuhj/HP/process/CCS_map2PersonRespectSamp/table/P1.ntfreq_file_list.txt, /shared/liuhj/HP/process/assembly/person_respectGnm/P1.respect.fasta
    output: /shared/liuhj/HP/process/CCS_map2PersonRespectSamp/table/P1/all.iSNV_with_SNP.pyResults.txt, /shared/liuhj/HP/process/CCS_map2PersonRespectSamp/table/P1/out.samps-ntfreq.bigtable.txt
    jobid: 1
    wildcards: person=P1

python /shared/liuhj/HP/scripts/HP-microevolution/scripts/iSNV_calling/step2_ntfreq_To_bigtables.py  -i  /shared/liuhj/HP/process/CCS_map2PersonRespectSamp/table/P1.ntfreq_file_list.txt -r /shared/liuhj/HP/process/assembly/person_respectGnm/P1.respect.fasta  -o /shared/liuhj/HP/process/CCS_map2PersonRespectSamp/table/P1  		-D  100 -A 5 -N 1000000 -F 0.02 -S 0.1 
[Mon Jun 14 11:12:57 2021]
Finished job 1.
1 of 3 steps (33%) done

[Mon Jun 14 11:12:57 2021]
rule convert_iSNVpytable_To_vcf:
    input: /shared/liuhj/HP/process/CCS_map2PersonRespectSamp/table/P1/all.iSNV_with_SNP.pyResults.txt, /shared/liuhj/HP/process/CCS_map2PersonRespectSamp/table/P1/out.samps-ntfreq.bigtable.txt, /shared/liuhj/HP/process/assembly/person_respectGnm/P1.respect.fasta
    output: /shared/liuhj/HP/process/CCS_map2PersonRespectSamp/table/P1/vcf
    jobid: 2
    wildcards: person=P1

python  /shared/liuhj/HP/scripts/HP-microevolution/scripts/iSNV_calling/iSNVpy_iSNVtable_To_vcf.py   -i /shared/liuhj/HP/process/CCS_map2PersonRespectSamp/table/P1/all.iSNV_with_SNP.pyResults.txt  		-n /shared/liuhj/HP/process/CCS_map2PersonRespectSamp/table/P1/out.samps-ntfreq.bigtable.txt  -r  /shared/liuhj/HP/process/assembly/person_respectGnm/P1.respect.fasta -o  /shared/liuhj/HP/process/CCS_map2PersonRespectSamp/table/P1/vcf -m 0.02  
[Mon Jun 14 11:13:01 2021]
Finished job 2.
2 of 3 steps (67%) done

[Mon Jun 14 11:13:01 2021]
localrule all:
    input: /shared/liuhj/HP/process/CCS_map2PersonRespectSamp/table/P1/all.iSNV_with_SNP.pyResults.txt, /shared/liuhj/HP/process/CCS_map2PersonRespectSamp/table/P1/vcf
    jobid: 0

[Mon Jun 14 11:13:01 2021]
Finished job 0.
3 of 3 steps (100%) done
Complete log: /shared/liuhj/HP/scripts/HP-microevolution/scripts/iSNV_calling/.snakemake/log/2021-06-14T111223.015717.snakemake.log
