Building DAG of jobs...
Using shell: /bin/bash
Provided cores: 1
Rules claiming more threads will be scaled down.
Job counts:
	count	jobs
	1	all
	1	iSNV_freq_distribut
	1	iSNV_freq_distribut_RepeatRegion_recombiRegion_filt
	3

[Mon Jun 14 11:14:57 2021]
rule iSNV_freq_distribut_RepeatRegion_recombiRegion_filt:
    input: /shared/liuhj/HP/process/CCS_map2PersonRespectSamp/table/P1/all.iSNV_with_SNP.pyResults.txt, /shared/liuhj/HP/process/samps_Tree-20210527/clonalFrame.RAxML_bestTree.20210527-allSamp.raxml.importation_status.txt, /shared/liuhj/HP/process/Genome_repeatRegion
    output: /shared/liuhj/HP/process/CCS_map2PersonRespectSamp/table/P1/SNVFreq_distribut_Stat_filtRepeatAndRecombRegions
    jobid: 4
    wildcards: person=P1

python  /shared/liuhj/HP/scripts/HP-microevolution/scripts/iSNV_calling/iSNVpy_Freq_distribut_Stat-filtRepeatRegion.py  -i /shared/liuhj/HP/process/CCS_map2PersonRespectSamp/table/P1/all.iSNV_with_SNP.pyResults.txt /shared/liuhj/HP/process/samps_Tree-20210527/clonalFrame.RAxML_bestTree.20210527-allSamp.raxml.importation_status.txt /shared/liuhj/HP/process/Genome_repeatRegion -o  /shared/liuhj/HP/process/CCS_map2PersonRespectSamp/table/P1/SNVFreq_distribut_Stat_filtRepeatAndRecombRegions  -F  /shared/liuhj/HP/process/samps_Tree-20210527/clonalFrame.RAxML_bestTree.20210527-allSamp.raxml.importation_status.txt -R /shared/liuhj/HP/process/Genome_repeatRegion -m 0.05  -M 1.0  -s 2  
[Mon Jun 14 11:15:00 2021]
Finished job 4.
1 of 3 steps (33%) done

[Mon Jun 14 11:15:00 2021]
rule iSNV_freq_distribut:
    input: /shared/liuhj/HP/process/CCS_map2PersonRespectSamp/table/P1/all.iSNV_with_SNP.pyResults.txt
    output: /shared/liuhj/HP/process/CCS_map2PersonRespectSamp/table/P1/general-snvFreq_distribut_Stat
    jobid: 3
    wildcards: person=P1

python  /shared/liuhj/HP/scripts/HP-microevolution/scripts/iSNV_calling/iSNVpy_Freq_distribut_Stat.py  -i /shared/liuhj/HP/process/CCS_map2PersonRespectSamp/table/P1/all.iSNV_with_SNP.pyResults.txt -o  /shared/liuhj/HP/process/CCS_map2PersonRespectSamp/table/P1/general-snvFreq_distribut_Stat -m 0.02  -M 1.0  -s 2  
[Mon Jun 14 11:15:02 2021]
Finished job 3.
2 of 3 steps (67%) done

[Mon Jun 14 11:15:02 2021]
localrule all:
    input: /shared/liuhj/HP/process/CCS_map2PersonRespectSamp/table/P1/all.iSNV_with_SNP.pyResults.txt, /shared/liuhj/HP/process/CCS_map2PersonRespectSamp/table/P1/vcf, /shared/liuhj/HP/process/CCS_map2PersonRespectSamp/table/P1/general-snvFreq_distribut_Stat, /shared/liuhj/HP/process/CCS_map2PersonRespectSamp/table/P1/SNVFreq_distribut_Stat_filtRepeatAndRecombRegions
    jobid: 0

[Mon Jun 14 11:15:02 2021]
Finished job 0.
3 of 3 steps (100%) done
Complete log: /shared/liuhj/HP/scripts/HP-microevolution/scripts/iSNV_calling/.snakemake/log/2021-06-14T111457.913791.snakemake.log
