Building DAG of jobs...
Using shell: /bin/bash
Provided cores: 1 (use --cores to define parallelism)
Rules claiming more threads will be scaled down.
Job counts:
	count	jobs
	1	all
	21	iSNV_SNV_density_stat
	22
Select jobs to execute...

[Tue May 18 20:41:54 2021]
rule iSNV_SNV_density_stat:
    input: /shared/liuhj/HP/process/NGS_map2PersonResptGnm/table/P20/all.iSNV_with_SNP.pyResults.txt
    output: /shared/liuhj/HP/process/NGS_map2PersonResptGnm/table/P20/snv_density_Stat
    jobid: 83
    wildcards: person=P20

python iSNVpy_SNV_density_distribut.py -i  /shared/liuhj/HP/process/NGS_map2PersonResptGnm/table/P20/all.iSNV_with_SNP.pyResults.txt -o  /shared/liuhj/HP/process/NGS_map2PersonResptGnm/table/P20/snv_density_Stat -M 0.02 -S 500 -L 1700000
Terminating processes on user request, this might take some time.
[Tue May 18 20:41:56 2021]
Error in rule iSNV_SNV_density_stat:
    jobid: 83
    output: /shared/liuhj/HP/process/NGS_map2PersonResptGnm/table/P20/snv_density_Stat
    shell:
        python iSNVpy_SNV_density_distribut.py -i  /shared/liuhj/HP/process/NGS_map2PersonResptGnm/table/P20/all.iSNV_with_SNP.pyResults.txt -o  /shared/liuhj/HP/process/NGS_map2PersonResptGnm/table/P20/snv_density_Stat -M 0.02 -S 500 -L 1700000
        (one of the commands exited with non-zero exit code; note that snakemake uses bash strict mode!)

Removing output files of failed job iSNV_SNV_density_stat since they might be corrupted:
/shared/liuhj/HP/process/NGS_map2PersonResptGnm/table/P20/snv_density_Stat
Complete log: /shared/liuhj/HP/scripts/HP-microevolution/scripts/iSNV_calling/.snakemake/log/2021-05-18T204154.190852.snakemake.log
