Building DAG of jobs...
Using shell: /bin/bash
Provided cores: 1 (use --cores to define parallelism)
Rules claiming more threads will be scaled down.
Job counts:
	count	jobs
	1	all
	23	iSNV_freq_distribut_RepeatRegionfilt
	24
Select jobs to execute...

[Sat Jun 19 17:22:10 2021]
rule iSNV_freq_distribut_RepeatRegionfilt:
    input: /shared/liuhj/HP/process/NGS_map2PersonResptGnm/table/P23/all.iSNV_with_SNP.pyResults.txt, /shared/liuhj/HP/process/Genome_repeatRegion
    output: /shared/liuhj/HP/process/NGS_map2PersonResptGnm/table/P23/SNVFreq_distribut_Stat_filtRepeat
    jobid: 67
    wildcards: person=P23

python  /shared/liuhj/HP/scripts/HP-microevolution/scripts/iSNV_calling/iSNVpy_Freq_distribut_Stat-filtRepeatRegion.py  -i /shared/liuhj/HP/process/NGS_map2PersonResptGnm/table/P23/all.iSNV_with_SNP.pyResults.txt /shared/liuhj/HP/process/Genome_repeatRegion -o  /shared/liuhj/HP/process/NGS_map2PersonResptGnm/table/P23/SNVFreq_distribut_Stat_filtRepeat  -R /shared/liuhj/HP/process/Genome_repeatRegion -m 0.05  -M 1.0  -s 2 -T NGS 
[Sat Jun 19 17:22:12 2021]
Finished job 67.
1 of 24 steps (4%) done
Select jobs to execute...

[Sat Jun 19 17:22:12 2021]
rule iSNV_freq_distribut_RepeatRegionfilt:
    input: /shared/liuhj/HP/process/NGS_map2PersonResptGnm/table/P1/all.iSNV_with_SNP.pyResults.txt, /shared/liuhj/HP/process/Genome_repeatRegion
    output: /shared/liuhj/HP/process/NGS_map2PersonResptGnm/table/P1/SNVFreq_distribut_Stat_filtRepeat
    jobid: 47
    wildcards: person=P1

python  /shared/liuhj/HP/scripts/HP-microevolution/scripts/iSNV_calling/iSNVpy_Freq_distribut_Stat-filtRepeatRegion.py  -i /shared/liuhj/HP/process/NGS_map2PersonResptGnm/table/P1/all.iSNV_with_SNP.pyResults.txt /shared/liuhj/HP/process/Genome_repeatRegion -o  /shared/liuhj/HP/process/NGS_map2PersonResptGnm/table/P1/SNVFreq_distribut_Stat_filtRepeat  -R /shared/liuhj/HP/process/Genome_repeatRegion -m 0.05  -M 1.0  -s 2 -T NGS 
[Sat Jun 19 17:22:14 2021]
Finished job 47.
2 of 24 steps (8%) done
Select jobs to execute...

[Sat Jun 19 17:22:14 2021]
rule iSNV_freq_distribut_RepeatRegionfilt:
    input: /shared/liuhj/HP/process/NGS_map2PersonResptGnm/table/P17/all.iSNV_with_SNP.pyResults.txt, /shared/liuhj/HP/process/Genome_repeatRegion
    output: /shared/liuhj/HP/process/NGS_map2PersonResptGnm/table/P17/SNVFreq_distribut_Stat_filtRepeat
    jobid: 61
    wildcards: person=P17

python  /shared/liuhj/HP/scripts/HP-microevolution/scripts/iSNV_calling/iSNVpy_Freq_distribut_Stat-filtRepeatRegion.py  -i /shared/liuhj/HP/process/NGS_map2PersonResptGnm/table/P17/all.iSNV_with_SNP.pyResults.txt /shared/liuhj/HP/process/Genome_repeatRegion -o  /shared/liuhj/HP/process/NGS_map2PersonResptGnm/table/P17/SNVFreq_distribut_Stat_filtRepeat  -R /shared/liuhj/HP/process/Genome_repeatRegion -m 0.05  -M 1.0  -s 2 -T NGS 
[Sat Jun 19 17:22:16 2021]
Finished job 61.
3 of 24 steps (12%) done
Select jobs to execute...

[Sat Jun 19 17:22:16 2021]
rule iSNV_freq_distribut_RepeatRegionfilt:
    input: /shared/liuhj/HP/process/NGS_map2PersonResptGnm/table/P8/all.iSNV_with_SNP.pyResults.txt, /shared/liuhj/HP/process/Genome_repeatRegion
    output: /shared/liuhj/HP/process/NGS_map2PersonResptGnm/table/P8/SNVFreq_distribut_Stat_filtRepeat
    jobid: 54
    wildcards: person=P8

python  /shared/liuhj/HP/scripts/HP-microevolution/scripts/iSNV_calling/iSNVpy_Freq_distribut_Stat-filtRepeatRegion.py  -i /shared/liuhj/HP/process/NGS_map2PersonResptGnm/table/P8/all.iSNV_with_SNP.pyResults.txt /shared/liuhj/HP/process/Genome_repeatRegion -o  /shared/liuhj/HP/process/NGS_map2PersonResptGnm/table/P8/SNVFreq_distribut_Stat_filtRepeat  -R /shared/liuhj/HP/process/Genome_repeatRegion -m 0.05  -M 1.0  -s 2 -T NGS 
[Sat Jun 19 17:22:18 2021]
Finished job 54.
4 of 24 steps (17%) done
Select jobs to execute...

[Sat Jun 19 17:22:18 2021]
rule iSNV_freq_distribut_RepeatRegionfilt:
    input: /shared/liuhj/HP/process/NGS_map2PersonResptGnm/table/P24/all.iSNV_with_SNP.pyResults.txt, /shared/liuhj/HP/process/Genome_repeatRegion
    output: /shared/liuhj/HP/process/NGS_map2PersonResptGnm/table/P24/SNVFreq_distribut_Stat_filtRepeat
    jobid: 68
    wildcards: person=P24

python  /shared/liuhj/HP/scripts/HP-microevolution/scripts/iSNV_calling/iSNVpy_Freq_distribut_Stat-filtRepeatRegion.py  -i /shared/liuhj/HP/process/NGS_map2PersonResptGnm/table/P24/all.iSNV_with_SNP.pyResults.txt /shared/liuhj/HP/process/Genome_repeatRegion -o  /shared/liuhj/HP/process/NGS_map2PersonResptGnm/table/P24/SNVFreq_distribut_Stat_filtRepeat  -R /shared/liuhj/HP/process/Genome_repeatRegion -m 0.05  -M 1.0  -s 2 -T NGS 
[Sat Jun 19 17:22:21 2021]
Finished job 68.
5 of 24 steps (21%) done
Select jobs to execute...

[Sat Jun 19 17:22:21 2021]
rule iSNV_freq_distribut_RepeatRegionfilt:
    input: /shared/liuhj/HP/process/NGS_map2PersonResptGnm/table/P20/all.iSNV_with_SNP.pyResults.txt, /shared/liuhj/HP/process/Genome_repeatRegion
    output: /shared/liuhj/HP/process/NGS_map2PersonResptGnm/table/P20/SNVFreq_distribut_Stat_filtRepeat
    jobid: 64
    wildcards: person=P20

python  /shared/liuhj/HP/scripts/HP-microevolution/scripts/iSNV_calling/iSNVpy_Freq_distribut_Stat-filtRepeatRegion.py  -i /shared/liuhj/HP/process/NGS_map2PersonResptGnm/table/P20/all.iSNV_with_SNP.pyResults.txt /shared/liuhj/HP/process/Genome_repeatRegion -o  /shared/liuhj/HP/process/NGS_map2PersonResptGnm/table/P20/SNVFreq_distribut_Stat_filtRepeat  -R /shared/liuhj/HP/process/Genome_repeatRegion -m 0.05  -M 1.0  -s 2 -T NGS 
[Sat Jun 19 17:22:23 2021]
Finished job 64.
6 of 24 steps (25%) done
Select jobs to execute...

[Sat Jun 19 17:22:23 2021]
rule iSNV_freq_distribut_RepeatRegionfilt:
    input: /shared/liuhj/HP/process/NGS_map2PersonResptGnm/table/P6/all.iSNV_with_SNP.pyResults.txt, /shared/liuhj/HP/process/Genome_repeatRegion
    output: /shared/liuhj/HP/process/NGS_map2PersonResptGnm/table/P6/SNVFreq_distribut_Stat_filtRepeat
    jobid: 52
    wildcards: person=P6

python  /shared/liuhj/HP/scripts/HP-microevolution/scripts/iSNV_calling/iSNVpy_Freq_distribut_Stat-filtRepeatRegion.py  -i /shared/liuhj/HP/process/NGS_map2PersonResptGnm/table/P6/all.iSNV_with_SNP.pyResults.txt /shared/liuhj/HP/process/Genome_repeatRegion -o  /shared/liuhj/HP/process/NGS_map2PersonResptGnm/table/P6/SNVFreq_distribut_Stat_filtRepeat  -R /shared/liuhj/HP/process/Genome_repeatRegion -m 0.05  -M 1.0  -s 2 -T NGS 
[Sat Jun 19 17:22:25 2021]
Finished job 52.
7 of 24 steps (29%) done
Select jobs to execute...

[Sat Jun 19 17:22:25 2021]
rule iSNV_freq_distribut_RepeatRegionfilt:
    input: /shared/liuhj/HP/process/NGS_map2PersonResptGnm/table/P22/all.iSNV_with_SNP.pyResults.txt, /shared/liuhj/HP/process/Genome_repeatRegion
    output: /shared/liuhj/HP/process/NGS_map2PersonResptGnm/table/P22/SNVFreq_distribut_Stat_filtRepeat
    jobid: 66
    wildcards: person=P22

python  /shared/liuhj/HP/scripts/HP-microevolution/scripts/iSNV_calling/iSNVpy_Freq_distribut_Stat-filtRepeatRegion.py  -i /shared/liuhj/HP/process/NGS_map2PersonResptGnm/table/P22/all.iSNV_with_SNP.pyResults.txt /shared/liuhj/HP/process/Genome_repeatRegion -o  /shared/liuhj/HP/process/NGS_map2PersonResptGnm/table/P22/SNVFreq_distribut_Stat_filtRepeat  -R /shared/liuhj/HP/process/Genome_repeatRegion -m 0.05  -M 1.0  -s 2 -T NGS 
[Sat Jun 19 17:22:27 2021]
Finished job 66.
8 of 24 steps (33%) done
Select jobs to execute...

[Sat Jun 19 17:22:27 2021]
rule iSNV_freq_distribut_RepeatRegionfilt:
    input: /shared/liuhj/HP/process/NGS_map2PersonResptGnm/table/P21/all.iSNV_with_SNP.pyResults.txt, /shared/liuhj/HP/process/Genome_repeatRegion
    output: /shared/liuhj/HP/process/NGS_map2PersonResptGnm/table/P21/SNVFreq_distribut_Stat_filtRepeat
    jobid: 65
    wildcards: person=P21

python  /shared/liuhj/HP/scripts/HP-microevolution/scripts/iSNV_calling/iSNVpy_Freq_distribut_Stat-filtRepeatRegion.py  -i /shared/liuhj/HP/process/NGS_map2PersonResptGnm/table/P21/all.iSNV_with_SNP.pyResults.txt /shared/liuhj/HP/process/Genome_repeatRegion -o  /shared/liuhj/HP/process/NGS_map2PersonResptGnm/table/P21/SNVFreq_distribut_Stat_filtRepeat  -R /shared/liuhj/HP/process/Genome_repeatRegion -m 0.05  -M 1.0  -s 2 -T NGS 
[Sat Jun 19 17:22:30 2021]
Finished job 65.
9 of 24 steps (38%) done
Select jobs to execute...

[Sat Jun 19 17:22:30 2021]
rule iSNV_freq_distribut_RepeatRegionfilt:
    input: /shared/liuhj/HP/process/NGS_map2PersonResptGnm/table/P2/all.iSNV_with_SNP.pyResults.txt, /shared/liuhj/HP/process/Genome_repeatRegion
    output: /shared/liuhj/HP/process/NGS_map2PersonResptGnm/table/P2/SNVFreq_distribut_Stat_filtRepeat
    jobid: 48
    wildcards: person=P2

python  /shared/liuhj/HP/scripts/HP-microevolution/scripts/iSNV_calling/iSNVpy_Freq_distribut_Stat-filtRepeatRegion.py  -i /shared/liuhj/HP/process/NGS_map2PersonResptGnm/table/P2/all.iSNV_with_SNP.pyResults.txt /shared/liuhj/HP/process/Genome_repeatRegion -o  /shared/liuhj/HP/process/NGS_map2PersonResptGnm/table/P2/SNVFreq_distribut_Stat_filtRepeat  -R /shared/liuhj/HP/process/Genome_repeatRegion -m 0.05  -M 1.0  -s 2 -T NGS 
[Sat Jun 19 17:22:32 2021]
Finished job 48.
10 of 24 steps (42%) done
Select jobs to execute...

[Sat Jun 19 17:22:32 2021]
rule iSNV_freq_distribut_RepeatRegionfilt:
    input: /shared/liuhj/HP/process/NGS_map2PersonResptGnm/table/P10/all.iSNV_with_SNP.pyResults.txt, /shared/liuhj/HP/process/Genome_repeatRegion
    output: /shared/liuhj/HP/process/NGS_map2PersonResptGnm/table/P10/SNVFreq_distribut_Stat_filtRepeat
    jobid: 56
    wildcards: person=P10

python  /shared/liuhj/HP/scripts/HP-microevolution/scripts/iSNV_calling/iSNVpy_Freq_distribut_Stat-filtRepeatRegion.py  -i /shared/liuhj/HP/process/NGS_map2PersonResptGnm/table/P10/all.iSNV_with_SNP.pyResults.txt /shared/liuhj/HP/process/Genome_repeatRegion -o  /shared/liuhj/HP/process/NGS_map2PersonResptGnm/table/P10/SNVFreq_distribut_Stat_filtRepeat  -R /shared/liuhj/HP/process/Genome_repeatRegion -m 0.05  -M 1.0  -s 2 -T NGS 
[Sat Jun 19 17:22:34 2021]
Finished job 56.
11 of 24 steps (46%) done
Select jobs to execute...

[Sat Jun 19 17:22:34 2021]
rule iSNV_freq_distribut_RepeatRegionfilt:
    input: /shared/liuhj/HP/process/NGS_map2PersonResptGnm/table/P12/all.iSNV_with_SNP.pyResults.txt, /shared/liuhj/HP/process/Genome_repeatRegion
    output: /shared/liuhj/HP/process/NGS_map2PersonResptGnm/table/P12/SNVFreq_distribut_Stat_filtRepeat
    jobid: 58
    wildcards: person=P12

python  /shared/liuhj/HP/scripts/HP-microevolution/scripts/iSNV_calling/iSNVpy_Freq_distribut_Stat-filtRepeatRegion.py  -i /shared/liuhj/HP/process/NGS_map2PersonResptGnm/table/P12/all.iSNV_with_SNP.pyResults.txt /shared/liuhj/HP/process/Genome_repeatRegion -o  /shared/liuhj/HP/process/NGS_map2PersonResptGnm/table/P12/SNVFreq_distribut_Stat_filtRepeat  -R /shared/liuhj/HP/process/Genome_repeatRegion -m 0.05  -M 1.0  -s 2 -T NGS 
[Sat Jun 19 17:22:35 2021]
Finished job 58.
12 of 24 steps (50%) done
Select jobs to execute...

[Sat Jun 19 17:22:35 2021]
rule iSNV_freq_distribut_RepeatRegionfilt:
    input: /shared/liuhj/HP/process/NGS_map2PersonResptGnm/table/P16/all.iSNV_with_SNP.pyResults.txt, /shared/liuhj/HP/process/Genome_repeatRegion
    output: /shared/liuhj/HP/process/NGS_map2PersonResptGnm/table/P16/SNVFreq_distribut_Stat_filtRepeat
    jobid: 60
    wildcards: person=P16

python  /shared/liuhj/HP/scripts/HP-microevolution/scripts/iSNV_calling/iSNVpy_Freq_distribut_Stat-filtRepeatRegion.py  -i /shared/liuhj/HP/process/NGS_map2PersonResptGnm/table/P16/all.iSNV_with_SNP.pyResults.txt /shared/liuhj/HP/process/Genome_repeatRegion -o  /shared/liuhj/HP/process/NGS_map2PersonResptGnm/table/P16/SNVFreq_distribut_Stat_filtRepeat  -R /shared/liuhj/HP/process/Genome_repeatRegion -m 0.05  -M 1.0  -s 2 -T NGS 
[Sat Jun 19 17:22:37 2021]
Finished job 60.
13 of 24 steps (54%) done
Select jobs to execute...

[Sat Jun 19 17:22:37 2021]
rule iSNV_freq_distribut_RepeatRegionfilt:
    input: /shared/liuhj/HP/process/NGS_map2PersonResptGnm/table/P18/all.iSNV_with_SNP.pyResults.txt, /shared/liuhj/HP/process/Genome_repeatRegion
    output: /shared/liuhj/HP/process/NGS_map2PersonResptGnm/table/P18/SNVFreq_distribut_Stat_filtRepeat
    jobid: 62
    wildcards: person=P18

python  /shared/liuhj/HP/scripts/HP-microevolution/scripts/iSNV_calling/iSNVpy_Freq_distribut_Stat-filtRepeatRegion.py  -i /shared/liuhj/HP/process/NGS_map2PersonResptGnm/table/P18/all.iSNV_with_SNP.pyResults.txt /shared/liuhj/HP/process/Genome_repeatRegion -o  /shared/liuhj/HP/process/NGS_map2PersonResptGnm/table/P18/SNVFreq_distribut_Stat_filtRepeat  -R /shared/liuhj/HP/process/Genome_repeatRegion -m 0.05  -M 1.0  -s 2 -T NGS 
[Sat Jun 19 17:22:38 2021]
Finished job 62.
14 of 24 steps (58%) done
Select jobs to execute...

[Sat Jun 19 17:22:38 2021]
rule iSNV_freq_distribut_RepeatRegionfilt:
    input: /shared/liuhj/HP/process/NGS_map2PersonResptGnm/table/P5/all.iSNV_with_SNP.pyResults.txt, /shared/liuhj/HP/process/Genome_repeatRegion
    output: /shared/liuhj/HP/process/NGS_map2PersonResptGnm/table/P5/SNVFreq_distribut_Stat_filtRepeat
    jobid: 51
    wildcards: person=P5

python  /shared/liuhj/HP/scripts/HP-microevolution/scripts/iSNV_calling/iSNVpy_Freq_distribut_Stat-filtRepeatRegion.py  -i /shared/liuhj/HP/process/NGS_map2PersonResptGnm/table/P5/all.iSNV_with_SNP.pyResults.txt /shared/liuhj/HP/process/Genome_repeatRegion -o  /shared/liuhj/HP/process/NGS_map2PersonResptGnm/table/P5/SNVFreq_distribut_Stat_filtRepeat  -R /shared/liuhj/HP/process/Genome_repeatRegion -m 0.05  -M 1.0  -s 2 -T NGS 
[Sat Jun 19 17:22:40 2021]
Finished job 51.
15 of 24 steps (62%) done
Select jobs to execute...

[Sat Jun 19 17:22:40 2021]
rule iSNV_freq_distribut_RepeatRegionfilt:
    input: /shared/liuhj/HP/process/NGS_map2PersonResptGnm/table/P19/all.iSNV_with_SNP.pyResults.txt, /shared/liuhj/HP/process/Genome_repeatRegion
    output: /shared/liuhj/HP/process/NGS_map2PersonResptGnm/table/P19/SNVFreq_distribut_Stat_filtRepeat
    jobid: 63
    wildcards: person=P19

python  /shared/liuhj/HP/scripts/HP-microevolution/scripts/iSNV_calling/iSNVpy_Freq_distribut_Stat-filtRepeatRegion.py  -i /shared/liuhj/HP/process/NGS_map2PersonResptGnm/table/P19/all.iSNV_with_SNP.pyResults.txt /shared/liuhj/HP/process/Genome_repeatRegion -o  /shared/liuhj/HP/process/NGS_map2PersonResptGnm/table/P19/SNVFreq_distribut_Stat_filtRepeat  -R /shared/liuhj/HP/process/Genome_repeatRegion -m 0.05  -M 1.0  -s 2 -T NGS 
Terminating processes on user request, this might take some time.
[Sat Jun 19 17:22:42 2021]
Finished job 63.
16 of 24 steps (67%) done
Complete log: /shared/liuhj/HP/scripts/HP-microevolution/scripts/iSNV_calling/.snakemake/log/2021-06-19T172210.603344.snakemake.log
