Building DAG of jobs...
Using shell: /bin/bash
Provided cores: 4
Rules claiming more threads will be scaled down.
Job counts:
	count	jobs
	1	all
	22	iSNV_snv_density_Stat_1k
	23
Select jobs to execute...

[Tue May 18 20:48:06 2021]
rule iSNV_snv_density_Stat_1k:
    input: /shared/liuhj/HP/process/NGS_map2PersonResptGnm/table/P6/all.iSNV_with_SNP.pyResults.txt
    output: /shared/liuhj/HP/process/NGS_map2PersonResptGnm/table/P6/snv_density_Stat_1k
    jobid: 72
    wildcards: person=P6

python iSNVpy_SNV_density_distribut.py -i  /shared/liuhj/HP/process/NGS_map2PersonResptGnm/table/P6/all.iSNV_with_SNP.pyResults.txt -o  /shared/liuhj/HP/process/NGS_map2PersonResptGnm/table/P6/snv_density_Stat_1k -M 0.02 -S 1000 -L 1700000

[Tue May 18 20:48:06 2021]
rule iSNV_snv_density_Stat_1k:
    input: /shared/liuhj/HP/process/NGS_map2PersonResptGnm/table/P16/all.iSNV_with_SNP.pyResults.txt
    output: /shared/liuhj/HP/process/NGS_map2PersonResptGnm/table/P16/snv_density_Stat_1k
    jobid: 79
    wildcards: person=P16

python iSNVpy_SNV_density_distribut.py -i  /shared/liuhj/HP/process/NGS_map2PersonResptGnm/table/P16/all.iSNV_with_SNP.pyResults.txt -o  /shared/liuhj/HP/process/NGS_map2PersonResptGnm/table/P16/snv_density_Stat_1k -M 0.02 -S 1000 -L 1700000

[Tue May 18 20:48:06 2021]
rule iSNV_snv_density_Stat_1k:
    input: /shared/liuhj/HP/process/NGS_map2PersonResptGnm/table/P19/all.iSNV_with_SNP.pyResults.txt
    output: /shared/liuhj/HP/process/NGS_map2PersonResptGnm/table/P19/snv_density_Stat_1k
    jobid: 82
    wildcards: person=P19

python iSNVpy_SNV_density_distribut.py -i  /shared/liuhj/HP/process/NGS_map2PersonResptGnm/table/P19/all.iSNV_with_SNP.pyResults.txt -o  /shared/liuhj/HP/process/NGS_map2PersonResptGnm/table/P19/snv_density_Stat_1k -M 0.02 -S 1000 -L 1700000

[Tue May 18 20:48:06 2021]
rule iSNV_snv_density_Stat_1k:
    input: /shared/liuhj/HP/process/NGS_map2PersonResptGnm/table/P22/all.iSNV_with_SNP.pyResults.txt
    output: /shared/liuhj/HP/process/NGS_map2PersonResptGnm/table/P22/snv_density_Stat_1k
    jobid: 85
    wildcards: person=P22

python iSNVpy_SNV_density_distribut.py -i  /shared/liuhj/HP/process/NGS_map2PersonResptGnm/table/P22/all.iSNV_with_SNP.pyResults.txt -o  /shared/liuhj/HP/process/NGS_map2PersonResptGnm/table/P22/snv_density_Stat_1k -M 0.02 -S 1000 -L 1700000
Terminating processes on user request, this might take some time.
[Tue May 18 20:48:10 2021]
Error in rule iSNV_snv_density_Stat_1k:
    jobid: 82
    output: /shared/liuhj/HP/process/NGS_map2PersonResptGnm/table/P19/snv_density_Stat_1k
    shell:
        python iSNVpy_SNV_density_distribut.py -i  /shared/liuhj/HP/process/NGS_map2PersonResptGnm/table/P19/all.iSNV_with_SNP.pyResults.txt -o  /shared/liuhj/HP/process/NGS_map2PersonResptGnm/table/P19/snv_density_Stat_1k -M 0.02 -S 1000 -L 1700000
        (one of the commands exited with non-zero exit code; note that snakemake uses bash strict mode!)

Removing output files of failed job iSNV_snv_density_Stat_1k since they might be corrupted:
/shared/liuhj/HP/process/NGS_map2PersonResptGnm/table/P19/snv_density_Stat_1k
[Tue May 18 20:48:10 2021]
Error in rule iSNV_snv_density_Stat_1k:
    jobid: 85
    output: /shared/liuhj/HP/process/NGS_map2PersonResptGnm/table/P22/snv_density_Stat_1k
    shell:
        python iSNVpy_SNV_density_distribut.py -i  /shared/liuhj/HP/process/NGS_map2PersonResptGnm/table/P22/all.iSNV_with_SNP.pyResults.txt -o  /shared/liuhj/HP/process/NGS_map2PersonResptGnm/table/P22/snv_density_Stat_1k -M 0.02 -S 1000 -L 1700000
        (one of the commands exited with non-zero exit code; note that snakemake uses bash strict mode!)

Removing output files of failed job iSNV_snv_density_Stat_1k since they might be corrupted:
/shared/liuhj/HP/process/NGS_map2PersonResptGnm/table/P22/snv_density_Stat_1k
[Tue May 18 20:48:10 2021]
Error in rule iSNV_snv_density_Stat_1k:
    jobid: 79
    output: /shared/liuhj/HP/process/NGS_map2PersonResptGnm/table/P16/snv_density_Stat_1k
    shell:
        python iSNVpy_SNV_density_distribut.py -i  /shared/liuhj/HP/process/NGS_map2PersonResptGnm/table/P16/all.iSNV_with_SNP.pyResults.txt -o  /shared/liuhj/HP/process/NGS_map2PersonResptGnm/table/P16/snv_density_Stat_1k -M 0.02 -S 1000 -L 1700000
        (one of the commands exited with non-zero exit code; note that snakemake uses bash strict mode!)

Removing output files of failed job iSNV_snv_density_Stat_1k since they might be corrupted:
/shared/liuhj/HP/process/NGS_map2PersonResptGnm/table/P16/snv_density_Stat_1k
[Tue May 18 20:48:10 2021]
Error in rule iSNV_snv_density_Stat_1k:
    jobid: 72
    output: /shared/liuhj/HP/process/NGS_map2PersonResptGnm/table/P6/snv_density_Stat_1k
    shell:
        python iSNVpy_SNV_density_distribut.py -i  /shared/liuhj/HP/process/NGS_map2PersonResptGnm/table/P6/all.iSNV_with_SNP.pyResults.txt -o  /shared/liuhj/HP/process/NGS_map2PersonResptGnm/table/P6/snv_density_Stat_1k -M 0.02 -S 1000 -L 1700000
        (one of the commands exited with non-zero exit code; note that snakemake uses bash strict mode!)

Removing output files of failed job iSNV_snv_density_Stat_1k since they might be corrupted:
/shared/liuhj/HP/process/NGS_map2PersonResptGnm/table/P6/snv_density_Stat_1k
Complete log: /shared/liuhj/HP/scripts/HP-microevolution/scripts/iSNV_calling/.snakemake/log/2021-05-18T204806.792182.snakemake.log
