Building DAG of jobs...
Using shell: /bin/bash
Provided cores: 1 (use --cores to define parallelism)
Rules claiming more threads will be scaled down.
Job counts:
	count	jobs
	1	all
	22	iSNV_freq_distribut_RepeatRegion_recombiRegion_filt
	23
Select jobs to execute...

[Sat Jun 12 14:59:23 2021]
rule iSNV_freq_distribut_RepeatRegion_recombiRegion_filt:
    input: /shared/liuhj/HP/process/NGS_map2PersonResptGnm/table/P9/all.iSNV_with_SNP.pyResults.txt, /shared/liuhj/HP/process/samps_Tree-20210527/clonalFrame.RAxML_bestTree.20210527-allSamp.raxml.importation_status.txt, /shared/liuhj/HP/process/Genome_repeatRegion
    output: /shared/liuhj/HP/process/NGS_map2PersonResptGnm/table/P9/SNVFreq_distribut_Stat_filtRepeatAndRecombRegions
    jobid: 53
    wildcards: person=P9

python  /shared/liuhj/HP/scripts/HP-microevolution/scripts/iSNV_calling/iSNVpy_Freq_distribut_Stat-filtRepeatRegion.py  -i /shared/liuhj/HP/process/NGS_map2PersonResptGnm/table/P9/all.iSNV_with_SNP.pyResults.txt /shared/liuhj/HP/process/samps_Tree-20210527/clonalFrame.RAxML_bestTree.20210527-allSamp.raxml.importation_status.txt /shared/liuhj/HP/process/Genome_repeatRegion -o  /shared/liuhj/HP/process/NGS_map2PersonResptGnm/table/P9/SNVFreq_distribut_Stat_filtRepeatAndRecombRegions  -F  /shared/liuhj/HP/process/samps_Tree-20210527/clonalFrame.RAxML_bestTree.20210527-allSamp.raxml.importation_status.txt -R /shared/liuhj/HP/process/Genome_repeatRegion -m 0.05  -M 1.0  -s 2  
[Sat Jun 12 14:59:25 2021]
Finished job 53.
1 of 23 steps (4%) done
Select jobs to execute...

[Sat Jun 12 14:59:25 2021]
rule iSNV_freq_distribut_RepeatRegion_recombiRegion_filt:
    input: /shared/liuhj/HP/process/NGS_map2PersonResptGnm/table/P20/all.iSNV_with_SNP.pyResults.txt, /shared/liuhj/HP/process/samps_Tree-20210527/clonalFrame.RAxML_bestTree.20210527-allSamp.raxml.importation_status.txt, /shared/liuhj/HP/process/Genome_repeatRegion
    output: /shared/liuhj/HP/process/NGS_map2PersonResptGnm/table/P20/SNVFreq_distribut_Stat_filtRepeatAndRecombRegions
    jobid: 61
    wildcards: person=P20

python  /shared/liuhj/HP/scripts/HP-microevolution/scripts/iSNV_calling/iSNVpy_Freq_distribut_Stat-filtRepeatRegion.py  -i /shared/liuhj/HP/process/NGS_map2PersonResptGnm/table/P20/all.iSNV_with_SNP.pyResults.txt /shared/liuhj/HP/process/samps_Tree-20210527/clonalFrame.RAxML_bestTree.20210527-allSamp.raxml.importation_status.txt /shared/liuhj/HP/process/Genome_repeatRegion -o  /shared/liuhj/HP/process/NGS_map2PersonResptGnm/table/P20/SNVFreq_distribut_Stat_filtRepeatAndRecombRegions  -F  /shared/liuhj/HP/process/samps_Tree-20210527/clonalFrame.RAxML_bestTree.20210527-allSamp.raxml.importation_status.txt -R /shared/liuhj/HP/process/Genome_repeatRegion -m 0.05  -M 1.0  -s 2  
[Sat Jun 12 14:59:28 2021]
Finished job 61.
2 of 23 steps (9%) done
Select jobs to execute...

[Sat Jun 12 14:59:28 2021]
rule iSNV_freq_distribut_RepeatRegion_recombiRegion_filt:
    input: /shared/liuhj/HP/process/NGS_map2PersonResptGnm/table/P3/all.iSNV_with_SNP.pyResults.txt, /shared/liuhj/HP/process/samps_Tree-20210527/clonalFrame.RAxML_bestTree.20210527-allSamp.raxml.importation_status.txt, /shared/liuhj/HP/process/Genome_repeatRegion
    output: /shared/liuhj/HP/process/NGS_map2PersonResptGnm/table/P3/SNVFreq_distribut_Stat_filtRepeatAndRecombRegions
    jobid: 47
    wildcards: person=P3

python  /shared/liuhj/HP/scripts/HP-microevolution/scripts/iSNV_calling/iSNVpy_Freq_distribut_Stat-filtRepeatRegion.py  -i /shared/liuhj/HP/process/NGS_map2PersonResptGnm/table/P3/all.iSNV_with_SNP.pyResults.txt /shared/liuhj/HP/process/samps_Tree-20210527/clonalFrame.RAxML_bestTree.20210527-allSamp.raxml.importation_status.txt /shared/liuhj/HP/process/Genome_repeatRegion -o  /shared/liuhj/HP/process/NGS_map2PersonResptGnm/table/P3/SNVFreq_distribut_Stat_filtRepeatAndRecombRegions  -F  /shared/liuhj/HP/process/samps_Tree-20210527/clonalFrame.RAxML_bestTree.20210527-allSamp.raxml.importation_status.txt -R /shared/liuhj/HP/process/Genome_repeatRegion -m 0.05  -M 1.0  -s 2  
[Sat Jun 12 14:59:29 2021]
Finished job 47.
3 of 23 steps (13%) done
Select jobs to execute...

[Sat Jun 12 14:59:29 2021]
rule iSNV_freq_distribut_RepeatRegion_recombiRegion_filt:
    input: /shared/liuhj/HP/process/NGS_map2PersonResptGnm/table/P21/all.iSNV_with_SNP.pyResults.txt, /shared/liuhj/HP/process/samps_Tree-20210527/clonalFrame.RAxML_bestTree.20210527-allSamp.raxml.importation_status.txt, /shared/liuhj/HP/process/Genome_repeatRegion
    output: /shared/liuhj/HP/process/NGS_map2PersonResptGnm/table/P21/SNVFreq_distribut_Stat_filtRepeatAndRecombRegions
    jobid: 62
    wildcards: person=P21

python  /shared/liuhj/HP/scripts/HP-microevolution/scripts/iSNV_calling/iSNVpy_Freq_distribut_Stat-filtRepeatRegion.py  -i /shared/liuhj/HP/process/NGS_map2PersonResptGnm/table/P21/all.iSNV_with_SNP.pyResults.txt /shared/liuhj/HP/process/samps_Tree-20210527/clonalFrame.RAxML_bestTree.20210527-allSamp.raxml.importation_status.txt /shared/liuhj/HP/process/Genome_repeatRegion -o  /shared/liuhj/HP/process/NGS_map2PersonResptGnm/table/P21/SNVFreq_distribut_Stat_filtRepeatAndRecombRegions  -F  /shared/liuhj/HP/process/samps_Tree-20210527/clonalFrame.RAxML_bestTree.20210527-allSamp.raxml.importation_status.txt -R /shared/liuhj/HP/process/Genome_repeatRegion -m 0.05  -M 1.0  -s 2  
[Sat Jun 12 14:59:32 2021]
Finished job 62.
4 of 23 steps (17%) done
Select jobs to execute...

[Sat Jun 12 14:59:32 2021]
rule iSNV_freq_distribut_RepeatRegion_recombiRegion_filt:
    input: /shared/liuhj/HP/process/NGS_map2PersonResptGnm/table/P23/all.iSNV_with_SNP.pyResults.txt, /shared/liuhj/HP/process/samps_Tree-20210527/clonalFrame.RAxML_bestTree.20210527-allSamp.raxml.importation_status.txt, /shared/liuhj/HP/process/Genome_repeatRegion
    output: /shared/liuhj/HP/process/NGS_map2PersonResptGnm/table/P23/SNVFreq_distribut_Stat_filtRepeatAndRecombRegions
    jobid: 64
    wildcards: person=P23

python  /shared/liuhj/HP/scripts/HP-microevolution/scripts/iSNV_calling/iSNVpy_Freq_distribut_Stat-filtRepeatRegion.py  -i /shared/liuhj/HP/process/NGS_map2PersonResptGnm/table/P23/all.iSNV_with_SNP.pyResults.txt /shared/liuhj/HP/process/samps_Tree-20210527/clonalFrame.RAxML_bestTree.20210527-allSamp.raxml.importation_status.txt /shared/liuhj/HP/process/Genome_repeatRegion -o  /shared/liuhj/HP/process/NGS_map2PersonResptGnm/table/P23/SNVFreq_distribut_Stat_filtRepeatAndRecombRegions  -F  /shared/liuhj/HP/process/samps_Tree-20210527/clonalFrame.RAxML_bestTree.20210527-allSamp.raxml.importation_status.txt -R /shared/liuhj/HP/process/Genome_repeatRegion -m 0.05  -M 1.0  -s 2  
[Sat Jun 12 14:59:34 2021]
Finished job 64.
5 of 23 steps (22%) done
Select jobs to execute...

[Sat Jun 12 14:59:34 2021]
rule iSNV_freq_distribut_RepeatRegion_recombiRegion_filt:
    input: /shared/liuhj/HP/process/NGS_map2PersonResptGnm/table/P2/all.iSNV_with_SNP.pyResults.txt, /shared/liuhj/HP/process/samps_Tree-20210527/clonalFrame.RAxML_bestTree.20210527-allSamp.raxml.importation_status.txt, /shared/liuhj/HP/process/Genome_repeatRegion
    output: /shared/liuhj/HP/process/NGS_map2PersonResptGnm/table/P2/SNVFreq_distribut_Stat_filtRepeatAndRecombRegions
    jobid: 46
    wildcards: person=P2

python  /shared/liuhj/HP/scripts/HP-microevolution/scripts/iSNV_calling/iSNVpy_Freq_distribut_Stat-filtRepeatRegion.py  -i /shared/liuhj/HP/process/NGS_map2PersonResptGnm/table/P2/all.iSNV_with_SNP.pyResults.txt /shared/liuhj/HP/process/samps_Tree-20210527/clonalFrame.RAxML_bestTree.20210527-allSamp.raxml.importation_status.txt /shared/liuhj/HP/process/Genome_repeatRegion -o  /shared/liuhj/HP/process/NGS_map2PersonResptGnm/table/P2/SNVFreq_distribut_Stat_filtRepeatAndRecombRegions  -F  /shared/liuhj/HP/process/samps_Tree-20210527/clonalFrame.RAxML_bestTree.20210527-allSamp.raxml.importation_status.txt -R /shared/liuhj/HP/process/Genome_repeatRegion -m 0.05  -M 1.0  -s 2  
[Sat Jun 12 14:59:36 2021]
Finished job 46.
6 of 23 steps (26%) done
Select jobs to execute...

[Sat Jun 12 14:59:36 2021]
rule iSNV_freq_distribut_RepeatRegion_recombiRegion_filt:
    input: /shared/liuhj/HP/process/NGS_map2PersonResptGnm/table/P8/all.iSNV_with_SNP.pyResults.txt, /shared/liuhj/HP/process/samps_Tree-20210527/clonalFrame.RAxML_bestTree.20210527-allSamp.raxml.importation_status.txt, /shared/liuhj/HP/process/Genome_repeatRegion
    output: /shared/liuhj/HP/process/NGS_map2PersonResptGnm/table/P8/SNVFreq_distribut_Stat_filtRepeatAndRecombRegions
    jobid: 52
    wildcards: person=P8

python  /shared/liuhj/HP/scripts/HP-microevolution/scripts/iSNV_calling/iSNVpy_Freq_distribut_Stat-filtRepeatRegion.py  -i /shared/liuhj/HP/process/NGS_map2PersonResptGnm/table/P8/all.iSNV_with_SNP.pyResults.txt /shared/liuhj/HP/process/samps_Tree-20210527/clonalFrame.RAxML_bestTree.20210527-allSamp.raxml.importation_status.txt /shared/liuhj/HP/process/Genome_repeatRegion -o  /shared/liuhj/HP/process/NGS_map2PersonResptGnm/table/P8/SNVFreq_distribut_Stat_filtRepeatAndRecombRegions  -F  /shared/liuhj/HP/process/samps_Tree-20210527/clonalFrame.RAxML_bestTree.20210527-allSamp.raxml.importation_status.txt -R /shared/liuhj/HP/process/Genome_repeatRegion -m 0.05  -M 1.0  -s 2  
[Sat Jun 12 14:59:39 2021]
Finished job 52.
7 of 23 steps (30%) done
Select jobs to execute...

[Sat Jun 12 14:59:39 2021]
rule iSNV_freq_distribut_RepeatRegion_recombiRegion_filt:
    input: /shared/liuhj/HP/process/NGS_map2PersonResptGnm/table/P24/all.iSNV_with_SNP.pyResults.txt, /shared/liuhj/HP/process/samps_Tree-20210527/clonalFrame.RAxML_bestTree.20210527-allSamp.raxml.importation_status.txt, /shared/liuhj/HP/process/Genome_repeatRegion
    output: /shared/liuhj/HP/process/NGS_map2PersonResptGnm/table/P24/SNVFreq_distribut_Stat_filtRepeatAndRecombRegions
    jobid: 65
    wildcards: person=P24

python  /shared/liuhj/HP/scripts/HP-microevolution/scripts/iSNV_calling/iSNVpy_Freq_distribut_Stat-filtRepeatRegion.py  -i /shared/liuhj/HP/process/NGS_map2PersonResptGnm/table/P24/all.iSNV_with_SNP.pyResults.txt /shared/liuhj/HP/process/samps_Tree-20210527/clonalFrame.RAxML_bestTree.20210527-allSamp.raxml.importation_status.txt /shared/liuhj/HP/process/Genome_repeatRegion -o  /shared/liuhj/HP/process/NGS_map2PersonResptGnm/table/P24/SNVFreq_distribut_Stat_filtRepeatAndRecombRegions  -F  /shared/liuhj/HP/process/samps_Tree-20210527/clonalFrame.RAxML_bestTree.20210527-allSamp.raxml.importation_status.txt -R /shared/liuhj/HP/process/Genome_repeatRegion -m 0.05  -M 1.0  -s 2  
[Sat Jun 12 14:59:41 2021]
Finished job 65.
8 of 23 steps (35%) done
Select jobs to execute...

[Sat Jun 12 14:59:41 2021]
rule iSNV_freq_distribut_RepeatRegion_recombiRegion_filt:
    input: /shared/liuhj/HP/process/NGS_map2PersonResptGnm/table/P10/all.iSNV_with_SNP.pyResults.txt, /shared/liuhj/HP/process/samps_Tree-20210527/clonalFrame.RAxML_bestTree.20210527-allSamp.raxml.importation_status.txt, /shared/liuhj/HP/process/Genome_repeatRegion
    output: /shared/liuhj/HP/process/NGS_map2PersonResptGnm/table/P10/SNVFreq_distribut_Stat_filtRepeatAndRecombRegions
    jobid: 54
    wildcards: person=P10

python  /shared/liuhj/HP/scripts/HP-microevolution/scripts/iSNV_calling/iSNVpy_Freq_distribut_Stat-filtRepeatRegion.py  -i /shared/liuhj/HP/process/NGS_map2PersonResptGnm/table/P10/all.iSNV_with_SNP.pyResults.txt /shared/liuhj/HP/process/samps_Tree-20210527/clonalFrame.RAxML_bestTree.20210527-allSamp.raxml.importation_status.txt /shared/liuhj/HP/process/Genome_repeatRegion -o  /shared/liuhj/HP/process/NGS_map2PersonResptGnm/table/P10/SNVFreq_distribut_Stat_filtRepeatAndRecombRegions  -F  /shared/liuhj/HP/process/samps_Tree-20210527/clonalFrame.RAxML_bestTree.20210527-allSamp.raxml.importation_status.txt -R /shared/liuhj/HP/process/Genome_repeatRegion -m 0.05  -M 1.0  -s 2  
[Sat Jun 12 14:59:43 2021]
Finished job 54.
9 of 23 steps (39%) done
Select jobs to execute...

[Sat Jun 12 14:59:43 2021]
rule iSNV_freq_distribut_RepeatRegion_recombiRegion_filt:
    input: /shared/liuhj/HP/process/NGS_map2PersonResptGnm/table/P15/all.iSNV_with_SNP.pyResults.txt, /shared/liuhj/HP/process/samps_Tree-20210527/clonalFrame.RAxML_bestTree.20210527-allSamp.raxml.importation_status.txt, /shared/liuhj/HP/process/Genome_repeatRegion
    output: /shared/liuhj/HP/process/NGS_map2PersonResptGnm/table/P15/SNVFreq_distribut_Stat_filtRepeatAndRecombRegions
    jobid: 56
    wildcards: person=P15

python  /shared/liuhj/HP/scripts/HP-microevolution/scripts/iSNV_calling/iSNVpy_Freq_distribut_Stat-filtRepeatRegion.py  -i /shared/liuhj/HP/process/NGS_map2PersonResptGnm/table/P15/all.iSNV_with_SNP.pyResults.txt /shared/liuhj/HP/process/samps_Tree-20210527/clonalFrame.RAxML_bestTree.20210527-allSamp.raxml.importation_status.txt /shared/liuhj/HP/process/Genome_repeatRegion -o  /shared/liuhj/HP/process/NGS_map2PersonResptGnm/table/P15/SNVFreq_distribut_Stat_filtRepeatAndRecombRegions  -F  /shared/liuhj/HP/process/samps_Tree-20210527/clonalFrame.RAxML_bestTree.20210527-allSamp.raxml.importation_status.txt -R /shared/liuhj/HP/process/Genome_repeatRegion -m 0.05  -M 1.0  -s 2  
[Sat Jun 12 14:59:45 2021]
Finished job 56.
10 of 23 steps (43%) done
Select jobs to execute...

[Sat Jun 12 14:59:45 2021]
rule iSNV_freq_distribut_RepeatRegion_recombiRegion_filt:
    input: /shared/liuhj/HP/process/NGS_map2PersonResptGnm/table/P17/all.iSNV_with_SNP.pyResults.txt, /shared/liuhj/HP/process/samps_Tree-20210527/clonalFrame.RAxML_bestTree.20210527-allSamp.raxml.importation_status.txt, /shared/liuhj/HP/process/Genome_repeatRegion
    output: /shared/liuhj/HP/process/NGS_map2PersonResptGnm/table/P17/SNVFreq_distribut_Stat_filtRepeatAndRecombRegions
    jobid: 58
    wildcards: person=P17

python  /shared/liuhj/HP/scripts/HP-microevolution/scripts/iSNV_calling/iSNVpy_Freq_distribut_Stat-filtRepeatRegion.py  -i /shared/liuhj/HP/process/NGS_map2PersonResptGnm/table/P17/all.iSNV_with_SNP.pyResults.txt /shared/liuhj/HP/process/samps_Tree-20210527/clonalFrame.RAxML_bestTree.20210527-allSamp.raxml.importation_status.txt /shared/liuhj/HP/process/Genome_repeatRegion -o  /shared/liuhj/HP/process/NGS_map2PersonResptGnm/table/P17/SNVFreq_distribut_Stat_filtRepeatAndRecombRegions  -F  /shared/liuhj/HP/process/samps_Tree-20210527/clonalFrame.RAxML_bestTree.20210527-allSamp.raxml.importation_status.txt -R /shared/liuhj/HP/process/Genome_repeatRegion -m 0.05  -M 1.0  -s 2  
[Sat Jun 12 14:59:46 2021]
Finished job 58.
11 of 23 steps (48%) done
Select jobs to execute...

[Sat Jun 12 14:59:46 2021]
rule iSNV_freq_distribut_RepeatRegion_recombiRegion_filt:
    input: /shared/liuhj/HP/process/NGS_map2PersonResptGnm/table/P19/all.iSNV_with_SNP.pyResults.txt, /shared/liuhj/HP/process/samps_Tree-20210527/clonalFrame.RAxML_bestTree.20210527-allSamp.raxml.importation_status.txt, /shared/liuhj/HP/process/Genome_repeatRegion
    output: /shared/liuhj/HP/process/NGS_map2PersonResptGnm/table/P19/SNVFreq_distribut_Stat_filtRepeatAndRecombRegions
    jobid: 60
    wildcards: person=P19

python  /shared/liuhj/HP/scripts/HP-microevolution/scripts/iSNV_calling/iSNVpy_Freq_distribut_Stat-filtRepeatRegion.py  -i /shared/liuhj/HP/process/NGS_map2PersonResptGnm/table/P19/all.iSNV_with_SNP.pyResults.txt /shared/liuhj/HP/process/samps_Tree-20210527/clonalFrame.RAxML_bestTree.20210527-allSamp.raxml.importation_status.txt /shared/liuhj/HP/process/Genome_repeatRegion -o  /shared/liuhj/HP/process/NGS_map2PersonResptGnm/table/P19/SNVFreq_distribut_Stat_filtRepeatAndRecombRegions  -F  /shared/liuhj/HP/process/samps_Tree-20210527/clonalFrame.RAxML_bestTree.20210527-allSamp.raxml.importation_status.txt -R /shared/liuhj/HP/process/Genome_repeatRegion -m 0.05  -M 1.0  -s 2  
[Sat Jun 12 14:59:48 2021]
Finished job 60.
12 of 23 steps (52%) done
Select jobs to execute...

[Sat Jun 12 14:59:48 2021]
rule iSNV_freq_distribut_RepeatRegion_recombiRegion_filt:
    input: /shared/liuhj/HP/process/NGS_map2PersonResptGnm/table/P4/all.iSNV_with_SNP.pyResults.txt, /shared/liuhj/HP/process/samps_Tree-20210527/clonalFrame.RAxML_bestTree.20210527-allSamp.raxml.importation_status.txt, /shared/liuhj/HP/process/Genome_repeatRegion
    output: /shared/liuhj/HP/process/NGS_map2PersonResptGnm/table/P4/SNVFreq_distribut_Stat_filtRepeatAndRecombRegions
    jobid: 48
    wildcards: person=P4

python  /shared/liuhj/HP/scripts/HP-microevolution/scripts/iSNV_calling/iSNVpy_Freq_distribut_Stat-filtRepeatRegion.py  -i /shared/liuhj/HP/process/NGS_map2PersonResptGnm/table/P4/all.iSNV_with_SNP.pyResults.txt /shared/liuhj/HP/process/samps_Tree-20210527/clonalFrame.RAxML_bestTree.20210527-allSamp.raxml.importation_status.txt /shared/liuhj/HP/process/Genome_repeatRegion -o  /shared/liuhj/HP/process/NGS_map2PersonResptGnm/table/P4/SNVFreq_distribut_Stat_filtRepeatAndRecombRegions  -F  /shared/liuhj/HP/process/samps_Tree-20210527/clonalFrame.RAxML_bestTree.20210527-allSamp.raxml.importation_status.txt -R /shared/liuhj/HP/process/Genome_repeatRegion -m 0.05  -M 1.0  -s 2  
[Sat Jun 12 14:59:50 2021]
Finished job 48.
13 of 23 steps (57%) done
Select jobs to execute...

[Sat Jun 12 14:59:50 2021]
rule iSNV_freq_distribut_RepeatRegion_recombiRegion_filt:
    input: /shared/liuhj/HP/process/NGS_map2PersonResptGnm/table/P7/all.iSNV_with_SNP.pyResults.txt, /shared/liuhj/HP/process/samps_Tree-20210527/clonalFrame.RAxML_bestTree.20210527-allSamp.raxml.importation_status.txt, /shared/liuhj/HP/process/Genome_repeatRegion
    output: /shared/liuhj/HP/process/NGS_map2PersonResptGnm/table/P7/SNVFreq_distribut_Stat_filtRepeatAndRecombRegions
    jobid: 51
    wildcards: person=P7

python  /shared/liuhj/HP/scripts/HP-microevolution/scripts/iSNV_calling/iSNVpy_Freq_distribut_Stat-filtRepeatRegion.py  -i /shared/liuhj/HP/process/NGS_map2PersonResptGnm/table/P7/all.iSNV_with_SNP.pyResults.txt /shared/liuhj/HP/process/samps_Tree-20210527/clonalFrame.RAxML_bestTree.20210527-allSamp.raxml.importation_status.txt /shared/liuhj/HP/process/Genome_repeatRegion -o  /shared/liuhj/HP/process/NGS_map2PersonResptGnm/table/P7/SNVFreq_distribut_Stat_filtRepeatAndRecombRegions  -F  /shared/liuhj/HP/process/samps_Tree-20210527/clonalFrame.RAxML_bestTree.20210527-allSamp.raxml.importation_status.txt -R /shared/liuhj/HP/process/Genome_repeatRegion -m 0.05  -M 1.0  -s 2  
[Sat Jun 12 14:59:52 2021]
Finished job 51.
14 of 23 steps (61%) done
Select jobs to execute...

[Sat Jun 12 14:59:52 2021]
rule iSNV_freq_distribut_RepeatRegion_recombiRegion_filt:
    input: /shared/liuhj/HP/process/NGS_map2PersonResptGnm/table/P22/all.iSNV_with_SNP.pyResults.txt, /shared/liuhj/HP/process/samps_Tree-20210527/clonalFrame.RAxML_bestTree.20210527-allSamp.raxml.importation_status.txt, /shared/liuhj/HP/process/Genome_repeatRegion
    output: /shared/liuhj/HP/process/NGS_map2PersonResptGnm/table/P22/SNVFreq_distribut_Stat_filtRepeatAndRecombRegions
    jobid: 63
    wildcards: person=P22

python  /shared/liuhj/HP/scripts/HP-microevolution/scripts/iSNV_calling/iSNVpy_Freq_distribut_Stat-filtRepeatRegion.py  -i /shared/liuhj/HP/process/NGS_map2PersonResptGnm/table/P22/all.iSNV_with_SNP.pyResults.txt /shared/liuhj/HP/process/samps_Tree-20210527/clonalFrame.RAxML_bestTree.20210527-allSamp.raxml.importation_status.txt /shared/liuhj/HP/process/Genome_repeatRegion -o  /shared/liuhj/HP/process/NGS_map2PersonResptGnm/table/P22/SNVFreq_distribut_Stat_filtRepeatAndRecombRegions  -F  /shared/liuhj/HP/process/samps_Tree-20210527/clonalFrame.RAxML_bestTree.20210527-allSamp.raxml.importation_status.txt -R /shared/liuhj/HP/process/Genome_repeatRegion -m 0.05  -M 1.0  -s 2  
[Sat Jun 12 14:59:54 2021]
Finished job 63.
15 of 23 steps (65%) done
Select jobs to execute...

[Sat Jun 12 14:59:54 2021]
rule iSNV_freq_distribut_RepeatRegion_recombiRegion_filt:
    input: /shared/liuhj/HP/process/NGS_map2PersonResptGnm/table/P5/all.iSNV_with_SNP.pyResults.txt, /shared/liuhj/HP/process/samps_Tree-20210527/clonalFrame.RAxML_bestTree.20210527-allSamp.raxml.importation_status.txt, /shared/liuhj/HP/process/Genome_repeatRegion
    output: /shared/liuhj/HP/process/NGS_map2PersonResptGnm/table/P5/SNVFreq_distribut_Stat_filtRepeatAndRecombRegions
    jobid: 49
    wildcards: person=P5

python  /shared/liuhj/HP/scripts/HP-microevolution/scripts/iSNV_calling/iSNVpy_Freq_distribut_Stat-filtRepeatRegion.py  -i /shared/liuhj/HP/process/NGS_map2PersonResptGnm/table/P5/all.iSNV_with_SNP.pyResults.txt /shared/liuhj/HP/process/samps_Tree-20210527/clonalFrame.RAxML_bestTree.20210527-allSamp.raxml.importation_status.txt /shared/liuhj/HP/process/Genome_repeatRegion -o  /shared/liuhj/HP/process/NGS_map2PersonResptGnm/table/P5/SNVFreq_distribut_Stat_filtRepeatAndRecombRegions  -F  /shared/liuhj/HP/process/samps_Tree-20210527/clonalFrame.RAxML_bestTree.20210527-allSamp.raxml.importation_status.txt -R /shared/liuhj/HP/process/Genome_repeatRegion -m 0.05  -M 1.0  -s 2  
[Sat Jun 12 14:59:56 2021]
Finished job 49.
16 of 23 steps (70%) done
Select jobs to execute...

[Sat Jun 12 14:59:56 2021]
rule iSNV_freq_distribut_RepeatRegion_recombiRegion_filt:
    input: /shared/liuhj/HP/process/NGS_map2PersonResptGnm/table/P18/all.iSNV_with_SNP.pyResults.txt, /shared/liuhj/HP/process/samps_Tree-20210527/clonalFrame.RAxML_bestTree.20210527-allSamp.raxml.importation_status.txt, /shared/liuhj/HP/process/Genome_repeatRegion
    output: /shared/liuhj/HP/process/NGS_map2PersonResptGnm/table/P18/SNVFreq_distribut_Stat_filtRepeatAndRecombRegions
    jobid: 59
    wildcards: person=P18

python  /shared/liuhj/HP/scripts/HP-microevolution/scripts/iSNV_calling/iSNVpy_Freq_distribut_Stat-filtRepeatRegion.py  -i /shared/liuhj/HP/process/NGS_map2PersonResptGnm/table/P18/all.iSNV_with_SNP.pyResults.txt /shared/liuhj/HP/process/samps_Tree-20210527/clonalFrame.RAxML_bestTree.20210527-allSamp.raxml.importation_status.txt /shared/liuhj/HP/process/Genome_repeatRegion -o  /shared/liuhj/HP/process/NGS_map2PersonResptGnm/table/P18/SNVFreq_distribut_Stat_filtRepeatAndRecombRegions  -F  /shared/liuhj/HP/process/samps_Tree-20210527/clonalFrame.RAxML_bestTree.20210527-allSamp.raxml.importation_status.txt -R /shared/liuhj/HP/process/Genome_repeatRegion -m 0.05  -M 1.0  -s 2  
[Sat Jun 12 14:59:57 2021]
Finished job 59.
17 of 23 steps (74%) done
Select jobs to execute...

[Sat Jun 12 14:59:57 2021]
rule iSNV_freq_distribut_RepeatRegion_recombiRegion_filt:
    input: /shared/liuhj/HP/process/NGS_map2PersonResptGnm/table/P1/all.iSNV_with_SNP.pyResults.txt, /shared/liuhj/HP/process/samps_Tree-20210527/clonalFrame.RAxML_bestTree.20210527-allSamp.raxml.importation_status.txt, /shared/liuhj/HP/process/Genome_repeatRegion
    output: /shared/liuhj/HP/process/NGS_map2PersonResptGnm/table/P1/SNVFreq_distribut_Stat_filtRepeatAndRecombRegions
    jobid: 45
    wildcards: person=P1

python  /shared/liuhj/HP/scripts/HP-microevolution/scripts/iSNV_calling/iSNVpy_Freq_distribut_Stat-filtRepeatRegion.py  -i /shared/liuhj/HP/process/NGS_map2PersonResptGnm/table/P1/all.iSNV_with_SNP.pyResults.txt /shared/liuhj/HP/process/samps_Tree-20210527/clonalFrame.RAxML_bestTree.20210527-allSamp.raxml.importation_status.txt /shared/liuhj/HP/process/Genome_repeatRegion -o  /shared/liuhj/HP/process/NGS_map2PersonResptGnm/table/P1/SNVFreq_distribut_Stat_filtRepeatAndRecombRegions  -F  /shared/liuhj/HP/process/samps_Tree-20210527/clonalFrame.RAxML_bestTree.20210527-allSamp.raxml.importation_status.txt -R /shared/liuhj/HP/process/Genome_repeatRegion -m 0.05  -M 1.0  -s 2  
[Sat Jun 12 14:59:59 2021]
Finished job 45.
18 of 23 steps (78%) done
Select jobs to execute...

[Sat Jun 12 14:59:59 2021]
rule iSNV_freq_distribut_RepeatRegion_recombiRegion_filt:
    input: /shared/liuhj/HP/process/NGS_map2PersonResptGnm/table/P12/all.iSNV_with_SNP.pyResults.txt, /shared/liuhj/HP/process/samps_Tree-20210527/clonalFrame.RAxML_bestTree.20210527-allSamp.raxml.importation_status.txt, /shared/liuhj/HP/process/Genome_repeatRegion
    output: /shared/liuhj/HP/process/NGS_map2PersonResptGnm/table/P12/SNVFreq_distribut_Stat_filtRepeatAndRecombRegions
    jobid: 55
    wildcards: person=P12

python  /shared/liuhj/HP/scripts/HP-microevolution/scripts/iSNV_calling/iSNVpy_Freq_distribut_Stat-filtRepeatRegion.py  -i /shared/liuhj/HP/process/NGS_map2PersonResptGnm/table/P12/all.iSNV_with_SNP.pyResults.txt /shared/liuhj/HP/process/samps_Tree-20210527/clonalFrame.RAxML_bestTree.20210527-allSamp.raxml.importation_status.txt /shared/liuhj/HP/process/Genome_repeatRegion -o  /shared/liuhj/HP/process/NGS_map2PersonResptGnm/table/P12/SNVFreq_distribut_Stat_filtRepeatAndRecombRegions  -F  /shared/liuhj/HP/process/samps_Tree-20210527/clonalFrame.RAxML_bestTree.20210527-allSamp.raxml.importation_status.txt -R /shared/liuhj/HP/process/Genome_repeatRegion -m 0.05  -M 1.0  -s 2  
[Sat Jun 12 15:00:01 2021]
Finished job 55.
19 of 23 steps (83%) done
Select jobs to execute...

[Sat Jun 12 15:00:01 2021]
rule iSNV_freq_distribut_RepeatRegion_recombiRegion_filt:
    input: /shared/liuhj/HP/process/NGS_map2PersonResptGnm/table/P25/all.iSNV_with_SNP.pyResults.txt, /shared/liuhj/HP/process/samps_Tree-20210527/clonalFrame.RAxML_bestTree.20210527-allSamp.raxml.importation_status.txt, /shared/liuhj/HP/process/Genome_repeatRegion
    output: /shared/liuhj/HP/process/NGS_map2PersonResptGnm/table/P25/SNVFreq_distribut_Stat_filtRepeatAndRecombRegions
    jobid: 66
    wildcards: person=P25

python  /shared/liuhj/HP/scripts/HP-microevolution/scripts/iSNV_calling/iSNVpy_Freq_distribut_Stat-filtRepeatRegion.py  -i /shared/liuhj/HP/process/NGS_map2PersonResptGnm/table/P25/all.iSNV_with_SNP.pyResults.txt /shared/liuhj/HP/process/samps_Tree-20210527/clonalFrame.RAxML_bestTree.20210527-allSamp.raxml.importation_status.txt /shared/liuhj/HP/process/Genome_repeatRegion -o  /shared/liuhj/HP/process/NGS_map2PersonResptGnm/table/P25/SNVFreq_distribut_Stat_filtRepeatAndRecombRegions  -F  /shared/liuhj/HP/process/samps_Tree-20210527/clonalFrame.RAxML_bestTree.20210527-allSamp.raxml.importation_status.txt -R /shared/liuhj/HP/process/Genome_repeatRegion -m 0.05  -M 1.0  -s 2  
[Sat Jun 12 15:00:02 2021]
Finished job 66.
20 of 23 steps (87%) done
Select jobs to execute...

[Sat Jun 12 15:00:02 2021]
rule iSNV_freq_distribut_RepeatRegion_recombiRegion_filt:
    input: /shared/liuhj/HP/process/NGS_map2PersonResptGnm/table/P6/all.iSNV_with_SNP.pyResults.txt, /shared/liuhj/HP/process/samps_Tree-20210527/clonalFrame.RAxML_bestTree.20210527-allSamp.raxml.importation_status.txt, /shared/liuhj/HP/process/Genome_repeatRegion
    output: /shared/liuhj/HP/process/NGS_map2PersonResptGnm/table/P6/SNVFreq_distribut_Stat_filtRepeatAndRecombRegions
    jobid: 50
    wildcards: person=P6

python  /shared/liuhj/HP/scripts/HP-microevolution/scripts/iSNV_calling/iSNVpy_Freq_distribut_Stat-filtRepeatRegion.py  -i /shared/liuhj/HP/process/NGS_map2PersonResptGnm/table/P6/all.iSNV_with_SNP.pyResults.txt /shared/liuhj/HP/process/samps_Tree-20210527/clonalFrame.RAxML_bestTree.20210527-allSamp.raxml.importation_status.txt /shared/liuhj/HP/process/Genome_repeatRegion -o  /shared/liuhj/HP/process/NGS_map2PersonResptGnm/table/P6/SNVFreq_distribut_Stat_filtRepeatAndRecombRegions  -F  /shared/liuhj/HP/process/samps_Tree-20210527/clonalFrame.RAxML_bestTree.20210527-allSamp.raxml.importation_status.txt -R /shared/liuhj/HP/process/Genome_repeatRegion -m 0.05  -M 1.0  -s 2  
[Sat Jun 12 15:00:04 2021]
Finished job 50.
21 of 23 steps (91%) done
Select jobs to execute...

[Sat Jun 12 15:00:04 2021]
rule iSNV_freq_distribut_RepeatRegion_recombiRegion_filt:
    input: /shared/liuhj/HP/process/NGS_map2PersonResptGnm/table/P16/all.iSNV_with_SNP.pyResults.txt, /shared/liuhj/HP/process/samps_Tree-20210527/clonalFrame.RAxML_bestTree.20210527-allSamp.raxml.importation_status.txt, /shared/liuhj/HP/process/Genome_repeatRegion
    output: /shared/liuhj/HP/process/NGS_map2PersonResptGnm/table/P16/SNVFreq_distribut_Stat_filtRepeatAndRecombRegions
    jobid: 57
    wildcards: person=P16

python  /shared/liuhj/HP/scripts/HP-microevolution/scripts/iSNV_calling/iSNVpy_Freq_distribut_Stat-filtRepeatRegion.py  -i /shared/liuhj/HP/process/NGS_map2PersonResptGnm/table/P16/all.iSNV_with_SNP.pyResults.txt /shared/liuhj/HP/process/samps_Tree-20210527/clonalFrame.RAxML_bestTree.20210527-allSamp.raxml.importation_status.txt /shared/liuhj/HP/process/Genome_repeatRegion -o  /shared/liuhj/HP/process/NGS_map2PersonResptGnm/table/P16/SNVFreq_distribut_Stat_filtRepeatAndRecombRegions  -F  /shared/liuhj/HP/process/samps_Tree-20210527/clonalFrame.RAxML_bestTree.20210527-allSamp.raxml.importation_status.txt -R /shared/liuhj/HP/process/Genome_repeatRegion -m 0.05  -M 1.0  -s 2  
[Sat Jun 12 15:00:05 2021]
Finished job 57.
22 of 23 steps (96%) done
Select jobs to execute...

[Sat Jun 12 15:00:05 2021]
localrule all:
    input: /shared/liuhj/HP/process/NGS_map2PersonResptGnm/table/P1/all.iSNV_with_SNP.pyResults.txt, /shared/liuhj/HP/process/NGS_map2PersonResptGnm/table/P2/all.iSNV_with_SNP.pyResults.txt, /shared/liuhj/HP/process/NGS_map2PersonResptGnm/table/P3/all.iSNV_with_SNP.pyResults.txt, /shared/liuhj/HP/process/NGS_map2PersonResptGnm/table/P4/all.iSNV_with_SNP.pyResults.txt, /shared/liuhj/HP/process/NGS_map2PersonResptGnm/table/P5/all.iSNV_with_SNP.pyResults.txt, /shared/liuhj/HP/process/NGS_map2PersonResptGnm/table/P6/all.iSNV_with_SNP.pyResults.txt, /shared/liuhj/HP/process/NGS_map2PersonResptGnm/table/P7/all.iSNV_with_SNP.pyResults.txt, /shared/liuhj/HP/process/NGS_map2PersonResptGnm/table/P8/all.iSNV_with_SNP.pyResults.txt, /shared/liuhj/HP/process/NGS_map2PersonResptGnm/table/P9/all.iSNV_with_SNP.pyResults.txt, /shared/liuhj/HP/process/NGS_map2PersonResptGnm/table/P10/all.iSNV_with_SNP.pyResults.txt, /shared/liuhj/HP/process/NGS_map2PersonResptGnm/table/P12/all.iSNV_with_SNP.pyResults.txt, /shared/liuhj/HP/process/NGS_map2PersonResptGnm/table/P15/all.iSNV_with_SNP.pyResults.txt, /shared/liuhj/HP/process/NGS_map2PersonResptGnm/table/P16/all.iSNV_with_SNP.pyResults.txt, /shared/liuhj/HP/process/NGS_map2PersonResptGnm/table/P17/all.iSNV_with_SNP.pyResults.txt, /shared/liuhj/HP/process/NGS_map2PersonResptGnm/table/P18/all.iSNV_with_SNP.pyResults.txt, /shared/liuhj/HP/process/NGS_map2PersonResptGnm/table/P19/all.iSNV_with_SNP.pyResults.txt, /shared/liuhj/HP/process/NGS_map2PersonResptGnm/table/P20/all.iSNV_with_SNP.pyResults.txt, /shared/liuhj/HP/process/NGS_map2PersonResptGnm/table/P21/all.iSNV_with_SNP.pyResults.txt, /shared/liuhj/HP/process/NGS_map2PersonResptGnm/table/P22/all.iSNV_with_SNP.pyResults.txt, /shared/liuhj/HP/process/NGS_map2PersonResptGnm/table/P23/all.iSNV_with_SNP.pyResults.txt, /shared/liuhj/HP/process/NGS_map2PersonResptGnm/table/P24/all.iSNV_with_SNP.pyResults.txt, /shared/liuhj/HP/process/NGS_map2PersonResptGnm/table/P25/all.iSNV_with_SNP.pyResults.txt, /shared/liuhj/HP/process/NGS_map2PersonResptGnm/table/P1/vcf, /shared/liuhj/HP/process/NGS_map2PersonResptGnm/table/P2/vcf, /shared/liuhj/HP/process/NGS_map2PersonResptGnm/table/P3/vcf, /shared/liuhj/HP/process/NGS_map2PersonResptGnm/table/P4/vcf, /shared/liuhj/HP/process/NGS_map2PersonResptGnm/table/P5/vcf, /shared/liuhj/HP/process/NGS_map2PersonResptGnm/table/P6/vcf, /shared/liuhj/HP/process/NGS_map2PersonResptGnm/table/P7/vcf, /shared/liuhj/HP/process/NGS_map2PersonResptGnm/table/P8/vcf, /shared/liuhj/HP/process/NGS_map2PersonResptGnm/table/P9/vcf, /shared/liuhj/HP/process/NGS_map2PersonResptGnm/table/P10/vcf, /shared/liuhj/HP/process/NGS_map2PersonResptGnm/table/P12/vcf, /shared/liuhj/HP/process/NGS_map2PersonResptGnm/table/P15/vcf, /shared/liuhj/HP/process/NGS_map2PersonResptGnm/table/P16/vcf, /shared/liuhj/HP/process/NGS_map2PersonResptGnm/table/P17/vcf, /shared/liuhj/HP/process/NGS_map2PersonResptGnm/table/P18/vcf, /shared/liuhj/HP/process/NGS_map2PersonResptGnm/table/P19/vcf, /shared/liuhj/HP/process/NGS_map2PersonResptGnm/table/P20/vcf, /shared/liuhj/HP/process/NGS_map2PersonResptGnm/table/P21/vcf, /shared/liuhj/HP/process/NGS_map2PersonResptGnm/table/P22/vcf, /shared/liuhj/HP/process/NGS_map2PersonResptGnm/table/P23/vcf, /shared/liuhj/HP/process/NGS_map2PersonResptGnm/table/P24/vcf, /shared/liuhj/HP/process/NGS_map2PersonResptGnm/table/P25/vcf, /shared/liuhj/HP/process/NGS_map2PersonResptGnm/table/P1/SNVFreq_distribut_Stat_filtRepeatAndRecombRegions, /shared/liuhj/HP/process/NGS_map2PersonResptGnm/table/P2/SNVFreq_distribut_Stat_filtRepeatAndRecombRegions, /shared/liuhj/HP/process/NGS_map2PersonResptGnm/table/P3/SNVFreq_distribut_Stat_filtRepeatAndRecombRegions, /shared/liuhj/HP/process/NGS_map2PersonResptGnm/table/P4/SNVFreq_distribut_Stat_filtRepeatAndRecombRegions, /shared/liuhj/HP/process/NGS_map2PersonResptGnm/table/P5/SNVFreq_distribut_Stat_filtRepeatAndRecombRegions, /shared/liuhj/HP/process/NGS_map2PersonResptGnm/table/P6/SNVFreq_distribut_Stat_filtRepeatAndRecombRegions, /shared/liuhj/HP/process/NGS_map2PersonResptGnm/table/P7/SNVFreq_distribut_Stat_filtRepeatAndRecombRegions, /shared/liuhj/HP/process/NGS_map2PersonResptGnm/table/P8/SNVFreq_distribut_Stat_filtRepeatAndRecombRegions, /shared/liuhj/HP/process/NGS_map2PersonResptGnm/table/P9/SNVFreq_distribut_Stat_filtRepeatAndRecombRegions, /shared/liuhj/HP/process/NGS_map2PersonResptGnm/table/P10/SNVFreq_distribut_Stat_filtRepeatAndRecombRegions, /shared/liuhj/HP/process/NGS_map2PersonResptGnm/table/P12/SNVFreq_distribut_Stat_filtRepeatAndRecombRegions, /shared/liuhj/HP/process/NGS_map2PersonResptGnm/table/P15/SNVFreq_distribut_Stat_filtRepeatAndRecombRegions, /shared/liuhj/HP/process/NGS_map2PersonResptGnm/table/P16/SNVFreq_distribut_Stat_filtRepeatAndRecombRegions, /shared/liuhj/HP/process/NGS_map2PersonResptGnm/table/P17/SNVFreq_distribut_Stat_filtRepeatAndRecombRegions, /shared/liuhj/HP/process/NGS_map2PersonResptGnm/table/P18/SNVFreq_distribut_Stat_filtRepeatAndRecombRegions, /shared/liuhj/HP/process/NGS_map2PersonResptGnm/table/P19/SNVFreq_distribut_Stat_filtRepeatAndRecombRegions, /shared/liuhj/HP/process/NGS_map2PersonResptGnm/table/P20/SNVFreq_distribut_Stat_filtRepeatAndRecombRegions, /shared/liuhj/HP/process/NGS_map2PersonResptGnm/table/P21/SNVFreq_distribut_Stat_filtRepeatAndRecombRegions, /shared/liuhj/HP/process/NGS_map2PersonResptGnm/table/P22/SNVFreq_distribut_Stat_filtRepeatAndRecombRegions, /shared/liuhj/HP/process/NGS_map2PersonResptGnm/table/P23/SNVFreq_distribut_Stat_filtRepeatAndRecombRegions, /shared/liuhj/HP/process/NGS_map2PersonResptGnm/table/P24/SNVFreq_distribut_Stat_filtRepeatAndRecombRegions, /shared/liuhj/HP/process/NGS_map2PersonResptGnm/table/P25/SNVFreq_distribut_Stat_filtRepeatAndRecombRegions
    jobid: 0

[Sat Jun 12 15:00:05 2021]
Finished job 0.
23 of 23 steps (100%) done
Complete log: /shared/liuhj/HP/scripts/HP-microevolution/scripts/iSNV_calling/.snakemake/log/2021-06-12T145923.522653.snakemake.log
