Building DAG of jobs...
Using shell: /bin/bash
Provided cores: 1 (use --cores to define parallelism)
Rules claiming more threads will be scaled down.
Job counts:
	count	jobs
	1	all
	1	convert_iSNVpytable_To_vcf
	1	iSNV_freq_distribut
	1	iSNV_snv_density_Stat_1k
	1	ntfreq_2_FreqBigtable
	5
Select jobs to execute...

[Fri May 28 18:29:55 2021]
rule ntfreq_2_FreqBigtable:
    input: /shared/liuhj/HP/process/NGS_map2PersonResptGnm/table/table_config/P11.ntfreq_file_list.txt, /shared/liuhj/HP/process/assembly/person_respectGnm/P11.respect.fasta
    output: /shared/liuhj/HP/process/NGS_map2PersonResptGnm/table/P11/all.iSNV_with_SNP.pyResults.txt, /shared/liuhj/HP/process/NGS_map2PersonResptGnm/table/P11/out.samps-ntfreq.bigtable.txt
    jobid: 1
    wildcards: person=P11

python /shared/liuhj/HP/scripts/HP-microevolution/scripts/iSNV_calling/step2_ntfreq_To_bigtables.py  -i  /shared/liuhj/HP/process/NGS_map2PersonResptGnm/table/table_config/P11.ntfreq_file_list.txt -r /shared/liuhj/HP/process/assembly/person_respectGnm/P11.respect.fasta  -o /shared/liuhj/HP/process/NGS_map2PersonResptGnm/table/P11  		-D  100 -A 5 -N 1000000 -F 0.02 -S 0.1 
[Fri May 28 18:30:14 2021]
Finished job 1.
1 of 5 steps (20%) done
Select jobs to execute...

[Fri May 28 18:30:14 2021]
rule convert_iSNVpytable_To_vcf:
    input: /shared/liuhj/HP/process/NGS_map2PersonResptGnm/table/P11/all.iSNV_with_SNP.pyResults.txt, /shared/liuhj/HP/process/NGS_map2PersonResptGnm/table/P11/out.samps-ntfreq.bigtable.txt, /shared/liuhj/HP/process/assembly/person_respectGnm/P11.respect.fasta
    output: /shared/liuhj/HP/process/NGS_map2PersonResptGnm/table/P11/vcf
    jobid: 2
    wildcards: person=P11

python  /shared/liuhj/HP/scripts/HP-microevolution/scripts/iSNV_calling/iSNVpy_iSNVtable_To_vcf.py   -i /shared/liuhj/HP/process/NGS_map2PersonResptGnm/table/P11/all.iSNV_with_SNP.pyResults.txt  		-n /shared/liuhj/HP/process/NGS_map2PersonResptGnm/table/P11/out.samps-ntfreq.bigtable.txt  -r  /shared/liuhj/HP/process/assembly/person_respectGnm/P11.respect.fasta -o  /shared/liuhj/HP/process/NGS_map2PersonResptGnm/table/P11/vcf -m 0.02  
[Fri May 28 18:30:17 2021]
Finished job 2.
2 of 5 steps (40%) done
Select jobs to execute...

[Fri May 28 18:30:17 2021]
rule iSNV_freq_distribut:
    input: /shared/liuhj/HP/process/NGS_map2PersonResptGnm/table/P11/all.iSNV_with_SNP.pyResults.txt
    output: /shared/liuhj/HP/process/NGS_map2PersonResptGnm/table/P11/general-snvFreq_distribut_Stat
    jobid: 3
    wildcards: person=P11

python  /shared/liuhj/HP/scripts/HP-microevolution/scripts/iSNV_calling/iSNVpy_Freq_distribut_Stat.py  -i /shared/liuhj/HP/process/NGS_map2PersonResptGnm/table/P11/all.iSNV_with_SNP.pyResults.txt -o  /shared/liuhj/HP/process/NGS_map2PersonResptGnm/table/P11/general-snvFreq_distribut_Stat -m 0.02  -M 1.0  -s 2  
[Fri May 28 18:30:18 2021]
Finished job 3.
3 of 5 steps (60%) done
Select jobs to execute...

[Fri May 28 18:30:18 2021]
rule iSNV_snv_density_Stat_1k:
    input: /shared/liuhj/HP/process/NGS_map2PersonResptGnm/table/P11/all.iSNV_with_SNP.pyResults.txt
    output: /shared/liuhj/HP/process/NGS_map2PersonResptGnm/table/P11/snv_density_Stat_1k
    jobid: 4
    wildcards: person=P11

python iSNVpy_SNV_density_distribut.py -i  /shared/liuhj/HP/process/NGS_map2PersonResptGnm/table/P11/all.iSNV_with_SNP.pyResults.txt -o  /shared/liuhj/HP/process/NGS_map2PersonResptGnm/table/P11/snv_density_Stat_1k -M 0.02 -S 500 -L 1700000
[Fri May 28 18:30:55 2021]
Finished job 4.
4 of 5 steps (80%) done
Select jobs to execute...

[Fri May 28 18:30:55 2021]
localrule all:
    input: /shared/liuhj/HP/process/NGS_map2PersonResptGnm/table/P11/all.iSNV_with_SNP.pyResults.txt, /shared/liuhj/HP/process/NGS_map2PersonResptGnm/table/P11/vcf, /shared/liuhj/HP/process/NGS_map2PersonResptGnm/table/P11/general-snvFreq_distribut_Stat, /shared/liuhj/HP/process/NGS_map2PersonResptGnm/table/P11/snv_density_Stat_1k
    jobid: 0

[Fri May 28 18:30:55 2021]
Finished job 0.
5 of 5 steps (100%) done
Complete log: /shared/liuhj/HP/scripts/HP-microevolution/scripts/iSNV_calling/.snakemake/log/2021-05-28T182955.715753.snakemake.log
