Building DAG of jobs...
Using shell: /bin/bash
Provided cores: 1 (use --cores to define parallelism)
Rules claiming more threads will be scaled down.
Job counts:
	count	jobs
	1	all
	1	iSNV_SNV_density_stat
	2
Select jobs to execute...

[Tue May 18 20:33:47 2021]
rule iSNV_SNV_density_stat:
    input: /shared/liuhj/HP/process/NGS_map2PersonResptGnm/table/P1/all.iSNV_with_SNP.pyResults.txt
    output: /shared/liuhj/HP/process/NGS_map2PersonResptGnm/table/P1/snv_density_Stat
    jobid: 4
    wildcards: person=P1

python iSNVpy_SNV_density_distribut.py -i  /shared/liuhj/HP/process/NGS_map2PersonResptGnm/table/P1/all.iSNV_with_SNP.pyResults.txt -o  /shared/liuhj/HP/process/NGS_map2PersonResptGnm/table/P1/snv_density_Stat -M 0.02 -S 500 -L 1700000
Terminating processes on user request, this might take some time.
[Tue May 18 20:35:02 2021]
Finished job 4.
1 of 2 steps (50%) done
Complete log: /shared/liuhj/HP/scripts/HP-microevolution/scripts/iSNV_calling/.snakemake/log/2021-05-18T203347.919888.snakemake.log
