Building DAG of jobs...
Using shell: /bin/bash
Provided cores: 1
Rules claiming more threads will be scaled down.
Job counts:
	count	jobs
	1	all
	1	convert_iSNVpytable_To_vcf
	1	ntfreq_2_FreqBigtable
	3

[Mon Jun 14 11:08:48 2021]
rule ntfreq_2_FreqBigtable:
    input: /shared/liuhj/HP/process/CCS_map2PersonRespectSamp/table/P1.ntfreq_file_list.txt, /shared/liuhj/HP/process/assembly/person_respectGnm/P1.respect.fasta
    output: /shared/liuhj/HP/process/CCS_map2PersonRespectSamp/table/P1/all.iSNV_with_SNP.pyResults.txt, /shared/liuhj/HP/process/CCS_map2PersonRespectSamp/table/P1/out.samps-ntfreq.bigtable.txt
    jobid: 1
    wildcards: person=P1

python /shared/liuhj/HP/scripts/HP-microevolution/scripts/iSNV_calling/step2_ntfreq_To_bigtables.py  -i  /shared/liuhj/HP/process/CCS_map2PersonRespectSamp/table/P1.ntfreq_file_list.txt -r /shared/liuhj/HP/process/assembly/person_respectGnm/P1.respect.fasta  -o /shared/liuhj/HP/process/CCS_map2PersonRespectSamp/table/P1  		-D  100 -A 5 -N 1000000 -F 0.02 -S 0.1 
[Mon Jun 14 11:08:48 2021]
Error in rule ntfreq_2_FreqBigtable:
    jobid: 1
    output: /shared/liuhj/HP/process/CCS_map2PersonRespectSamp/table/P1/all.iSNV_with_SNP.pyResults.txt, /shared/liuhj/HP/process/CCS_map2PersonRespectSamp/table/P1/out.samps-ntfreq.bigtable.txt
    shell:
        python /shared/liuhj/HP/scripts/HP-microevolution/scripts/iSNV_calling/step2_ntfreq_To_bigtables.py  -i  /shared/liuhj/HP/process/CCS_map2PersonRespectSamp/table/P1.ntfreq_file_list.txt -r /shared/liuhj/HP/process/assembly/person_respectGnm/P1.respect.fasta  -o /shared/liuhj/HP/process/CCS_map2PersonRespectSamp/table/P1  		-D  100 -A 5 -N 1000000 -F 0.02 -S 0.1 
        (exited with non-zero exit code)

Shutting down, this might take some time.
Exiting because a job execution failed. Look above for error message
Complete log: /shared/liuhj/HP/scripts/HP-microevolution/scripts/iSNV_calling/.snakemake/log/2021-06-14T110848.183550.snakemake.log
