Building DAG of jobs...
Using shell: /bin/bash
Provided cores: 1 (use --cores to define parallelism)
Rules claiming more threads will be scaled down.
Job counts:
	count	jobs
	1	all
	13	iSNV_freq_distribut_RepeatRegionfilt
	14
Select jobs to execute...

[Sat Jun 19 17:04:05 2021]
rule iSNV_freq_distribut_RepeatRegionfilt:
    input: /shared/liuhj/HP/process/CCS_map2PersonRespectSamp/table/P25/all.iSNV_with_SNP.pyResults.txt, /shared/liuhj/HP/process/Genome_repeatRegion
    output: /shared/liuhj/HP/process/CCS_map2PersonRespectSamp/table/P25/SNVFreq_distribut_Stat_filtRepeat
    jobid: 42
    wildcards: person=P25

python  /shared/liuhj/HP/scripts/HP-microevolution/scripts/iSNV_calling/iSNVpy_Freq_distribut_Stat-filtRepeatRegion.py  -i /shared/liuhj/HP/process/CCS_map2PersonRespectSamp/table/P25/all.iSNV_with_SNP.pyResults.txt /shared/liuhj/HP/process/Genome_repeatRegion -o  /shared/liuhj/HP/process/CCS_map2PersonRespectSamp/table/P25/SNVFreq_distribut_Stat_filtRepeat  -R /shared/liuhj/HP/process/Genome_repeatRegion -m 0.05  -M 1.0  -s 2 -T CCS 
[Sat Jun 19 17:04:06 2021]
Finished job 42.
1 of 14 steps (7%) done
Select jobs to execute...

[Sat Jun 19 17:04:06 2021]
rule iSNV_freq_distribut_RepeatRegionfilt:
    input: /shared/liuhj/HP/process/CCS_map2PersonRespectSamp/table/P2/all.iSNV_with_SNP.pyResults.txt, /shared/liuhj/HP/process/Genome_repeatRegion
    output: /shared/liuhj/HP/process/CCS_map2PersonRespectSamp/table/P2/SNVFreq_distribut_Stat_filtRepeat
    jobid: 30
    wildcards: person=P2

python  /shared/liuhj/HP/scripts/HP-microevolution/scripts/iSNV_calling/iSNVpy_Freq_distribut_Stat-filtRepeatRegion.py  -i /shared/liuhj/HP/process/CCS_map2PersonRespectSamp/table/P2/all.iSNV_with_SNP.pyResults.txt /shared/liuhj/HP/process/Genome_repeatRegion -o  /shared/liuhj/HP/process/CCS_map2PersonRespectSamp/table/P2/SNVFreq_distribut_Stat_filtRepeat  -R /shared/liuhj/HP/process/Genome_repeatRegion -m 0.05  -M 1.0  -s 2 -T CCS 
[Sat Jun 19 17:04:07 2021]
Finished job 30.
2 of 14 steps (14%) done
Select jobs to execute...

[Sat Jun 19 17:04:07 2021]
rule iSNV_freq_distribut_RepeatRegionfilt:
    input: /shared/liuhj/HP/process/CCS_map2PersonRespectSamp/table/P5/all.iSNV_with_SNP.pyResults.txt, /shared/liuhj/HP/process/Genome_repeatRegion
    output: /shared/liuhj/HP/process/CCS_map2PersonRespectSamp/table/P5/SNVFreq_distribut_Stat_filtRepeat
    jobid: 32
    wildcards: person=P5

python  /shared/liuhj/HP/scripts/HP-microevolution/scripts/iSNV_calling/iSNVpy_Freq_distribut_Stat-filtRepeatRegion.py  -i /shared/liuhj/HP/process/CCS_map2PersonRespectSamp/table/P5/all.iSNV_with_SNP.pyResults.txt /shared/liuhj/HP/process/Genome_repeatRegion -o  /shared/liuhj/HP/process/CCS_map2PersonRespectSamp/table/P5/SNVFreq_distribut_Stat_filtRepeat  -R /shared/liuhj/HP/process/Genome_repeatRegion -m 0.05  -M 1.0  -s 2 -T CCS 
[Sat Jun 19 17:04:11 2021]
Finished job 32.
3 of 14 steps (21%) done
Select jobs to execute...

[Sat Jun 19 17:04:11 2021]
rule iSNV_freq_distribut_RepeatRegionfilt:
    input: /shared/liuhj/HP/process/CCS_map2PersonRespectSamp/table/P7/all.iSNV_with_SNP.pyResults.txt, /shared/liuhj/HP/process/Genome_repeatRegion
    output: /shared/liuhj/HP/process/CCS_map2PersonRespectSamp/table/P7/SNVFreq_distribut_Stat_filtRepeat
    jobid: 34
    wildcards: person=P7

python  /shared/liuhj/HP/scripts/HP-microevolution/scripts/iSNV_calling/iSNVpy_Freq_distribut_Stat-filtRepeatRegion.py  -i /shared/liuhj/HP/process/CCS_map2PersonRespectSamp/table/P7/all.iSNV_with_SNP.pyResults.txt /shared/liuhj/HP/process/Genome_repeatRegion -o  /shared/liuhj/HP/process/CCS_map2PersonRespectSamp/table/P7/SNVFreq_distribut_Stat_filtRepeat  -R /shared/liuhj/HP/process/Genome_repeatRegion -m 0.05  -M 1.0  -s 2 -T CCS 
[Sat Jun 19 17:04:12 2021]
Finished job 34.
4 of 14 steps (29%) done
Select jobs to execute...

[Sat Jun 19 17:04:12 2021]
rule iSNV_freq_distribut_RepeatRegionfilt:
    input: /shared/liuhj/HP/process/CCS_map2PersonRespectSamp/table/P20/all.iSNV_with_SNP.pyResults.txt, /shared/liuhj/HP/process/Genome_repeatRegion
    output: /shared/liuhj/HP/process/CCS_map2PersonRespectSamp/table/P20/SNVFreq_distribut_Stat_filtRepeat
    jobid: 37
    wildcards: person=P20

python  /shared/liuhj/HP/scripts/HP-microevolution/scripts/iSNV_calling/iSNVpy_Freq_distribut_Stat-filtRepeatRegion.py  -i /shared/liuhj/HP/process/CCS_map2PersonRespectSamp/table/P20/all.iSNV_with_SNP.pyResults.txt /shared/liuhj/HP/process/Genome_repeatRegion -o  /shared/liuhj/HP/process/CCS_map2PersonRespectSamp/table/P20/SNVFreq_distribut_Stat_filtRepeat  -R /shared/liuhj/HP/process/Genome_repeatRegion -m 0.05  -M 1.0  -s 2 -T CCS 
[Sat Jun 19 17:04:15 2021]
Finished job 37.
5 of 14 steps (36%) done
Select jobs to execute...

[Sat Jun 19 17:04:15 2021]
rule iSNV_freq_distribut_RepeatRegionfilt:
    input: /shared/liuhj/HP/process/CCS_map2PersonRespectSamp/table/P18/all.iSNV_with_SNP.pyResults.txt, /shared/liuhj/HP/process/Genome_repeatRegion
    output: /shared/liuhj/HP/process/CCS_map2PersonRespectSamp/table/P18/SNVFreq_distribut_Stat_filtRepeat
    jobid: 35
    wildcards: person=P18

python  /shared/liuhj/HP/scripts/HP-microevolution/scripts/iSNV_calling/iSNVpy_Freq_distribut_Stat-filtRepeatRegion.py  -i /shared/liuhj/HP/process/CCS_map2PersonRespectSamp/table/P18/all.iSNV_with_SNP.pyResults.txt /shared/liuhj/HP/process/Genome_repeatRegion -o  /shared/liuhj/HP/process/CCS_map2PersonRespectSamp/table/P18/SNVFreq_distribut_Stat_filtRepeat  -R /shared/liuhj/HP/process/Genome_repeatRegion -m 0.05  -M 1.0  -s 2 -T CCS 
[Sat Jun 19 17:04:17 2021]
Finished job 35.
6 of 14 steps (43%) done
Select jobs to execute...

[Sat Jun 19 17:04:17 2021]
rule iSNV_freq_distribut_RepeatRegionfilt:
    input: /shared/liuhj/HP/process/CCS_map2PersonRespectSamp/table/P6/all.iSNV_with_SNP.pyResults.txt, /shared/liuhj/HP/process/Genome_repeatRegion
    output: /shared/liuhj/HP/process/CCS_map2PersonRespectSamp/table/P6/SNVFreq_distribut_Stat_filtRepeat
    jobid: 33
    wildcards: person=P6

python  /shared/liuhj/HP/scripts/HP-microevolution/scripts/iSNV_calling/iSNVpy_Freq_distribut_Stat-filtRepeatRegion.py  -i /shared/liuhj/HP/process/CCS_map2PersonRespectSamp/table/P6/all.iSNV_with_SNP.pyResults.txt /shared/liuhj/HP/process/Genome_repeatRegion -o  /shared/liuhj/HP/process/CCS_map2PersonRespectSamp/table/P6/SNVFreq_distribut_Stat_filtRepeat  -R /shared/liuhj/HP/process/Genome_repeatRegion -m 0.05  -M 1.0  -s 2 -T CCS 
[Sat Jun 19 17:04:18 2021]
Finished job 33.
7 of 14 steps (50%) done
Select jobs to execute...

[Sat Jun 19 17:04:18 2021]
rule iSNV_freq_distribut_RepeatRegionfilt:
    input: /shared/liuhj/HP/process/CCS_map2PersonRespectSamp/table/P4/all.iSNV_with_SNP.pyResults.txt, /shared/liuhj/HP/process/Genome_repeatRegion
    output: /shared/liuhj/HP/process/CCS_map2PersonRespectSamp/table/P4/SNVFreq_distribut_Stat_filtRepeat
    jobid: 31
    wildcards: person=P4

python  /shared/liuhj/HP/scripts/HP-microevolution/scripts/iSNV_calling/iSNVpy_Freq_distribut_Stat-filtRepeatRegion.py  -i /shared/liuhj/HP/process/CCS_map2PersonRespectSamp/table/P4/all.iSNV_with_SNP.pyResults.txt /shared/liuhj/HP/process/Genome_repeatRegion -o  /shared/liuhj/HP/process/CCS_map2PersonRespectSamp/table/P4/SNVFreq_distribut_Stat_filtRepeat  -R /shared/liuhj/HP/process/Genome_repeatRegion -m 0.05  -M 1.0  -s 2 -T CCS 
[Sat Jun 19 17:04:20 2021]
Finished job 31.
8 of 14 steps (57%) done
Select jobs to execute...

[Sat Jun 19 17:04:20 2021]
rule iSNV_freq_distribut_RepeatRegionfilt:
    input: /shared/liuhj/HP/process/CCS_map2PersonRespectSamp/table/P1/all.iSNV_with_SNP.pyResults.txt, /shared/liuhj/HP/process/Genome_repeatRegion
    output: /shared/liuhj/HP/process/CCS_map2PersonRespectSamp/table/P1/SNVFreq_distribut_Stat_filtRepeat
    jobid: 29
    wildcards: person=P1

python  /shared/liuhj/HP/scripts/HP-microevolution/scripts/iSNV_calling/iSNVpy_Freq_distribut_Stat-filtRepeatRegion.py  -i /shared/liuhj/HP/process/CCS_map2PersonRespectSamp/table/P1/all.iSNV_with_SNP.pyResults.txt /shared/liuhj/HP/process/Genome_repeatRegion -o  /shared/liuhj/HP/process/CCS_map2PersonRespectSamp/table/P1/SNVFreq_distribut_Stat_filtRepeat  -R /shared/liuhj/HP/process/Genome_repeatRegion -m 0.05  -M 1.0  -s 2 -T CCS 
[Sat Jun 19 17:04:22 2021]
Finished job 29.
9 of 14 steps (64%) done
Select jobs to execute...

[Sat Jun 19 17:04:22 2021]
rule iSNV_freq_distribut_RepeatRegionfilt:
    input: /shared/liuhj/HP/process/CCS_map2PersonRespectSamp/table/P24/all.iSNV_with_SNP.pyResults.txt, /shared/liuhj/HP/process/Genome_repeatRegion
    output: /shared/liuhj/HP/process/CCS_map2PersonRespectSamp/table/P24/SNVFreq_distribut_Stat_filtRepeat
    jobid: 41
    wildcards: person=P24

python  /shared/liuhj/HP/scripts/HP-microevolution/scripts/iSNV_calling/iSNVpy_Freq_distribut_Stat-filtRepeatRegion.py  -i /shared/liuhj/HP/process/CCS_map2PersonRespectSamp/table/P24/all.iSNV_with_SNP.pyResults.txt /shared/liuhj/HP/process/Genome_repeatRegion -o  /shared/liuhj/HP/process/CCS_map2PersonRespectSamp/table/P24/SNVFreq_distribut_Stat_filtRepeat  -R /shared/liuhj/HP/process/Genome_repeatRegion -m 0.05  -M 1.0  -s 2 -T CCS 
[Sat Jun 19 17:04:25 2021]
Finished job 41.
10 of 14 steps (71%) done
Select jobs to execute...

[Sat Jun 19 17:04:25 2021]
rule iSNV_freq_distribut_RepeatRegionfilt:
    input: /shared/liuhj/HP/process/CCS_map2PersonRespectSamp/table/P22/all.iSNV_with_SNP.pyResults.txt, /shared/liuhj/HP/process/Genome_repeatRegion
    output: /shared/liuhj/HP/process/CCS_map2PersonRespectSamp/table/P22/SNVFreq_distribut_Stat_filtRepeat
    jobid: 39
    wildcards: person=P22

python  /shared/liuhj/HP/scripts/HP-microevolution/scripts/iSNV_calling/iSNVpy_Freq_distribut_Stat-filtRepeatRegion.py  -i /shared/liuhj/HP/process/CCS_map2PersonRespectSamp/table/P22/all.iSNV_with_SNP.pyResults.txt /shared/liuhj/HP/process/Genome_repeatRegion -o  /shared/liuhj/HP/process/CCS_map2PersonRespectSamp/table/P22/SNVFreq_distribut_Stat_filtRepeat  -R /shared/liuhj/HP/process/Genome_repeatRegion -m 0.05  -M 1.0  -s 2 -T CCS 
[Sat Jun 19 17:04:27 2021]
Finished job 39.
11 of 14 steps (79%) done
Select jobs to execute...

[Sat Jun 19 17:04:27 2021]
rule iSNV_freq_distribut_RepeatRegionfilt:
    input: /shared/liuhj/HP/process/CCS_map2PersonRespectSamp/table/P19/all.iSNV_with_SNP.pyResults.txt, /shared/liuhj/HP/process/Genome_repeatRegion
    output: /shared/liuhj/HP/process/CCS_map2PersonRespectSamp/table/P19/SNVFreq_distribut_Stat_filtRepeat
    jobid: 36
    wildcards: person=P19

python  /shared/liuhj/HP/scripts/HP-microevolution/scripts/iSNV_calling/iSNVpy_Freq_distribut_Stat-filtRepeatRegion.py  -i /shared/liuhj/HP/process/CCS_map2PersonRespectSamp/table/P19/all.iSNV_with_SNP.pyResults.txt /shared/liuhj/HP/process/Genome_repeatRegion -o  /shared/liuhj/HP/process/CCS_map2PersonRespectSamp/table/P19/SNVFreq_distribut_Stat_filtRepeat  -R /shared/liuhj/HP/process/Genome_repeatRegion -m 0.05  -M 1.0  -s 2 -T CCS 
Terminating processes on user request, this might take some time.
[Sat Jun 19 17:04:28 2021]
Error in rule iSNV_freq_distribut_RepeatRegionfilt:
    jobid: 36
    output: /shared/liuhj/HP/process/CCS_map2PersonRespectSamp/table/P19/SNVFreq_distribut_Stat_filtRepeat
    shell:
        python  /shared/liuhj/HP/scripts/HP-microevolution/scripts/iSNV_calling/iSNVpy_Freq_distribut_Stat-filtRepeatRegion.py  -i /shared/liuhj/HP/process/CCS_map2PersonRespectSamp/table/P19/all.iSNV_with_SNP.pyResults.txt /shared/liuhj/HP/process/Genome_repeatRegion -o  /shared/liuhj/HP/process/CCS_map2PersonRespectSamp/table/P19/SNVFreq_distribut_Stat_filtRepeat  -R /shared/liuhj/HP/process/Genome_repeatRegion -m 0.05  -M 1.0  -s 2 -T CCS 
        (one of the commands exited with non-zero exit code; note that snakemake uses bash strict mode!)

Removing output files of failed job iSNV_freq_distribut_RepeatRegionfilt since they might be corrupted:
/shared/liuhj/HP/process/CCS_map2PersonRespectSamp/table/P19/SNVFreq_distribut_Stat_filtRepeat
Complete log: /shared/liuhj/HP/scripts/HP-microevolution/scripts/iSNV_calling/.snakemake/log/2021-06-19T170405.240575.snakemake.log
