Building DAG of jobs...
Using shell: /bin/bash
Provided cores: 1 (use --cores to define parallelism)
Rules claiming more threads will be scaled down.
Job counts:
	count	jobs
	1	all
	1	iSNV_freq_distribut_RepeatRegionfilt
	2
Select jobs to execute...

[Mon Jun 21 15:23:45 2021]
rule iSNV_freq_distribut_RepeatRegionfilt:
    input: /shared/liuhj/HP/process/NGS_map2PersonResptGnm/table/P11/all.iSNV_with_SNP.pyResults.txt, /shared/liuhj/HP/process/Genome_repeatRegion
    output: /shared/liuhj/HP/process/NGS_map2PersonResptGnm/table/P11/SNVFreq_distribut_Stat_filtRepeat_0.1
    jobid: 57
    wildcards: person=P11

python  /shared/liuhj/HP/scripts/HP-microevolution/scripts/iSNV_calling/iSNVpy_Freq_distribut_Stat-filtRepeatRegion.py  -i /shared/liuhj/HP/process/NGS_map2PersonResptGnm/table/P11/all.iSNV_with_SNP.pyResults.txt /shared/liuhj/HP/process/Genome_repeatRegion -o  /shared/liuhj/HP/process/NGS_map2PersonResptGnm/table/P11/SNVFreq_distribut_Stat_filtRepeat_0.1  -R /shared/liuhj/HP/process/Genome_repeatRegion -m 0.1  -M 1.0  -s 2 -T NGS 
[Mon Jun 21 15:23:47 2021]
Finished job 57.
1 of 2 steps (50%) done
Select jobs to execute...

[Mon Jun 21 15:23:47 2021]
localrule all:
    input: /shared/liuhj/HP/process/NGS_map2PersonResptGnm/table/P1/all.iSNV_with_SNP.pyResults.txt, /shared/liuhj/HP/process/NGS_map2PersonResptGnm/table/P2/all.iSNV_with_SNP.pyResults.txt, /shared/liuhj/HP/process/NGS_map2PersonResptGnm/table/P3/all.iSNV_with_SNP.pyResults.txt, /shared/liuhj/HP/process/NGS_map2PersonResptGnm/table/P4/all.iSNV_with_SNP.pyResults.txt, /shared/liuhj/HP/process/NGS_map2PersonResptGnm/table/P5/all.iSNV_with_SNP.pyResults.txt, /shared/liuhj/HP/process/NGS_map2PersonResptGnm/table/P6/all.iSNV_with_SNP.pyResults.txt, /shared/liuhj/HP/process/NGS_map2PersonResptGnm/table/P7/all.iSNV_with_SNP.pyResults.txt, /shared/liuhj/HP/process/NGS_map2PersonResptGnm/table/P8/all.iSNV_with_SNP.pyResults.txt, /shared/liuhj/HP/process/NGS_map2PersonResptGnm/table/P9/all.iSNV_with_SNP.pyResults.txt, /shared/liuhj/HP/process/NGS_map2PersonResptGnm/table/P10/all.iSNV_with_SNP.pyResults.txt, /shared/liuhj/HP/process/NGS_map2PersonResptGnm/table/P11/all.iSNV_with_SNP.pyResults.txt, /shared/liuhj/HP/process/NGS_map2PersonResptGnm/table/P12/all.iSNV_with_SNP.pyResults.txt, /shared/liuhj/HP/process/NGS_map2PersonResptGnm/table/P15/all.iSNV_with_SNP.pyResults.txt, /shared/liuhj/HP/process/NGS_map2PersonResptGnm/table/P16/all.iSNV_with_SNP.pyResults.txt, /shared/liuhj/HP/process/NGS_map2PersonResptGnm/table/P17/all.iSNV_with_SNP.pyResults.txt, /shared/liuhj/HP/process/NGS_map2PersonResptGnm/table/P18/all.iSNV_with_SNP.pyResults.txt, /shared/liuhj/HP/process/NGS_map2PersonResptGnm/table/P19/all.iSNV_with_SNP.pyResults.txt, /shared/liuhj/HP/process/NGS_map2PersonResptGnm/table/P20/all.iSNV_with_SNP.pyResults.txt, /shared/liuhj/HP/process/NGS_map2PersonResptGnm/table/P21/all.iSNV_with_SNP.pyResults.txt, /shared/liuhj/HP/process/NGS_map2PersonResptGnm/table/P22/all.iSNV_with_SNP.pyResults.txt, /shared/liuhj/HP/process/NGS_map2PersonResptGnm/table/P23/all.iSNV_with_SNP.pyResults.txt, /shared/liuhj/HP/process/NGS_map2PersonResptGnm/table/P24/all.iSNV_with_SNP.pyResults.txt, /shared/liuhj/HP/process/NGS_map2PersonResptGnm/table/P25/all.iSNV_with_SNP.pyResults.txt, /shared/liuhj/HP/process/NGS_map2PersonResptGnm/table/P1/vcf, /shared/liuhj/HP/process/NGS_map2PersonResptGnm/table/P2/vcf, /shared/liuhj/HP/process/NGS_map2PersonResptGnm/table/P3/vcf, /shared/liuhj/HP/process/NGS_map2PersonResptGnm/table/P4/vcf, /shared/liuhj/HP/process/NGS_map2PersonResptGnm/table/P5/vcf, /shared/liuhj/HP/process/NGS_map2PersonResptGnm/table/P6/vcf, /shared/liuhj/HP/process/NGS_map2PersonResptGnm/table/P7/vcf, /shared/liuhj/HP/process/NGS_map2PersonResptGnm/table/P8/vcf, /shared/liuhj/HP/process/NGS_map2PersonResptGnm/table/P9/vcf, /shared/liuhj/HP/process/NGS_map2PersonResptGnm/table/P10/vcf, /shared/liuhj/HP/process/NGS_map2PersonResptGnm/table/P11/vcf, /shared/liuhj/HP/process/NGS_map2PersonResptGnm/table/P12/vcf, /shared/liuhj/HP/process/NGS_map2PersonResptGnm/table/P15/vcf, /shared/liuhj/HP/process/NGS_map2PersonResptGnm/table/P16/vcf, /shared/liuhj/HP/process/NGS_map2PersonResptGnm/table/P17/vcf, /shared/liuhj/HP/process/NGS_map2PersonResptGnm/table/P18/vcf, /shared/liuhj/HP/process/NGS_map2PersonResptGnm/table/P19/vcf, /shared/liuhj/HP/process/NGS_map2PersonResptGnm/table/P20/vcf, /shared/liuhj/HP/process/NGS_map2PersonResptGnm/table/P21/vcf, /shared/liuhj/HP/process/NGS_map2PersonResptGnm/table/P22/vcf, /shared/liuhj/HP/process/NGS_map2PersonResptGnm/table/P23/vcf, /shared/liuhj/HP/process/NGS_map2PersonResptGnm/table/P24/vcf, /shared/liuhj/HP/process/NGS_map2PersonResptGnm/table/P25/vcf, /shared/liuhj/HP/process/NGS_map2PersonResptGnm/table/P1/SNVFreq_distribut_Stat_filtRepeat_0.1, /shared/liuhj/HP/process/NGS_map2PersonResptGnm/table/P2/SNVFreq_distribut_Stat_filtRepeat_0.1, /shared/liuhj/HP/process/NGS_map2PersonResptGnm/table/P3/SNVFreq_distribut_Stat_filtRepeat_0.1, /shared/liuhj/HP/process/NGS_map2PersonResptGnm/table/P4/SNVFreq_distribut_Stat_filtRepeat_0.1, /shared/liuhj/HP/process/NGS_map2PersonResptGnm/table/P5/SNVFreq_distribut_Stat_filtRepeat_0.1, /shared/liuhj/HP/process/NGS_map2PersonResptGnm/table/P6/SNVFreq_distribut_Stat_filtRepeat_0.1, /shared/liuhj/HP/process/NGS_map2PersonResptGnm/table/P7/SNVFreq_distribut_Stat_filtRepeat_0.1, /shared/liuhj/HP/process/NGS_map2PersonResptGnm/table/P8/SNVFreq_distribut_Stat_filtRepeat_0.1, /shared/liuhj/HP/process/NGS_map2PersonResptGnm/table/P9/SNVFreq_distribut_Stat_filtRepeat_0.1, /shared/liuhj/HP/process/NGS_map2PersonResptGnm/table/P10/SNVFreq_distribut_Stat_filtRepeat_0.1, /shared/liuhj/HP/process/NGS_map2PersonResptGnm/table/P11/SNVFreq_distribut_Stat_filtRepeat_0.1, /shared/liuhj/HP/process/NGS_map2PersonResptGnm/table/P12/SNVFreq_distribut_Stat_filtRepeat_0.1, /shared/liuhj/HP/process/NGS_map2PersonResptGnm/table/P15/SNVFreq_distribut_Stat_filtRepeat_0.1, /shared/liuhj/HP/process/NGS_map2PersonResptGnm/table/P16/SNVFreq_distribut_Stat_filtRepeat_0.1, /shared/liuhj/HP/process/NGS_map2PersonResptGnm/table/P17/SNVFreq_distribut_Stat_filtRepeat_0.1, /shared/liuhj/HP/process/NGS_map2PersonResptGnm/table/P18/SNVFreq_distribut_Stat_filtRepeat_0.1, /shared/liuhj/HP/process/NGS_map2PersonResptGnm/table/P19/SNVFreq_distribut_Stat_filtRepeat_0.1, /shared/liuhj/HP/process/NGS_map2PersonResptGnm/table/P20/SNVFreq_distribut_Stat_filtRepeat_0.1, /shared/liuhj/HP/process/NGS_map2PersonResptGnm/table/P21/SNVFreq_distribut_Stat_filtRepeat_0.1, /shared/liuhj/HP/process/NGS_map2PersonResptGnm/table/P22/SNVFreq_distribut_Stat_filtRepeat_0.1, /shared/liuhj/HP/process/NGS_map2PersonResptGnm/table/P23/SNVFreq_distribut_Stat_filtRepeat_0.1, /shared/liuhj/HP/process/NGS_map2PersonResptGnm/table/P24/SNVFreq_distribut_Stat_filtRepeat_0.1, /shared/liuhj/HP/process/NGS_map2PersonResptGnm/table/P25/SNVFreq_distribut_Stat_filtRepeat_0.1
    jobid: 0

[Mon Jun 21 15:23:47 2021]
Finished job 0.
2 of 2 steps (100%) done
Complete log: /shared/liuhj/HP/scripts/HP-microevolution/scripts/iSNV_calling/.snakemake/log/2021-06-21T152345.604877.snakemake.log
