Building DAG of jobs...
Using shell: /bin/bash
Provided cores: 1 (use --cores to define parallelism)
Rules claiming more threads will be scaled down.
Job counts:
	count	jobs
	1	all
	1	phasing
	2
Select jobs to execute...

[Mon Jun 28 23:11:49 2021]
rule phasing:
    input: /shared/liuhj/HP/process/phasing_CCS-1/phasing_P6-E-t_2_P6-E-t--0.05-0.30/1.out-Filted_reliablePosi.txt, /shared/liuhj/HP/process/phasing_CCS-1/phasing_P6-E-t_2_P6-E-t--0.05-0.30/1.out-SNVtype_of_Filted_Cites.Stat.txt
    output: /shared/liuhj/HP/process/phasing_CCS-1/phasing_P6-E-t_2_P6-E-t--0.05-0.30/step2_phasing.log
    jobid: 3
    wildcards: samp=P6-E-t, Ref_samp=P6-E-t

python /shared/liuhj/HP/scripts/HP-microevolution/scripts/phasing-Gnm/CCS-1/step3_phasing.py  -f /shared/liuhj/HP/process/phasing_CCS-1/phasing_P6-E-t_2_P6-E-t--0.05-0.30/1.out-Filted_reliablePosi.txt -F /shared/liuhj/HP/process/phasing_CCS-1/phasing_P6-E-t_2_P6-E-t--0.05-0.30/1.out-SNVtype_of_Filted_Cites.Stat.txt -o /shared/liuhj/HP/process/phasing_CCS-1/phasing_P6-E-t_2_P6-E-t--0.05-0.30  -s 10 -m 20 -c 0.7 -l /shared/liuhj/HP/process/phasing_CCS-1/phasing_P6-E-t_2_P6-E-t--0.05-0.30/step2_phasing.log
[Mon Jun 28 23:12:02 2021]
Finished job 3.
1 of 2 steps (50%) done
Select jobs to execute...

[Mon Jun 28 23:12:02 2021]
localrule all:
    input: /shared/liuhj/HP/process/phasing_CCS-1/phasing_P6-E-t_2_P6-E-t--0.05-0.30/1.out-Filted_reliablePosi.txt, /shared/liuhj/HP/process/phasing_CCS-1/phasing_P6-E-t_2_P6-E-t--0.05-0.30/1.out-SNVtype_of_Filted_Cites.txt, /shared/liuhj/HP/process/phasing_CCS-1/phasing_P6-E-t_2_P6-E-t--0.05-0.30/step2_phasing.log
    jobid: 0

[Mon Jun 28 23:12:02 2021]
Finished job 0.
2 of 2 steps (100%) done
Complete log: /shared/liuhj/HP/scripts/HP-microevolution/scripts/phasing-Gnm/CCS-1/.snakemake/log/2021-06-28T231149.733889.snakemake.log
