Building DAG of jobs...
Using shell: /bin/bash
Provided cores: 1 (use --cores to define parallelism)
Rules claiming more threads will be scaled down.
Job counts:
	count	jobs
	1	FiltNGS_CCS_Posi
	1	all
	1	phasing
	1	read_LongReadbam_file
	4
Select jobs to execute...

[Mon Jun 28 22:01:07 2021]
rule FiltNGS_CCS_Posi:
    input: /shared/liuhj/HP/process/CCS_map2PersonRespectSamp/table/allVcf/P4-E-j_2_P4-E-j.minFreq0.02.iSNVpy.vcf, /shared/liuhj/HP/process/NGS_map2PersonResptGnm/table/allVcf/P4-E-j_2_P4-E-j.minFreq0.02.iSNVpy.vcf
    output: /shared/liuhj/HP/process/phasing_CCS-1/P4-E-j_2_P4-E-j--0.12-0.28/1.out-Filted_reliablePosi.txt
    jobid: 1
    wildcards: samp=P4-E-j, Ref_samp=P4-E-j

python /shared/liuhj/HP/scripts/HP-microevolution/scripts/phasing-Gnm/CCS/Step0__read_vcf_FiltPosi.py  -N /shared/liuhj/HP/process/NGS_map2PersonResptGnm/table/allVcf/P4-E-j_2_P4-E-j.minFreq0.02.iSNVpy.vcf 		-P /shared/liuhj/HP/process/CCS_map2PersonRespectSamp/table/allVcf/P4-E-j_2_P4-E-j.minFreq0.02.iSNVpy.vcf -r 0.02 -m   0.12 -M   0.28 -o /shared/liuhj/HP/process/phasing_CCS-1/P4-E-j_2_P4-E-j--0.12-0.28/1.out-Filted_reliablePosi.txt 
[Mon Jun 28 22:01:07 2021]
Finished job 1.
1 of 4 steps (25%) done
Select jobs to execute...

[Mon Jun 28 22:01:07 2021]
rule read_LongReadbam_file:
    input: /shared/liuhj/HP/process/phasing_CCS/config.txt, /shared/liuhj/HP/process/phasing_CCS-1/P4-E-j_2_P4-E-j--0.12-0.28/1.out-Filted_reliablePosi.txt, /shared/liuhj/HP/process/CCS_map2PersonRespectSamp/ngmlr/P4-E-j/P4-E-j_2_P4-E-j.sort.bam, /shared/liuhj/HP/process/assembly/all_genomes/P4-E-j.fasta
    output: /shared/liuhj/HP/process/phasing_CCS-1/P4-E-j_2_P4-E-j--0.12-0.28/1.out-SNVtype_of_Filted_Cites.txt, /shared/liuhj/HP/process/phasing_CCS-1/P4-E-j_2_P4-E-j--0.12-0.28/1.out-SNVtype_of_Filted_Cites.Stat.txt
    jobid: 2
    wildcards: samp=P4-E-j, Ref_samp=P4-E-j

python /shared/liuhj/HP/scripts/HP-microevolution/scripts/phasing-Gnm/CCS/Step1__read_ONTbam_f.py  -c /shared/liuhj/HP/process/phasing_CCS/config.txt   -b /shared/liuhj/HP/process/CCS_map2PersonRespectSamp/ngmlr/P4-E-j/P4-E-j_2_P4-E-j.sort.bam -v /shared/liuhj/HP/process/phasing_CCS-1/P4-E-j_2_P4-E-j--0.12-0.28/1.out-Filted_reliablePosi.txt -r /shared/liuhj/HP/process/assembly/all_genomes/P4-E-j.fasta -o /shared/liuhj/HP/process/phasing_CCS-1/P4-E-j_2_P4-E-j--0.12-0.28
[Mon Jun 28 22:01:23 2021]
Finished job 2.
2 of 4 steps (50%) done
Select jobs to execute...

[Mon Jun 28 22:01:24 2021]
rule phasing:
    input: /shared/liuhj/HP/process/phasing_CCS-1/P4-E-j_2_P4-E-j--0.12-0.28/1.out-Filted_reliablePosi.txt, /shared/liuhj/HP/process/phasing_CCS-1/P4-E-j_2_P4-E-j--0.12-0.28/1.out-SNVtype_of_Filted_Cites.Stat.txt
    output: /shared/liuhj/HP/process/phasing_CCS-1/P4-E-j_2_P4-E-j--0.12-0.28/step2_phasing.log
    jobid: 3
    wildcards: samp=P4-E-j, Ref_samp=P4-E-j

python /shared/liuhj/HP/scripts/HP-microevolution/scripts/phasing-Gnm/CCS-1/step3_phasing.py  -f /shared/liuhj/HP/process/phasing_CCS-1/P4-E-j_2_P4-E-j--0.12-0.28/1.out-Filted_reliablePosi.txt -F /shared/liuhj/HP/process/phasing_CCS-1/P4-E-j_2_P4-E-j--0.12-0.28/1.out-SNVtype_of_Filted_Cites.Stat.txt -o /shared/liuhj/HP/process/phasing_CCS-1/phasing_P4-E-j_2_P4-E-j--0.12-0.28  -s 10 -m 20 -c 0.7 -l /shared/liuhj/HP/process/phasing_CCS-1/P4-E-j_2_P4-E-j--0.12-0.28/step2_phasing.log
[Mon Jun 28 22:02:26 2021]
Error in rule phasing:
    jobid: 3
    output: /shared/liuhj/HP/process/phasing_CCS-1/P4-E-j_2_P4-E-j--0.12-0.28/step2_phasing.log
    shell:
        python /shared/liuhj/HP/scripts/HP-microevolution/scripts/phasing-Gnm/CCS-1/step3_phasing.py  -f /shared/liuhj/HP/process/phasing_CCS-1/P4-E-j_2_P4-E-j--0.12-0.28/1.out-Filted_reliablePosi.txt -F /shared/liuhj/HP/process/phasing_CCS-1/P4-E-j_2_P4-E-j--0.12-0.28/1.out-SNVtype_of_Filted_Cites.Stat.txt -o /shared/liuhj/HP/process/phasing_CCS-1/phasing_P4-E-j_2_P4-E-j--0.12-0.28  -s 10 -m 20 -c 0.7 -l /shared/liuhj/HP/process/phasing_CCS-1/P4-E-j_2_P4-E-j--0.12-0.28/step2_phasing.log
        (one of the commands exited with non-zero exit code; note that snakemake uses bash strict mode!)

Shutting down, this might take some time.
Exiting because a job execution failed. Look above for error message
Complete log: /shared/liuhj/HP/scripts/HP-microevolution/scripts/phasing-Gnm/CCS-1/.snakemake/log/2021-06-28T220107.139351.snakemake.log
